I230818 17:40:24.403032 1 util/log/clog.go:1196  [config] file created at: 2023/08/18 17:40:24
I230818 17:40:24.403032 1 util/log/clog.go:1196  [config] running on machine: 26f48bdfabf0
I230818 17:40:24.403032 1 util/log/clog.go:1196  [config] binary: CockroachDB CCL v19.2.2 (x86_64-unknown-linux-gnu, built 2019/12/11 01:33:43, go1.12.12)
I230818 17:40:24.403032 1 util/log/clog.go:1196  [config] arguments: [/cockroach/cockroach start-single-node --insecure]
I230818 17:40:24.403032 1 util/log/clog.go:1196  line format: [IWEF]yymmdd hh:mm:ss.uuuuuu goid file:line msg utf8=✓
I230818 17:40:24.402924 1 cli/start.go:1144  logging to directory /cockroach/cockroach-data/logs
W230818 17:40:24.407530 1 cli/start.go:1182  RUNNING IN INSECURE MODE!

- Your cluster is open for any client that can access <all your IP addresses>.
- Any user, even root, can log in without providing a password.
- Any user, connecting as root, can read or write any data in your cluster.
- There is no network encryption nor authentication, and thus no confidentiality.

Check out how to secure your cluster: https://www.cockroachlabs.com/docs/v19.2/secure-a-cluster.html
I230818 17:40:24.410135 1 server/status/recorder.go:599  can't read available memory from cgroups (open /sys/fs/cgroup/memory/memory.limit_in_bytes: no such file or directory), using system memory 7.7 GiB instead
W230818 17:40:24.411178 1 cli/start.go:1052  Using the default setting for --cache (128 MiB).
  A significantly larger value is usually needed for good performance.
  If you have a dedicated server a reasonable setting is --cache=.25 (1.9 GiB).
I230818 17:40:24.411556 1 server/status/recorder.go:599  can't read available memory from cgroups (open /sys/fs/cgroup/memory/memory.limit_in_bytes: no such file or directory), using system memory 7.7 GiB instead
W230818 17:40:24.411865 1 cli/start.go:1065  Using the default setting for --max-sql-memory (128 MiB).
  A significantly larger value is usually needed in production.
  If you have a dedicated server a reasonable setting is --max-sql-memory=.25 (1.9 GiB).
I230818 17:40:24.412106 1 server/status/recorder.go:599  can't read available memory from cgroups (open /sys/fs/cgroup/memory/memory.limit_in_bytes: no such file or directory), using system memory 7.7 GiB instead
I230818 17:40:24.412488 1 cli/start.go:1196  CockroachDB CCL v19.2.2 (x86_64-unknown-linux-gnu, built 2019/12/11 01:33:43, go1.12.12)
I230818 17:40:24.524363 1 server/status/recorder.go:599  can't read available memory from cgroups (open /sys/fs/cgroup/memory/memory.limit_in_bytes: no such file or directory), using system memory 7.7 GiB instead
I230818 17:40:24.524576 1 server/config.go:394  system total memory: 7.7 GiB
I230818 17:40:24.525403 1 server/config.go:396  server configuration:
max offset             500000000
cache size             128 MiB
SQL memory pool size   128 MiB
scan interval          10m0s
scan min idle time     10ms
scan max idle time     1s
event log enabled      true
I230818 17:40:24.525763 1 cli/start.go:1030  using local environment variables: COCKROACH_CHANNEL=official-docker
I230818 17:40:24.525961 1 cli/start.go:1037  process identity: uid 0 euid 0 gid 0 egid 0
I230818 17:40:24.527064 1 cli/start.go:644  starting cockroach node
I230818 17:40:24.549692 56 storage/engine/rocksdb.go:622  opening rocksdb instance at "/cockroach/cockroach-data/cockroach-temp904147516"
I230818 17:40:24.694182 56 server/server.go:928  [n?] monitoring forward clock jumps based on server.clock.forward_jump_check_enabled
I230818 17:40:24.722121 56 storage/engine/rocksdb.go:622  opening rocksdb instance at "/cockroach/cockroach-data"
I230818 17:40:26.052959 56 server/config.go:502  [n?] 1 storage engine initialized
I230818 17:40:26.053479 56 server/config.go:505  [n?] RocksDB cache size: 128 MiB
I230818 17:40:26.053566 56 server/config.go:505  [n?] store 0: RocksDB, max size 0 B, max open file limit 1043576
W230818 17:40:26.079452 56 cli/start.go:996  neither --listen-addr nor --advertise-addr was specified.
The server will advertise "26f48bdfabf0" to other nodes, is this routable?

Consider using:
- for local-only servers:  --listen-addr=localhost
- for multi-node clusters: --advertise-addr=<host/IP addr>
I230818 17:40:26.085205 56 gossip/gossip.go:394  [n1] NodeDescriptor set to node_id:1 address:<network_field:"tcp" address_field:"26f48bdfabf0:26257" > attrs:<> locality:<> ServerVersion:<major_val:19 minor_val:2 patch:0 unstable:0 > build_tag:"v19.2.2" started_at:1692380426082500000 cluster_name:"" sql_address:<network_field:"tcp" address_field:"26f48bdfabf0:26257" > 
W230818 17:40:26.202271 136 storage/replica_range_lease.go:554  can't determine lease status due to node liveness error: node not in the liveness table
github.com/cockroachdb/cockroach/pkg/storage.init.ializers
	/go/src/github.com/cockroachdb/cockroach/pkg/storage/node_liveness.go:44
runtime.main
	/usr/local/go/src/runtime/proc.go:188
runtime.goexit
	/usr/local/go/src/runtime/asm_amd64.s:1337
W230818 17:40:26.206648 136 storage/store.go:1530  [n1,s1,r6/1:/Table/{SystemCon…-11}] could not gossip system config: [NotLeaseHolderError] r6: replica (n1,s1):1 not lease holder; lease holder unknown
I230818 17:40:26.225851 56 server/node.go:431  [n1] initialized store [n1,s1]: disk (capacity=115 TiB, available=90 TiB, used=827 KiB, logicalBytes=4.6 MiB), ranges=46, leases=0, queries=0.00, writes=0.00, bytesPerReplica={p10=0.00 p25=0.00 p50=0.00 p75=377.00 p90=24258.00 pMax=4528245.00}, writesPerReplica={p10=0.00 p25=0.00 p50=0.00 p75=0.00 p90=0.00 pMax=0.00}
I230818 17:40:26.229711 56 storage/stores.go:240  [n1] read 0 node addresses from persistent storage
I230818 17:40:26.232978 56 server/node.go:645  [n1] connecting to gossip network to verify cluster ID...
I230818 17:40:26.234556 56 server/node.go:665  [n1] node connected via gossip and verified as part of cluster "3d863ff5-6941-41b0-8654-215ed93297d8"
I230818 17:40:26.237461 56 server/node.go:512  [n1] node=1: started with [<no-attributes>=/cockroach/cockroach-data] engine(s) and attributes []
I230818 17:40:26.247377 56 server/server.go:1514  [n1] starting http server at [::]:8080 (use: 26f48bdfabf0:8080)
I230818 17:40:26.247676 56 server/server.go:1521  [n1] starting grpc/postgres server at [::]:26257
I230818 17:40:26.247860 56 server/server.go:1522  [n1] advertising CockroachDB node at 26f48bdfabf0:26257
W230818 17:40:26.259480 136 storage/store.go:1530  [n1,s1,r6/1:/Table/{SystemCon…-11}] could not gossip system config: [NotLeaseHolderError] r6: replica (n1,s1):1 not lease holder; lease holder unknown
I230818 17:40:26.375952 158 storage/node_liveness.go:474  [n1,liveness-hb] heartbeat failed on epoch increment; retrying
I230818 17:40:26.399461 56 server/server.go:1590  [n1] done ensuring all necessary migrations have run
I230818 17:40:26.401800 56 server/server.go:1841  [n1] serving sql connections
I230818 17:40:26.422903 56 cli/start.go:803  [config] clusterID: 3d863ff5-6941-41b0-8654-215ed93297d8
I230818 17:40:26.423957 56 cli/start.go:812  node startup completed:
CockroachDB node starting at 2023-08-18 17:40:26.404211 +0000 UTC (took 2.0s)
build:               CCL v19.2.2 @ 2019/12/11 01:33:43 (go1.12.12)
webui:               http://26f48bdfabf0:8080
sql:                 postgresql://root@26f48bdfabf0:26257?sslmode=disable
RPC client flags:    /cockroach/cockroach <client cmd> --host=26f48bdfabf0:26257 --insecure
logs:                /cockroach/cockroach-data/logs
temp dir:            /cockroach/cockroach-data/cockroach-temp904147516
external I/O path:   /cockroach/cockroach-data/extern
store[0]:            path=/cockroach/cockroach-data
status:              restarted pre-existing node
clusterID:           3d863ff5-6941-41b0-8654-215ed93297d8
nodeID:              1
I230818 17:40:26.601157 191 sql/event_log.go:130  [n1] Event: "node_restart", target: 1, info: {Descriptor:{NodeID:1 Address:26f48bdfabf0:26257 Attrs: Locality: ServerVersion:19.2 BuildTag:v19.2.2 StartedAt:1692380426082500000 LocalityAddress:[] ClusterName: SQLAddress:26f48bdfabf0:26257} ClusterID:3d863ff5-6941-41b0-8654-215ed93297d8 StartedAt:1692380426082500000 LastUp:1692380317943285000}
I230818 17:40:26.601971 189 server/server_update.go:53  [n1] no need to upgrade, cluster already at the newest version
I230818 17:40:28.220630 30 gossip/gossip.go:1531  [n1] node has connected to cluster via gossip
I230818 17:40:28.222452 30 storage/stores.go:259  [n1] wrote 0 node addresses to persistent storage
I230818 17:40:36.265969 91 server/status/runtime.go:498  [n1] runtime stats: 259 MiB RSS, 131 goroutines, 80 MiB/43 MiB/129 MiB GO alloc/idle/total, 15 MiB/20 MiB CGO alloc/total, 0.0 CGO/sec, 0.0/0.0 %(u/s)time, 0.0 %gc (10x), 8.5 KiB/2.7 KiB (r/w)net
I230818 17:40:46.245177 144 storage/store.go:2364  [n1,s1] sstables (read amplification = 1):
6 [ 281K 1 ]: 281K
I230818 17:40:46.250280 144 storage/store.go:2365  [n1,s1] 
** Compaction Stats [default] **
Level    Files   Size     Score Read(GB)  Rn(GB) Rnp1(GB) Write(GB) Wnew(GB) Moved(GB) W-Amp Rd(MB/s) Wr(MB/s) Comp(sec) CompMergeCPU(sec) Comp(cnt) Avg(sec) KeyIn KeyDrop
----------------------------------------------------------------------------------------------------------------------------------------------------------------------------
  L0      0/0    0.00 KB   0.0      0.0     0.0      0.0       0.0      0.0       0.0   1.0      0.0      0.2      0.73              0.00         1    0.728       0      0
  L6      1/0   280.77 KB   0.0      0.0     0.0      0.0       0.0      0.0       0.0   0.7      4.1      2.8      0.10              0.09         1    0.097    9707   5425
 Sum      1/0   280.77 KB   0.0      0.0     0.0      0.0       0.0      0.0       0.0   2.7      0.5      0.5      0.82              0.09         2    0.412    9707   5425
 Int      0/0    0.00 KB   0.0      0.0     0.0      0.0       0.0      0.0       0.0   2.7      0.5      0.5      0.82              0.09         2    0.412    9707   5425

** Compaction Stats [default] **
Priority    Files   Size     Score Read(GB)  Rn(GB) Rnp1(GB) Write(GB) Wnew(GB) Moved(GB) W-Amp Rd(MB/s) Wr(MB/s) Comp(sec) CompMergeCPU(sec) Comp(cnt) Avg(sec) KeyIn KeyDrop
-------------------------------------------------------------------------------------------------------------------------------------------------------------------------------
 Low      0/0    0.00 KB   0.0      0.0     0.0      0.0       0.0      0.0       0.0   0.0      4.1      2.8      0.10              0.09         1    0.097    9707   5425
User      0/0    0.00 KB   0.0      0.0     0.0      0.0       0.0      0.0       0.0   0.0      0.0      0.2      0.73              0.00         1    0.728       0      0
Uptime(secs): 21.5 total, 21.5 interval
Flush(GB): cumulative 0.000, interval 0.000
AddFile(GB): cumulative 0.000, interval 0.000
AddFile(Total Files): cumulative 0, interval 0
AddFile(L0 Files): cumulative 0, interval 0
AddFile(Keys): cumulative 0, interval 0
Cumulative compaction: 0.00 GB write, 0.02 MB/s write, 0.00 GB read, 0.02 MB/s read, 0.8 seconds
Interval compaction: 0.00 GB write, 0.02 MB/s write, 0.00 GB read, 0.02 MB/s read, 0.8 seconds
Stalls(count): 0 level0_slowdown, 0 level0_slowdown_with_compaction, 0 level0_numfiles, 0 level0_numfiles_with_compaction, 0 stop for pending_compaction_bytes, 0 slowdown for pending_compaction_bytes, 0 memtable_compaction, 0 memtable_slowdown, interval 0 total count
estimated_pending_compaction_bytes: 0 B
I230818 17:40:46.255719 91 server/status/runtime.go:498  [n1] runtime stats: 266 MiB RSS, 131 goroutines, 89 MiB/35 MiB/133 MiB GO alloc/idle/total, 15 MiB/21 MiB CGO alloc/total, 46.4 CGO/sec, 0.0/0.0 %(u/s)time, 0.0 %gc (0x), 6.8 KiB/2.0 KiB (r/w)net
I230818 17:40:56.260961 91 server/status/runtime.go:498  [n1] runtime stats: 285 MiB RSS, 135 goroutines, 102 MiB/22 MiB/135 MiB GO alloc/idle/total, 15 MiB/21 MiB CGO alloc/total, 42.1 CGO/sec, 0.0/0.0 %(u/s)time, 0.0 %gc (0x), 16 KiB/32 KiB (r/w)net
I230818 17:41:06.260561 91 server/status/runtime.go:498  [n1] runtime stats: 309 MiB RSS, 136 goroutines, 84 MiB/36 MiB/135 MiB GO alloc/idle/total, 16 MiB/22 MiB CGO alloc/total, 59.2 CGO/sec, 0.0/0.0 %(u/s)time, 0.0 %gc (1x), 12 KiB/14 KiB (r/w)net
I230818 17:41:16.263356 91 server/status/runtime.go:498  [n1] runtime stats: 310 MiB RSS, 136 goroutines, 91 MiB/30 MiB/135 MiB GO alloc/idle/total, 16 MiB/22 MiB CGO alloc/total, 33.5 CGO/sec, 0.0/0.0 %(u/s)time, 0.0 %gc (0x), 6.9 KiB/2.2 KiB (r/w)net
I230818 17:41:26.244926 145 gossip/gossip.go:566  [n1] gossip status (ok, 1 node)
gossip client (0/3 cur/max conns)
gossip server (0/3 cur/max conns, infos 0/0 sent/received, bytes 0B/0B sent/received)
gossip connectivity
  n1 [sentinel];
I230818 17:41:26.264358 91 server/status/runtime.go:498  [n1] runtime stats: 311 MiB RSS, 136 goroutines, 98 MiB/24 MiB/135 MiB GO alloc/idle/total, 16 MiB/22 MiB CGO alloc/total, 24.1 CGO/sec, 0.0/0.0 %(u/s)time, 0.0 %gc (0x), 5.9 KiB/1.7 KiB (r/w)net
I230818 17:41:36.265405 91 server/status/runtime.go:498  [n1] runtime stats: 312 MiB RSS, 135 goroutines, 108 MiB/16 MiB/135 MiB GO alloc/idle/total, 16 MiB/22 MiB CGO alloc/total, 79.6 CGO/sec, 0.0/0.0 %(u/s)time, 0.0 %gc (0x), 6.9 KiB/2.2 KiB (r/w)net
I230818 17:41:46.264622 91 server/status/runtime.go:498  [n1] runtime stats: 312 MiB RSS, 135 goroutines, 116 MiB/7.1 MiB/135 MiB GO alloc/idle/total, 16 MiB/22 MiB CGO alloc/total, 23.5 CGO/sec, 0.0/0.0 %(u/s)time, 0.0 %gc (0x), 6.9 KiB/2.2 KiB (r/w)net
I230818 17:41:56.267072 91 server/status/runtime.go:498  [n1] runtime stats: 319 MiB RSS, 135 goroutines, 125 MiB/63 MiB/201 MiB GO alloc/idle/total, 16 MiB/22 MiB CGO alloc/total, 27.4 CGO/sec, 0.0/0.0 %(u/s)time, 0.0 %gc (0x), 5.8 KiB/1.7 KiB (r/w)net
I230818 17:42:06.266285 91 server/status/runtime.go:498  [n1] runtime stats: 329 MiB RSS, 136 goroutines, 134 MiB/53 MiB/201 MiB GO alloc/idle/total, 16 MiB/22 MiB CGO alloc/total, 28.2 CGO/sec, 0.0/0.0 %(u/s)time, 0.0 %gc (0x), 7.0 KiB/2.3 KiB (r/w)net
I230818 17:42:16.266802 91 server/status/runtime.go:498  [n1] runtime stats: 334 MiB RSS, 136 goroutines, 86 MiB/96 MiB/201 MiB GO alloc/idle/total, 16 MiB/22 MiB CGO alloc/total, 23.1 CGO/sec, 0.0/0.0 %(u/s)time, 0.0 %gc (1x), 6.8 KiB/2.0 KiB (r/w)net
I230818 17:42:26.239719 145 gossip/gossip.go:566  [n1] gossip status (ok, 1 node)
gossip client (0/3 cur/max conns)
gossip server (0/3 cur/max conns, infos 0/0 sent/received, bytes 0B/0B sent/received)
I230818 17:42:26.269697 91 server/status/runtime.go:498  [n1] runtime stats: 335 MiB RSS, 136 goroutines, 93 MiB/90 MiB/201 MiB GO alloc/idle/total, 16 MiB/22 MiB CGO alloc/total, 24.7 CGO/sec, 0.0/0.0 %(u/s)time, 0.0 %gc (0x), 6.0 KiB/1.9 KiB (r/w)net
I230818 17:42:36.272013 91 server/status/runtime.go:498  [n1] runtime stats: 335 MiB RSS, 135 goroutines, 101 MiB/84 MiB/202 MiB GO alloc/idle/total, 16 MiB/23 MiB CGO alloc/total, 49.2 CGO/sec, 0.0/0.0 %(u/s)time, 0.0 %gc (0x), 6.9 KiB/2.2 KiB (r/w)net
I230818 17:42:46.272326 91 server/status/runtime.go:498  [n1] runtime stats: 336 MiB RSS, 135 goroutines, 108 MiB/78 MiB/202 MiB GO alloc/idle/total, 16 MiB/23 MiB CGO alloc/total, 26.5 CGO/sec, 0.0/0.0 %(u/s)time, 0.0 %gc (0x), 2.9 KiB/894 B (r/w)net
I230818 17:42:56.279114 91 server/status/runtime.go:498  [n1] runtime stats: 336 MiB RSS, 135 goroutines, 114 MiB/72 MiB/202 MiB GO alloc/idle/total, 16 MiB/23 MiB CGO alloc/total, 22.4 CGO/sec, 0.0/0.0 %(u/s)time, 0.0 %gc (0x), 3.0 KiB/1.0 KiB (r/w)net
I230818 17:43:06.284113 91 server/status/runtime.go:498  [n1] runtime stats: 336 MiB RSS, 136 goroutines, 121 MiB/65 MiB/202 MiB GO alloc/idle/total, 16 MiB/23 MiB CGO alloc/total, 35.6 CGO/sec, 0.0/0.0 %(u/s)time, 0.0 %gc (0x), 4.1 KiB/1.4 KiB (r/w)net
I230818 17:43:16.289767 91 server/status/runtime.go:498  [n1] runtime stats: 336 MiB RSS, 136 goroutines, 128 MiB/59 MiB/202 MiB GO alloc/idle/total, 16 MiB/23 MiB CGO alloc/total, 22.9 CGO/sec, 0.0/0.0 %(u/s)time, 0.0 %gc (0x), 2.9 KiB/894 B (r/w)net
I230818 17:43:26.239434 145 gossip/gossip.go:566  [n1] gossip status (ok, 1 node)
gossip client (0/3 cur/max conns)
gossip server (0/3 cur/max conns, infos 0/0 sent/received, bytes 0B/0B sent/received)
I230818 17:43:26.288618 91 server/status/runtime.go:498  [n1] runtime stats: 337 MiB RSS, 136 goroutines, 135 MiB/52 MiB/202 MiB GO alloc/idle/total, 16 MiB/23 MiB CGO alloc/total, 30.4 CGO/sec, 0.0/0.0 %(u/s)time, 0.0 %gc (0x), 3.0 KiB/1.0 KiB (r/w)net
I230818 17:43:36.294986 91 server/status/runtime.go:498  [n1] runtime stats: 343 MiB RSS, 135 goroutines, 144 MiB/43 MiB/202 MiB GO alloc/idle/total, 16 MiB/23 MiB CGO alloc/total, 46.1 CGO/sec, 0.0/0.0 %(u/s)time, 0.0 %gc (0x), 4.0 KiB/1.3 KiB (r/w)net
I230818 17:43:46.299514 91 server/status/runtime.go:498  [n1] runtime stats: 345 MiB RSS, 135 goroutines, 86 MiB/97 MiB/202 MiB GO alloc/idle/total, 16 MiB/23 MiB CGO alloc/total, 23.1 CGO/sec, 0.0/0.0 %(u/s)time, 0.0 %gc (1x), 2.9 KiB/894 B (r/w)net
I230818 17:43:56.296482 91 server/status/runtime.go:498  [n1] runtime stats: 346 MiB RSS, 135 goroutines, 93 MiB/90 MiB/202 MiB GO alloc/idle/total, 16 MiB/23 MiB CGO alloc/total, 24.7 CGO/sec, 0.0/0.0 %(u/s)time, 0.0 %gc (0x), 3.0 KiB/1.0 KiB (r/w)net
I230818 17:44:06.302243 91 server/status/runtime.go:498  [n1] runtime stats: 346 MiB RSS, 136 goroutines, 101 MiB/84 MiB/202 MiB GO alloc/idle/total, 16 MiB/23 MiB CGO alloc/total, 22.6 CGO/sec, 0.0/0.0 %(u/s)time, 0.0 %gc (0x), 4.1 KiB/1.4 KiB (r/w)net
I230818 17:44:16.307199 91 server/status/runtime.go:498  [n1] runtime stats: 347 MiB RSS, 136 goroutines, 108 MiB/77 MiB/202 MiB GO alloc/idle/total, 16 MiB/23 MiB CGO alloc/total, 30.7 CGO/sec, 0.0/0.0 %(u/s)time, 0.0 %gc (0x), 2.9 KiB/894 B (r/w)net
I230818 17:44:26.239566 145 gossip/gossip.go:566  [n1] gossip status (ok, 1 node)
gossip client (0/3 cur/max conns)
gossip server (0/3 cur/max conns, infos 0/0 sent/received, bytes 0B/0B sent/received)
I230818 17:44:26.310189 91 server/status/runtime.go:498  [n1] runtime stats: 347 MiB RSS, 136 goroutines, 115 MiB/71 MiB/202 MiB GO alloc/idle/total, 16 MiB/23 MiB CGO alloc/total, 23.1 CGO/sec, 0.0/0.0 %(u/s)time, 0.0 %gc (0x), 3.1 KiB/1.0 KiB (r/w)net
I230818 17:44:36.311603 91 server/status/runtime.go:498  [n1] runtime stats: 347 MiB RSS, 135 goroutines, 122 MiB/64 MiB/202 MiB GO alloc/idle/total, 16 MiB/23 MiB CGO alloc/total, 48.1 CGO/sec, 0.0/0.0 %(u/s)time, 0.0 %gc (0x), 4.0 KiB/1.3 KiB (r/w)net
I230818 17:44:46.312096 91 server/status/runtime.go:498  [n1] runtime stats: 347 MiB RSS, 135 goroutines, 129 MiB/58 MiB/202 MiB GO alloc/idle/total, 16 MiB/23 MiB CGO alloc/total, 22.4 CGO/sec, 0.0/0.0 %(u/s)time, 0.0 %gc (0x), 2.9 KiB/894 B (r/w)net
I230818 17:44:56.313561 91 server/status/runtime.go:498  [n1] runtime stats: 348 MiB RSS, 135 goroutines, 136 MiB/51 MiB/202 MiB GO alloc/idle/total, 16 MiB/23 MiB CGO alloc/total, 26.5 CGO/sec, 0.0/0.0 %(u/s)time, 0.0 %gc (0x), 3.0 KiB/1.0 KiB (r/w)net
I230818 17:45:06.315048 91 server/status/runtime.go:498  [n1] runtime stats: 348 MiB RSS, 136 goroutines, 142 MiB/45 MiB/202 MiB GO alloc/idle/total, 16 MiB/23 MiB CGO alloc/total, 30.8 CGO/sec, 0.0/0.0 %(u/s)time, 0.0 %gc (0x), 4.0 KiB/1.3 KiB (r/w)net
I230818 17:45:16.317056 91 server/status/runtime.go:498  [n1] runtime stats: 350 MiB RSS, 136 goroutines, 80 MiB/102 MiB/202 MiB GO alloc/idle/total, 16 MiB/23 MiB CGO alloc/total, 22.4 CGO/sec, 0.0/0.0 %(u/s)time, 0.0 %gc (1x), 3.0 KiB/1.0 KiB (r/w)net
I230818 17:45:26.240689 145 gossip/gossip.go:566  [n1] gossip status (ok, 1 node)
gossip client (0/3 cur/max conns)
gossip server (0/3 cur/max conns, infos 0/0 sent/received, bytes 0B/0B sent/received)
I230818 17:45:26.320474 91 server/status/runtime.go:498  [n1] runtime stats: 351 MiB RSS, 136 goroutines, 88 MiB/96 MiB/202 MiB GO alloc/idle/total, 16 MiB/23 MiB CGO alloc/total, 27.4 CGO/sec, 0.0/0.0 %(u/s)time, 0.0 %gc (0x), 3.0 KiB/1.0 KiB (r/w)net
I230818 17:45:36.324024 91 server/status/runtime.go:498  [n1] runtime stats: 351 MiB RSS, 135 goroutines, 96 MiB/89 MiB/202 MiB GO alloc/idle/total, 16 MiB/23 MiB CGO alloc/total, 58.9 CGO/sec, 0.0/0.0 %(u/s)time, 0.0 %gc (0x), 4.0 KiB/1.3 KiB (r/w)net
I230818 17:45:46.325485 91 server/status/runtime.go:498  [n1] runtime stats: 351 MiB RSS, 135 goroutines, 103 MiB/82 MiB/202 MiB GO alloc/idle/total, 16 MiB/23 MiB CGO alloc/total, 28.3 CGO/sec, 0.0/0.0 %(u/s)time, 0.0 %gc (0x), 2.9 KiB/894 B (r/w)net
I230818 17:45:56.333515 91 server/status/runtime.go:498  [n1] runtime stats: 351 MiB RSS, 135 goroutines, 110 MiB/76 MiB/202 MiB GO alloc/idle/total, 16 MiB/23 MiB CGO alloc/total, 23.1 CGO/sec, 0.0/0.0 %(u/s)time, 0.0 %gc (0x), 3.0 KiB/1.0 KiB (r/w)net
I230818 17:46:06.341912 91 server/status/runtime.go:498  [n1] runtime stats: 352 MiB RSS, 136 goroutines, 117 MiB/70 MiB/202 MiB GO alloc/idle/total, 16 MiB/23 MiB CGO alloc/total, 24.9 CGO/sec, 0.0/0.0 %(u/s)time, 0.0 %gc (0x), 3.9 KiB/1.2 KiB (r/w)net
I230818 17:46:16.344922 91 server/status/runtime.go:498  [n1] runtime stats: 352 MiB RSS, 136 goroutines, 123 MiB/64 MiB/202 MiB GO alloc/idle/total, 16 MiB/23 MiB CGO alloc/total, 22.4 CGO/sec, 0.0/0.0 %(u/s)time, 0.0 %gc (0x), 3.2 KiB/1.1 KiB (r/w)net
I230818 17:46:26.239490 145 gossip/gossip.go:566  [n1] gossip status (ok, 1 node)
gossip client (0/3 cur/max conns)
gossip server (0/3 cur/max conns, infos 0/0 sent/received, bytes 0B/0B sent/received)
I230818 17:46:26.344129 91 server/status/runtime.go:498  [n1] runtime stats: 352 MiB RSS, 136 goroutines, 130 MiB/57 MiB/202 MiB GO alloc/idle/total, 24 MiB/31 MiB CGO alloc/total, 26.5 CGO/sec, 0.0/0.0 %(u/s)time, 0.0 %gc (0x), 3.0 KiB/1.0 KiB (r/w)net
I230818 17:46:36.348969 91 server/status/runtime.go:498  [n1] runtime stats: 352 MiB RSS, 135 goroutines, 138 MiB/50 MiB/202 MiB GO alloc/idle/total, 24 MiB/31 MiB CGO alloc/total, 50.3 CGO/sec, 0.0/0.0 %(u/s)time, 0.0 %gc (0x), 3.9 KiB/1.2 KiB (r/w)net
I230818 17:46:46.349805 91 server/status/runtime.go:498  [n1] runtime stats: 352 MiB RSS, 136 goroutines, 144 MiB/43 MiB/202 MiB GO alloc/idle/total, 24 MiB/31 MiB CGO alloc/total, 22.9 CGO/sec, 0.0/0.0 %(u/s)time, 0.0 %gc (0x), 3.0 KiB/1.0 KiB (r/w)net
I230818 17:46:56.350359 91 server/status/runtime.go:498  [n1] runtime stats: 354 MiB RSS, 135 goroutines, 82 MiB/100 MiB/202 MiB GO alloc/idle/total, 24 MiB/31 MiB CGO alloc/total, 24.1 CGO/sec, 0.0/0.0 %(u/s)time, 0.0 %gc (1x), 3.0 KiB/1.0 KiB (r/w)net
I230818 17:47:06.352324 91 server/status/runtime.go:498  [n1] runtime stats: 354 MiB RSS, 136 goroutines, 90 MiB/93 MiB/202 MiB GO alloc/idle/total, 24 MiB/31 MiB CGO alloc/total, 28.6 CGO/sec, 0.0/0.0 %(u/s)time, 0.0 %gc (0x), 3.9 KiB/1.2 KiB (r/w)net
I230818 17:47:16.354450 91 server/status/runtime.go:498  [n1] runtime stats: 355 MiB RSS, 136 goroutines, 97 MiB/87 MiB/202 MiB GO alloc/idle/total, 24 MiB/31 MiB CGO alloc/total, 26.7 CGO/sec, 0.0/0.0 %(u/s)time, 0.0 %gc (0x), 3.2 KiB/1.1 KiB (r/w)net
I230818 17:47:26.240701 145 gossip/gossip.go:566  [n1] gossip status (ok, 1 node)
gossip client (0/3 cur/max conns)
gossip server (0/3 cur/max conns, infos 0/0 sent/received, bytes 0B/0B sent/received)
I230818 17:47:26.355009 91 server/status/runtime.go:498  [n1] runtime stats: 355 MiB RSS, 136 goroutines, 103 MiB/81 MiB/202 MiB GO alloc/idle/total, 24 MiB/31 MiB CGO alloc/total, 23.1 CGO/sec, 0.0/0.0 %(u/s)time, 0.0 %gc (0x), 3.0 KiB/1.0 KiB (r/w)net
I230818 17:47:36.358287 91 server/status/runtime.go:498  [n1] runtime stats: 355 MiB RSS, 135 goroutines, 111 MiB/75 MiB/202 MiB GO alloc/idle/total, 24 MiB/31 MiB CGO alloc/total, 52.1 CGO/sec, 0.0/0.0 %(u/s)time, 0.0 %gc (0x), 3.9 KiB/1.2 KiB (r/w)net
I230818 17:47:46.358811 91 server/status/runtime.go:498  [n1] runtime stats: 355 MiB RSS, 135 goroutines, 118 MiB/68 MiB/202 MiB GO alloc/idle/total, 24 MiB/31 MiB CGO alloc/total, 23.1 CGO/sec, 0.0/0.0 %(u/s)time, 0.0 %gc (0x), 3.0 KiB/1.0 KiB (r/w)net
I230818 17:47:56.359032 91 server/status/runtime.go:498  [n1] runtime stats: 355 MiB RSS, 135 goroutines, 124 MiB/62 MiB/202 MiB GO alloc/idle/total, 24 MiB/31 MiB CGO alloc/total, 24.6 CGO/sec, 0.0/0.0 %(u/s)time, 0.0 %gc (0x), 3.0 KiB/1.0 KiB (r/w)net
I230818 17:48:06.359823 91 server/status/runtime.go:498  [n1] runtime stats: 356 MiB RSS, 136 goroutines, 132 MiB/55 MiB/202 MiB GO alloc/idle/total, 24 MiB/31 MiB CGO alloc/total, 34.9 CGO/sec, 0.0/0.0 %(u/s)time, 0.0 %gc (0x), 3.9 KiB/1.2 KiB (r/w)net
I230818 17:48:16.358044 91 server/status/runtime.go:498  [n1] runtime stats: 356 MiB RSS, 136 goroutines, 139 MiB/48 MiB/202 MiB GO alloc/idle/total, 24 MiB/31 MiB CGO alloc/total, 22.7 CGO/sec, 0.0/0.0 %(u/s)time, 0.0 %gc (0x), 3.2 KiB/1.1 KiB (r/w)net
I230818 17:48:26.241706 145 gossip/gossip.go:566  [n1] gossip status (ok, 1 node)
gossip client (0/3 cur/max conns)
gossip server (0/3 cur/max conns, infos 0/0 sent/received, bytes 0B/0B sent/received)
I230818 17:48:26.357547 91 server/status/runtime.go:498  [n1] runtime stats: 356 MiB RSS, 136 goroutines, 145 MiB/42 MiB/202 MiB GO alloc/idle/total, 23 MiB/31 MiB CGO alloc/total, 27.1 CGO/sec, 0.0/0.0 %(u/s)time, 0.0 %gc (0x), 3.0 KiB/1.0 KiB (r/w)net
I230818 17:48:36.362172 91 server/status/runtime.go:498  [n1] runtime stats: 360 MiB RSS, 135 goroutines, 84 MiB/99 MiB/202 MiB GO alloc/idle/total, 23 MiB/31 MiB CGO alloc/total, 47.9 CGO/sec, 0.0/0.0 %(u/s)time, 0.0 %gc (1x), 3.9 KiB/1.2 KiB (r/w)net
I230818 17:48:46.363565 91 server/status/runtime.go:498  [n1] runtime stats: 360 MiB RSS, 135 goroutines, 90 MiB/93 MiB/202 MiB GO alloc/idle/total, 23 MiB/31 MiB CGO alloc/total, 26.5 CGO/sec, 0.0/0.0 %(u/s)time, 0.0 %gc (0x), 3.0 KiB/1.0 KiB (r/w)net
I230818 17:48:56.365960 91 server/status/runtime.go:498  [n1] runtime stats: 360 MiB RSS, 135 goroutines, 97 MiB/87 MiB/202 MiB GO alloc/idle/total, 23 MiB/31 MiB CGO alloc/total, 23.1 CGO/sec, 0.0/0.0 %(u/s)time, 0.0 %gc (0x), 3.0 KiB/1.0 KiB (r/w)net
I230818 17:49:06.370807 91 server/status/runtime.go:498  [n1] runtime stats: 361 MiB RSS, 136 goroutines, 104 MiB/81 MiB/202 MiB GO alloc/idle/total, 23 MiB/31 MiB CGO alloc/total, 28.6 CGO/sec, 0.0/0.0 %(u/s)time, 0.0 %gc (0x), 3.9 KiB/1.2 KiB (r/w)net
I230818 17:49:16.374342 91 server/status/runtime.go:498  [n1] runtime stats: 361 MiB RSS, 136 goroutines, 111 MiB/75 MiB/202 MiB GO alloc/idle/total, 23 MiB/31 MiB CGO alloc/total, 20.8 CGO/sec, 0.0/0.0 %(u/s)time, 0.0 %gc (0x), 3.2 KiB/1.1 KiB (r/w)net
I230818 17:49:26.239494 145 gossip/gossip.go:566  [n1] gossip status (ok, 1 node)
gossip client (0/3 cur/max conns)
gossip server (0/3 cur/max conns, infos 0/0 sent/received, bytes 0B/0B sent/received)
I230818 17:49:26.378892 91 server/status/runtime.go:498  [n1] runtime stats: 361 MiB RSS, 136 goroutines, 118 MiB/68 MiB/202 MiB GO alloc/idle/total, 23 MiB/31 MiB CGO alloc/total, 30.5 CGO/sec, 0.0/0.0 %(u/s)time, 0.0 %gc (0x), 2.9 KiB/894 B (r/w)net
I230818 17:49:36.387321 91 server/status/runtime.go:498  [n1] runtime stats: 361 MiB RSS, 135 goroutines, 126 MiB/61 MiB/202 MiB GO alloc/idle/total, 23 MiB/31 MiB CGO alloc/total, 46.1 CGO/sec, 0.0/0.0 %(u/s)time, 0.0 %gc (0x), 4.0 KiB/1.3 KiB (r/w)net
I230818 17:49:46.386530 91 server/status/runtime.go:498  [n1] runtime stats: 362 MiB RSS, 135 goroutines, 132 MiB/54 MiB/202 MiB GO alloc/idle/total, 23 MiB/31 MiB CGO alloc/total, 25.2 CGO/sec, 0.0/0.0 %(u/s)time, 0.0 %gc (0x), 3.0 KiB/1.0 KiB (r/w)net
I230818 17:49:56.390087 91 server/status/runtime.go:498  [n1] runtime stats: 362 MiB RSS, 135 goroutines, 139 MiB/48 MiB/202 MiB GO alloc/idle/total, 23 MiB/31 MiB CGO alloc/total, 24.5 CGO/sec, 0.0/0.0 %(u/s)time, 0.0 %gc (0x), 2.9 KiB/894 B (r/w)net
I230818 17:50:06.390119 91 server/status/runtime.go:498  [n1] runtime stats: 362 MiB RSS, 136 goroutines, 146 MiB/41 MiB/202 MiB GO alloc/idle/total, 23 MiB/31 MiB CGO alloc/total, 26.6 CGO/sec, 0.0/0.0 %(u/s)time, 0.0 %gc (0x), 4.0 KiB/1.3 KiB (r/w)net
I230818 17:50:16.395088 91 server/status/runtime.go:498  [n1] runtime stats: 363 MiB RSS, 136 goroutines, 84 MiB/98 MiB/202 MiB GO alloc/idle/total, 23 MiB/31 MiB CGO alloc/total, 28.6 CGO/sec, 0.0/0.0 %(u/s)time, 0.0 %gc (1x), 3.2 KiB/1.1 KiB (r/w)net
I230818 17:50:26.239385 145 gossip/gossip.go:566  [n1] gossip status (ok, 1 node)
gossip client (0/3 cur/max conns)
gossip server (0/3 cur/max conns, infos 0/0 sent/received, bytes 0B/0B sent/received)
I230818 17:50:26.400266 91 server/status/runtime.go:498  [n1] runtime stats: 365 MiB RSS, 136 goroutines, 91 MiB/92 MiB/168 MiB GO alloc/idle/total, 23 MiB/31 MiB CGO alloc/total, 24.7 CGO/sec, 0.0/0.0 %(u/s)time, 0.0 %gc (0x), 2.9 KiB/894 B (r/w)net
I230818 17:50:36.402127 91 server/status/runtime.go:498  [n1] runtime stats: 366 MiB RSS, 135 goroutines, 100 MiB/84 MiB/168 MiB GO alloc/idle/total, 23 MiB/31 MiB CGO alloc/total, 66.2 CGO/sec, 0.0/0.0 %(u/s)time, 0.0 %gc (0x), 4.0 KiB/1.3 KiB (r/w)net
I230818 17:50:46.254650 144 storage/store.go:2364  [n1,s1] sstables (read amplification = 1):
6 [ 281K 1 ]: 281K
I230818 17:50:46.256229 144 storage/store.go:2365  [n1,s1] 
** Compaction Stats [default] **
Level    Files   Size     Score Read(GB)  Rn(GB) Rnp1(GB) Write(GB) Wnew(GB) Moved(GB) W-Amp Rd(MB/s) Wr(MB/s) Comp(sec) CompMergeCPU(sec) Comp(cnt) Avg(sec) KeyIn KeyDrop
----------------------------------------------------------------------------------------------------------------------------------------------------------------------------
  L0      0/0    0.00 KB   0.0      0.0     0.0      0.0       0.0      0.0       0.0   1.0      0.0      0.2      0.73              0.00         1    0.728       0      0
  L6      1/0   280.77 KB   0.0      0.0     0.0      0.0       0.0      0.0       0.0   0.7      4.1      2.8      0.10              0.09         1    0.097    9707   5425
 Sum      1/0   280.77 KB   0.0      0.0     0.0      0.0       0.0      0.0       0.0   2.7      0.5      0.5      0.82              0.09         2    0.412    9707   5425
 Int      0/0    0.00 KB   0.0      0.0     0.0      0.0       0.0      0.0       0.0   0.0      0.0      0.0      0.00              0.00         0    0.000       0      0

** Compaction Stats [default] **
Priority    Files   Size     Score Read(GB)  Rn(GB) Rnp1(GB) Write(GB) Wnew(GB) Moved(GB) W-Amp Rd(MB/s) Wr(MB/s) Comp(sec) CompMergeCPU(sec) Comp(cnt) Avg(sec) KeyIn KeyDrop
-------------------------------------------------------------------------------------------------------------------------------------------------------------------------------
 Low      0/0    0.00 KB   0.0      0.0     0.0      0.0       0.0      0.0       0.0   0.0      4.1      2.8      0.10              0.09         1    0.097    9707   5425
User      0/0    0.00 KB   0.0      0.0     0.0      0.0       0.0      0.0       0.0   0.0      0.0      0.2      0.73              0.00         1    0.728       0      0
Uptime(secs): 621.5 total, 600.0 interval
Flush(GB): cumulative 0.000, interval 0.000
AddFile(GB): cumulative 0.000, interval 0.000
AddFile(Total Files): cumulative 0, interval 0
AddFile(L0 Files): cumulative 0, interval 0
AddFile(Keys): cumulative 0, interval 0
Cumulative compaction: 0.00 GB write, 0.00 MB/s write, 0.00 GB read, 0.00 MB/s read, 0.8 seconds
Interval compaction: 0.00 GB write, 0.00 MB/s write, 0.00 GB read, 0.00 MB/s read, 0.0 seconds
Stalls(count): 0 level0_slowdown, 0 level0_slowdown_with_compaction, 0 level0_numfiles, 0 level0_numfiles_with_compaction, 0 stop for pending_compaction_bytes, 0 slowdown for pending_compaction_bytes, 0 memtable_compaction, 0 memtable_slowdown, interval 0 total count
estimated_pending_compaction_bytes: 0 B
I230818 17:50:46.402498 91 server/status/runtime.go:498  [n1] runtime stats: 366 MiB RSS, 135 goroutines, 107 MiB/78 MiB/168 MiB GO alloc/idle/total, 23 MiB/31 MiB CGO alloc/total, 21.0 CGO/sec, 0.0/0.0 %(u/s)time, 0.0 %gc (0x), 3.0 KiB/1.0 KiB (r/w)net
I230818 17:50:56.405053 91 server/status/runtime.go:498  [n1] runtime stats: 366 MiB RSS, 135 goroutines, 114 MiB/72 MiB/168 MiB GO alloc/idle/total, 23 MiB/31 MiB CGO alloc/total, 28.3 CGO/sec, 0.0/0.0 %(u/s)time, 0.0 %gc (0x), 2.9 KiB/894 B (r/w)net
I230818 17:51:06.405243 91 server/status/runtime.go:498  [n1] runtime stats: 366 MiB RSS, 136 goroutines, 120 MiB/66 MiB/168 MiB GO alloc/idle/total, 23 MiB/31 MiB CGO alloc/total, 26.6 CGO/sec, 0.0/0.0 %(u/s)time, 0.0 %gc (0x), 4.0 KiB/1.3 KiB (r/w)net
I230818 17:51:16.404341 91 server/status/runtime.go:498  [n1] runtime stats: 367 MiB RSS, 136 goroutines, 127 MiB/60 MiB/168 MiB GO alloc/idle/total, 23 MiB/31 MiB CGO alloc/total, 20.8 CGO/sec, 0.0/0.0 %(u/s)time, 0.0 %gc (0x), 3.2 KiB/1.1 KiB (r/w)net
I230818 17:51:26.240128 145 gossip/gossip.go:566  [n1] gossip status (ok, 1 node)
gossip client (0/3 cur/max conns)
gossip server (0/3 cur/max conns, infos 0/0 sent/received, bytes 0B/0B sent/received)
I230818 17:51:26.404169 91 server/status/runtime.go:498  [n1] runtime stats: 367 MiB RSS, 136 goroutines, 134 MiB/53 MiB/168 MiB GO alloc/idle/total, 23 MiB/31 MiB CGO alloc/total, 26.8 CGO/sec, 0.0/0.0 %(u/s)time, 0.0 %gc (0x), 2.9 KiB/894 B (r/w)net
I230818 17:51:36.405586 91 server/status/runtime.go:498  [n1] runtime stats: 368 MiB RSS, 135 goroutines, 141 MiB/46 MiB/168 MiB GO alloc/idle/total, 22 MiB/31 MiB CGO alloc/total, 50.8 CGO/sec, 0.0/0.0 %(u/s)time, 0.0 %gc (0x), 4.0 KiB/1.3 KiB (r/w)net
I230818 17:51:46.404882 91 server/status/runtime.go:498  [n1] runtime stats: 368 MiB RSS, 135 goroutines, 148 MiB/39 MiB/168 MiB GO alloc/idle/total, 22 MiB/31 MiB CGO alloc/total, 28.2 CGO/sec, 0.0/0.0 %(u/s)time, 0.0 %gc (0x), 3.0 KiB/1.0 KiB (r/w)net
I230818 17:51:56.409244 91 server/status/runtime.go:498  [n1] runtime stats: 370 MiB RSS, 135 goroutines, 80 MiB/101 MiB/170 MiB GO alloc/idle/total, 22 MiB/31 MiB CGO alloc/total, 24.5 CGO/sec, 0.0/0.0 %(u/s)time, 0.0 %gc (1x), 2.9 KiB/894 B (r/w)net
I230818 17:52:06.410891 91 server/status/runtime.go:498  [n1] runtime stats: 371 MiB RSS, 136 goroutines, 87 MiB/95 MiB/170 MiB GO alloc/idle/total, 22 MiB/31 MiB CGO alloc/total, 24.9 CGO/sec, 0.0/0.0 %(u/s)time, 0.0 %gc (0x), 4.0 KiB/1.3 KiB (r/w)net
I230818 17:52:16.409320 91 server/status/runtime.go:498  [n1] runtime stats: 371 MiB RSS, 136 goroutines, 94 MiB/89 MiB/170 MiB GO alloc/idle/total, 30 MiB/39 MiB CGO alloc/total, 23.1 CGO/sec, 0.0/0.0 %(u/s)time, 0.0 %gc (0x), 3.0 KiB/1.0 KiB (r/w)net
I230818 17:52:26.239175 145 gossip/gossip.go:566  [n1] gossip status (ok, 1 node)
gossip client (0/3 cur/max conns)
gossip server (0/3 cur/max conns, infos 0/0 sent/received, bytes 0B/0B sent/received)
I230818 17:52:26.415011 91 server/status/runtime.go:498  [n1] runtime stats: 371 MiB RSS, 136 goroutines, 102 MiB/82 MiB/170 MiB GO alloc/idle/total, 30 MiB/39 MiB CGO alloc/total, 26.2 CGO/sec, 0.0/0.0 %(u/s)time, 0.0 %gc (0x), 3.0 KiB/1.0 KiB (r/w)net
I230818 17:52:36.414482 91 server/status/runtime.go:498  [n1] runtime stats: 371 MiB RSS, 135 goroutines, 109 MiB/76 MiB/170 MiB GO alloc/idle/total, 30 MiB/39 MiB CGO alloc/total, 52.7 CGO/sec, 0.0/0.0 %(u/s)time, 0.0 %gc (0x), 4.0 KiB/1.3 KiB (r/w)net
I230818 17:52:46.414298 91 server/status/runtime.go:498  [n1] runtime stats: 372 MiB RSS, 135 goroutines, 116 MiB/70 MiB/170 MiB GO alloc/idle/total, 30 MiB/39 MiB CGO alloc/total, 25.0 CGO/sec, 0.0/0.0 %(u/s)time, 0.0 %gc (0x), 3.0 KiB/1.0 KiB (r/w)net
I230818 17:52:56.415028 91 server/status/runtime.go:498  [n1] runtime stats: 372 MiB RSS, 135 goroutines, 122 MiB/64 MiB/170 MiB GO alloc/idle/total, 30 MiB/39 MiB CGO alloc/total, 35.5 CGO/sec, 0.0/0.0 %(u/s)time, 0.0 %gc (0x), 2.9 KiB/894 B (r/w)net
I230818 17:53:06.415263 91 server/status/runtime.go:498  [n1] runtime stats: 372 MiB RSS, 136 goroutines, 129 MiB/58 MiB/170 MiB GO alloc/idle/total, 30 MiB/39 MiB CGO alloc/total, 22.6 CGO/sec, 0.0/0.0 %(u/s)time, 0.0 %gc (0x), 4.0 KiB/1.3 KiB (r/w)net
I230818 17:53:16.415422 91 server/status/runtime.go:498  [n1] runtime stats: 372 MiB RSS, 136 goroutines, 136 MiB/51 MiB/170 MiB GO alloc/idle/total, 30 MiB/39 MiB CGO alloc/total, 28.3 CGO/sec, 0.0/0.0 %(u/s)time, 0.0 %gc (0x), 2.9 KiB/894 B (r/w)net
I230818 17:53:26.239435 145 gossip/gossip.go:566  [n1] gossip status (ok, 1 node)
gossip client (0/3 cur/max conns)
gossip server (0/3 cur/max conns, infos 0/0 sent/received, bytes 0B/0B sent/received)
I230818 17:53:26.416529 91 server/status/runtime.go:498  [n1] runtime stats: 372 MiB RSS, 136 goroutines, 143 MiB/44 MiB/170 MiB GO alloc/idle/total, 30 MiB/39 MiB CGO alloc/total, 23.1 CGO/sec, 0.0/0.0 %(u/s)time, 0.0 %gc (0x), 3.2 KiB/1.1 KiB (r/w)net
I230818 17:53:36.419525 91 server/status/runtime.go:498  [n1] runtime stats: 372 MiB RSS, 135 goroutines, 80 MiB/102 MiB/170 MiB GO alloc/idle/total, 30 MiB/39 MiB CGO alloc/total, 48.6 CGO/sec, 0.0/0.0 %(u/s)time, 0.0 %gc (1x), 4.0 KiB/1.3 KiB (r/w)net
I230818 17:53:46.414751 91 server/status/runtime.go:498  [n1] runtime stats: 372 MiB RSS, 135 goroutines, 88 MiB/94 MiB/170 MiB GO alloc/idle/total, 30 MiB/39 MiB CGO alloc/total, 22.4 CGO/sec, 0.0/0.0 %(u/s)time, 0.0 %gc (0x), 2.9 KiB/894 B (r/w)net
I230818 17:53:56.417354 91 server/status/runtime.go:498  [n1] runtime stats: 373 MiB RSS, 135 goroutines, 95 MiB/88 MiB/170 MiB GO alloc/idle/total, 30 MiB/39 MiB CGO alloc/total, 26.5 CGO/sec, 0.0/0.0 %(u/s)time, 0.0 %gc (0x), 3.0 KiB/1.0 KiB (r/w)net
I230818 17:54:06.417475 91 server/status/runtime.go:498  [n1] runtime stats: 373 MiB RSS, 136 goroutines, 102 MiB/82 MiB/170 MiB GO alloc/idle/total, 30 MiB/39 MiB CGO alloc/total, 22.6 CGO/sec, 0.0/0.0 %(u/s)time, 0.0 %gc (0x), 4.0 KiB/1.3 KiB (r/w)net
I230818 17:54:16.417798 91 server/status/runtime.go:498  [n1] runtime stats: 373 MiB RSS, 136 goroutines, 108 MiB/76 MiB/170 MiB GO alloc/idle/total, 30 MiB/39 MiB CGO alloc/total, 26.8 CGO/sec, 0.0/0.0 %(u/s)time, 0.0 %gc (0x), 2.9 KiB/894 B (r/w)net
I230818 17:54:26.239165 145 gossip/gossip.go:566  [n1] gossip status (ok, 1 node)
gossip client (0/3 cur/max conns)
gossip server (0/3 cur/max conns, infos 0/0 sent/received, bytes 0B/0B sent/received)
I230818 17:54:26.419197 91 server/status/runtime.go:498  [n1] runtime stats: 374 MiB RSS, 136 goroutines, 116 MiB/70 MiB/170 MiB GO alloc/idle/total, 30 MiB/39 MiB CGO alloc/total, 118.4 CGO/sec, 0.0/0.0 %(u/s)time, 0.0 %gc (0x), 3.2 KiB/1.1 KiB (r/w)net
I230818 17:54:36.418901 91 server/status/runtime.go:498  [n1] runtime stats: 374 MiB RSS, 135 goroutines, 123 MiB/64 MiB/170 MiB GO alloc/idle/total, 30 MiB/39 MiB CGO alloc/total, 48.9 CGO/sec, 0.0/0.0 %(u/s)time, 0.0 %gc (0x), 4.0 KiB/1.3 KiB (r/w)net
I230818 17:54:46.419273 91 server/status/runtime.go:498  [n1] runtime stats: 374 MiB RSS, 135 goroutines, 130 MiB/57 MiB/170 MiB GO alloc/idle/total, 30 MiB/39 MiB CGO alloc/total, 28.1 CGO/sec, 0.0/0.0 %(u/s)time, 0.0 %gc (0x), 2.9 KiB/894 B (r/w)net
I230818 17:54:56.419538 91 server/status/runtime.go:498  [n1] runtime stats: 375 MiB RSS, 135 goroutines, 136 MiB/50 MiB/170 MiB GO alloc/idle/total, 30 MiB/39 MiB CGO alloc/total, 22.9 CGO/sec, 0.0/0.0 %(u/s)time, 0.0 %gc (0x), 3.0 KiB/1.0 KiB (r/w)net
I230818 17:55:06.419662 91 server/status/runtime.go:498  [n1] runtime stats: 375 MiB RSS, 136 goroutines, 143 MiB/44 MiB/170 MiB GO alloc/idle/total, 30 MiB/39 MiB CGO alloc/total, 26.8 CGO/sec, 0.0/0.0 %(u/s)time, 0.0 %gc (0x), 4.0 KiB/1.3 KiB (r/w)net
I230818 17:55:16.420088 91 server/status/runtime.go:498  [n1] runtime stats: 376 MiB RSS, 136 goroutines, 150 MiB/38 MiB/170 MiB GO alloc/idle/total, 30 MiB/39 MiB CGO alloc/total, 24.1 CGO/sec, 0.0/0.0 %(u/s)time, 0.0 %gc (0x), 2.9 KiB/894 B (r/w)net
I230818 17:55:26.239874 145 gossip/gossip.go:566  [n1] gossip status (ok, 1 node)
gossip client (0/3 cur/max conns)
gossip server (0/3 cur/max conns, infos 0/0 sent/received, bytes 0B/0B sent/received)
I230818 17:55:26.421313 91 server/status/runtime.go:498  [n1] runtime stats: 376 MiB RSS, 136 goroutines, 88 MiB/94 MiB/170 MiB GO alloc/idle/total, 30 MiB/39 MiB CGO alloc/total, 26.7 CGO/sec, 0.0/0.0 %(u/s)time, 0.0 %gc (1x), 3.2 KiB/1.1 KiB (r/w)net
I230818 17:55:36.420928 91 server/status/runtime.go:498  [n1] runtime stats: 376 MiB RSS, 135 goroutines, 96 MiB/88 MiB/170 MiB GO alloc/idle/total, 30 MiB/39 MiB CGO alloc/total, 59.0 CGO/sec, 0.0/0.0 %(u/s)time, 0.0 %gc (0x), 4.0 KiB/1.3 KiB (r/w)net
I230818 17:55:46.425289 91 server/status/runtime.go:498  [n1] runtime stats: 376 MiB RSS, 135 goroutines, 104 MiB/81 MiB/170 MiB GO alloc/idle/total, 30 MiB/39 MiB CGO alloc/total, 22.4 CGO/sec, 0.0/0.0 %(u/s)time, 0.0 %gc (0x), 3.0 KiB/894 B (r/w)net
I230818 17:55:56.422197 91 server/status/runtime.go:498  [n1] runtime stats: 377 MiB RSS, 135 goroutines, 111 MiB/74 MiB/170 MiB GO alloc/idle/total, 30 MiB/39 MiB CGO alloc/total, 25.0 CGO/sec, 0.0/0.0 %(u/s)time, 0.0 %gc (0x), 3.0 KiB/1.0 KiB (r/w)net
I230818 17:56:06.422863 91 server/status/runtime.go:498  [n1] runtime stats: 377 MiB RSS, 136 goroutines, 118 MiB/68 MiB/170 MiB GO alloc/idle/total, 30 MiB/39 MiB CGO alloc/total, 26.8 CGO/sec, 0.0/0.0 %(u/s)time, 0.0 %gc (0x), 4.0 KiB/1.3 KiB (r/w)net
I230818 17:56:16.423327 91 server/status/runtime.go:498  [n1] runtime stats: 377 MiB RSS, 136 goroutines, 124 MiB/62 MiB/170 MiB GO alloc/idle/total, 30 MiB/39 MiB CGO alloc/total, 26.2 CGO/sec, 0.0/0.0 %(u/s)time, 0.0 %gc (0x), 2.9 KiB/894 B (r/w)net
I230818 17:56:26.238825 145 gossip/gossip.go:566  [n1] gossip status (ok, 1 node)
gossip client (0/3 cur/max conns)
gossip server (0/3 cur/max conns, infos 0/0 sent/received, bytes 0B/0B sent/received)
I230818 17:56:26.423302 91 server/status/runtime.go:498  [n1] runtime stats: 377 MiB RSS, 136 goroutines, 131 MiB/56 MiB/170 MiB GO alloc/idle/total, 30 MiB/39 MiB CGO alloc/total, 22.9 CGO/sec, 0.0/0.0 %(u/s)time, 0.0 %gc (0x), 3.2 KiB/1.1 KiB (r/w)net
I230818 17:56:36.424572 91 server/status/runtime.go:498  [n1] runtime stats: 377 MiB RSS, 135 goroutines, 138 MiB/49 MiB/170 MiB GO alloc/idle/total, 30 MiB/39 MiB CGO alloc/total, 48.6 CGO/sec, 0.0/0.0 %(u/s)time, 0.0 %gc (0x), 3.9 KiB/1.2 KiB (r/w)net
I230818 17:56:46.424372 91 server/status/runtime.go:498  [n1] runtime stats: 378 MiB RSS, 135 goroutines, 145 MiB/42 MiB/170 MiB GO alloc/idle/total, 30 MiB/39 MiB CGO alloc/total, 24.7 CGO/sec, 0.0/0.0 %(u/s)time, 0.0 %gc (0x), 3.0 KiB/1.0 KiB (r/w)net
I230818 17:56:56.426012 91 server/status/runtime.go:498  [n1] runtime stats: 378 MiB RSS, 135 goroutines, 152 MiB/35 MiB/170 MiB GO alloc/idle/total, 30 MiB/39 MiB CGO alloc/total, 198.3 CGO/sec, 0.0/0.0 %(u/s)time, 0.0 %gc (0x), 3.0 KiB/1.0 KiB (r/w)net
I230818 17:57:06.424750 91 server/status/runtime.go:498  [n1] runtime stats: 379 MiB RSS, 136 goroutines, 87 MiB/94 MiB/171 MiB GO alloc/idle/total, 30 MiB/39 MiB CGO alloc/total, 24.3 CGO/sec, 0.0/0.0 %(u/s)time, 0.0 %gc (1x), 3.9 KiB/1.2 KiB (r/w)net
I230818 17:57:16.425740 91 server/status/runtime.go:498  [n1] runtime stats: 379 MiB RSS, 136 goroutines, 95 MiB/88 MiB/171 MiB GO alloc/idle/total, 30 MiB/39 MiB CGO alloc/total, 24.5 CGO/sec, 0.0/0.0 %(u/s)time, 0.0 %gc (0x), 3.0 KiB/1.0 KiB (r/w)net
I230818 17:57:26.239557 145 gossip/gossip.go:566  [n1] gossip status (ok, 1 node)
gossip client (0/3 cur/max conns)
gossip server (0/3 cur/max conns, infos 0/0 sent/received, bytes 0B/0B sent/received)
I230818 17:57:26.425954 91 server/status/runtime.go:498  [n1] runtime stats: 379 MiB RSS, 136 goroutines, 102 MiB/82 MiB/171 MiB GO alloc/idle/total, 30 MiB/39 MiB CGO alloc/total, 25.5 CGO/sec, 0.0/0.0 %(u/s)time, 0.0 %gc (0x), 3.2 KiB/1.1 KiB (r/w)net
I230818 17:57:36.428447 91 server/status/runtime.go:498  [n1] runtime stats: 379 MiB RSS, 135 goroutines, 110 MiB/75 MiB/171 MiB GO alloc/idle/total, 30 MiB/39 MiB CGO alloc/total, 52.2 CGO/sec, 0.0/0.0 %(u/s)time, 0.0 %gc (0x), 3.9 KiB/1.2 KiB (r/w)net
I230818 17:57:46.427537 91 server/status/runtime.go:498  [n1] runtime stats: 379 MiB RSS, 135 goroutines, 117 MiB/69 MiB/171 MiB GO alloc/idle/total, 30 MiB/39 MiB CGO alloc/total, 28.6 CGO/sec, 0.0/0.0 %(u/s)time, 0.0 %gc (0x), 3.0 KiB/1.0 KiB (r/w)net
I230818 17:57:56.427203 91 server/status/runtime.go:498  [n1] runtime stats: 379 MiB RSS, 135 goroutines, 124 MiB/63 MiB/171 MiB GO alloc/idle/total, 30 MiB/39 MiB CGO alloc/total, 31.3 CGO/sec, 0.0/0.0 %(u/s)time, 0.0 %gc (0x), 3.0 KiB/1.0 KiB (r/w)net
I230818 17:58:06.429157 91 server/status/runtime.go:498  [n1] runtime stats: 380 MiB RSS, 136 goroutines, 130 MiB/57 MiB/171 MiB GO alloc/idle/total, 38 MiB/47 MiB CGO alloc/total, 26.3 CGO/sec, 0.0/0.0 %(u/s)time, 0.0 %gc (0x), 3.9 KiB/1.2 KiB (r/w)net
I230818 17:58:16.429071 91 server/status/runtime.go:498  [n1] runtime stats: 380 MiB RSS, 136 goroutines, 137 MiB/50 MiB/171 MiB GO alloc/idle/total, 38 MiB/47 MiB CGO alloc/total, 25.0 CGO/sec, 0.0/0.0 %(u/s)time, 0.0 %gc (0x), 3.0 KiB/1.0 KiB (r/w)net
I230818 17:58:26.241732 145 gossip/gossip.go:566  [n1] gossip status (ok, 1 node)
gossip client (0/3 cur/max conns)
gossip server (0/3 cur/max conns, infos 0/0 sent/received, bytes 0B/0B sent/received)
I230818 17:58:26.429781 91 server/status/runtime.go:498  [n1] runtime stats: 380 MiB RSS, 136 goroutines, 143 MiB/44 MiB/171 MiB GO alloc/idle/total, 38 MiB/47 MiB CGO alloc/total, 26.7 CGO/sec, 0.0/0.0 %(u/s)time, 0.0 %gc (0x), 3.2 KiB/1.1 KiB (r/w)net
I230818 17:58:36.430753 91 server/status/runtime.go:498  [n1] runtime stats: 380 MiB RSS, 135 goroutines, 151 MiB/36 MiB/171 MiB GO alloc/idle/total, 38 MiB/47 MiB CGO alloc/total, 47.9 CGO/sec, 0.0/0.0 %(u/s)time, 0.0 %gc (0x), 3.9 KiB/1.2 KiB (r/w)net
I230818 17:58:46.432875 91 server/status/runtime.go:498  [n1] runtime stats: 381 MiB RSS, 135 goroutines, 82 MiB/99 MiB/171 MiB GO alloc/idle/total, 38 MiB/47 MiB CGO alloc/total, 25.2 CGO/sec, 0.0/0.0 %(u/s)time, 0.0 %gc (1x), 3.0 KiB/1.0 KiB (r/w)net
I230818 17:58:56.433736 91 server/status/runtime.go:498  [n1] runtime stats: 381 MiB RSS, 135 goroutines, 89 MiB/93 MiB/171 MiB GO alloc/idle/total, 38 MiB/47 MiB CGO alloc/total, 25.0 CGO/sec, 0.0/0.0 %(u/s)time, 0.0 %gc (0x), 3.0 KiB/1.0 KiB (r/w)net
I230818 17:59:06.435081 91 server/status/runtime.go:498  [n1] runtime stats: 381 MiB RSS, 136 goroutines, 96 MiB/88 MiB/171 MiB GO alloc/idle/total, 38 MiB/47 MiB CGO alloc/total, 26.5 CGO/sec, 0.0/0.0 %(u/s)time, 0.0 %gc (0x), 3.9 KiB/1.2 KiB (r/w)net
I230818 17:59:16.438328 91 server/status/runtime.go:498  [n1] runtime stats: 381 MiB RSS, 136 goroutines, 102 MiB/82 MiB/171 MiB GO alloc/idle/total, 38 MiB/47 MiB CGO alloc/total, 24.4 CGO/sec, 0.0/0.0 %(u/s)time, 0.0 %gc (0x), 3.0 KiB/1.0 KiB (r/w)net
I230818 17:59:26.240331 145 gossip/gossip.go:566  [n1] gossip status (ok, 1 node)
gossip client (0/3 cur/max conns)
gossip server (0/3 cur/max conns, infos 0/0 sent/received, bytes 0B/0B sent/received)
I230818 17:59:26.440191 91 server/status/runtime.go:498  [n1] runtime stats: 381 MiB RSS, 136 goroutines, 109 MiB/75 MiB/171 MiB GO alloc/idle/total, 38 MiB/47 MiB CGO alloc/total, 25.0 CGO/sec, 0.0/0.0 %(u/s)time, 0.0 %gc (0x), 3.0 KiB/1.0 KiB (r/w)net
I230818 17:59:36.442379 91 server/status/runtime.go:498  [n1] runtime stats: 382 MiB RSS, 135 goroutines, 118 MiB/68 MiB/171 MiB GO alloc/idle/total, 38 MiB/47 MiB CGO alloc/total, 50.2 CGO/sec, 0.0/0.0 %(u/s)time, 0.0 %gc (0x), 4.0 KiB/1.3 KiB (r/w)net
I230818 17:59:46.443419 91 server/status/runtime.go:498  [n1] runtime stats: 382 MiB RSS, 135 goroutines, 124 MiB/62 MiB/171 MiB GO alloc/idle/total, 38 MiB/47 MiB CGO alloc/total, 22.9 CGO/sec, 0.0/0.0 %(u/s)time, 0.0 %gc (0x), 3.0 KiB/1.0 KiB (r/w)net
I230818 17:59:56.443641 91 server/status/runtime.go:498  [n1] runtime stats: 383 MiB RSS, 135 goroutines, 131 MiB/56 MiB/171 MiB GO alloc/idle/total, 38 MiB/47 MiB CGO alloc/total, 28.8 CGO/sec, 0.0/0.0 %(u/s)time, 0.0 %gc (0x), 2.9 KiB/894 B (r/w)net
I230818 18:00:06.448021 91 server/status/runtime.go:498  [n1] runtime stats: 383 MiB RSS, 136 goroutines, 138 MiB/49 MiB/171 MiB GO alloc/idle/total, 38 MiB/47 MiB CGO alloc/total, 24.7 CGO/sec, 0.0/0.0 %(u/s)time, 0.0 %gc (0x), 4.0 KiB/1.3 KiB (r/w)net
I230818 18:00:16.448287 91 server/status/runtime.go:498  [n1] runtime stats: 383 MiB RSS, 136 goroutines, 144 MiB/43 MiB/171 MiB GO alloc/idle/total, 38 MiB/47 MiB CGO alloc/total, 26.7 CGO/sec, 0.0/0.0 %(u/s)time, 0.0 %gc (0x), 3.0 KiB/1.0 KiB (r/w)net
I230818 18:00:26.239423 145 gossip/gossip.go:566  [n1] gossip status (ok, 1 node)
gossip client (0/3 cur/max conns)
gossip server (0/3 cur/max conns, infos 0/0 sent/received, bytes 0B/0B sent/received)
I230818 18:00:26.476771 91 server/status/runtime.go:498  [n1] runtime stats: 386 MiB RSS, 138 goroutines, 152 MiB/36 MiB/171 MiB GO alloc/idle/total, 38 MiB/47 MiB CGO alloc/total, 52.0 CGO/sec, 0.0/0.0 %(u/s)time, 0.0 %gc (1x), 5.2 KiB/4.3 KiB (r/w)net
I230818 18:00:36.451642 91 server/status/runtime.go:498  [n1] runtime stats: 386 MiB RSS, 137 goroutines, 88 MiB/94 MiB/171 MiB GO alloc/idle/total, 38 MiB/47 MiB CGO alloc/total, 49.8 CGO/sec, 0.0/0.0 %(u/s)time, 0.0 %gc (0x), 4.1 KiB/1.4 KiB (r/w)net
I230818 18:00:46.257383 144 storage/store.go:2364  [n1,s1] sstables (read amplification = 1):
6 [ 281K 1 ]: 281K
I230818 18:00:46.259440 144 storage/store.go:2365  [n1,s1] 
** Compaction Stats [default] **
Level    Files   Size     Score Read(GB)  Rn(GB) Rnp1(GB) Write(GB) Wnew(GB) Moved(GB) W-Amp Rd(MB/s) Wr(MB/s) Comp(sec) CompMergeCPU(sec) Comp(cnt) Avg(sec) KeyIn KeyDrop
----------------------------------------------------------------------------------------------------------------------------------------------------------------------------
  L0      0/0    0.00 KB   0.0      0.0     0.0      0.0       0.0      0.0       0.0   1.0      0.0      0.2      0.73              0.00         1    0.728       0      0
  L6      1/0   280.77 KB   0.0      0.0     0.0      0.0       0.0      0.0       0.0   0.7      4.1      2.8      0.10              0.09         1    0.097    9707   5425
 Sum      1/0   280.77 KB   0.0      0.0     0.0      0.0       0.0      0.0       0.0   2.7      0.5      0.5      0.82              0.09         2    0.412    9707   5425
 Int      0/0    0.00 KB   0.0      0.0     0.0      0.0       0.0      0.0       0.0   0.0      0.0      0.0      0.00              0.00         0    0.000       0      0

** Compaction Stats [default] **
Priority    Files   Size     Score Read(GB)  Rn(GB) Rnp1(GB) Write(GB) Wnew(GB) Moved(GB) W-Amp Rd(MB/s) Wr(MB/s) Comp(sec) CompMergeCPU(sec) Comp(cnt) Avg(sec) KeyIn KeyDrop
-------------------------------------------------------------------------------------------------------------------------------------------------------------------------------
 Low      0/0    0.00 KB   0.0      0.0     0.0      0.0       0.0      0.0       0.0   0.0      4.1      2.8      0.10              0.09         1    0.097    9707   5425
User      0/0    0.00 KB   0.0      0.0     0.0      0.0       0.0      0.0       0.0   0.0      0.0      0.2      0.73              0.00         1    0.728       0      0
Uptime(secs): 1221.5 total, 600.0 interval
Flush(GB): cumulative 0.000, interval 0.000
AddFile(GB): cumulative 0.000, interval 0.000
AddFile(Total Files): cumulative 0, interval 0
AddFile(L0 Files): cumulative 0, interval 0
AddFile(Keys): cumulative 0, interval 0
Cumulative compaction: 0.00 GB write, 0.00 MB/s write, 0.00 GB read, 0.00 MB/s read, 0.8 seconds
Interval compaction: 0.00 GB write, 0.00 MB/s write, 0.00 GB read, 0.00 MB/s read, 0.0 seconds
Stalls(count): 0 level0_slowdown, 0 level0_slowdown_with_compaction, 0 level0_numfiles, 0 level0_numfiles_with_compaction, 0 stop for pending_compaction_bytes, 0 slowdown for pending_compaction_bytes, 0 memtable_compaction, 0 memtable_slowdown, interval 0 total count
estimated_pending_compaction_bytes: 0 B
I230818 18:00:46.453210 91 server/status/runtime.go:498  [n1] runtime stats: 386 MiB RSS, 137 goroutines, 96 MiB/88 MiB/171 MiB GO alloc/idle/total, 38 MiB/47 MiB CGO alloc/total, 30.9 CGO/sec, 0.0/0.0 %(u/s)time, 0.0 %gc (0x), 3.1 KiB/1.1 KiB (r/w)net
I230818 18:00:56.451441 91 server/status/runtime.go:498  [n1] runtime stats: 386 MiB RSS, 137 goroutines, 107 MiB/77 MiB/171 MiB GO alloc/idle/total, 38 MiB/47 MiB CGO alloc/total, 25.1 CGO/sec, 0.0/0.0 %(u/s)time, 0.0 %gc (0x), 3.0 KiB/960 B (r/w)net
I230818 18:01:06.453632 91 server/status/runtime.go:498  [n1] runtime stats: 387 MiB RSS, 138 goroutines, 109 MiB/76 MiB/171 MiB GO alloc/idle/total, 38 MiB/47 MiB CGO alloc/total, 26.5 CGO/sec, 0.0/0.0 %(u/s)time, 0.0 %gc (0x), 4.0 KiB/1.3 KiB (r/w)net
I230818 18:01:16.454459 91 server/status/runtime.go:498  [n1] runtime stats: 387 MiB RSS, 138 goroutines, 116 MiB/69 MiB/171 MiB GO alloc/idle/total, 38 MiB/47 MiB CGO alloc/total, 24.7 CGO/sec, 0.0/0.0 %(u/s)time, 0.0 %gc (0x), 3.1 KiB/1.1 KiB (r/w)net
I230818 18:01:26.242248 145 gossip/gossip.go:566  [n1] gossip status (ok, 1 node)
gossip client (0/3 cur/max conns)
gossip server (0/3 cur/max conns, infos 0/0 sent/received, bytes 0B/0B sent/received)
I230818 18:01:26.454726 91 server/status/runtime.go:498  [n1] runtime stats: 387 MiB RSS, 138 goroutines, 124 MiB/62 MiB/171 MiB GO alloc/idle/total, 38 MiB/47 MiB CGO alloc/total, 24.6 CGO/sec, 0.0/0.0 %(u/s)time, 0.0 %gc (0x), 3.0 KiB/1.0 KiB (r/w)net
I230818 18:01:36.456941 91 server/status/runtime.go:498  [n1] runtime stats: 387 MiB RSS, 137 goroutines, 130 MiB/57 MiB/171 MiB GO alloc/idle/total, 38 MiB/47 MiB CGO alloc/total, 50.4 CGO/sec, 0.0/0.0 %(u/s)time, 0.0 %gc (0x), 4.1 KiB/1.4 KiB (r/w)net
I230818 18:01:40.204083 1 cli/start.go:865  received signal 'terminated'
I230818 18:01:40.204743 1 cli/start.go:930  initiating graceful shutdown of server
I230818 18:01:42.102958 15158 util/stop/stopper.go:542  [server drain process] quiescing; tasks left:
1      [async] intent_resolver_ir_batcher
1      [async] intent_resolver_gc_batcher
1      [async] closedts-rangefeed-subscriber
I230818 18:01:42.106671 15158 util/stop/stopper.go:542  [server drain process] quiescing; tasks left:
1      [async] closedts-rangefeed-subscriber
I230818 18:01:42.114020 15158 storage/engine/rocksdb.go:762  closing rocksdb instance at "/cockroach/cockroach-data/cockroach-temp904147516"
I230818 18:01:42.128628 15158 storage/engine/rocksdb.go:762  closing rocksdb instance at "/cockroach/cockroach-data"
I230818 18:01:42.132924 1 cli/start.go:976  server drained and shutdown completed
