I230823 16:57:37.658566 24 util/log/clog.go:1196  [config] file created at: 2023/08/23 16:57:37
I230823 16:57:37.658566 24 util/log/clog.go:1196  [config] running on machine: b0b93122cb55
I230823 16:57:37.658566 24 util/log/clog.go:1196  [config] binary: CockroachDB CCL v19.2.2 (x86_64-unknown-linux-gnu, built 2019/12/11 01:33:43, go1.12.12)
I230823 16:57:37.658566 24 util/log/clog.go:1196  [config] arguments: [/cockroach/cockroach start-single-node --insecure]
I230823 16:57:37.658566 24 util/log/clog.go:1196  line format: [IWEF]yymmdd hh:mm:ss.uuuuuu goid file:line msg utf8=✓
I230823 16:57:37.658561 24 storage/engine/rocksdb.go:120  RocksDB version: 6.2.1
I230823 16:57:37.662633 24 storage/engine/rocksdb.go:120  Git sha rocksdb_build_git_sha:@b7009236531fa784872f4823eabf393501e41bf2@
I230823 16:57:37.662688 24 storage/engine/rocksdb.go:120  Compile date Dec 11 2019
I230823 16:57:37.662866 24 storage/engine/rocksdb.go:120  DB SUMMARY
I230823 16:57:37.668105 24 storage/engine/rocksdb.go:120  SST files in /cockroach/cockroach-data/cockroach-temp946543116 dir, Total Num: 0, files: 
I230823 16:57:37.668248 24 storage/engine/rocksdb.go:120  Write Ahead Log file in /cockroach/cockroach-data/cockroach-temp946543116: 
I230823 16:57:37.668623 24 storage/engine/rocksdb.go:120                          Options.error_if_exists: 0
I230823 16:57:37.668671 24 storage/engine/rocksdb.go:120                        Options.create_if_missing: 1
I230823 16:57:37.668704 24 storage/engine/rocksdb.go:120                          Options.paranoid_checks: 1
I230823 16:57:37.668804 24 storage/engine/rocksdb.go:120                                      Options.env: 0x75591e0
I230823 16:57:37.668835 24 storage/engine/rocksdb.go:120                                 Options.info_log: 0x400aa0d160
I230823 16:57:37.668864 24 storage/engine/rocksdb.go:120                 Options.max_file_opening_threads: 16
I230823 16:57:37.668893 24 storage/engine/rocksdb.go:120                               Options.statistics: 0x400aa29010
I230823 16:57:37.668937 24 storage/engine/rocksdb.go:120                                Options.use_fsync: 0
I230823 16:57:37.668993 24 storage/engine/rocksdb.go:120                        Options.max_log_file_size: 0
I230823 16:57:37.669035 24 storage/engine/rocksdb.go:120                   Options.max_manifest_file_size: 134217728
I230823 16:57:37.669067 24 storage/engine/rocksdb.go:120                    Options.log_file_time_to_roll: 0
I230823 16:57:37.669096 24 storage/engine/rocksdb.go:120                        Options.keep_log_file_num: 1000
I230823 16:57:37.669130 24 storage/engine/rocksdb.go:120                     Options.recycle_log_file_num: 1
I230823 16:57:37.669169 24 storage/engine/rocksdb.go:120                          Options.allow_fallocate: 1
I230823 16:57:37.669199 24 storage/engine/rocksdb.go:120                         Options.allow_mmap_reads: 0
I230823 16:57:37.669228 24 storage/engine/rocksdb.go:120                        Options.allow_mmap_writes: 0
I230823 16:57:37.669256 24 storage/engine/rocksdb.go:120                         Options.use_direct_reads: 0
I230823 16:57:37.669331 24 storage/engine/rocksdb.go:120                         Options.use_direct_io_for_flush_and_compaction: 0
I230823 16:57:37.669370 24 storage/engine/rocksdb.go:120           Options.create_missing_column_families: 0
I230823 16:57:37.669402 24 storage/engine/rocksdb.go:120                               Options.db_log_dir: 
I230823 16:57:37.669450 24 storage/engine/rocksdb.go:120                                  Options.wal_dir: /cockroach/cockroach-data/cockroach-temp946543116
I230823 16:57:37.669488 24 storage/engine/rocksdb.go:120                 Options.table_cache_numshardbits: 6
I230823 16:57:37.669517 24 storage/engine/rocksdb.go:120                       Options.max_subcompactions: 1
I230823 16:57:37.669571 24 storage/engine/rocksdb.go:120                   Options.max_background_flushes: -1
I230823 16:57:37.669601 24 storage/engine/rocksdb.go:120                          Options.WAL_ttl_seconds: 0
I230823 16:57:37.669630 24 storage/engine/rocksdb.go:120                        Options.WAL_size_limit_MB: 0
I230823 16:57:37.669659 24 storage/engine/rocksdb.go:120              Options.manifest_preallocation_size: 4194304
I230823 16:57:37.669690 24 storage/engine/rocksdb.go:120                      Options.is_fd_close_on_exec: 1
I230823 16:57:37.669719 24 storage/engine/rocksdb.go:120                    Options.advise_random_on_open: 1
I230823 16:57:37.669747 24 storage/engine/rocksdb.go:120                     Options.db_write_buffer_size: 0
I230823 16:57:37.669775 24 storage/engine/rocksdb.go:120                     Options.write_buffer_manager: 0x400aa91030
I230823 16:57:37.669811 24 storage/engine/rocksdb.go:120          Options.access_hint_on_compaction_start: 1
I230823 16:57:37.669842 24 storage/engine/rocksdb.go:120   Options.new_table_reader_for_compaction_inputs: 0
I230823 16:57:37.669870 24 storage/engine/rocksdb.go:120            Options.random_access_max_buffer_size: 1048576
I230823 16:57:37.669898 24 storage/engine/rocksdb.go:120                       Options.use_adaptive_mutex: 0
I230823 16:57:37.669974 24 storage/engine/rocksdb.go:120                             Options.rate_limiter: (nil)
I230823 16:57:37.670041 24 storage/engine/rocksdb.go:120      Options.sst_file_manager.rate_bytes_per_sec: 0
I230823 16:57:37.670073 24 storage/engine/rocksdb.go:120                        Options.wal_recovery_mode: 0
I230823 16:57:37.670102 24 storage/engine/rocksdb.go:120                   Options.enable_thread_tracking: 0
I230823 16:57:37.670130 24 storage/engine/rocksdb.go:120                   Options.enable_pipelined_write: 0
I230823 16:57:37.670158 24 storage/engine/rocksdb.go:120          Options.allow_concurrent_memtable_write: 1
I230823 16:57:37.670185 24 storage/engine/rocksdb.go:120       Options.enable_write_thread_adaptive_yield: 1
I230823 16:57:37.670214 24 storage/engine/rocksdb.go:120              Options.write_thread_max_yield_usec: 100
I230823 16:57:37.670242 24 storage/engine/rocksdb.go:120             Options.write_thread_slow_yield_usec: 3
I230823 16:57:37.670284 24 storage/engine/rocksdb.go:120                                Options.row_cache: None
I230823 16:57:37.670325 24 storage/engine/rocksdb.go:120                               Options.wal_filter: None
I230823 16:57:37.670358 24 storage/engine/rocksdb.go:120              Options.avoid_flush_during_recovery: 0
I230823 16:57:37.670388 24 storage/engine/rocksdb.go:120              Options.allow_ingest_behind: 0
I230823 16:57:37.670427 24 storage/engine/rocksdb.go:120              Options.preserve_deletes: 0
I230823 16:57:37.670456 24 storage/engine/rocksdb.go:120              Options.two_write_queues: 0
I230823 16:57:37.670484 24 storage/engine/rocksdb.go:120              Options.manual_wal_flush: 1
I230823 16:57:37.670511 24 storage/engine/rocksdb.go:120              Options.atomic_flush: 0
I230823 16:57:37.670568 24 storage/engine/rocksdb.go:120              Options.avoid_unnecessary_blocking_io: 0
I230823 16:57:37.670604 24 storage/engine/rocksdb.go:120              Options.max_background_jobs: 4
I230823 16:57:37.670632 24 storage/engine/rocksdb.go:120              Options.max_background_compactions: -1
I230823 16:57:37.670660 24 storage/engine/rocksdb.go:120              Options.avoid_flush_during_shutdown: 0
I230823 16:57:37.670688 24 storage/engine/rocksdb.go:120            Options.writable_file_max_buffer_size: 1048576
I230823 16:57:37.670716 24 storage/engine/rocksdb.go:120              Options.delayed_write_rate : 16777216
I230823 16:57:37.670745 24 storage/engine/rocksdb.go:120              Options.max_total_wal_size: 0
I230823 16:57:37.670776 24 storage/engine/rocksdb.go:120              Options.delete_obsolete_files_period_micros: 21600000000
I230823 16:57:37.670804 24 storage/engine/rocksdb.go:120                    Options.stats_dump_period_sec: 0
I230823 16:57:37.670845 24 storage/engine/rocksdb.go:120                  Options.stats_persist_period_sec: 600
I230823 16:57:37.670875 24 storage/engine/rocksdb.go:120                  Options.stats_history_buffer_size: 1048576
I230823 16:57:37.670926 24 storage/engine/rocksdb.go:120                           Options.max_open_files: 128
I230823 16:57:37.670956 24 storage/engine/rocksdb.go:120                           Options.bytes_per_sync: 524288
I230823 16:57:37.670987 24 storage/engine/rocksdb.go:120                       Options.wal_bytes_per_sync: 0
I230823 16:57:37.671015 24 storage/engine/rocksdb.go:120                    Options.strict_bytes_per_sync: 1
I230823 16:57:37.671082 24 storage/engine/rocksdb.go:120        Options.compaction_readahead_size: 0
I230823 16:57:37.671113 24 storage/engine/rocksdb.go:120  Compression algorithms supported:
I230823 16:57:37.671159 24 storage/engine/rocksdb.go:120  	kZSTDNotFinalCompression supported: 0
I230823 16:57:37.671208 24 storage/engine/rocksdb.go:120  	kZSTD supported: 0
I230823 16:57:37.671234 24 storage/engine/rocksdb.go:120  	kXpressCompression supported: 0
I230823 16:57:37.671259 24 storage/engine/rocksdb.go:120  	kLZ4HCCompression supported: 0
I230823 16:57:37.671283 24 storage/engine/rocksdb.go:120  	kLZ4Compression supported: 0
I230823 16:57:37.671307 24 storage/engine/rocksdb.go:120  	kBZip2Compression supported: 0
I230823 16:57:37.671331 24 storage/engine/rocksdb.go:120  	kZlibCompression supported: 0
I230823 16:57:37.671367 24 storage/engine/rocksdb.go:120  	kSnappyCompression supported: 1
I230823 16:57:37.671581 24 storage/engine/rocksdb.go:120  Fast CRC32 supported: Supported on x86
I230823 16:57:37.672960 24 storage/engine/rocksdb.go:120  [db/db_impl_open.cc:242] Creating manifest 1 
I230823 16:57:37.680289 24 storage/engine/rocksdb.go:120  [db/version_set.cc:4072] Recovering from manifest file: /cockroach/cockroach-data/cockroach-temp946543116/MANIFEST-000001
I230823 16:57:37.682166 24 storage/engine/rocksdb.go:120  [db/column_family.cc:488] --------------- Options for column family [default]:
I230823 16:57:37.682222 24 storage/engine/rocksdb.go:120                Options.comparator: cockroach_comparator
I230823 16:57:37.682266 24 storage/engine/rocksdb.go:120            Options.merge_operator: cockroach_merge_operator
I230823 16:57:37.682299 24 storage/engine/rocksdb.go:120         Options.compaction_filter: None
I230823 16:57:37.682333 24 storage/engine/rocksdb.go:120         Options.compaction_filter_factory: None
I230823 16:57:37.682365 24 storage/engine/rocksdb.go:120          Options.memtable_factory: SkipListFactory
I230823 16:57:37.682397 24 storage/engine/rocksdb.go:120             Options.table_factory: BlockBasedTable
I230823 16:57:37.687521 24 storage/engine/rocksdb.go:120             table_factory options:   flush_block_policy_factory: FlushBlockBySizePolicyFactory (0x400aa22030)
  cache_index_and_filter_blocks: 0
  cache_index_and_filter_blocks_with_high_priority: 0
  pin_l0_filter_and_index_blocks_in_cache: 0
  pin_top_level_index_and_filter: 1
  index_type: 0
  data_block_index_type: 0
  index_shortening: 1
  data_block_hash_table_util_ratio: 0.750000
  hash_index_allow_collision: 1
  checksum: 1
  no_block_cache: 0
  block_cache: 0x400aa14010
  block_cache_name: LRUCache
  block_cache_options:
    capacity : 1048576
    num_shard_bits : 4
    strict_capacity_limit : 0
    memory_allocator : None
    high_pri_pool_ratio: 0.000
  block_cache_compressed: (nil)
  persistent_cache: (nil)
  block_size: 32768
  block_size_deviation: 10
  block_restart_interval: 16
  index_block_restart_interval: 1
  metadata_block_size: 4096
  partition_filters: 0
  use_delta_encoding: 1
  filter_policy: rocksdb.BuiltinBloomFilter
  whole_key_filtering: 0
  verify_compression: 0
  read_amp_bytes_per_bit: 0
  format_version: 2
  enable_index_compression: 1
  block_align: 0
I230823 16:57:37.687608 24 storage/engine/rocksdb.go:120         Options.write_buffer_size: 67108864
I230823 16:57:37.687656 24 storage/engine/rocksdb.go:120   Options.max_write_buffer_number: 4
I230823 16:57:37.687730 24 storage/engine/rocksdb.go:120           Options.compression: Snappy
I230823 16:57:37.687770 24 storage/engine/rocksdb.go:120                   Options.bottommost_compression: Disabled
I230823 16:57:37.687828 24 storage/engine/rocksdb.go:120        Options.prefix_extractor: cockroach_prefix_extractor
I230823 16:57:37.687862 24 storage/engine/rocksdb.go:120    Options.memtable_insert_with_hint_prefix_extractor: nullptr
I230823 16:57:37.687892 24 storage/engine/rocksdb.go:120              Options.num_levels: 7
I230823 16:57:37.687930 24 storage/engine/rocksdb.go:120         Options.min_write_buffer_number_to_merge: 1
I230823 16:57:37.687959 24 storage/engine/rocksdb.go:120      Options.max_write_buffer_number_to_maintain: 0
I230823 16:57:37.687990 24 storage/engine/rocksdb.go:120             Options.bottommost_compression_opts.window_bits: -14
I230823 16:57:37.688029 24 storage/engine/rocksdb.go:120                   Options.bottommost_compression_opts.level: 32767
I230823 16:57:37.688058 24 storage/engine/rocksdb.go:120                Options.bottommost_compression_opts.strategy: 0
I230823 16:57:37.688087 24 storage/engine/rocksdb.go:120          Options.bottommost_compression_opts.max_dict_bytes: 0
I230823 16:57:37.688116 24 storage/engine/rocksdb.go:120          Options.bottommost_compression_opts.zstd_max_train_bytes: 0
I230823 16:57:37.688147 24 storage/engine/rocksdb.go:120                   Options.bottommost_compression_opts.enabled: false
I230823 16:57:37.688175 24 storage/engine/rocksdb.go:120             Options.compression_opts.window_bits: -14
I230823 16:57:37.688203 24 storage/engine/rocksdb.go:120                   Options.compression_opts.level: 32767
I230823 16:57:37.688232 24 storage/engine/rocksdb.go:120                Options.compression_opts.strategy: 0
I230823 16:57:37.688262 24 storage/engine/rocksdb.go:120          Options.compression_opts.max_dict_bytes: 0
I230823 16:57:37.688291 24 storage/engine/rocksdb.go:120          Options.compression_opts.zstd_max_train_bytes: 0
I230823 16:57:37.688320 24 storage/engine/rocksdb.go:120                   Options.compression_opts.enabled: false
I230823 16:57:37.688349 24 storage/engine/rocksdb.go:120       Options.level0_file_num_compaction_trigger: 2
I230823 16:57:37.688377 24 storage/engine/rocksdb.go:120           Options.level0_slowdown_writes_trigger: 950
I230823 16:57:37.688417 24 storage/engine/rocksdb.go:120               Options.level0_stop_writes_trigger: 1000
I230823 16:57:37.688449 24 storage/engine/rocksdb.go:120                    Options.target_file_size_base: 4194304
I230823 16:57:37.688477 24 storage/engine/rocksdb.go:120              Options.target_file_size_multiplier: 2
I230823 16:57:37.688505 24 storage/engine/rocksdb.go:120                 Options.max_bytes_for_level_base: 67108864
I230823 16:57:37.688533 24 storage/engine/rocksdb.go:120  Options.level_compaction_dynamic_level_bytes: 1
I230823 16:57:37.688812 24 storage/engine/rocksdb.go:120           Options.max_bytes_for_level_multiplier: 10.000000
I230823 16:57:37.688850 24 storage/engine/rocksdb.go:120  Options.max_bytes_for_level_multiplier_addtl[0]: 1
I230823 16:57:37.688885 24 storage/engine/rocksdb.go:120  Options.max_bytes_for_level_multiplier_addtl[1]: 1
I230823 16:57:37.688911 24 storage/engine/rocksdb.go:120  Options.max_bytes_for_level_multiplier_addtl[2]: 1
I230823 16:57:37.688936 24 storage/engine/rocksdb.go:120  Options.max_bytes_for_level_multiplier_addtl[3]: 1
I230823 16:57:37.688964 24 storage/engine/rocksdb.go:120  Options.max_bytes_for_level_multiplier_addtl[4]: 1
I230823 16:57:37.688988 24 storage/engine/rocksdb.go:120  Options.max_bytes_for_level_multiplier_addtl[5]: 1
I230823 16:57:37.689013 24 storage/engine/rocksdb.go:120  Options.max_bytes_for_level_multiplier_addtl[6]: 1
I230823 16:57:37.689042 24 storage/engine/rocksdb.go:120        Options.max_sequential_skip_in_iterations: 8
I230823 16:57:37.689071 24 storage/engine/rocksdb.go:120                     Options.max_compaction_bytes: 104857600
I230823 16:57:37.689099 24 storage/engine/rocksdb.go:120                         Options.arena_block_size: 8388608
I230823 16:57:37.689127 24 storage/engine/rocksdb.go:120    Options.soft_pending_compaction_bytes_limit: 2199023255552
I230823 16:57:37.689156 24 storage/engine/rocksdb.go:120    Options.hard_pending_compaction_bytes_limit: 4400193994752
I230823 16:57:37.689184 24 storage/engine/rocksdb.go:120        Options.rate_limit_delay_max_milliseconds: 100
I230823 16:57:37.689212 24 storage/engine/rocksdb.go:120                 Options.disable_auto_compactions: 0
I230823 16:57:37.689273 24 storage/engine/rocksdb.go:120                         Options.compaction_style: kCompactionStyleLevel
I230823 16:57:37.689330 24 storage/engine/rocksdb.go:120                           Options.compaction_pri: kMinOverlappingRatio
I230823 16:57:37.689359 24 storage/engine/rocksdb.go:120  Options.compaction_options_universal.size_ratio: 1
I230823 16:57:37.689390 24 storage/engine/rocksdb.go:120  Options.compaction_options_universal.min_merge_width: 2
I230823 16:57:37.689436 24 storage/engine/rocksdb.go:120  Options.compaction_options_universal.max_merge_width: 4294967295
I230823 16:57:37.689465 24 storage/engine/rocksdb.go:120  Options.compaction_options_universal.max_size_amplification_percent: 200
I230823 16:57:37.689493 24 storage/engine/rocksdb.go:120  Options.compaction_options_universal.compression_size_percent: -1
I230823 16:57:37.689560 24 storage/engine/rocksdb.go:120  Options.compaction_options_universal.stop_style: kCompactionStopStyleTotalSize
I230823 16:57:37.689590 24 storage/engine/rocksdb.go:120  Options.compaction_options_fifo.max_table_files_size: 1073741824
I230823 16:57:37.689619 24 storage/engine/rocksdb.go:120  Options.compaction_options_fifo.allow_compaction: 0
I230823 16:57:37.689708 24 storage/engine/rocksdb.go:120                    Options.table_properties_collectors: TimeBoundTblPropCollectorFactory; DeleteRangeTblPropCollectorFactory; 
I230823 16:57:37.689743 24 storage/engine/rocksdb.go:120                    Options.inplace_update_support: 0
I230823 16:57:37.689771 24 storage/engine/rocksdb.go:120                  Options.inplace_update_num_locks: 10000
I230823 16:57:37.689805 24 storage/engine/rocksdb.go:120                Options.memtable_prefix_bloom_size_ratio: 0.000000
I230823 16:57:37.689834 24 storage/engine/rocksdb.go:120                Options.memtable_whole_key_filtering: 0
I230823 16:57:37.689864 24 storage/engine/rocksdb.go:120    Options.memtable_huge_page_size: 0
I230823 16:57:37.689892 24 storage/engine/rocksdb.go:120                            Options.bloom_locality: 0
I230823 16:57:37.689922 24 storage/engine/rocksdb.go:120                     Options.max_successive_merges: 0
I230823 16:57:37.689959 24 storage/engine/rocksdb.go:120                 Options.optimize_filters_for_hits: 1
I230823 16:57:37.689992 24 storage/engine/rocksdb.go:120                 Options.paranoid_file_checks: 0
I230823 16:57:37.690021 24 storage/engine/rocksdb.go:120                 Options.force_consistency_checks: 0
I230823 16:57:37.690048 24 storage/engine/rocksdb.go:120                 Options.report_bg_io_stats: 0
I230823 16:57:37.690076 24 storage/engine/rocksdb.go:120                                Options.ttl: 0
I230823 16:57:37.690104 24 storage/engine/rocksdb.go:120           Options.periodic_compaction_seconds: 0
I230823 16:57:37.697987 24 storage/engine/rocksdb.go:120  [db/version_set.cc:4286] Recovered from manifest file:/cockroach/cockroach-data/cockroach-temp946543116/MANIFEST-000001 succeeded,manifest_file_number is 1, next_file_number is 3, last_sequence is 0, log_number is 0,prev_log_number is 0,max_column_family is 0,min_log_number_to_keep is 0
I230823 16:57:37.698042 24 storage/engine/rocksdb.go:120  [db/version_set.cc:4295] Column family [default] (ID 0), log number is 0
I230823 16:57:37.725989 24 storage/engine/rocksdb.go:120  DB pointer 0x400aa99000
I230823 16:57:37.814701 24 storage/engine/rocksdb.go:120  RocksDB version: 6.2.1
I230823 16:57:37.814750 24 storage/engine/rocksdb.go:120  Git sha rocksdb_build_git_sha:@b7009236531fa784872f4823eabf393501e41bf2@
I230823 16:57:37.814778 24 storage/engine/rocksdb.go:120  Compile date Dec 11 2019
I230823 16:57:37.814803 24 storage/engine/rocksdb.go:120  DB SUMMARY
I230823 16:57:37.815904 24 storage/engine/rocksdb.go:120  CURRENT file:  CURRENT
I230823 16:57:37.815947 24 storage/engine/rocksdb.go:120  IDENTITY file:  IDENTITY
I230823 16:57:37.816127 24 storage/engine/rocksdb.go:120  MANIFEST file:  MANIFEST-000046 size: 4470 Bytes
I230823 16:57:37.816175 24 storage/engine/rocksdb.go:120  SST files in /cockroach/cockroach-data dir, Total Num: 4, files: 000112.sst 000117.sst 000118.sst 000119.sst 
I230823 16:57:37.816204 24 storage/engine/rocksdb.go:120  Write Ahead Log file in /cockroach/cockroach-data: 000113.log size: 59745818 ; 000115.log size: 54171870 ; 
I230823 16:57:37.816240 24 storage/engine/rocksdb.go:120                          Options.error_if_exists: 0
I230823 16:57:37.816267 24 storage/engine/rocksdb.go:120                        Options.create_if_missing: 1
I230823 16:57:37.816291 24 storage/engine/rocksdb.go:120                          Options.paranoid_checks: 1
I230823 16:57:37.816316 24 storage/engine/rocksdb.go:120                                      Options.env: 0x75591e0
I230823 16:57:37.816339 24 storage/engine/rocksdb.go:120                                 Options.info_log: 0x4002287ee0
I230823 16:57:37.816363 24 storage/engine/rocksdb.go:120                 Options.max_file_opening_threads: 16
I230823 16:57:37.816386 24 storage/engine/rocksdb.go:120                               Options.statistics: 0x400221d8d0
I230823 16:57:37.816418 24 storage/engine/rocksdb.go:120                                Options.use_fsync: 0
I230823 16:57:37.816444 24 storage/engine/rocksdb.go:120                        Options.max_log_file_size: 0
I230823 16:57:37.816467 24 storage/engine/rocksdb.go:120                   Options.max_manifest_file_size: 134217728
I230823 16:57:37.816490 24 storage/engine/rocksdb.go:120                    Options.log_file_time_to_roll: 0
I230823 16:57:37.816513 24 storage/engine/rocksdb.go:120                        Options.keep_log_file_num: 1000
I230823 16:57:37.816535 24 storage/engine/rocksdb.go:120                     Options.recycle_log_file_num: 1
I230823 16:57:37.816557 24 storage/engine/rocksdb.go:120                          Options.allow_fallocate: 1
I230823 16:57:37.816579 24 storage/engine/rocksdb.go:120                         Options.allow_mmap_reads: 0
I230823 16:57:37.816602 24 storage/engine/rocksdb.go:120                        Options.allow_mmap_writes: 0
I230823 16:57:37.816624 24 storage/engine/rocksdb.go:120                         Options.use_direct_reads: 0
I230823 16:57:37.816646 24 storage/engine/rocksdb.go:120                         Options.use_direct_io_for_flush_and_compaction: 0
I230823 16:57:37.816669 24 storage/engine/rocksdb.go:120           Options.create_missing_column_families: 0
I230823 16:57:37.816692 24 storage/engine/rocksdb.go:120                               Options.db_log_dir: 
I230823 16:57:37.816714 24 storage/engine/rocksdb.go:120                                  Options.wal_dir: /cockroach/cockroach-data
I230823 16:57:37.816737 24 storage/engine/rocksdb.go:120                 Options.table_cache_numshardbits: 6
I230823 16:57:37.816759 24 storage/engine/rocksdb.go:120                       Options.max_subcompactions: 1
I230823 16:57:37.816782 24 storage/engine/rocksdb.go:120                   Options.max_background_flushes: -1
I230823 16:57:37.816804 24 storage/engine/rocksdb.go:120                          Options.WAL_ttl_seconds: 0
I230823 16:57:37.816826 24 storage/engine/rocksdb.go:120                        Options.WAL_size_limit_MB: 0
I230823 16:57:37.816849 24 storage/engine/rocksdb.go:120              Options.manifest_preallocation_size: 4194304
I230823 16:57:37.816871 24 storage/engine/rocksdb.go:120                      Options.is_fd_close_on_exec: 1
I230823 16:57:37.816893 24 storage/engine/rocksdb.go:120                    Options.advise_random_on_open: 1
I230823 16:57:37.816915 24 storage/engine/rocksdb.go:120                     Options.db_write_buffer_size: 0
I230823 16:57:37.816937 24 storage/engine/rocksdb.go:120                     Options.write_buffer_manager: 0x4002260cb0
I230823 16:57:37.816960 24 storage/engine/rocksdb.go:120          Options.access_hint_on_compaction_start: 1
I230823 16:57:37.816982 24 storage/engine/rocksdb.go:120   Options.new_table_reader_for_compaction_inputs: 0
I230823 16:57:37.817005 24 storage/engine/rocksdb.go:120            Options.random_access_max_buffer_size: 1048576
I230823 16:57:37.817028 24 storage/engine/rocksdb.go:120                       Options.use_adaptive_mutex: 0
I230823 16:57:37.817054 24 storage/engine/rocksdb.go:120                             Options.rate_limiter: (nil)
I230823 16:57:37.817079 24 storage/engine/rocksdb.go:120      Options.sst_file_manager.rate_bytes_per_sec: 0
I230823 16:57:37.817104 24 storage/engine/rocksdb.go:120                        Options.wal_recovery_mode: 0
I230823 16:57:37.817127 24 storage/engine/rocksdb.go:120                   Options.enable_thread_tracking: 0
I230823 16:57:37.817150 24 storage/engine/rocksdb.go:120                   Options.enable_pipelined_write: 0
I230823 16:57:37.817173 24 storage/engine/rocksdb.go:120          Options.allow_concurrent_memtable_write: 1
I230823 16:57:37.817196 24 storage/engine/rocksdb.go:120       Options.enable_write_thread_adaptive_yield: 1
I230823 16:57:37.817219 24 storage/engine/rocksdb.go:120              Options.write_thread_max_yield_usec: 100
I230823 16:57:37.817242 24 storage/engine/rocksdb.go:120             Options.write_thread_slow_yield_usec: 3
I230823 16:57:37.817265 24 storage/engine/rocksdb.go:120                                Options.row_cache: None
I230823 16:57:37.817288 24 storage/engine/rocksdb.go:120                               Options.wal_filter: None
I230823 16:57:37.817312 24 storage/engine/rocksdb.go:120              Options.avoid_flush_during_recovery: 0
I230823 16:57:37.817335 24 storage/engine/rocksdb.go:120              Options.allow_ingest_behind: 0
I230823 16:57:37.817358 24 storage/engine/rocksdb.go:120              Options.preserve_deletes: 0
I230823 16:57:37.817382 24 storage/engine/rocksdb.go:120              Options.two_write_queues: 0
I230823 16:57:37.817414 24 storage/engine/rocksdb.go:120              Options.manual_wal_flush: 1
I230823 16:57:37.817439 24 storage/engine/rocksdb.go:120              Options.atomic_flush: 0
I230823 16:57:37.817463 24 storage/engine/rocksdb.go:120              Options.avoid_unnecessary_blocking_io: 0
I230823 16:57:37.817487 24 storage/engine/rocksdb.go:120              Options.max_background_jobs: 4
I230823 16:57:37.817511 24 storage/engine/rocksdb.go:120              Options.max_background_compactions: -1
I230823 16:57:37.817534 24 storage/engine/rocksdb.go:120              Options.avoid_flush_during_shutdown: 0
I230823 16:57:37.817559 24 storage/engine/rocksdb.go:120            Options.writable_file_max_buffer_size: 1048576
I230823 16:57:37.817583 24 storage/engine/rocksdb.go:120              Options.delayed_write_rate : 16777216
I230823 16:57:37.817607 24 storage/engine/rocksdb.go:120              Options.max_total_wal_size: 0
I230823 16:57:37.817631 24 storage/engine/rocksdb.go:120              Options.delete_obsolete_files_period_micros: 21600000000
I230823 16:57:37.817654 24 storage/engine/rocksdb.go:120                    Options.stats_dump_period_sec: 0
I230823 16:57:37.817678 24 storage/engine/rocksdb.go:120                  Options.stats_persist_period_sec: 600
I230823 16:57:37.817702 24 storage/engine/rocksdb.go:120                  Options.stats_history_buffer_size: 1048576
I230823 16:57:37.817725 24 storage/engine/rocksdb.go:120                           Options.max_open_files: 1043576
I230823 16:57:37.817749 24 storage/engine/rocksdb.go:120                           Options.bytes_per_sync: 524288
I230823 16:57:37.817772 24 storage/engine/rocksdb.go:120                       Options.wal_bytes_per_sync: 0
I230823 16:57:37.817796 24 storage/engine/rocksdb.go:120                    Options.strict_bytes_per_sync: 1
I230823 16:57:37.817820 24 storage/engine/rocksdb.go:120        Options.compaction_readahead_size: 0
I230823 16:57:37.817843 24 storage/engine/rocksdb.go:120  Compression algorithms supported:
I230823 16:57:37.817866 24 storage/engine/rocksdb.go:120  	kZSTDNotFinalCompression supported: 0
I230823 16:57:37.817889 24 storage/engine/rocksdb.go:120  	kZSTD supported: 0
I230823 16:57:37.817911 24 storage/engine/rocksdb.go:120  	kXpressCompression supported: 0
I230823 16:57:37.817933 24 storage/engine/rocksdb.go:120  	kLZ4HCCompression supported: 0
I230823 16:57:37.817955 24 storage/engine/rocksdb.go:120  	kLZ4Compression supported: 0
I230823 16:57:37.817986 24 storage/engine/rocksdb.go:120  	kBZip2Compression supported: 0
I230823 16:57:37.818008 24 storage/engine/rocksdb.go:120  	kZlibCompression supported: 0
I230823 16:57:37.818033 24 storage/engine/rocksdb.go:120  	kSnappyCompression supported: 1
I230823 16:57:37.818067 24 storage/engine/rocksdb.go:120  Fast CRC32 supported: Supported on x86
I230823 16:57:37.819050 24 storage/engine/rocksdb.go:120  [db/version_set.cc:4072] Recovering from manifest file: /cockroach/cockroach-data/MANIFEST-000046
I230823 16:57:37.819224 24 storage/engine/rocksdb.go:120  [db/column_family.cc:488] --------------- Options for column family [default]:
I230823 16:57:37.819259 24 storage/engine/rocksdb.go:120                Options.comparator: cockroach_comparator
I230823 16:57:37.819286 24 storage/engine/rocksdb.go:120            Options.merge_operator: cockroach_merge_operator
I230823 16:57:37.819310 24 storage/engine/rocksdb.go:120         Options.compaction_filter: None
I230823 16:57:37.819335 24 storage/engine/rocksdb.go:120         Options.compaction_filter_factory: None
I230823 16:57:37.819358 24 storage/engine/rocksdb.go:120          Options.memtable_factory: SkipListFactory
I230823 16:57:37.819382 24 storage/engine/rocksdb.go:120             Options.table_factory: BlockBasedTable
I230823 16:57:37.819636 24 storage/engine/rocksdb.go:120             table_factory options:   flush_block_policy_factory: FlushBlockBySizePolicyFactory (0x4002224038)
  cache_index_and_filter_blocks: 0
  cache_index_and_filter_blocks_with_high_priority: 0
  pin_l0_filter_and_index_blocks_in_cache: 0
  pin_top_level_index_and_filter: 1
  index_type: 0
  data_block_index_type: 0
  index_shortening: 1
  data_block_hash_table_util_ratio: 0.750000
  hash_index_allow_collision: 1
  checksum: 1
  no_block_cache: 0
  block_cache: 0x400224b210
  block_cache_name: LRUCache
  block_cache_options:
    capacity : 67108864
    num_shard_bits : 4
    strict_capacity_limit : 0
    memory_allocator : None
    high_pri_pool_ratio: 0.000
  block_cache_compressed: (nil)
  persistent_cache: (nil)
  block_size: 32768
  block_size_deviation: 10
  block_restart_interval: 16
  index_block_restart_interval: 1
  metadata_block_size: 4096
  partition_filters: 0
  use_delta_encoding: 1
  filter_policy: rocksdb.BuiltinBloomFilter
  whole_key_filtering: 0
  verify_compression: 0
  read_amp_bytes_per_bit: 0
  format_version: 2
  enable_index_compression: 1
  block_align: 0
I230823 16:57:37.819668 24 storage/engine/rocksdb.go:120         Options.write_buffer_size: 67108864
I230823 16:57:37.819697 24 storage/engine/rocksdb.go:120   Options.max_write_buffer_number: 4
I230823 16:57:37.819721 24 storage/engine/rocksdb.go:120           Options.compression: Snappy
I230823 16:57:37.819744 24 storage/engine/rocksdb.go:120                   Options.bottommost_compression: Disabled
I230823 16:57:37.819767 24 storage/engine/rocksdb.go:120        Options.prefix_extractor: cockroach_prefix_extractor
I230823 16:57:37.819790 24 storage/engine/rocksdb.go:120    Options.memtable_insert_with_hint_prefix_extractor: nullptr
I230823 16:57:37.819812 24 storage/engine/rocksdb.go:120              Options.num_levels: 7
I230823 16:57:37.819834 24 storage/engine/rocksdb.go:120         Options.min_write_buffer_number_to_merge: 1
I230823 16:57:37.819857 24 storage/engine/rocksdb.go:120      Options.max_write_buffer_number_to_maintain: 0
I230823 16:57:37.819880 24 storage/engine/rocksdb.go:120             Options.bottommost_compression_opts.window_bits: -14
I230823 16:57:37.819904 24 storage/engine/rocksdb.go:120                   Options.bottommost_compression_opts.level: 32767
I230823 16:57:37.819926 24 storage/engine/rocksdb.go:120                Options.bottommost_compression_opts.strategy: 0
I230823 16:57:37.819949 24 storage/engine/rocksdb.go:120          Options.bottommost_compression_opts.max_dict_bytes: 0
I230823 16:57:37.819972 24 storage/engine/rocksdb.go:120          Options.bottommost_compression_opts.zstd_max_train_bytes: 0
I230823 16:57:37.819994 24 storage/engine/rocksdb.go:120                   Options.bottommost_compression_opts.enabled: false
I230823 16:57:37.820016 24 storage/engine/rocksdb.go:120             Options.compression_opts.window_bits: -14
I230823 16:57:37.820041 24 storage/engine/rocksdb.go:120                   Options.compression_opts.level: 32767
I230823 16:57:37.820064 24 storage/engine/rocksdb.go:120                Options.compression_opts.strategy: 0
I230823 16:57:37.820086 24 storage/engine/rocksdb.go:120          Options.compression_opts.max_dict_bytes: 0
I230823 16:57:37.820108 24 storage/engine/rocksdb.go:120          Options.compression_opts.zstd_max_train_bytes: 0
I230823 16:57:37.820131 24 storage/engine/rocksdb.go:120                   Options.compression_opts.enabled: false
I230823 16:57:37.820153 24 storage/engine/rocksdb.go:120       Options.level0_file_num_compaction_trigger: 2
I230823 16:57:37.820175 24 storage/engine/rocksdb.go:120           Options.level0_slowdown_writes_trigger: 950
I230823 16:57:37.820198 24 storage/engine/rocksdb.go:120               Options.level0_stop_writes_trigger: 1000
I230823 16:57:37.820220 24 storage/engine/rocksdb.go:120                    Options.target_file_size_base: 4194304
I230823 16:57:37.820242 24 storage/engine/rocksdb.go:120              Options.target_file_size_multiplier: 2
I230823 16:57:37.820265 24 storage/engine/rocksdb.go:120                 Options.max_bytes_for_level_base: 67108864
I230823 16:57:37.820287 24 storage/engine/rocksdb.go:120  Options.level_compaction_dynamic_level_bytes: 1
I230823 16:57:37.820317 24 storage/engine/rocksdb.go:120           Options.max_bytes_for_level_multiplier: 10.000000
I230823 16:57:37.820340 24 storage/engine/rocksdb.go:120  Options.max_bytes_for_level_multiplier_addtl[0]: 1
I230823 16:57:37.820363 24 storage/engine/rocksdb.go:120  Options.max_bytes_for_level_multiplier_addtl[1]: 1
I230823 16:57:37.820385 24 storage/engine/rocksdb.go:120  Options.max_bytes_for_level_multiplier_addtl[2]: 1
I230823 16:57:37.820418 24 storage/engine/rocksdb.go:120  Options.max_bytes_for_level_multiplier_addtl[3]: 1
I230823 16:57:37.820442 24 storage/engine/rocksdb.go:120  Options.max_bytes_for_level_multiplier_addtl[4]: 1
I230823 16:57:37.820464 24 storage/engine/rocksdb.go:120  Options.max_bytes_for_level_multiplier_addtl[5]: 1
I230823 16:57:37.820487 24 storage/engine/rocksdb.go:120  Options.max_bytes_for_level_multiplier_addtl[6]: 1
I230823 16:57:37.820509 24 storage/engine/rocksdb.go:120        Options.max_sequential_skip_in_iterations: 8
I230823 16:57:37.820531 24 storage/engine/rocksdb.go:120                     Options.max_compaction_bytes: 104857600
I230823 16:57:37.820554 24 storage/engine/rocksdb.go:120                         Options.arena_block_size: 8388608
I230823 16:57:37.820576 24 storage/engine/rocksdb.go:120    Options.soft_pending_compaction_bytes_limit: 2199023255552
I230823 16:57:37.820599 24 storage/engine/rocksdb.go:120    Options.hard_pending_compaction_bytes_limit: 4400193994752
I230823 16:57:37.820622 24 storage/engine/rocksdb.go:120        Options.rate_limit_delay_max_milliseconds: 100
I230823 16:57:37.820644 24 storage/engine/rocksdb.go:120                 Options.disable_auto_compactions: 0
I230823 16:57:37.820669 24 storage/engine/rocksdb.go:120                         Options.compaction_style: kCompactionStyleLevel
I230823 16:57:37.820694 24 storage/engine/rocksdb.go:120                           Options.compaction_pri: kMinOverlappingRatio
I230823 16:57:37.820716 24 storage/engine/rocksdb.go:120  Options.compaction_options_universal.size_ratio: 1
I230823 16:57:37.820740 24 storage/engine/rocksdb.go:120  Options.compaction_options_universal.min_merge_width: 2
I230823 16:57:37.820763 24 storage/engine/rocksdb.go:120  Options.compaction_options_universal.max_merge_width: 4294967295
I230823 16:57:37.820785 24 storage/engine/rocksdb.go:120  Options.compaction_options_universal.max_size_amplification_percent: 200
I230823 16:57:37.820807 24 storage/engine/rocksdb.go:120  Options.compaction_options_universal.compression_size_percent: -1
I230823 16:57:37.820832 24 storage/engine/rocksdb.go:120  Options.compaction_options_universal.stop_style: kCompactionStopStyleTotalSize
I230823 16:57:37.820855 24 storage/engine/rocksdb.go:120  Options.compaction_options_fifo.max_table_files_size: 1073741824
I230823 16:57:37.820879 24 storage/engine/rocksdb.go:120  Options.compaction_options_fifo.allow_compaction: 0
I230823 16:57:37.820911 24 storage/engine/rocksdb.go:120                    Options.table_properties_collectors: TimeBoundTblPropCollectorFactory; DeleteRangeTblPropCollectorFactory; 
I230823 16:57:37.820948 24 storage/engine/rocksdb.go:120                    Options.inplace_update_support: 0
I230823 16:57:37.820971 24 storage/engine/rocksdb.go:120                  Options.inplace_update_num_locks: 10000
I230823 16:57:37.820996 24 storage/engine/rocksdb.go:120                Options.memtable_prefix_bloom_size_ratio: 0.000000
I230823 16:57:37.821019 24 storage/engine/rocksdb.go:120                Options.memtable_whole_key_filtering: 0
I230823 16:57:37.821041 24 storage/engine/rocksdb.go:120    Options.memtable_huge_page_size: 0
I230823 16:57:37.821063 24 storage/engine/rocksdb.go:120                            Options.bloom_locality: 0
I230823 16:57:37.821085 24 storage/engine/rocksdb.go:120                     Options.max_successive_merges: 0
I230823 16:57:37.821107 24 storage/engine/rocksdb.go:120                 Options.optimize_filters_for_hits: 1
I230823 16:57:37.821129 24 storage/engine/rocksdb.go:120                 Options.paranoid_file_checks: 0
I230823 16:57:37.821151 24 storage/engine/rocksdb.go:120                 Options.force_consistency_checks: 0
I230823 16:57:37.821173 24 storage/engine/rocksdb.go:120                 Options.report_bg_io_stats: 0
I230823 16:57:37.821195 24 storage/engine/rocksdb.go:120                                Options.ttl: 0
I230823 16:57:37.821217 24 storage/engine/rocksdb.go:120           Options.periodic_compaction_seconds: 0
I230823 16:57:37.855020 24 storage/engine/rocksdb.go:120  [db/version_set.cc:4286] Recovered from manifest file:/cockroach/cockroach-data/MANIFEST-000046 succeeded,manifest_file_number is 46, next_file_number is 121, last_sequence is 6656403, log_number is 115,prev_log_number is 0,max_column_family is 0,min_log_number_to_keep is 0
I230823 16:57:37.855097 24 storage/engine/rocksdb.go:120  [db/version_set.cc:4295] Column family [default] (ID 0), log number is 115
I230823 16:57:37.857798 24 storage/engine/rocksdb.go:120  EVENT_LOG_v1 {"time_micros": 1692809857857126, "job": 1, "event": "recovery_started", "log_files": [113, 115]}
I230823 16:57:37.857932 24 storage/engine/rocksdb.go:120  [db/db_impl_open.cc:586] Skipping log #113 since it is older than min log to keep #115
I230823 16:57:37.857994 24 storage/engine/rocksdb.go:120  [db/db_impl_open.cc:598] Recovering log #115 mode 0
I230823 16:57:41.435445 24 storage/engine/rocksdb.go:120  EVENT_LOG_v1 {"time_micros": 1692809861434321, "cf_name": "default", "job": 1, "event": "table_file_creation", "file_number": 121, "file_size": 527158, "table_properties": {"data_size": 503939, "index_size": 4961, "index_partitions": 0, "top_level_index_size": 0, "index_key_is_user_key": 0, "index_value_is_delta_encoded": 0, "filter_size": 19397, "raw_key_size": 695576, "raw_average_key_size": 41, "raw_value_size": 2310685, "raw_average_value_size": 136, "num_data_blocks": 78, "num_entries": 16925, "num_deletions": 7517, "num_merge_operands": 7968, "num_range_deletions": 7968, "format_version": 0, "fixed_key_len": 0, "filter_policy": "rocksdb.BuiltinBloomFilter", "column_family_name": "default", "column_family_id": 0, "comparator": "cockroach_comparator", "merge_operator": "cockroach_merge_operator", "prefix_extractor_name": "cockroach_prefix_extractor", "property_collectors": "[TimeBoundTblPropCollectorFactory,DeleteRangeTblPropCollectorFactory]", "compression": "Snappy", "compression_options": "window_bits=-14; level=32767; strategy=0; max_dict_bytes=0; zstd_max_train_bytes=0; enabled=0; ", "creation_time": 1692809859, "oldest_key_time": 3, "file_creation_time": 0}}
I230823 16:57:41.439583 24 storage/engine/rocksdb.go:120  [db/version_set.cc:3560] Creating manifest 122
I230823 16:57:41.443487 24 storage/engine/rocksdb.go:120  EVENT_LOG_v1 {"time_micros": 1692809861443375, "job": 1, "event": "recovery_finished"}
I230823 16:57:41.464147 24 storage/engine/rocksdb.go:120  DB pointer 0x400239d000
