I230818 17:25:16.259491 21 util/log/clog.go:1196  [config] file created at: 2023/08/18 17:25:16
I230818 17:25:16.259491 21 util/log/clog.go:1196  [config] running on machine: 96a5bec295a4
I230818 17:25:16.259491 21 util/log/clog.go:1196  [config] binary: CockroachDB CCL v19.2.2 (x86_64-unknown-linux-gnu, built 2019/12/11 01:33:43, go1.12.12)
I230818 17:25:16.259491 21 util/log/clog.go:1196  [config] arguments: [/cockroach/cockroach start-single-node --insecure]
I230818 17:25:16.259491 21 util/log/clog.go:1196  line format: [IWEF]yymmdd hh:mm:ss.uuuuuu goid file:line msg utf8=✓
I230818 17:25:16.259488 21 storage/engine/rocksdb.go:120  RocksDB version: 6.2.1
I230818 17:25:16.261113 21 storage/engine/rocksdb.go:120  Git sha rocksdb_build_git_sha:@b7009236531fa784872f4823eabf393501e41bf2@
I230818 17:25:16.262055 21 storage/engine/rocksdb.go:120  Compile date Dec 11 2019
I230818 17:25:16.262146 21 storage/engine/rocksdb.go:120  DB SUMMARY
I230818 17:25:16.263051 21 storage/engine/rocksdb.go:120  SST files in /cockroach/cockroach-data/cockroach-temp394455644 dir, Total Num: 0, files: 
I230818 17:25:16.263114 21 storage/engine/rocksdb.go:120  Write Ahead Log file in /cockroach/cockroach-data/cockroach-temp394455644: 
I230818 17:25:16.263196 21 storage/engine/rocksdb.go:120                          Options.error_if_exists: 0
I230818 17:25:16.263226 21 storage/engine/rocksdb.go:120                        Options.create_if_missing: 1
I230818 17:25:16.263254 21 storage/engine/rocksdb.go:120                          Options.paranoid_checks: 1
I230818 17:25:16.263346 21 storage/engine/rocksdb.go:120                                      Options.env: 0x75591e0
I230818 17:25:16.263375 21 storage/engine/rocksdb.go:120                                 Options.info_log: 0x4002287fa0
I230818 17:25:16.263408 21 storage/engine/rocksdb.go:120                 Options.max_file_opening_threads: 16
I230818 17:25:16.263437 21 storage/engine/rocksdb.go:120                               Options.statistics: 0x400221d8d0
I230818 17:25:16.263465 21 storage/engine/rocksdb.go:120                                Options.use_fsync: 0
I230818 17:25:16.263511 21 storage/engine/rocksdb.go:120                        Options.max_log_file_size: 0
I230818 17:25:16.263541 21 storage/engine/rocksdb.go:120                   Options.max_manifest_file_size: 134217728
I230818 17:25:16.263568 21 storage/engine/rocksdb.go:120                    Options.log_file_time_to_roll: 0
I230818 17:25:16.263595 21 storage/engine/rocksdb.go:120                        Options.keep_log_file_num: 1000
I230818 17:25:16.263621 21 storage/engine/rocksdb.go:120                     Options.recycle_log_file_num: 1
I230818 17:25:16.263648 21 storage/engine/rocksdb.go:120                          Options.allow_fallocate: 1
I230818 17:25:16.263675 21 storage/engine/rocksdb.go:120                         Options.allow_mmap_reads: 0
I230818 17:25:16.263703 21 storage/engine/rocksdb.go:120                        Options.allow_mmap_writes: 0
I230818 17:25:16.263731 21 storage/engine/rocksdb.go:120                         Options.use_direct_reads: 0
I230818 17:25:16.263789 21 storage/engine/rocksdb.go:120                         Options.use_direct_io_for_flush_and_compaction: 0
I230818 17:25:16.263816 21 storage/engine/rocksdb.go:120           Options.create_missing_column_families: 0
I230818 17:25:16.263843 21 storage/engine/rocksdb.go:120                               Options.db_log_dir: 
I230818 17:25:16.263869 21 storage/engine/rocksdb.go:120                                  Options.wal_dir: /cockroach/cockroach-data/cockroach-temp394455644
I230818 17:25:16.263896 21 storage/engine/rocksdb.go:120                 Options.table_cache_numshardbits: 6
I230818 17:25:16.263923 21 storage/engine/rocksdb.go:120                       Options.max_subcompactions: 1
I230818 17:25:16.263964 21 storage/engine/rocksdb.go:120                   Options.max_background_flushes: -1
I230818 17:25:16.263992 21 storage/engine/rocksdb.go:120                          Options.WAL_ttl_seconds: 0
I230818 17:25:16.264018 21 storage/engine/rocksdb.go:120                        Options.WAL_size_limit_MB: 0
I230818 17:25:16.264054 21 storage/engine/rocksdb.go:120              Options.manifest_preallocation_size: 4194304
I230818 17:25:16.264082 21 storage/engine/rocksdb.go:120                      Options.is_fd_close_on_exec: 1
I230818 17:25:16.264108 21 storage/engine/rocksdb.go:120                    Options.advise_random_on_open: 1
I230818 17:25:16.264135 21 storage/engine/rocksdb.go:120                     Options.db_write_buffer_size: 0
I230818 17:25:16.264170 21 storage/engine/rocksdb.go:120                     Options.write_buffer_manager: 0x4002260cb0
I230818 17:25:16.264200 21 storage/engine/rocksdb.go:120          Options.access_hint_on_compaction_start: 1
I230818 17:25:16.264227 21 storage/engine/rocksdb.go:120   Options.new_table_reader_for_compaction_inputs: 0
I230818 17:25:16.264253 21 storage/engine/rocksdb.go:120            Options.random_access_max_buffer_size: 1048576
I230818 17:25:16.264282 21 storage/engine/rocksdb.go:120                       Options.use_adaptive_mutex: 0
I230818 17:25:16.264353 21 storage/engine/rocksdb.go:120                             Options.rate_limiter: (nil)
I230818 17:25:16.264415 21 storage/engine/rocksdb.go:120      Options.sst_file_manager.rate_bytes_per_sec: 0
I230818 17:25:16.264444 21 storage/engine/rocksdb.go:120                        Options.wal_recovery_mode: 0
I230818 17:25:16.264471 21 storage/engine/rocksdb.go:120                   Options.enable_thread_tracking: 0
I230818 17:25:16.264498 21 storage/engine/rocksdb.go:120                   Options.enable_pipelined_write: 0
I230818 17:25:16.264562 21 storage/engine/rocksdb.go:120          Options.allow_concurrent_memtable_write: 1
I230818 17:25:16.264589 21 storage/engine/rocksdb.go:120       Options.enable_write_thread_adaptive_yield: 1
I230818 17:25:16.264616 21 storage/engine/rocksdb.go:120              Options.write_thread_max_yield_usec: 100
I230818 17:25:16.264643 21 storage/engine/rocksdb.go:120             Options.write_thread_slow_yield_usec: 3
I230818 17:25:16.264674 21 storage/engine/rocksdb.go:120                                Options.row_cache: None
I230818 17:25:16.264708 21 storage/engine/rocksdb.go:120                               Options.wal_filter: None
I230818 17:25:16.264737 21 storage/engine/rocksdb.go:120              Options.avoid_flush_during_recovery: 0
I230818 17:25:16.264764 21 storage/engine/rocksdb.go:120              Options.allow_ingest_behind: 0
I230818 17:25:16.264793 21 storage/engine/rocksdb.go:120              Options.preserve_deletes: 0
I230818 17:25:16.264823 21 storage/engine/rocksdb.go:120              Options.two_write_queues: 0
I230818 17:25:16.264850 21 storage/engine/rocksdb.go:120              Options.manual_wal_flush: 1
I230818 17:25:16.264878 21 storage/engine/rocksdb.go:120              Options.atomic_flush: 0
I230818 17:25:16.264905 21 storage/engine/rocksdb.go:120              Options.avoid_unnecessary_blocking_io: 0
I230818 17:25:16.264937 21 storage/engine/rocksdb.go:120              Options.max_background_jobs: 4
I230818 17:25:16.264964 21 storage/engine/rocksdb.go:120              Options.max_background_compactions: -1
I230818 17:25:16.264997 21 storage/engine/rocksdb.go:120              Options.avoid_flush_during_shutdown: 0
I230818 17:25:16.265024 21 storage/engine/rocksdb.go:120            Options.writable_file_max_buffer_size: 1048576
I230818 17:25:16.265051 21 storage/engine/rocksdb.go:120              Options.delayed_write_rate : 16777216
I230818 17:25:16.265077 21 storage/engine/rocksdb.go:120              Options.max_total_wal_size: 0
I230818 17:25:16.265104 21 storage/engine/rocksdb.go:120              Options.delete_obsolete_files_period_micros: 21600000000
I230818 17:25:16.265130 21 storage/engine/rocksdb.go:120                    Options.stats_dump_period_sec: 0
I230818 17:25:16.265165 21 storage/engine/rocksdb.go:120                  Options.stats_persist_period_sec: 600
I230818 17:25:16.265193 21 storage/engine/rocksdb.go:120                  Options.stats_history_buffer_size: 1048576
I230818 17:25:16.265219 21 storage/engine/rocksdb.go:120                           Options.max_open_files: 128
I230818 17:25:16.265245 21 storage/engine/rocksdb.go:120                           Options.bytes_per_sync: 524288
I230818 17:25:16.265272 21 storage/engine/rocksdb.go:120                       Options.wal_bytes_per_sync: 0
I230818 17:25:16.265298 21 storage/engine/rocksdb.go:120                    Options.strict_bytes_per_sync: 1
I230818 17:25:16.265327 21 storage/engine/rocksdb.go:120        Options.compaction_readahead_size: 0
I230818 17:25:16.265354 21 storage/engine/rocksdb.go:120  Compression algorithms supported:
I230818 17:25:16.265396 21 storage/engine/rocksdb.go:120  	kZSTDNotFinalCompression supported: 0
I230818 17:25:16.265427 21 storage/engine/rocksdb.go:120  	kZSTD supported: 0
I230818 17:25:16.265450 21 storage/engine/rocksdb.go:120  	kXpressCompression supported: 0
I230818 17:25:16.265478 21 storage/engine/rocksdb.go:120  	kLZ4HCCompression supported: 0
I230818 17:25:16.265502 21 storage/engine/rocksdb.go:120  	kLZ4Compression supported: 0
I230818 17:25:16.265525 21 storage/engine/rocksdb.go:120  	kBZip2Compression supported: 0
I230818 17:25:16.265547 21 storage/engine/rocksdb.go:120  	kZlibCompression supported: 0
I230818 17:25:16.265569 21 storage/engine/rocksdb.go:120  	kSnappyCompression supported: 1
I230818 17:25:16.265717 21 storage/engine/rocksdb.go:120  Fast CRC32 supported: Supported on x86
I230818 17:25:16.266862 21 storage/engine/rocksdb.go:120  [db/db_impl_open.cc:242] Creating manifest 1 
I230818 17:25:16.273815 21 storage/engine/rocksdb.go:120  [db/version_set.cc:4072] Recovering from manifest file: /cockroach/cockroach-data/cockroach-temp394455644/MANIFEST-000001
I230818 17:25:16.275298 21 storage/engine/rocksdb.go:120  [db/column_family.cc:488] --------------- Options for column family [default]:
I230818 17:25:16.275353 21 storage/engine/rocksdb.go:120                Options.comparator: cockroach_comparator
I230818 17:25:16.275400 21 storage/engine/rocksdb.go:120            Options.merge_operator: cockroach_merge_operator
I230818 17:25:16.275434 21 storage/engine/rocksdb.go:120         Options.compaction_filter: None
I230818 17:25:16.275467 21 storage/engine/rocksdb.go:120         Options.compaction_filter_factory: None
I230818 17:25:16.275500 21 storage/engine/rocksdb.go:120          Options.memtable_factory: SkipListFactory
I230818 17:25:16.275534 21 storage/engine/rocksdb.go:120             Options.table_factory: BlockBasedTable
I230818 17:25:16.279470 21 storage/engine/rocksdb.go:120             table_factory options:   flush_block_policy_factory: FlushBlockBySizePolicyFactory (0x4002224040)
  cache_index_and_filter_blocks: 0
  cache_index_and_filter_blocks_with_high_priority: 0
  pin_l0_filter_and_index_blocks_in_cache: 0
  pin_top_level_index_and_filter: 1
  index_type: 0
  data_block_index_type: 0
  index_shortening: 1
  data_block_hash_table_util_ratio: 0.750000
  hash_index_allow_collision: 1
  checksum: 1
  no_block_cache: 0
  block_cache: 0x400224b210
  block_cache_name: LRUCache
  block_cache_options:
    capacity : 1048576
    num_shard_bits : 4
    strict_capacity_limit : 0
    memory_allocator : None
    high_pri_pool_ratio: 0.000
  block_cache_compressed: (nil)
  persistent_cache: (nil)
  block_size: 32768
  block_size_deviation: 10
  block_restart_interval: 16
  index_block_restart_interval: 1
  metadata_block_size: 4096
  partition_filters: 0
  use_delta_encoding: 1
  filter_policy: rocksdb.BuiltinBloomFilter
  whole_key_filtering: 0
  verify_compression: 0
  read_amp_bytes_per_bit: 0
  format_version: 2
  enable_index_compression: 1
  block_align: 0
I230818 17:25:16.279523 21 storage/engine/rocksdb.go:120         Options.write_buffer_size: 67108864
I230818 17:25:16.279579 21 storage/engine/rocksdb.go:120   Options.max_write_buffer_number: 4
I230818 17:25:16.279630 21 storage/engine/rocksdb.go:120           Options.compression: Snappy
I230818 17:25:16.279668 21 storage/engine/rocksdb.go:120                   Options.bottommost_compression: Disabled
I230818 17:25:16.279712 21 storage/engine/rocksdb.go:120        Options.prefix_extractor: cockroach_prefix_extractor
I230818 17:25:16.279745 21 storage/engine/rocksdb.go:120    Options.memtable_insert_with_hint_prefix_extractor: nullptr
I230818 17:25:16.279774 21 storage/engine/rocksdb.go:120              Options.num_levels: 7
I230818 17:25:16.279809 21 storage/engine/rocksdb.go:120         Options.min_write_buffer_number_to_merge: 1
I230818 17:25:16.279838 21 storage/engine/rocksdb.go:120      Options.max_write_buffer_number_to_maintain: 0
I230818 17:25:16.279868 21 storage/engine/rocksdb.go:120             Options.bottommost_compression_opts.window_bits: -14
I230818 17:25:16.279899 21 storage/engine/rocksdb.go:120                   Options.bottommost_compression_opts.level: 32767
I230818 17:25:16.279931 21 storage/engine/rocksdb.go:120                Options.bottommost_compression_opts.strategy: 0
I230818 17:25:16.279960 21 storage/engine/rocksdb.go:120          Options.bottommost_compression_opts.max_dict_bytes: 0
I230818 17:25:16.279990 21 storage/engine/rocksdb.go:120          Options.bottommost_compression_opts.zstd_max_train_bytes: 0
I230818 17:25:16.280019 21 storage/engine/rocksdb.go:120                   Options.bottommost_compression_opts.enabled: false
I230818 17:25:16.280046 21 storage/engine/rocksdb.go:120             Options.compression_opts.window_bits: -14
I230818 17:25:16.280072 21 storage/engine/rocksdb.go:120                   Options.compression_opts.level: 32767
I230818 17:25:16.280099 21 storage/engine/rocksdb.go:120                Options.compression_opts.strategy: 0
I230818 17:25:16.280125 21 storage/engine/rocksdb.go:120          Options.compression_opts.max_dict_bytes: 0
I230818 17:25:16.280152 21 storage/engine/rocksdb.go:120          Options.compression_opts.zstd_max_train_bytes: 0
I230818 17:25:16.280191 21 storage/engine/rocksdb.go:120                   Options.compression_opts.enabled: false
I230818 17:25:16.280219 21 storage/engine/rocksdb.go:120       Options.level0_file_num_compaction_trigger: 2
I230818 17:25:16.280245 21 storage/engine/rocksdb.go:120           Options.level0_slowdown_writes_trigger: 950
I230818 17:25:16.280271 21 storage/engine/rocksdb.go:120               Options.level0_stop_writes_trigger: 1000
I230818 17:25:16.280301 21 storage/engine/rocksdb.go:120                    Options.target_file_size_base: 4194304
I230818 17:25:16.280329 21 storage/engine/rocksdb.go:120              Options.target_file_size_multiplier: 2
I230818 17:25:16.280358 21 storage/engine/rocksdb.go:120                 Options.max_bytes_for_level_base: 67108864
I230818 17:25:16.280386 21 storage/engine/rocksdb.go:120  Options.level_compaction_dynamic_level_bytes: 1
I230818 17:25:16.280658 21 storage/engine/rocksdb.go:120           Options.max_bytes_for_level_multiplier: 10.000000
I230818 17:25:16.280698 21 storage/engine/rocksdb.go:120  Options.max_bytes_for_level_multiplier_addtl[0]: 1
I230818 17:25:16.280742 21 storage/engine/rocksdb.go:120  Options.max_bytes_for_level_multiplier_addtl[1]: 1
I230818 17:25:16.280769 21 storage/engine/rocksdb.go:120  Options.max_bytes_for_level_multiplier_addtl[2]: 1
I230818 17:25:16.280791 21 storage/engine/rocksdb.go:120  Options.max_bytes_for_level_multiplier_addtl[3]: 1
I230818 17:25:16.280814 21 storage/engine/rocksdb.go:120  Options.max_bytes_for_level_multiplier_addtl[4]: 1
I230818 17:25:16.280836 21 storage/engine/rocksdb.go:120  Options.max_bytes_for_level_multiplier_addtl[5]: 1
I230818 17:25:16.280859 21 storage/engine/rocksdb.go:120  Options.max_bytes_for_level_multiplier_addtl[6]: 1
I230818 17:25:16.280890 21 storage/engine/rocksdb.go:120        Options.max_sequential_skip_in_iterations: 8
I230818 17:25:16.280917 21 storage/engine/rocksdb.go:120                     Options.max_compaction_bytes: 104857600
I230818 17:25:16.280943 21 storage/engine/rocksdb.go:120                         Options.arena_block_size: 8388608
I230818 17:25:16.280970 21 storage/engine/rocksdb.go:120    Options.soft_pending_compaction_bytes_limit: 2199023255552
I230818 17:25:16.280996 21 storage/engine/rocksdb.go:120    Options.hard_pending_compaction_bytes_limit: 4400193994752
I230818 17:25:16.281023 21 storage/engine/rocksdb.go:120        Options.rate_limit_delay_max_milliseconds: 100
I230818 17:25:16.281049 21 storage/engine/rocksdb.go:120                 Options.disable_auto_compactions: 0
I230818 17:25:16.281104 21 storage/engine/rocksdb.go:120                         Options.compaction_style: kCompactionStyleLevel
I230818 17:25:16.281165 21 storage/engine/rocksdb.go:120                           Options.compaction_pri: kMinOverlappingRatio
I230818 17:25:16.281194 21 storage/engine/rocksdb.go:120  Options.compaction_options_universal.size_ratio: 1
I230818 17:25:16.281222 21 storage/engine/rocksdb.go:120  Options.compaction_options_universal.min_merge_width: 2
I230818 17:25:16.281250 21 storage/engine/rocksdb.go:120  Options.compaction_options_universal.max_merge_width: 4294967295
I230818 17:25:16.281277 21 storage/engine/rocksdb.go:120  Options.compaction_options_universal.max_size_amplification_percent: 200
I230818 17:25:16.281306 21 storage/engine/rocksdb.go:120  Options.compaction_options_universal.compression_size_percent: -1
I230818 17:25:16.281366 21 storage/engine/rocksdb.go:120  Options.compaction_options_universal.stop_style: kCompactionStopStyleTotalSize
I230818 17:25:16.281395 21 storage/engine/rocksdb.go:120  Options.compaction_options_fifo.max_table_files_size: 1073741824
I230818 17:25:16.281424 21 storage/engine/rocksdb.go:120  Options.compaction_options_fifo.allow_compaction: 0
I230818 17:25:16.281505 21 storage/engine/rocksdb.go:120                    Options.table_properties_collectors: TimeBoundTblPropCollectorFactory; DeleteRangeTblPropCollectorFactory; 
I230818 17:25:16.281543 21 storage/engine/rocksdb.go:120                    Options.inplace_update_support: 0
I230818 17:25:16.281572 21 storage/engine/rocksdb.go:120                  Options.inplace_update_num_locks: 10000
I230818 17:25:16.281604 21 storage/engine/rocksdb.go:120                Options.memtable_prefix_bloom_size_ratio: 0.000000
I230818 17:25:16.281634 21 storage/engine/rocksdb.go:120                Options.memtable_whole_key_filtering: 0
I230818 17:25:16.281662 21 storage/engine/rocksdb.go:120    Options.memtable_huge_page_size: 0
I230818 17:25:16.281690 21 storage/engine/rocksdb.go:120                            Options.bloom_locality: 0
I230818 17:25:16.281718 21 storage/engine/rocksdb.go:120                     Options.max_successive_merges: 0
I230818 17:25:16.281745 21 storage/engine/rocksdb.go:120                 Options.optimize_filters_for_hits: 1
I230818 17:25:16.281771 21 storage/engine/rocksdb.go:120                 Options.paranoid_file_checks: 0
I230818 17:25:16.281797 21 storage/engine/rocksdb.go:120                 Options.force_consistency_checks: 0
I230818 17:25:16.281823 21 storage/engine/rocksdb.go:120                 Options.report_bg_io_stats: 0
I230818 17:25:16.281850 21 storage/engine/rocksdb.go:120                                Options.ttl: 0
I230818 17:25:16.281879 21 storage/engine/rocksdb.go:120           Options.periodic_compaction_seconds: 0
I230818 17:25:16.289587 21 storage/engine/rocksdb.go:120  [db/version_set.cc:4286] Recovered from manifest file:/cockroach/cockroach-data/cockroach-temp394455644/MANIFEST-000001 succeeded,manifest_file_number is 1, next_file_number is 3, last_sequence is 0, log_number is 0,prev_log_number is 0,max_column_family is 0,min_log_number_to_keep is 0
I230818 17:25:16.289649 21 storage/engine/rocksdb.go:120  [db/version_set.cc:4295] Column family [default] (ID 0), log number is 0
I230818 17:25:16.315790 21 storage/engine/rocksdb.go:120  DB pointer 0x400237d000
I230818 17:25:16.390008 21 storage/engine/rocksdb.go:120  RocksDB version: 6.2.1
I230818 17:25:16.390049 21 storage/engine/rocksdb.go:120  Git sha rocksdb_build_git_sha:@b7009236531fa784872f4823eabf393501e41bf2@
I230818 17:25:16.390075 21 storage/engine/rocksdb.go:120  Compile date Dec 11 2019
I230818 17:25:16.390100 21 storage/engine/rocksdb.go:120  DB SUMMARY
I230818 17:25:16.391011 21 storage/engine/rocksdb.go:120  CURRENT file:  CURRENT
I230818 17:25:16.391047 21 storage/engine/rocksdb.go:120  IDENTITY file:  IDENTITY
I230818 17:25:16.391226 21 storage/engine/rocksdb.go:120  MANIFEST file:  MANIFEST-000001 size: 13 Bytes
I230818 17:25:16.391269 21 storage/engine/rocksdb.go:120  SST files in /cockroach/cockroach-data dir, Total Num: 0, files: 
I230818 17:25:16.391295 21 storage/engine/rocksdb.go:120  Write Ahead Log file in /cockroach/cockroach-data: 000003.log size: 14070960 ; 
I230818 17:25:16.391329 21 storage/engine/rocksdb.go:120                          Options.error_if_exists: 0
I230818 17:25:16.391357 21 storage/engine/rocksdb.go:120                        Options.create_if_missing: 1
I230818 17:25:16.391382 21 storage/engine/rocksdb.go:120                          Options.paranoid_checks: 1
I230818 17:25:16.391407 21 storage/engine/rocksdb.go:120                                      Options.env: 0x75591e0
I230818 17:25:16.391430 21 storage/engine/rocksdb.go:120                                 Options.info_log: 0x400b00d0a0
I230818 17:25:16.391453 21 storage/engine/rocksdb.go:120                 Options.max_file_opening_threads: 16
I230818 17:25:16.391476 21 storage/engine/rocksdb.go:120                               Options.statistics: 0x400b024010
I230818 17:25:16.391499 21 storage/engine/rocksdb.go:120                                Options.use_fsync: 0
I230818 17:25:16.391523 21 storage/engine/rocksdb.go:120                        Options.max_log_file_size: 0
I230818 17:25:16.391546 21 storage/engine/rocksdb.go:120                   Options.max_manifest_file_size: 134217728
I230818 17:25:16.391569 21 storage/engine/rocksdb.go:120                    Options.log_file_time_to_roll: 0
I230818 17:25:16.391592 21 storage/engine/rocksdb.go:120                        Options.keep_log_file_num: 1000
I230818 17:25:16.391615 21 storage/engine/rocksdb.go:120                     Options.recycle_log_file_num: 1
I230818 17:25:16.391637 21 storage/engine/rocksdb.go:120                          Options.allow_fallocate: 1
I230818 17:25:16.391660 21 storage/engine/rocksdb.go:120                         Options.allow_mmap_reads: 0
I230818 17:25:16.391683 21 storage/engine/rocksdb.go:120                        Options.allow_mmap_writes: 0
I230818 17:25:16.391705 21 storage/engine/rocksdb.go:120                         Options.use_direct_reads: 0
I230818 17:25:16.391728 21 storage/engine/rocksdb.go:120                         Options.use_direct_io_for_flush_and_compaction: 0
I230818 17:25:16.391751 21 storage/engine/rocksdb.go:120           Options.create_missing_column_families: 0
I230818 17:25:16.391774 21 storage/engine/rocksdb.go:120                               Options.db_log_dir: 
I230818 17:25:16.391797 21 storage/engine/rocksdb.go:120                                  Options.wal_dir: /cockroach/cockroach-data
I230818 17:25:16.391820 21 storage/engine/rocksdb.go:120                 Options.table_cache_numshardbits: 6
I230818 17:25:16.391843 21 storage/engine/rocksdb.go:120                       Options.max_subcompactions: 1
I230818 17:25:16.391866 21 storage/engine/rocksdb.go:120                   Options.max_background_flushes: -1
I230818 17:25:16.391889 21 storage/engine/rocksdb.go:120                          Options.WAL_ttl_seconds: 0
I230818 17:25:16.391911 21 storage/engine/rocksdb.go:120                        Options.WAL_size_limit_MB: 0
I230818 17:25:16.391934 21 storage/engine/rocksdb.go:120              Options.manifest_preallocation_size: 4194304
I230818 17:25:16.391957 21 storage/engine/rocksdb.go:120                      Options.is_fd_close_on_exec: 1
I230818 17:25:16.391980 21 storage/engine/rocksdb.go:120                    Options.advise_random_on_open: 1
I230818 17:25:16.392002 21 storage/engine/rocksdb.go:120                     Options.db_write_buffer_size: 0
I230818 17:25:16.392025 21 storage/engine/rocksdb.go:120                     Options.write_buffer_manager: 0x400b08c030
I230818 17:25:16.392048 21 storage/engine/rocksdb.go:120          Options.access_hint_on_compaction_start: 1
I230818 17:25:16.392071 21 storage/engine/rocksdb.go:120   Options.new_table_reader_for_compaction_inputs: 0
I230818 17:25:16.392097 21 storage/engine/rocksdb.go:120            Options.random_access_max_buffer_size: 1048576
I230818 17:25:16.392120 21 storage/engine/rocksdb.go:120                       Options.use_adaptive_mutex: 0
I230818 17:25:16.392145 21 storage/engine/rocksdb.go:120                             Options.rate_limiter: (nil)
I230818 17:25:16.392178 21 storage/engine/rocksdb.go:120      Options.sst_file_manager.rate_bytes_per_sec: 0
I230818 17:25:16.392204 21 storage/engine/rocksdb.go:120                        Options.wal_recovery_mode: 0
I230818 17:25:16.392229 21 storage/engine/rocksdb.go:120                   Options.enable_thread_tracking: 0
I230818 17:25:16.392251 21 storage/engine/rocksdb.go:120                   Options.enable_pipelined_write: 0
I230818 17:25:16.392274 21 storage/engine/rocksdb.go:120          Options.allow_concurrent_memtable_write: 1
I230818 17:25:16.392298 21 storage/engine/rocksdb.go:120       Options.enable_write_thread_adaptive_yield: 1
I230818 17:25:16.392322 21 storage/engine/rocksdb.go:120              Options.write_thread_max_yield_usec: 100
I230818 17:25:16.392344 21 storage/engine/rocksdb.go:120             Options.write_thread_slow_yield_usec: 3
I230818 17:25:16.392369 21 storage/engine/rocksdb.go:120                                Options.row_cache: None
I230818 17:25:16.392393 21 storage/engine/rocksdb.go:120                               Options.wal_filter: None
I230818 17:25:16.392417 21 storage/engine/rocksdb.go:120              Options.avoid_flush_during_recovery: 0
I230818 17:25:16.392443 21 storage/engine/rocksdb.go:120              Options.allow_ingest_behind: 0
I230818 17:25:16.392468 21 storage/engine/rocksdb.go:120              Options.preserve_deletes: 0
I230818 17:25:16.392491 21 storage/engine/rocksdb.go:120              Options.two_write_queues: 0
I230818 17:25:16.392514 21 storage/engine/rocksdb.go:120              Options.manual_wal_flush: 1
I230818 17:25:16.392537 21 storage/engine/rocksdb.go:120              Options.atomic_flush: 0
I230818 17:25:16.392559 21 storage/engine/rocksdb.go:120              Options.avoid_unnecessary_blocking_io: 0
I230818 17:25:16.392582 21 storage/engine/rocksdb.go:120              Options.max_background_jobs: 4
I230818 17:25:16.392605 21 storage/engine/rocksdb.go:120              Options.max_background_compactions: -1
I230818 17:25:16.392628 21 storage/engine/rocksdb.go:120              Options.avoid_flush_during_shutdown: 0
I230818 17:25:16.392650 21 storage/engine/rocksdb.go:120            Options.writable_file_max_buffer_size: 1048576
I230818 17:25:16.392673 21 storage/engine/rocksdb.go:120              Options.delayed_write_rate : 16777216
I230818 17:25:16.392696 21 storage/engine/rocksdb.go:120              Options.max_total_wal_size: 0
I230818 17:25:16.392718 21 storage/engine/rocksdb.go:120              Options.delete_obsolete_files_period_micros: 21600000000
I230818 17:25:16.392741 21 storage/engine/rocksdb.go:120                    Options.stats_dump_period_sec: 0
I230818 17:25:16.392764 21 storage/engine/rocksdb.go:120                  Options.stats_persist_period_sec: 600
I230818 17:25:16.392787 21 storage/engine/rocksdb.go:120                  Options.stats_history_buffer_size: 1048576
I230818 17:25:16.392809 21 storage/engine/rocksdb.go:120                           Options.max_open_files: 1043576
I230818 17:25:16.392832 21 storage/engine/rocksdb.go:120                           Options.bytes_per_sync: 524288
I230818 17:25:16.392854 21 storage/engine/rocksdb.go:120                       Options.wal_bytes_per_sync: 0
I230818 17:25:16.392877 21 storage/engine/rocksdb.go:120                    Options.strict_bytes_per_sync: 1
I230818 17:25:16.392900 21 storage/engine/rocksdb.go:120        Options.compaction_readahead_size: 0
I230818 17:25:16.392923 21 storage/engine/rocksdb.go:120  Compression algorithms supported:
I230818 17:25:16.392946 21 storage/engine/rocksdb.go:120  	kZSTDNotFinalCompression supported: 0
I230818 17:25:16.392969 21 storage/engine/rocksdb.go:120  	kZSTD supported: 0
I230818 17:25:16.392994 21 storage/engine/rocksdb.go:120  	kXpressCompression supported: 0
I230818 17:25:16.393017 21 storage/engine/rocksdb.go:120  	kLZ4HCCompression supported: 0
I230818 17:25:16.393039 21 storage/engine/rocksdb.go:120  	kLZ4Compression supported: 0
I230818 17:25:16.393062 21 storage/engine/rocksdb.go:120  	kBZip2Compression supported: 0
I230818 17:25:16.393084 21 storage/engine/rocksdb.go:120  	kZlibCompression supported: 0
I230818 17:25:16.393106 21 storage/engine/rocksdb.go:120  	kSnappyCompression supported: 1
I230818 17:25:16.393143 21 storage/engine/rocksdb.go:120  Fast CRC32 supported: Supported on x86
I230818 17:25:16.394030 21 storage/engine/rocksdb.go:120  [db/version_set.cc:4072] Recovering from manifest file: /cockroach/cockroach-data/MANIFEST-000001
I230818 17:25:16.394215 21 storage/engine/rocksdb.go:120  [db/column_family.cc:488] --------------- Options for column family [default]:
I230818 17:25:16.394245 21 storage/engine/rocksdb.go:120                Options.comparator: cockroach_comparator
I230818 17:25:16.394270 21 storage/engine/rocksdb.go:120            Options.merge_operator: cockroach_merge_operator
I230818 17:25:16.394294 21 storage/engine/rocksdb.go:120         Options.compaction_filter: None
I230818 17:25:16.394318 21 storage/engine/rocksdb.go:120         Options.compaction_filter_factory: None
I230818 17:25:16.394342 21 storage/engine/rocksdb.go:120          Options.memtable_factory: SkipListFactory
I230818 17:25:16.394365 21 storage/engine/rocksdb.go:120             Options.table_factory: BlockBasedTable
I230818 17:25:16.394500 21 storage/engine/rocksdb.go:120             table_factory options:   flush_block_policy_factory: FlushBlockBySizePolicyFactory (0x400b022028)
  cache_index_and_filter_blocks: 0
  cache_index_and_filter_blocks_with_high_priority: 0
  pin_l0_filter_and_index_blocks_in_cache: 0
  pin_top_level_index_and_filter: 1
  index_type: 0
  data_block_index_type: 0
  index_shortening: 1
  data_block_hash_table_util_ratio: 0.750000
  hash_index_allow_collision: 1
  checksum: 1
  no_block_cache: 0
  block_cache: 0x400b014010
  block_cache_name: LRUCache
  block_cache_options:
    capacity : 67108864
    num_shard_bits : 4
    strict_capacity_limit : 0
    memory_allocator : None
    high_pri_pool_ratio: 0.000
  block_cache_compressed: (nil)
  persistent_cache: (nil)
  block_size: 32768
  block_size_deviation: 10
  block_restart_interval: 16
  index_block_restart_interval: 1
  metadata_block_size: 4096
  partition_filters: 0
  use_delta_encoding: 1
  filter_policy: rocksdb.BuiltinBloomFilter
  whole_key_filtering: 0
  verify_compression: 0
  read_amp_bytes_per_bit: 0
  format_version: 2
  enable_index_compression: 1
  block_align: 0
I230818 17:25:16.394532 21 storage/engine/rocksdb.go:120         Options.write_buffer_size: 67108864
I230818 17:25:16.394558 21 storage/engine/rocksdb.go:120   Options.max_write_buffer_number: 4
I230818 17:25:16.394582 21 storage/engine/rocksdb.go:120           Options.compression: Snappy
I230818 17:25:16.394605 21 storage/engine/rocksdb.go:120                   Options.bottommost_compression: Disabled
I230818 17:25:16.394628 21 storage/engine/rocksdb.go:120        Options.prefix_extractor: cockroach_prefix_extractor
I230818 17:25:16.394651 21 storage/engine/rocksdb.go:120    Options.memtable_insert_with_hint_prefix_extractor: nullptr
I230818 17:25:16.394684 21 storage/engine/rocksdb.go:120              Options.num_levels: 7
I230818 17:25:16.394708 21 storage/engine/rocksdb.go:120         Options.min_write_buffer_number_to_merge: 1
I230818 17:25:16.394730 21 storage/engine/rocksdb.go:120      Options.max_write_buffer_number_to_maintain: 0
I230818 17:25:16.394753 21 storage/engine/rocksdb.go:120             Options.bottommost_compression_opts.window_bits: -14
I230818 17:25:16.394778 21 storage/engine/rocksdb.go:120                   Options.bottommost_compression_opts.level: 32767
I230818 17:25:16.394801 21 storage/engine/rocksdb.go:120                Options.bottommost_compression_opts.strategy: 0
I230818 17:25:16.394823 21 storage/engine/rocksdb.go:120          Options.bottommost_compression_opts.max_dict_bytes: 0
I230818 17:25:16.394846 21 storage/engine/rocksdb.go:120          Options.bottommost_compression_opts.zstd_max_train_bytes: 0
I230818 17:25:16.394869 21 storage/engine/rocksdb.go:120                   Options.bottommost_compression_opts.enabled: false
I230818 17:25:16.394892 21 storage/engine/rocksdb.go:120             Options.compression_opts.window_bits: -14
I230818 17:25:16.394914 21 storage/engine/rocksdb.go:120                   Options.compression_opts.level: 32767
I230818 17:25:16.394939 21 storage/engine/rocksdb.go:120                Options.compression_opts.strategy: 0
I230818 17:25:16.394961 21 storage/engine/rocksdb.go:120          Options.compression_opts.max_dict_bytes: 0
I230818 17:25:16.394984 21 storage/engine/rocksdb.go:120          Options.compression_opts.zstd_max_train_bytes: 0
I230818 17:25:16.395006 21 storage/engine/rocksdb.go:120                   Options.compression_opts.enabled: false
I230818 17:25:16.395029 21 storage/engine/rocksdb.go:120       Options.level0_file_num_compaction_trigger: 2
I230818 17:25:16.395051 21 storage/engine/rocksdb.go:120           Options.level0_slowdown_writes_trigger: 950
I230818 17:25:16.395074 21 storage/engine/rocksdb.go:120               Options.level0_stop_writes_trigger: 1000
I230818 17:25:16.395097 21 storage/engine/rocksdb.go:120                    Options.target_file_size_base: 4194304
I230818 17:25:16.395119 21 storage/engine/rocksdb.go:120              Options.target_file_size_multiplier: 2
I230818 17:25:16.395145 21 storage/engine/rocksdb.go:120                 Options.max_bytes_for_level_base: 67108864
I230818 17:25:16.395177 21 storage/engine/rocksdb.go:120  Options.level_compaction_dynamic_level_bytes: 1
I230818 17:25:16.395208 21 storage/engine/rocksdb.go:120           Options.max_bytes_for_level_multiplier: 10.000000
I230818 17:25:16.395233 21 storage/engine/rocksdb.go:120  Options.max_bytes_for_level_multiplier_addtl[0]: 1
I230818 17:25:16.395257 21 storage/engine/rocksdb.go:120  Options.max_bytes_for_level_multiplier_addtl[1]: 1
I230818 17:25:16.395279 21 storage/engine/rocksdb.go:120  Options.max_bytes_for_level_multiplier_addtl[2]: 1
I230818 17:25:16.395302 21 storage/engine/rocksdb.go:120  Options.max_bytes_for_level_multiplier_addtl[3]: 1
I230818 17:25:16.395325 21 storage/engine/rocksdb.go:120  Options.max_bytes_for_level_multiplier_addtl[4]: 1
I230818 17:25:16.395347 21 storage/engine/rocksdb.go:120  Options.max_bytes_for_level_multiplier_addtl[5]: 1
I230818 17:25:16.395371 21 storage/engine/rocksdb.go:120  Options.max_bytes_for_level_multiplier_addtl[6]: 1
I230818 17:25:16.395394 21 storage/engine/rocksdb.go:120        Options.max_sequential_skip_in_iterations: 8
I230818 17:25:16.395417 21 storage/engine/rocksdb.go:120                     Options.max_compaction_bytes: 104857600
I230818 17:25:16.395441 21 storage/engine/rocksdb.go:120                         Options.arena_block_size: 8388608
I230818 17:25:16.395463 21 storage/engine/rocksdb.go:120    Options.soft_pending_compaction_bytes_limit: 2199023255552
I230818 17:25:16.395486 21 storage/engine/rocksdb.go:120    Options.hard_pending_compaction_bytes_limit: 4400193994752
I230818 17:25:16.395510 21 storage/engine/rocksdb.go:120        Options.rate_limit_delay_max_milliseconds: 100
I230818 17:25:16.395532 21 storage/engine/rocksdb.go:120                 Options.disable_auto_compactions: 0
I230818 17:25:16.395558 21 storage/engine/rocksdb.go:120                         Options.compaction_style: kCompactionStyleLevel
I230818 17:25:16.395582 21 storage/engine/rocksdb.go:120                           Options.compaction_pri: kMinOverlappingRatio
I230818 17:25:16.395605 21 storage/engine/rocksdb.go:120  Options.compaction_options_universal.size_ratio: 1
I230818 17:25:16.395628 21 storage/engine/rocksdb.go:120  Options.compaction_options_universal.min_merge_width: 2
I230818 17:25:16.395651 21 storage/engine/rocksdb.go:120  Options.compaction_options_universal.max_merge_width: 4294967295
I230818 17:25:16.395674 21 storage/engine/rocksdb.go:120  Options.compaction_options_universal.max_size_amplification_percent: 200
I230818 17:25:16.395697 21 storage/engine/rocksdb.go:120  Options.compaction_options_universal.compression_size_percent: -1
I230818 17:25:16.395721 21 storage/engine/rocksdb.go:120  Options.compaction_options_universal.stop_style: kCompactionStopStyleTotalSize
I230818 17:25:16.395744 21 storage/engine/rocksdb.go:120  Options.compaction_options_fifo.max_table_files_size: 1073741824
I230818 17:25:16.395772 21 storage/engine/rocksdb.go:120  Options.compaction_options_fifo.allow_compaction: 0
I230818 17:25:16.395805 21 storage/engine/rocksdb.go:120                    Options.table_properties_collectors: TimeBoundTblPropCollectorFactory; DeleteRangeTblPropCollectorFactory; 
I230818 17:25:16.395830 21 storage/engine/rocksdb.go:120                    Options.inplace_update_support: 0
I230818 17:25:16.395853 21 storage/engine/rocksdb.go:120                  Options.inplace_update_num_locks: 10000
I230818 17:25:16.395877 21 storage/engine/rocksdb.go:120                Options.memtable_prefix_bloom_size_ratio: 0.000000
I230818 17:25:16.395900 21 storage/engine/rocksdb.go:120                Options.memtable_whole_key_filtering: 0
I230818 17:25:16.395923 21 storage/engine/rocksdb.go:120    Options.memtable_huge_page_size: 0
I230818 17:25:16.395946 21 storage/engine/rocksdb.go:120                            Options.bloom_locality: 0
I230818 17:25:16.395968 21 storage/engine/rocksdb.go:120                     Options.max_successive_merges: 0
I230818 17:25:16.395991 21 storage/engine/rocksdb.go:120                 Options.optimize_filters_for_hits: 1
I230818 17:25:16.396013 21 storage/engine/rocksdb.go:120                 Options.paranoid_file_checks: 0
I230818 17:25:16.396035 21 storage/engine/rocksdb.go:120                 Options.force_consistency_checks: 0
I230818 17:25:16.396058 21 storage/engine/rocksdb.go:120                 Options.report_bg_io_stats: 0
I230818 17:25:16.396080 21 storage/engine/rocksdb.go:120                                Options.ttl: 0
I230818 17:25:16.396102 21 storage/engine/rocksdb.go:120           Options.periodic_compaction_seconds: 0
I230818 17:25:16.399180 21 storage/engine/rocksdb.go:120  [db/version_set.cc:4286] Recovered from manifest file:/cockroach/cockroach-data/MANIFEST-000001 succeeded,manifest_file_number is 1, next_file_number is 3, last_sequence is 0, log_number is 0,prev_log_number is 0,max_column_family is 0,min_log_number_to_keep is 0
I230818 17:25:16.399218 21 storage/engine/rocksdb.go:120  [db/version_set.cc:4295] Column family [default] (ID 0), log number is 0
I230818 17:25:16.400803 21 storage/engine/rocksdb.go:120  EVENT_LOG_v1 {"time_micros": 1692379516400192, "job": 1, "event": "recovery_started", "log_files": [3]}
I230818 17:25:16.400945 21 storage/engine/rocksdb.go:120  [db/db_impl_open.cc:598] Recovering log #3 mode 0
I230818 17:25:17.376560 21 storage/engine/rocksdb.go:120  EVENT_LOG_v1 {"time_micros": 1692379517375456, "cf_name": "default", "job": 1, "event": "table_file_creation", "file_number": 4, "file_size": 250334, "table_properties": {"data_size": 242055, "index_size": 1549, "index_partitions": 0, "top_level_index_size": 0, "index_key_is_user_key": 0, "index_value_is_delta_encoded": 0, "filter_size": 6213, "raw_key_size": 200486, "raw_average_key_size": 32, "raw_value_size": 894687, "raw_average_value_size": 144, "num_data_blocks": 29, "num_entries": 6181, "num_deletions": 3120, "num_merge_operands": 664, "num_range_deletions": 664, "format_version": 0, "fixed_key_len": 0, "filter_policy": "rocksdb.BuiltinBloomFilter", "column_family_name": "default", "column_family_id": 0, "comparator": "cockroach_comparator", "merge_operator": "cockroach_merge_operator", "prefix_extractor_name": "cockroach_prefix_extractor", "property_collectors": "[TimeBoundTblPropCollectorFactory,DeleteRangeTblPropCollectorFactory]", "compression": "Snappy", "compression_options": "window_bits=-14; level=32767; strategy=0; max_dict_bytes=0; zstd_max_train_bytes=0; enabled=0; ", "creation_time": 1692379516, "oldest_key_time": 3, "file_creation_time": 0}}
I230818 17:25:17.381339 21 storage/engine/rocksdb.go:120  [db/version_set.cc:3560] Creating manifest 5
I230818 17:25:17.385353 21 storage/engine/rocksdb.go:120  EVENT_LOG_v1 {"time_micros": 1692379517385251, "job": 1, "event": "recovery_finished"}
I230818 17:25:17.398642 21 storage/engine/rocksdb.go:120  DB pointer 0x400b099000
I230818 17:38:37.954824 11507 storage/engine/rocksdb.go:120  bloom filter utility:    -nan%
I230818 17:38:37.955513 11507 storage/engine/rocksdb.go:120  [db/db_impl.cc:392] Shutdown: canceling all background work
I230818 17:38:37.959259 11507 storage/engine/rocksdb.go:120  [db/db_impl.cc:565] Shutdown complete
I230818 17:38:37.966193 11507 storage/engine/rocksdb.go:120  bloom filter utility:    20.7%
I230818 17:38:37.966403 11507 storage/engine/rocksdb.go:120  [db/db_impl.cc:392] Shutdown: canceling all background work
I230818 17:38:37.969049 11507 storage/engine/rocksdb.go:120  [db/db_impl.cc:565] Shutdown complete
