I230828 19:56:39.085141 16 util/log/clog.go:1196  [config] file created at: 2023/08/28 19:56:39
I230828 19:56:39.085141 16 util/log/clog.go:1196  [config] running on machine: b0b93122cb55
I230828 19:56:39.085141 16 util/log/clog.go:1196  [config] binary: CockroachDB CCL v19.2.2 (x86_64-unknown-linux-gnu, built 2019/12/11 01:33:43, go1.12.12)
I230828 19:56:39.085141 16 util/log/clog.go:1196  [config] arguments: [/cockroach/cockroach start-single-node --insecure]
I230828 19:56:39.085141 16 util/log/clog.go:1196  line format: [IWEF]yymmdd hh:mm:ss.uuuuuu goid file:line msg utf8=✓
I230828 19:56:39.085136 16 storage/engine/rocksdb.go:120  RocksDB version: 6.2.1
I230828 19:56:39.086860 16 storage/engine/rocksdb.go:120  Git sha rocksdb_build_git_sha:@b7009236531fa784872f4823eabf393501e41bf2@
I230828 19:56:39.088463 16 storage/engine/rocksdb.go:120  Compile date Dec 11 2019
I230828 19:56:39.088586 16 storage/engine/rocksdb.go:120  DB SUMMARY
I230828 19:56:39.089448 16 storage/engine/rocksdb.go:120  SST files in /cockroach/cockroach-data/cockroach-temp860882100 dir, Total Num: 0, files: 
I230828 19:56:39.089519 16 storage/engine/rocksdb.go:120  Write Ahead Log file in /cockroach/cockroach-data/cockroach-temp860882100: 
I230828 19:56:39.089604 16 storage/engine/rocksdb.go:120                          Options.error_if_exists: 0
I230828 19:56:39.089638 16 storage/engine/rocksdb.go:120                        Options.create_if_missing: 1
I230828 19:56:39.089669 16 storage/engine/rocksdb.go:120                          Options.paranoid_checks: 1
I230828 19:56:39.089768 16 storage/engine/rocksdb.go:120                                      Options.env: 0x75591e0
I230828 19:56:39.089799 16 storage/engine/rocksdb.go:120                                 Options.info_log: 0x400cc19140
I230828 19:56:39.089830 16 storage/engine/rocksdb.go:120                 Options.max_file_opening_threads: 16
I230828 19:56:39.089860 16 storage/engine/rocksdb.go:120                               Options.statistics: 0x400cc29010
I230828 19:56:39.089890 16 storage/engine/rocksdb.go:120                                Options.use_fsync: 0
I230828 19:56:39.089933 16 storage/engine/rocksdb.go:120                        Options.max_log_file_size: 0
I230828 19:56:39.089963 16 storage/engine/rocksdb.go:120                   Options.max_manifest_file_size: 134217728
I230828 19:56:39.089991 16 storage/engine/rocksdb.go:120                    Options.log_file_time_to_roll: 0
I230828 19:56:39.090020 16 storage/engine/rocksdb.go:120                        Options.keep_log_file_num: 1000
I230828 19:56:39.090048 16 storage/engine/rocksdb.go:120                     Options.recycle_log_file_num: 1
I230828 19:56:39.090077 16 storage/engine/rocksdb.go:120                          Options.allow_fallocate: 1
I230828 19:56:39.090105 16 storage/engine/rocksdb.go:120                         Options.allow_mmap_reads: 0
I230828 19:56:39.090134 16 storage/engine/rocksdb.go:120                        Options.allow_mmap_writes: 0
I230828 19:56:39.090162 16 storage/engine/rocksdb.go:120                         Options.use_direct_reads: 0
I230828 19:56:39.090227 16 storage/engine/rocksdb.go:120                         Options.use_direct_io_for_flush_and_compaction: 0
I230828 19:56:39.090257 16 storage/engine/rocksdb.go:120           Options.create_missing_column_families: 0
I230828 19:56:39.090289 16 storage/engine/rocksdb.go:120                               Options.db_log_dir: 
I230828 19:56:39.090324 16 storage/engine/rocksdb.go:120                                  Options.wal_dir: /cockroach/cockroach-data/cockroach-temp860882100
I230828 19:56:39.090359 16 storage/engine/rocksdb.go:120                 Options.table_cache_numshardbits: 6
I230828 19:56:39.090388 16 storage/engine/rocksdb.go:120                       Options.max_subcompactions: 1
I230828 19:56:39.090431 16 storage/engine/rocksdb.go:120                   Options.max_background_flushes: -1
I230828 19:56:39.090460 16 storage/engine/rocksdb.go:120                          Options.WAL_ttl_seconds: 0
I230828 19:56:39.090489 16 storage/engine/rocksdb.go:120                        Options.WAL_size_limit_MB: 0
I230828 19:56:39.090516 16 storage/engine/rocksdb.go:120              Options.manifest_preallocation_size: 4194304
I230828 19:56:39.090555 16 storage/engine/rocksdb.go:120                      Options.is_fd_close_on_exec: 1
I230828 19:56:39.090583 16 storage/engine/rocksdb.go:120                    Options.advise_random_on_open: 1
I230828 19:56:39.090611 16 storage/engine/rocksdb.go:120                     Options.db_write_buffer_size: 0
I230828 19:56:39.090639 16 storage/engine/rocksdb.go:120                     Options.write_buffer_manager: 0x400cc91030
I230828 19:56:39.090667 16 storage/engine/rocksdb.go:120          Options.access_hint_on_compaction_start: 1
I230828 19:56:39.090695 16 storage/engine/rocksdb.go:120   Options.new_table_reader_for_compaction_inputs: 0
I230828 19:56:39.090724 16 storage/engine/rocksdb.go:120            Options.random_access_max_buffer_size: 1048576
I230828 19:56:39.090754 16 storage/engine/rocksdb.go:120                       Options.use_adaptive_mutex: 0
I230828 19:56:39.090830 16 storage/engine/rocksdb.go:120                             Options.rate_limiter: (nil)
I230828 19:56:39.090905 16 storage/engine/rocksdb.go:120      Options.sst_file_manager.rate_bytes_per_sec: 0
I230828 19:56:39.090938 16 storage/engine/rocksdb.go:120                        Options.wal_recovery_mode: 0
I230828 19:56:39.090968 16 storage/engine/rocksdb.go:120                   Options.enable_thread_tracking: 0
I230828 19:56:39.090998 16 storage/engine/rocksdb.go:120                   Options.enable_pipelined_write: 0
I230828 19:56:39.091026 16 storage/engine/rocksdb.go:120          Options.allow_concurrent_memtable_write: 1
I230828 19:56:39.091054 16 storage/engine/rocksdb.go:120       Options.enable_write_thread_adaptive_yield: 1
I230828 19:56:39.091082 16 storage/engine/rocksdb.go:120              Options.write_thread_max_yield_usec: 100
I230828 19:56:39.091110 16 storage/engine/rocksdb.go:120             Options.write_thread_slow_yield_usec: 3
I230828 19:56:39.091139 16 storage/engine/rocksdb.go:120                                Options.row_cache: None
I230828 19:56:39.091172 16 storage/engine/rocksdb.go:120                               Options.wal_filter: None
I230828 19:56:39.091200 16 storage/engine/rocksdb.go:120              Options.avoid_flush_during_recovery: 0
I230828 19:56:39.091227 16 storage/engine/rocksdb.go:120              Options.allow_ingest_behind: 0
I230828 19:56:39.091254 16 storage/engine/rocksdb.go:120              Options.preserve_deletes: 0
I230828 19:56:39.091281 16 storage/engine/rocksdb.go:120              Options.two_write_queues: 0
I230828 19:56:39.091308 16 storage/engine/rocksdb.go:120              Options.manual_wal_flush: 1
I230828 19:56:39.091335 16 storage/engine/rocksdb.go:120              Options.atomic_flush: 0
I230828 19:56:39.091363 16 storage/engine/rocksdb.go:120              Options.avoid_unnecessary_blocking_io: 0
I230828 19:56:39.091395 16 storage/engine/rocksdb.go:120              Options.max_background_jobs: 4
I230828 19:56:39.091432 16 storage/engine/rocksdb.go:120              Options.max_background_compactions: -1
I230828 19:56:39.091460 16 storage/engine/rocksdb.go:120              Options.avoid_flush_during_shutdown: 0
I230828 19:56:39.091488 16 storage/engine/rocksdb.go:120            Options.writable_file_max_buffer_size: 1048576
I230828 19:56:39.091516 16 storage/engine/rocksdb.go:120              Options.delayed_write_rate : 16777216
I230828 19:56:39.091552 16 storage/engine/rocksdb.go:120              Options.max_total_wal_size: 0
I230828 19:56:39.091581 16 storage/engine/rocksdb.go:120              Options.delete_obsolete_files_period_micros: 21600000000
I230828 19:56:39.091610 16 storage/engine/rocksdb.go:120                    Options.stats_dump_period_sec: 0
I230828 19:56:39.091638 16 storage/engine/rocksdb.go:120                  Options.stats_persist_period_sec: 600
I230828 19:56:39.091676 16 storage/engine/rocksdb.go:120                  Options.stats_history_buffer_size: 1048576
I230828 19:56:39.091706 16 storage/engine/rocksdb.go:120                           Options.max_open_files: 128
I230828 19:56:39.091736 16 storage/engine/rocksdb.go:120                           Options.bytes_per_sync: 524288
I230828 19:56:39.091765 16 storage/engine/rocksdb.go:120                       Options.wal_bytes_per_sync: 0
I230828 19:56:39.091796 16 storage/engine/rocksdb.go:120                    Options.strict_bytes_per_sync: 1
I230828 19:56:39.091827 16 storage/engine/rocksdb.go:120        Options.compaction_readahead_size: 0
I230828 19:56:39.091856 16 storage/engine/rocksdb.go:120  Compression algorithms supported:
I230828 19:56:39.091909 16 storage/engine/rocksdb.go:120  	kZSTDNotFinalCompression supported: 0
I230828 19:56:39.091946 16 storage/engine/rocksdb.go:120  	kZSTD supported: 0
I230828 19:56:39.091971 16 storage/engine/rocksdb.go:120  	kXpressCompression supported: 0
I230828 19:56:39.091995 16 storage/engine/rocksdb.go:120  	kLZ4HCCompression supported: 0
I230828 19:56:39.092018 16 storage/engine/rocksdb.go:120  	kLZ4Compression supported: 0
I230828 19:56:39.092041 16 storage/engine/rocksdb.go:120  	kBZip2Compression supported: 0
I230828 19:56:39.092065 16 storage/engine/rocksdb.go:120  	kZlibCompression supported: 0
I230828 19:56:39.092088 16 storage/engine/rocksdb.go:120  	kSnappyCompression supported: 1
I230828 19:56:39.092239 16 storage/engine/rocksdb.go:120  Fast CRC32 supported: Supported on x86
I230828 19:56:39.093609 16 storage/engine/rocksdb.go:120  [db/db_impl_open.cc:242] Creating manifest 1 
I230828 19:56:39.101000 16 storage/engine/rocksdb.go:120  [db/version_set.cc:4072] Recovering from manifest file: /cockroach/cockroach-data/cockroach-temp860882100/MANIFEST-000001
I230828 19:56:39.105919 16 storage/engine/rocksdb.go:120  [db/column_family.cc:488] --------------- Options for column family [default]:
I230828 19:56:39.106004 16 storage/engine/rocksdb.go:120                Options.comparator: cockroach_comparator
I230828 19:56:39.106057 16 storage/engine/rocksdb.go:120            Options.merge_operator: cockroach_merge_operator
I230828 19:56:39.106091 16 storage/engine/rocksdb.go:120         Options.compaction_filter: None
I230828 19:56:39.106123 16 storage/engine/rocksdb.go:120         Options.compaction_filter_factory: None
I230828 19:56:39.106155 16 storage/engine/rocksdb.go:120          Options.memtable_factory: SkipListFactory
I230828 19:56:39.106195 16 storage/engine/rocksdb.go:120             Options.table_factory: BlockBasedTable
I230828 19:56:39.108011 16 storage/engine/rocksdb.go:120             table_factory options:   flush_block_policy_factory: FlushBlockBySizePolicyFactory (0x400cc1d030)
  cache_index_and_filter_blocks: 0
  cache_index_and_filter_blocks_with_high_priority: 0
  pin_l0_filter_and_index_blocks_in_cache: 0
  pin_top_level_index_and_filter: 1
  index_type: 0
  data_block_index_type: 0
  index_shortening: 1
  data_block_hash_table_util_ratio: 0.750000
  hash_index_allow_collision: 1
  checksum: 1
  no_block_cache: 0
  block_cache: 0x400cc0e010
  block_cache_name: LRUCache
  block_cache_options:
    capacity : 1048576
    num_shard_bits : 4
    strict_capacity_limit : 0
    memory_allocator : None
    high_pri_pool_ratio: 0.000
  block_cache_compressed: (nil)
  persistent_cache: (nil)
  block_size: 32768
  block_size_deviation: 10
  block_restart_interval: 16
  index_block_restart_interval: 1
  metadata_block_size: 4096
  partition_filters: 0
  use_delta_encoding: 1
  filter_policy: rocksdb.BuiltinBloomFilter
  whole_key_filtering: 0
  verify_compression: 0
  read_amp_bytes_per_bit: 0
  format_version: 2
  enable_index_compression: 1
  block_align: 0
I230828 19:56:39.108071 16 storage/engine/rocksdb.go:120         Options.write_buffer_size: 67108864
I230828 19:56:39.108113 16 storage/engine/rocksdb.go:120   Options.max_write_buffer_number: 4
I230828 19:56:39.108170 16 storage/engine/rocksdb.go:120           Options.compression: Snappy
I230828 19:56:39.108210 16 storage/engine/rocksdb.go:120                   Options.bottommost_compression: Disabled
I230828 19:56:39.108256 16 storage/engine/rocksdb.go:120        Options.prefix_extractor: cockroach_prefix_extractor
I230828 19:56:39.108291 16 storage/engine/rocksdb.go:120    Options.memtable_insert_with_hint_prefix_extractor: nullptr
I230828 19:56:39.108322 16 storage/engine/rocksdb.go:120              Options.num_levels: 7
I230828 19:56:39.108352 16 storage/engine/rocksdb.go:120         Options.min_write_buffer_number_to_merge: 1
I230828 19:56:39.108382 16 storage/engine/rocksdb.go:120      Options.max_write_buffer_number_to_maintain: 0
I230828 19:56:39.108412 16 storage/engine/rocksdb.go:120             Options.bottommost_compression_opts.window_bits: -14
I230828 19:56:39.108442 16 storage/engine/rocksdb.go:120                   Options.bottommost_compression_opts.level: 32767
I230828 19:56:39.108471 16 storage/engine/rocksdb.go:120                Options.bottommost_compression_opts.strategy: 0
I230828 19:56:39.108501 16 storage/engine/rocksdb.go:120          Options.bottommost_compression_opts.max_dict_bytes: 0
I230828 19:56:39.108553 16 storage/engine/rocksdb.go:120          Options.bottommost_compression_opts.zstd_max_train_bytes: 0
I230828 19:56:39.108588 16 storage/engine/rocksdb.go:120                   Options.bottommost_compression_opts.enabled: false
I230828 19:56:39.108618 16 storage/engine/rocksdb.go:120             Options.compression_opts.window_bits: -14
I230828 19:56:39.108647 16 storage/engine/rocksdb.go:120                   Options.compression_opts.level: 32767
I230828 19:56:39.108677 16 storage/engine/rocksdb.go:120                Options.compression_opts.strategy: 0
I230828 19:56:39.108707 16 storage/engine/rocksdb.go:120          Options.compression_opts.max_dict_bytes: 0
I230828 19:56:39.108737 16 storage/engine/rocksdb.go:120          Options.compression_opts.zstd_max_train_bytes: 0
I230828 19:56:39.108801 16 storage/engine/rocksdb.go:120                   Options.compression_opts.enabled: false
I230828 19:56:39.108837 16 storage/engine/rocksdb.go:120       Options.level0_file_num_compaction_trigger: 2
I230828 19:56:39.108870 16 storage/engine/rocksdb.go:120           Options.level0_slowdown_writes_trigger: 950
I230828 19:56:39.108904 16 storage/engine/rocksdb.go:120               Options.level0_stop_writes_trigger: 1000
I230828 19:56:39.108934 16 storage/engine/rocksdb.go:120                    Options.target_file_size_base: 4194304
I230828 19:56:39.108965 16 storage/engine/rocksdb.go:120              Options.target_file_size_multiplier: 2
I230828 19:56:39.108995 16 storage/engine/rocksdb.go:120                 Options.max_bytes_for_level_base: 67108864
I230828 19:56:39.109026 16 storage/engine/rocksdb.go:120  Options.level_compaction_dynamic_level_bytes: 1
I230828 19:56:39.109314 16 storage/engine/rocksdb.go:120           Options.max_bytes_for_level_multiplier: 10.000000
I230828 19:56:39.109354 16 storage/engine/rocksdb.go:120  Options.max_bytes_for_level_multiplier_addtl[0]: 1
I230828 19:56:39.109391 16 storage/engine/rocksdb.go:120  Options.max_bytes_for_level_multiplier_addtl[1]: 1
I230828 19:56:39.109418 16 storage/engine/rocksdb.go:120  Options.max_bytes_for_level_multiplier_addtl[2]: 1
I230828 19:56:39.109443 16 storage/engine/rocksdb.go:120  Options.max_bytes_for_level_multiplier_addtl[3]: 1
I230828 19:56:39.109468 16 storage/engine/rocksdb.go:120  Options.max_bytes_for_level_multiplier_addtl[4]: 1
I230828 19:56:39.109493 16 storage/engine/rocksdb.go:120  Options.max_bytes_for_level_multiplier_addtl[5]: 1
I230828 19:56:39.109521 16 storage/engine/rocksdb.go:120  Options.max_bytes_for_level_multiplier_addtl[6]: 1
I230828 19:56:39.109569 16 storage/engine/rocksdb.go:120        Options.max_sequential_skip_in_iterations: 8
I230828 19:56:39.109606 16 storage/engine/rocksdb.go:120                     Options.max_compaction_bytes: 104857600
I230828 19:56:39.109637 16 storage/engine/rocksdb.go:120                         Options.arena_block_size: 8388608
I230828 19:56:39.109666 16 storage/engine/rocksdb.go:120    Options.soft_pending_compaction_bytes_limit: 2199023255552
I230828 19:56:39.109696 16 storage/engine/rocksdb.go:120    Options.hard_pending_compaction_bytes_limit: 4400193994752
I230828 19:56:39.109724 16 storage/engine/rocksdb.go:120        Options.rate_limit_delay_max_milliseconds: 100
I230828 19:56:39.109754 16 storage/engine/rocksdb.go:120                 Options.disable_auto_compactions: 0
I230828 19:56:39.109818 16 storage/engine/rocksdb.go:120                         Options.compaction_style: kCompactionStyleLevel
I230828 19:56:39.109880 16 storage/engine/rocksdb.go:120                           Options.compaction_pri: kMinOverlappingRatio
I230828 19:56:39.109910 16 storage/engine/rocksdb.go:120  Options.compaction_options_universal.size_ratio: 1
I230828 19:56:39.109939 16 storage/engine/rocksdb.go:120  Options.compaction_options_universal.min_merge_width: 2
I230828 19:56:39.109968 16 storage/engine/rocksdb.go:120  Options.compaction_options_universal.max_merge_width: 4294967295
I230828 19:56:39.109998 16 storage/engine/rocksdb.go:120  Options.compaction_options_universal.max_size_amplification_percent: 200
I230828 19:56:39.110027 16 storage/engine/rocksdb.go:120  Options.compaction_options_universal.compression_size_percent: -1
I230828 19:56:39.110083 16 storage/engine/rocksdb.go:120  Options.compaction_options_universal.stop_style: kCompactionStopStyleTotalSize
I230828 19:56:39.110113 16 storage/engine/rocksdb.go:120  Options.compaction_options_fifo.max_table_files_size: 1073741824
I230828 19:56:39.110142 16 storage/engine/rocksdb.go:120  Options.compaction_options_fifo.allow_compaction: 0
I230828 19:56:39.110222 16 storage/engine/rocksdb.go:120                    Options.table_properties_collectors: TimeBoundTblPropCollectorFactory; DeleteRangeTblPropCollectorFactory; 
I230828 19:56:39.110261 16 storage/engine/rocksdb.go:120                    Options.inplace_update_support: 0
I230828 19:56:39.110291 16 storage/engine/rocksdb.go:120                  Options.inplace_update_num_locks: 10000
I230828 19:56:39.110326 16 storage/engine/rocksdb.go:120                Options.memtable_prefix_bloom_size_ratio: 0.000000
I230828 19:56:39.110355 16 storage/engine/rocksdb.go:120                Options.memtable_whole_key_filtering: 0
I230828 19:56:39.110384 16 storage/engine/rocksdb.go:120    Options.memtable_huge_page_size: 0
I230828 19:56:39.110413 16 storage/engine/rocksdb.go:120                            Options.bloom_locality: 0
I230828 19:56:39.110442 16 storage/engine/rocksdb.go:120                     Options.max_successive_merges: 0
I230828 19:56:39.110471 16 storage/engine/rocksdb.go:120                 Options.optimize_filters_for_hits: 1
I230828 19:56:39.110499 16 storage/engine/rocksdb.go:120                 Options.paranoid_file_checks: 0
I230828 19:56:39.110528 16 storage/engine/rocksdb.go:120                 Options.force_consistency_checks: 0
I230828 19:56:39.110567 16 storage/engine/rocksdb.go:120                 Options.report_bg_io_stats: 0
I230828 19:56:39.110596 16 storage/engine/rocksdb.go:120                                Options.ttl: 0
I230828 19:56:39.110642 16 storage/engine/rocksdb.go:120           Options.periodic_compaction_seconds: 0
I230828 19:56:39.119377 16 storage/engine/rocksdb.go:120  [db/version_set.cc:4286] Recovered from manifest file:/cockroach/cockroach-data/cockroach-temp860882100/MANIFEST-000001 succeeded,manifest_file_number is 1, next_file_number is 3, last_sequence is 0, log_number is 0,prev_log_number is 0,max_column_family is 0,min_log_number_to_keep is 0
I230828 19:56:39.119528 16 storage/engine/rocksdb.go:120  [db/version_set.cc:4295] Column family [default] (ID 0), log number is 0
I230828 19:56:39.153162 16 storage/engine/rocksdb.go:120  DB pointer 0x400cc99000
I230828 19:56:39.245838 16 storage/engine/rocksdb.go:120  RocksDB version: 6.2.1
I230828 19:56:39.245891 16 storage/engine/rocksdb.go:120  Git sha rocksdb_build_git_sha:@b7009236531fa784872f4823eabf393501e41bf2@
I230828 19:56:39.245920 16 storage/engine/rocksdb.go:120  Compile date Dec 11 2019
I230828 19:56:39.245946 16 storage/engine/rocksdb.go:120  DB SUMMARY
I230828 19:56:39.247154 16 storage/engine/rocksdb.go:120  CURRENT file:  CURRENT
I230828 19:56:39.247196 16 storage/engine/rocksdb.go:120  IDENTITY file:  IDENTITY
I230828 19:56:39.247432 16 storage/engine/rocksdb.go:120  MANIFEST file:  MANIFEST-000125 size: 12450 Bytes
I230828 19:56:39.247483 16 storage/engine/rocksdb.go:120  SST files in /cockroach/cockroach-data dir, Total Num: 6, files: 000269.sst 000270.sst 000271.sst 000272.sst 000273.sst 000274.sst 
I230828 19:56:39.247515 16 storage/engine/rocksdb.go:120  Write Ahead Log file in /cockroach/cockroach-data: 000265.log size: 59739958 ; 000267.log size: 59732529 ; 
I230828 19:56:39.247565 16 storage/engine/rocksdb.go:120                          Options.error_if_exists: 0
I230828 19:56:39.247592 16 storage/engine/rocksdb.go:120                        Options.create_if_missing: 1
I230828 19:56:39.247617 16 storage/engine/rocksdb.go:120                          Options.paranoid_checks: 1
I230828 19:56:39.247645 16 storage/engine/rocksdb.go:120                                      Options.env: 0x75591e0
I230828 19:56:39.247669 16 storage/engine/rocksdb.go:120                                 Options.info_log: 0x4002287f00
I230828 19:56:39.247693 16 storage/engine/rocksdb.go:120                 Options.max_file_opening_threads: 16
I230828 19:56:39.247716 16 storage/engine/rocksdb.go:120                               Options.statistics: 0x400221d8d0
I230828 19:56:39.247742 16 storage/engine/rocksdb.go:120                                Options.use_fsync: 0
I230828 19:56:39.247766 16 storage/engine/rocksdb.go:120                        Options.max_log_file_size: 0
I230828 19:56:39.247790 16 storage/engine/rocksdb.go:120                   Options.max_manifest_file_size: 134217728
I230828 19:56:39.247813 16 storage/engine/rocksdb.go:120                    Options.log_file_time_to_roll: 0
I230828 19:56:39.247836 16 storage/engine/rocksdb.go:120                        Options.keep_log_file_num: 1000
I230828 19:56:39.247859 16 storage/engine/rocksdb.go:120                     Options.recycle_log_file_num: 1
I230828 19:56:39.247883 16 storage/engine/rocksdb.go:120                          Options.allow_fallocate: 1
I230828 19:56:39.247907 16 storage/engine/rocksdb.go:120                         Options.allow_mmap_reads: 0
I230828 19:56:39.247931 16 storage/engine/rocksdb.go:120                        Options.allow_mmap_writes: 0
I230828 19:56:39.247956 16 storage/engine/rocksdb.go:120                         Options.use_direct_reads: 0
I230828 19:56:39.247980 16 storage/engine/rocksdb.go:120                         Options.use_direct_io_for_flush_and_compaction: 0
I230828 19:56:39.248004 16 storage/engine/rocksdb.go:120           Options.create_missing_column_families: 0
I230828 19:56:39.248031 16 storage/engine/rocksdb.go:120                               Options.db_log_dir: 
I230828 19:56:39.248055 16 storage/engine/rocksdb.go:120                                  Options.wal_dir: /cockroach/cockroach-data
I230828 19:56:39.248080 16 storage/engine/rocksdb.go:120                 Options.table_cache_numshardbits: 6
I230828 19:56:39.248105 16 storage/engine/rocksdb.go:120                       Options.max_subcompactions: 1
I230828 19:56:39.248130 16 storage/engine/rocksdb.go:120                   Options.max_background_flushes: -1
I230828 19:56:39.248155 16 storage/engine/rocksdb.go:120                          Options.WAL_ttl_seconds: 0
I230828 19:56:39.248180 16 storage/engine/rocksdb.go:120                        Options.WAL_size_limit_MB: 0
I230828 19:56:39.248205 16 storage/engine/rocksdb.go:120              Options.manifest_preallocation_size: 4194304
I230828 19:56:39.248229 16 storage/engine/rocksdb.go:120                      Options.is_fd_close_on_exec: 1
I230828 19:56:39.248253 16 storage/engine/rocksdb.go:120                    Options.advise_random_on_open: 1
I230828 19:56:39.248276 16 storage/engine/rocksdb.go:120                     Options.db_write_buffer_size: 0
I230828 19:56:39.248300 16 storage/engine/rocksdb.go:120                     Options.write_buffer_manager: 0x4002260ce0
I230828 19:56:39.248327 16 storage/engine/rocksdb.go:120          Options.access_hint_on_compaction_start: 1
I230828 19:56:39.248351 16 storage/engine/rocksdb.go:120   Options.new_table_reader_for_compaction_inputs: 0
I230828 19:56:39.248376 16 storage/engine/rocksdb.go:120            Options.random_access_max_buffer_size: 1048576
I230828 19:56:39.248402 16 storage/engine/rocksdb.go:120                       Options.use_adaptive_mutex: 0
I230828 19:56:39.248429 16 storage/engine/rocksdb.go:120                             Options.rate_limiter: (nil)
I230828 19:56:39.248455 16 storage/engine/rocksdb.go:120      Options.sst_file_manager.rate_bytes_per_sec: 0
I230828 19:56:39.248479 16 storage/engine/rocksdb.go:120                        Options.wal_recovery_mode: 0
I230828 19:56:39.248505 16 storage/engine/rocksdb.go:120                   Options.enable_thread_tracking: 0
I230828 19:56:39.248531 16 storage/engine/rocksdb.go:120                   Options.enable_pipelined_write: 0
I230828 19:56:39.248564 16 storage/engine/rocksdb.go:120          Options.allow_concurrent_memtable_write: 1
I230828 19:56:39.248588 16 storage/engine/rocksdb.go:120       Options.enable_write_thread_adaptive_yield: 1
I230828 19:56:39.248614 16 storage/engine/rocksdb.go:120              Options.write_thread_max_yield_usec: 100
I230828 19:56:39.248639 16 storage/engine/rocksdb.go:120             Options.write_thread_slow_yield_usec: 3
I230828 19:56:39.248662 16 storage/engine/rocksdb.go:120                                Options.row_cache: None
I230828 19:56:39.248688 16 storage/engine/rocksdb.go:120                               Options.wal_filter: None
I230828 19:56:39.248712 16 storage/engine/rocksdb.go:120              Options.avoid_flush_during_recovery: 0
I230828 19:56:39.248736 16 storage/engine/rocksdb.go:120              Options.allow_ingest_behind: 0
I230828 19:56:39.248759 16 storage/engine/rocksdb.go:120              Options.preserve_deletes: 0
I230828 19:56:39.248782 16 storage/engine/rocksdb.go:120              Options.two_write_queues: 0
I230828 19:56:39.248806 16 storage/engine/rocksdb.go:120              Options.manual_wal_flush: 1
I230828 19:56:39.248829 16 storage/engine/rocksdb.go:120              Options.atomic_flush: 0
I230828 19:56:39.248853 16 storage/engine/rocksdb.go:120              Options.avoid_unnecessary_blocking_io: 0
I230828 19:56:39.248878 16 storage/engine/rocksdb.go:120              Options.max_background_jobs: 4
I230828 19:56:39.248902 16 storage/engine/rocksdb.go:120              Options.max_background_compactions: -1
I230828 19:56:39.248926 16 storage/engine/rocksdb.go:120              Options.avoid_flush_during_shutdown: 0
I230828 19:56:39.248950 16 storage/engine/rocksdb.go:120            Options.writable_file_max_buffer_size: 1048576
I230828 19:56:39.248974 16 storage/engine/rocksdb.go:120              Options.delayed_write_rate : 16777216
I230828 19:56:39.248998 16 storage/engine/rocksdb.go:120              Options.max_total_wal_size: 0
I230828 19:56:39.249022 16 storage/engine/rocksdb.go:120              Options.delete_obsolete_files_period_micros: 21600000000
I230828 19:56:39.249046 16 storage/engine/rocksdb.go:120                    Options.stats_dump_period_sec: 0
I230828 19:56:39.249071 16 storage/engine/rocksdb.go:120                  Options.stats_persist_period_sec: 600
I230828 19:56:39.249095 16 storage/engine/rocksdb.go:120                  Options.stats_history_buffer_size: 1048576
I230828 19:56:39.249118 16 storage/engine/rocksdb.go:120                           Options.max_open_files: 1043576
I230828 19:56:39.249143 16 storage/engine/rocksdb.go:120                           Options.bytes_per_sync: 524288
I230828 19:56:39.249167 16 storage/engine/rocksdb.go:120                       Options.wal_bytes_per_sync: 0
I230828 19:56:39.249191 16 storage/engine/rocksdb.go:120                    Options.strict_bytes_per_sync: 1
I230828 19:56:39.249215 16 storage/engine/rocksdb.go:120        Options.compaction_readahead_size: 0
I230828 19:56:39.249238 16 storage/engine/rocksdb.go:120  Compression algorithms supported:
I230828 19:56:39.249263 16 storage/engine/rocksdb.go:120  	kZSTDNotFinalCompression supported: 0
I230828 19:56:39.249287 16 storage/engine/rocksdb.go:120  	kZSTD supported: 0
I230828 19:56:39.249310 16 storage/engine/rocksdb.go:120  	kXpressCompression supported: 0
I230828 19:56:39.249334 16 storage/engine/rocksdb.go:120  	kLZ4HCCompression supported: 0
I230828 19:56:39.249358 16 storage/engine/rocksdb.go:120  	kLZ4Compression supported: 0
I230828 19:56:39.249382 16 storage/engine/rocksdb.go:120  	kBZip2Compression supported: 0
I230828 19:56:39.249406 16 storage/engine/rocksdb.go:120  	kZlibCompression supported: 0
I230828 19:56:39.249430 16 storage/engine/rocksdb.go:120  	kSnappyCompression supported: 1
I230828 19:56:39.249466 16 storage/engine/rocksdb.go:120  Fast CRC32 supported: Supported on x86
I230828 19:56:39.250514 16 storage/engine/rocksdb.go:120  [db/version_set.cc:4072] Recovering from manifest file: /cockroach/cockroach-data/MANIFEST-000125
I230828 19:56:39.250793 16 storage/engine/rocksdb.go:120  [db/column_family.cc:488] --------------- Options for column family [default]:
I230828 19:56:39.250824 16 storage/engine/rocksdb.go:120                Options.comparator: cockroach_comparator
I230828 19:56:39.250850 16 storage/engine/rocksdb.go:120            Options.merge_operator: cockroach_merge_operator
I230828 19:56:39.250874 16 storage/engine/rocksdb.go:120         Options.compaction_filter: None
I230828 19:56:39.250899 16 storage/engine/rocksdb.go:120         Options.compaction_filter_factory: None
I230828 19:56:39.250923 16 storage/engine/rocksdb.go:120          Options.memtable_factory: SkipListFactory
I230828 19:56:39.250946 16 storage/engine/rocksdb.go:120             Options.table_factory: BlockBasedTable
I230828 19:56:39.251084 16 storage/engine/rocksdb.go:120             table_factory options:   flush_block_policy_factory: FlushBlockBySizePolicyFactory (0x4002224038)
  cache_index_and_filter_blocks: 0
  cache_index_and_filter_blocks_with_high_priority: 0
  pin_l0_filter_and_index_blocks_in_cache: 0
  pin_top_level_index_and_filter: 1
  index_type: 0
  data_block_index_type: 0
  index_shortening: 1
  data_block_hash_table_util_ratio: 0.750000
  hash_index_allow_collision: 1
  checksum: 1
  no_block_cache: 0
  block_cache: 0x400224b210
  block_cache_name: LRUCache
  block_cache_options:
    capacity : 67108864
    num_shard_bits : 4
    strict_capacity_limit : 0
    memory_allocator : None
    high_pri_pool_ratio: 0.000
  block_cache_compressed: (nil)
  persistent_cache: (nil)
  block_size: 32768
  block_size_deviation: 10
  block_restart_interval: 16
  index_block_restart_interval: 1
  metadata_block_size: 4096
  partition_filters: 0
  use_delta_encoding: 1
  filter_policy: rocksdb.BuiltinBloomFilter
  whole_key_filtering: 0
  verify_compression: 0
  read_amp_bytes_per_bit: 0
  format_version: 2
  enable_index_compression: 1
  block_align: 0
I230828 19:56:39.251116 16 storage/engine/rocksdb.go:120         Options.write_buffer_size: 67108864
I230828 19:56:39.251145 16 storage/engine/rocksdb.go:120   Options.max_write_buffer_number: 4
I230828 19:56:39.251169 16 storage/engine/rocksdb.go:120           Options.compression: Snappy
I230828 19:56:39.251192 16 storage/engine/rocksdb.go:120                   Options.bottommost_compression: Disabled
I230828 19:56:39.251215 16 storage/engine/rocksdb.go:120        Options.prefix_extractor: cockroach_prefix_extractor
I230828 19:56:39.251238 16 storage/engine/rocksdb.go:120    Options.memtable_insert_with_hint_prefix_extractor: nullptr
I230828 19:56:39.251261 16 storage/engine/rocksdb.go:120              Options.num_levels: 7
I230828 19:56:39.251284 16 storage/engine/rocksdb.go:120         Options.min_write_buffer_number_to_merge: 1
I230828 19:56:39.251307 16 storage/engine/rocksdb.go:120      Options.max_write_buffer_number_to_maintain: 0
I230828 19:56:39.251330 16 storage/engine/rocksdb.go:120             Options.bottommost_compression_opts.window_bits: -14
I230828 19:56:39.251354 16 storage/engine/rocksdb.go:120                   Options.bottommost_compression_opts.level: 32767
I230828 19:56:39.251377 16 storage/engine/rocksdb.go:120                Options.bottommost_compression_opts.strategy: 0
I230828 19:56:39.251400 16 storage/engine/rocksdb.go:120          Options.bottommost_compression_opts.max_dict_bytes: 0
I230828 19:56:39.251423 16 storage/engine/rocksdb.go:120          Options.bottommost_compression_opts.zstd_max_train_bytes: 0
I230828 19:56:39.251446 16 storage/engine/rocksdb.go:120                   Options.bottommost_compression_opts.enabled: false
I230828 19:56:39.251469 16 storage/engine/rocksdb.go:120             Options.compression_opts.window_bits: -14
I230828 19:56:39.251493 16 storage/engine/rocksdb.go:120                   Options.compression_opts.level: 32767
I230828 19:56:39.251517 16 storage/engine/rocksdb.go:120                Options.compression_opts.strategy: 0
I230828 19:56:39.251555 16 storage/engine/rocksdb.go:120          Options.compression_opts.max_dict_bytes: 0
I230828 19:56:39.251580 16 storage/engine/rocksdb.go:120          Options.compression_opts.zstd_max_train_bytes: 0
I230828 19:56:39.251604 16 storage/engine/rocksdb.go:120                   Options.compression_opts.enabled: false
I230828 19:56:39.251630 16 storage/engine/rocksdb.go:120       Options.level0_file_num_compaction_trigger: 2
I230828 19:56:39.251665 16 storage/engine/rocksdb.go:120           Options.level0_slowdown_writes_trigger: 950
I230828 19:56:39.251694 16 storage/engine/rocksdb.go:120               Options.level0_stop_writes_trigger: 1000
I230828 19:56:39.251718 16 storage/engine/rocksdb.go:120                    Options.target_file_size_base: 4194304
I230828 19:56:39.251741 16 storage/engine/rocksdb.go:120              Options.target_file_size_multiplier: 2
I230828 19:56:39.251765 16 storage/engine/rocksdb.go:120                 Options.max_bytes_for_level_base: 67108864
I230828 19:56:39.251789 16 storage/engine/rocksdb.go:120  Options.level_compaction_dynamic_level_bytes: 1
I230828 19:56:39.251821 16 storage/engine/rocksdb.go:120           Options.max_bytes_for_level_multiplier: 10.000000
I230828 19:56:39.251845 16 storage/engine/rocksdb.go:120  Options.max_bytes_for_level_multiplier_addtl[0]: 1
I230828 19:56:39.251868 16 storage/engine/rocksdb.go:120  Options.max_bytes_for_level_multiplier_addtl[1]: 1
I230828 19:56:39.251891 16 storage/engine/rocksdb.go:120  Options.max_bytes_for_level_multiplier_addtl[2]: 1
I230828 19:56:39.251914 16 storage/engine/rocksdb.go:120  Options.max_bytes_for_level_multiplier_addtl[3]: 1
I230828 19:56:39.251938 16 storage/engine/rocksdb.go:120  Options.max_bytes_for_level_multiplier_addtl[4]: 1
I230828 19:56:39.251962 16 storage/engine/rocksdb.go:120  Options.max_bytes_for_level_multiplier_addtl[5]: 1
I230828 19:56:39.251986 16 storage/engine/rocksdb.go:120  Options.max_bytes_for_level_multiplier_addtl[6]: 1
I230828 19:56:39.252058 16 storage/engine/rocksdb.go:120        Options.max_sequential_skip_in_iterations: 8
I230828 19:56:39.252084 16 storage/engine/rocksdb.go:120                     Options.max_compaction_bytes: 104857600
I230828 19:56:39.252108 16 storage/engine/rocksdb.go:120                         Options.arena_block_size: 8388608
I230828 19:56:39.252131 16 storage/engine/rocksdb.go:120    Options.soft_pending_compaction_bytes_limit: 2199023255552
I230828 19:56:39.252155 16 storage/engine/rocksdb.go:120    Options.hard_pending_compaction_bytes_limit: 4400193994752
I230828 19:56:39.252179 16 storage/engine/rocksdb.go:120        Options.rate_limit_delay_max_milliseconds: 100
I230828 19:56:39.252202 16 storage/engine/rocksdb.go:120                 Options.disable_auto_compactions: 0
I230828 19:56:39.252230 16 storage/engine/rocksdb.go:120                         Options.compaction_style: kCompactionStyleLevel
I230828 19:56:39.252256 16 storage/engine/rocksdb.go:120                           Options.compaction_pri: kMinOverlappingRatio
I230828 19:56:39.252280 16 storage/engine/rocksdb.go:120  Options.compaction_options_universal.size_ratio: 1
I230828 19:56:39.252304 16 storage/engine/rocksdb.go:120  Options.compaction_options_universal.min_merge_width: 2
I230828 19:56:39.252328 16 storage/engine/rocksdb.go:120  Options.compaction_options_universal.max_merge_width: 4294967295
I230828 19:56:39.252352 16 storage/engine/rocksdb.go:120  Options.compaction_options_universal.max_size_amplification_percent: 200
I230828 19:56:39.252375 16 storage/engine/rocksdb.go:120  Options.compaction_options_universal.compression_size_percent: -1
I230828 19:56:39.252400 16 storage/engine/rocksdb.go:120  Options.compaction_options_universal.stop_style: kCompactionStopStyleTotalSize
I230828 19:56:39.252424 16 storage/engine/rocksdb.go:120  Options.compaction_options_fifo.max_table_files_size: 1073741824
I230828 19:56:39.252447 16 storage/engine/rocksdb.go:120  Options.compaction_options_fifo.allow_compaction: 0
I230828 19:56:39.252481 16 storage/engine/rocksdb.go:120                    Options.table_properties_collectors: TimeBoundTblPropCollectorFactory; DeleteRangeTblPropCollectorFactory; 
I230828 19:56:39.252511 16 storage/engine/rocksdb.go:120                    Options.inplace_update_support: 0
I230828 19:56:39.252545 16 storage/engine/rocksdb.go:120                  Options.inplace_update_num_locks: 10000
I230828 19:56:39.252577 16 storage/engine/rocksdb.go:120                Options.memtable_prefix_bloom_size_ratio: 0.000000
I230828 19:56:39.252602 16 storage/engine/rocksdb.go:120                Options.memtable_whole_key_filtering: 0
I230828 19:56:39.252628 16 storage/engine/rocksdb.go:120    Options.memtable_huge_page_size: 0
I230828 19:56:39.252653 16 storage/engine/rocksdb.go:120                            Options.bloom_locality: 0
I230828 19:56:39.252679 16 storage/engine/rocksdb.go:120                     Options.max_successive_merges: 0
I230828 19:56:39.252704 16 storage/engine/rocksdb.go:120                 Options.optimize_filters_for_hits: 1
I230828 19:56:39.252728 16 storage/engine/rocksdb.go:120                 Options.paranoid_file_checks: 0
I230828 19:56:39.252754 16 storage/engine/rocksdb.go:120                 Options.force_consistency_checks: 0
I230828 19:56:39.252779 16 storage/engine/rocksdb.go:120                 Options.report_bg_io_stats: 0
I230828 19:56:39.252804 16 storage/engine/rocksdb.go:120                                Options.ttl: 0
I230828 19:56:39.252828 16 storage/engine/rocksdb.go:120           Options.periodic_compaction_seconds: 0
I230828 19:56:39.289304 16 storage/engine/rocksdb.go:120  [db/version_set.cc:4286] Recovered from manifest file:/cockroach/cockroach-data/MANIFEST-000125 succeeded,manifest_file_number is 125, next_file_number is 276, last_sequence is 14563107, log_number is 267,prev_log_number is 0,max_column_family is 0,min_log_number_to_keep is 0
I230828 19:56:39.289363 16 storage/engine/rocksdb.go:120  [db/version_set.cc:4295] Column family [default] (ID 0), log number is 267
I230828 19:56:39.292355 16 storage/engine/rocksdb.go:120  EVENT_LOG_v1 {"time_micros": 1693252599291625, "job": 1, "event": "recovery_started", "log_files": [265, 267]}
I230828 19:56:39.292510 16 storage/engine/rocksdb.go:120  [db/db_impl_open.cc:586] Skipping log #265 since it is older than min log to keep #267
I230828 19:56:39.292582 16 storage/engine/rocksdb.go:120  [db/db_impl_open.cc:598] Recovering log #267 mode 0
I230828 19:56:43.786176 16 storage/engine/rocksdb.go:120  EVENT_LOG_v1 {"time_micros": 1693252603785025, "cf_name": "default", "job": 1, "event": "table_file_creation", "file_number": 276, "file_size": 341162, "table_properties": {"data_size": 328971, "index_size": 3740, "index_partitions": 0, "top_level_index_size": 0, "index_key_is_user_key": 0, "index_value_is_delta_encoded": 0, "filter_size": 9157, "raw_key_size": 242997, "raw_average_key_size": 28, "raw_value_size": 1785991, "raw_average_value_size": 212, "num_data_blocks": 60, "num_entries": 8391, "num_deletions": 6701, "num_merge_operands": 664, "num_range_deletions": 664, "format_version": 0, "fixed_key_len": 0, "filter_policy": "rocksdb.BuiltinBloomFilter", "column_family_name": "default", "column_family_id": 0, "comparator": "cockroach_comparator", "merge_operator": "cockroach_merge_operator", "prefix_extractor_name": "cockroach_prefix_extractor", "property_collectors": "[TimeBoundTblPropCollectorFactory,DeleteRangeTblPropCollectorFactory]", "compression": "Snappy", "compression_options": "window_bits=-14; level=32767; strategy=0; max_dict_bytes=0; zstd_max_train_bytes=0; enabled=0; ", "creation_time": 1693252600, "oldest_key_time": 3, "file_creation_time": 0}}
I230828 19:56:43.789878 16 storage/engine/rocksdb.go:120  [db/version_set.cc:3560] Creating manifest 277
I230828 19:56:43.793949 16 storage/engine/rocksdb.go:120  EVENT_LOG_v1 {"time_micros": 1693252603793840, "job": 1, "event": "recovery_finished"}
I230828 19:56:43.811712 16 storage/engine/rocksdb.go:120  DB pointer 0x40023a4000
