I230818 18:07:10.250575 10 util/log/clog.go:1196  [config] file created at: 2023/08/18 18:07:10
I230818 18:07:10.250575 10 util/log/clog.go:1196  [config] running on machine: b0b93122cb55
I230818 18:07:10.250575 10 util/log/clog.go:1196  [config] binary: CockroachDB CCL v19.2.2 (x86_64-unknown-linux-gnu, built 2019/12/11 01:33:43, go1.12.12)
I230818 18:07:10.250575 10 util/log/clog.go:1196  [config] arguments: [/cockroach/cockroach start-single-node --insecure]
I230818 18:07:10.250575 10 util/log/clog.go:1196  line format: [IWEF]yymmdd hh:mm:ss.uuuuuu goid file:line msg utf8=✓
I230818 18:07:10.250570 10 storage/engine/rocksdb.go:120  RocksDB version: 6.2.1
I230818 18:07:10.252195 10 storage/engine/rocksdb.go:120  Git sha rocksdb_build_git_sha:@b7009236531fa784872f4823eabf393501e41bf2@
I230818 18:07:10.253399 10 storage/engine/rocksdb.go:120  Compile date Dec 11 2019
I230818 18:07:10.253512 10 storage/engine/rocksdb.go:120  DB SUMMARY
I230818 18:07:10.254350 10 storage/engine/rocksdb.go:120  SST files in /cockroach/cockroach-data/cockroach-temp134135004 dir, Total Num: 0, files: 
I230818 18:07:10.254428 10 storage/engine/rocksdb.go:120  Write Ahead Log file in /cockroach/cockroach-data/cockroach-temp134135004: 
I230818 18:07:10.254501 10 storage/engine/rocksdb.go:120                          Options.error_if_exists: 0
I230818 18:07:10.254534 10 storage/engine/rocksdb.go:120                        Options.create_if_missing: 1
I230818 18:07:10.254565 10 storage/engine/rocksdb.go:120                          Options.paranoid_checks: 1
I230818 18:07:10.254665 10 storage/engine/rocksdb.go:120                                      Options.env: 0x75591e0
I230818 18:07:10.254696 10 storage/engine/rocksdb.go:120                                 Options.info_log: 0x4002287fc0
I230818 18:07:10.254725 10 storage/engine/rocksdb.go:120                 Options.max_file_opening_threads: 16
I230818 18:07:10.254760 10 storage/engine/rocksdb.go:120                               Options.statistics: 0x400221d8d0
I230818 18:07:10.254790 10 storage/engine/rocksdb.go:120                                Options.use_fsync: 0
I230818 18:07:10.254834 10 storage/engine/rocksdb.go:120                        Options.max_log_file_size: 0
I230818 18:07:10.254864 10 storage/engine/rocksdb.go:120                   Options.max_manifest_file_size: 134217728
I230818 18:07:10.254893 10 storage/engine/rocksdb.go:120                    Options.log_file_time_to_roll: 0
I230818 18:07:10.254922 10 storage/engine/rocksdb.go:120                        Options.keep_log_file_num: 1000
I230818 18:07:10.254950 10 storage/engine/rocksdb.go:120                     Options.recycle_log_file_num: 1
I230818 18:07:10.254977 10 storage/engine/rocksdb.go:120                          Options.allow_fallocate: 1
I230818 18:07:10.255005 10 storage/engine/rocksdb.go:120                         Options.allow_mmap_reads: 0
I230818 18:07:10.255033 10 storage/engine/rocksdb.go:120                        Options.allow_mmap_writes: 0
I230818 18:07:10.255060 10 storage/engine/rocksdb.go:120                         Options.use_direct_reads: 0
I230818 18:07:10.255121 10 storage/engine/rocksdb.go:120                         Options.use_direct_io_for_flush_and_compaction: 0
I230818 18:07:10.255149 10 storage/engine/rocksdb.go:120           Options.create_missing_column_families: 0
I230818 18:07:10.255178 10 storage/engine/rocksdb.go:120                               Options.db_log_dir: 
I230818 18:07:10.255205 10 storage/engine/rocksdb.go:120                                  Options.wal_dir: /cockroach/cockroach-data/cockroach-temp134135004
I230818 18:07:10.255233 10 storage/engine/rocksdb.go:120                 Options.table_cache_numshardbits: 6
I230818 18:07:10.255261 10 storage/engine/rocksdb.go:120                       Options.max_subcompactions: 1
I230818 18:07:10.255303 10 storage/engine/rocksdb.go:120                   Options.max_background_flushes: -1
I230818 18:07:10.255331 10 storage/engine/rocksdb.go:120                          Options.WAL_ttl_seconds: 0
I230818 18:07:10.255359 10 storage/engine/rocksdb.go:120                        Options.WAL_size_limit_MB: 0
I230818 18:07:10.255399 10 storage/engine/rocksdb.go:120              Options.manifest_preallocation_size: 4194304
I230818 18:07:10.255428 10 storage/engine/rocksdb.go:120                      Options.is_fd_close_on_exec: 1
I230818 18:07:10.255455 10 storage/engine/rocksdb.go:120                    Options.advise_random_on_open: 1
I230818 18:07:10.255483 10 storage/engine/rocksdb.go:120                     Options.db_write_buffer_size: 0
I230818 18:07:10.255512 10 storage/engine/rocksdb.go:120                     Options.write_buffer_manager: 0x4002260cb0
I230818 18:07:10.255547 10 storage/engine/rocksdb.go:120          Options.access_hint_on_compaction_start: 1
I230818 18:07:10.255579 10 storage/engine/rocksdb.go:120   Options.new_table_reader_for_compaction_inputs: 0
I230818 18:07:10.255609 10 storage/engine/rocksdb.go:120            Options.random_access_max_buffer_size: 1048576
I230818 18:07:10.255638 10 storage/engine/rocksdb.go:120                       Options.use_adaptive_mutex: 0
I230818 18:07:10.255712 10 storage/engine/rocksdb.go:120                             Options.rate_limiter: (nil)
I230818 18:07:10.255777 10 storage/engine/rocksdb.go:120      Options.sst_file_manager.rate_bytes_per_sec: 0
I230818 18:07:10.255808 10 storage/engine/rocksdb.go:120                        Options.wal_recovery_mode: 0
I230818 18:07:10.255836 10 storage/engine/rocksdb.go:120                   Options.enable_thread_tracking: 0
I230818 18:07:10.255864 10 storage/engine/rocksdb.go:120                   Options.enable_pipelined_write: 0
I230818 18:07:10.255892 10 storage/engine/rocksdb.go:120          Options.allow_concurrent_memtable_write: 1
I230818 18:07:10.255920 10 storage/engine/rocksdb.go:120       Options.enable_write_thread_adaptive_yield: 1
I230818 18:07:10.255949 10 storage/engine/rocksdb.go:120              Options.write_thread_max_yield_usec: 100
I230818 18:07:10.255978 10 storage/engine/rocksdb.go:120             Options.write_thread_slow_yield_usec: 3
I230818 18:07:10.256008 10 storage/engine/rocksdb.go:120                                Options.row_cache: None
I230818 18:07:10.256043 10 storage/engine/rocksdb.go:120                               Options.wal_filter: None
I230818 18:07:10.256071 10 storage/engine/rocksdb.go:120              Options.avoid_flush_during_recovery: 0
I230818 18:07:10.256099 10 storage/engine/rocksdb.go:120              Options.allow_ingest_behind: 0
I230818 18:07:10.256126 10 storage/engine/rocksdb.go:120              Options.preserve_deletes: 0
I230818 18:07:10.256154 10 storage/engine/rocksdb.go:120              Options.two_write_queues: 0
I230818 18:07:10.256181 10 storage/engine/rocksdb.go:120              Options.manual_wal_flush: 1
I230818 18:07:10.256209 10 storage/engine/rocksdb.go:120              Options.atomic_flush: 0
I230818 18:07:10.256238 10 storage/engine/rocksdb.go:120              Options.avoid_unnecessary_blocking_io: 0
I230818 18:07:10.256270 10 storage/engine/rocksdb.go:120              Options.max_background_jobs: 4
I230818 18:07:10.256299 10 storage/engine/rocksdb.go:120              Options.max_background_compactions: -1
I230818 18:07:10.256327 10 storage/engine/rocksdb.go:120              Options.avoid_flush_during_shutdown: 0
I230818 18:07:10.256354 10 storage/engine/rocksdb.go:120            Options.writable_file_max_buffer_size: 1048576
I230818 18:07:10.256382 10 storage/engine/rocksdb.go:120              Options.delayed_write_rate : 16777216
I230818 18:07:10.256418 10 storage/engine/rocksdb.go:120              Options.max_total_wal_size: 0
I230818 18:07:10.256447 10 storage/engine/rocksdb.go:120              Options.delete_obsolete_files_period_micros: 21600000000
I230818 18:07:10.256475 10 storage/engine/rocksdb.go:120                    Options.stats_dump_period_sec: 0
I230818 18:07:10.256502 10 storage/engine/rocksdb.go:120                  Options.stats_persist_period_sec: 600
I230818 18:07:10.256529 10 storage/engine/rocksdb.go:120                  Options.stats_history_buffer_size: 1048576
I230818 18:07:10.256556 10 storage/engine/rocksdb.go:120                           Options.max_open_files: 128
I230818 18:07:10.256583 10 storage/engine/rocksdb.go:120                           Options.bytes_per_sync: 524288
I230818 18:07:10.256612 10 storage/engine/rocksdb.go:120                       Options.wal_bytes_per_sync: 0
I230818 18:07:10.256640 10 storage/engine/rocksdb.go:120                    Options.strict_bytes_per_sync: 1
I230818 18:07:10.256670 10 storage/engine/rocksdb.go:120        Options.compaction_readahead_size: 0
I230818 18:07:10.256698 10 storage/engine/rocksdb.go:120  Compression algorithms supported:
I230818 18:07:10.256751 10 storage/engine/rocksdb.go:120  	kZSTDNotFinalCompression supported: 0
I230818 18:07:10.256785 10 storage/engine/rocksdb.go:120  	kZSTD supported: 0
I230818 18:07:10.256810 10 storage/engine/rocksdb.go:120  	kXpressCompression supported: 0
I230818 18:07:10.256835 10 storage/engine/rocksdb.go:120  	kLZ4HCCompression supported: 0
I230818 18:07:10.256859 10 storage/engine/rocksdb.go:120  	kLZ4Compression supported: 0
I230818 18:07:10.256883 10 storage/engine/rocksdb.go:120  	kBZip2Compression supported: 0
I230818 18:07:10.256906 10 storage/engine/rocksdb.go:120  	kZlibCompression supported: 0
I230818 18:07:10.256930 10 storage/engine/rocksdb.go:120  	kSnappyCompression supported: 1
I230818 18:07:10.257089 10 storage/engine/rocksdb.go:120  Fast CRC32 supported: Supported on x86
I230818 18:07:10.258421 10 storage/engine/rocksdb.go:120  [db/db_impl_open.cc:242] Creating manifest 1 
I230818 18:07:10.266561 10 storage/engine/rocksdb.go:120  [db/version_set.cc:4072] Recovering from manifest file: /cockroach/cockroach-data/cockroach-temp134135004/MANIFEST-000001
I230818 18:07:10.271511 10 storage/engine/rocksdb.go:120  [db/column_family.cc:488] --------------- Options for column family [default]:
I230818 18:07:10.271590 10 storage/engine/rocksdb.go:120                Options.comparator: cockroach_comparator
I230818 18:07:10.271637 10 storage/engine/rocksdb.go:120            Options.merge_operator: cockroach_merge_operator
I230818 18:07:10.271672 10 storage/engine/rocksdb.go:120         Options.compaction_filter: None
I230818 18:07:10.271707 10 storage/engine/rocksdb.go:120         Options.compaction_filter_factory: None
I230818 18:07:10.271740 10 storage/engine/rocksdb.go:120          Options.memtable_factory: SkipListFactory
I230818 18:07:10.271782 10 storage/engine/rocksdb.go:120             Options.table_factory: BlockBasedTable
I230818 18:07:10.273990 10 storage/engine/rocksdb.go:120             table_factory options:   flush_block_policy_factory: FlushBlockBySizePolicyFactory (0x4002224040)
  cache_index_and_filter_blocks: 0
  cache_index_and_filter_blocks_with_high_priority: 0
  pin_l0_filter_and_index_blocks_in_cache: 0
  pin_top_level_index_and_filter: 1
  index_type: 0
  data_block_index_type: 0
  index_shortening: 1
  data_block_hash_table_util_ratio: 0.750000
  hash_index_allow_collision: 1
  checksum: 1
  no_block_cache: 0
  block_cache: 0x400224b210
  block_cache_name: LRUCache
  block_cache_options:
    capacity : 1048576
    num_shard_bits : 4
    strict_capacity_limit : 0
    memory_allocator : None
    high_pri_pool_ratio: 0.000
  block_cache_compressed: (nil)
  persistent_cache: (nil)
  block_size: 32768
  block_size_deviation: 10
  block_restart_interval: 16
  index_block_restart_interval: 1
  metadata_block_size: 4096
  partition_filters: 0
  use_delta_encoding: 1
  filter_policy: rocksdb.BuiltinBloomFilter
  whole_key_filtering: 0
  verify_compression: 0
  read_amp_bytes_per_bit: 0
  format_version: 2
  enable_index_compression: 1
  block_align: 0
I230818 18:07:10.274108 10 storage/engine/rocksdb.go:120         Options.write_buffer_size: 67108864
I230818 18:07:10.274170 10 storage/engine/rocksdb.go:120   Options.max_write_buffer_number: 4
I230818 18:07:10.274239 10 storage/engine/rocksdb.go:120           Options.compression: Snappy
I230818 18:07:10.274282 10 storage/engine/rocksdb.go:120                   Options.bottommost_compression: Disabled
I230818 18:07:10.274347 10 storage/engine/rocksdb.go:120        Options.prefix_extractor: cockroach_prefix_extractor
I230818 18:07:10.274412 10 storage/engine/rocksdb.go:120    Options.memtable_insert_with_hint_prefix_extractor: nullptr
I230818 18:07:10.274448 10 storage/engine/rocksdb.go:120              Options.num_levels: 7
I230818 18:07:10.274487 10 storage/engine/rocksdb.go:120         Options.min_write_buffer_number_to_merge: 1
I230818 18:07:10.274523 10 storage/engine/rocksdb.go:120      Options.max_write_buffer_number_to_maintain: 0
I230818 18:07:10.274570 10 storage/engine/rocksdb.go:120             Options.bottommost_compression_opts.window_bits: -14
I230818 18:07:10.274601 10 storage/engine/rocksdb.go:120                   Options.bottommost_compression_opts.level: 32767
I230818 18:07:10.274637 10 storage/engine/rocksdb.go:120                Options.bottommost_compression_opts.strategy: 0
I230818 18:07:10.274683 10 storage/engine/rocksdb.go:120          Options.bottommost_compression_opts.max_dict_bytes: 0
I230818 18:07:10.274715 10 storage/engine/rocksdb.go:120          Options.bottommost_compression_opts.zstd_max_train_bytes: 0
I230818 18:07:10.274762 10 storage/engine/rocksdb.go:120                   Options.bottommost_compression_opts.enabled: false
I230818 18:07:10.274794 10 storage/engine/rocksdb.go:120             Options.compression_opts.window_bits: -14
I230818 18:07:10.274823 10 storage/engine/rocksdb.go:120                   Options.compression_opts.level: 32767
I230818 18:07:10.274851 10 storage/engine/rocksdb.go:120                Options.compression_opts.strategy: 0
I230818 18:07:10.274884 10 storage/engine/rocksdb.go:120          Options.compression_opts.max_dict_bytes: 0
I230818 18:07:10.274949 10 storage/engine/rocksdb.go:120          Options.compression_opts.zstd_max_train_bytes: 0
I230818 18:07:10.274998 10 storage/engine/rocksdb.go:120                   Options.compression_opts.enabled: false
I230818 18:07:10.275038 10 storage/engine/rocksdb.go:120       Options.level0_file_num_compaction_trigger: 2
I230818 18:07:10.275070 10 storage/engine/rocksdb.go:120           Options.level0_slowdown_writes_trigger: 950
I230818 18:07:10.275103 10 storage/engine/rocksdb.go:120               Options.level0_stop_writes_trigger: 1000
I230818 18:07:10.275131 10 storage/engine/rocksdb.go:120                    Options.target_file_size_base: 4194304
I230818 18:07:10.275173 10 storage/engine/rocksdb.go:120              Options.target_file_size_multiplier: 2
I230818 18:07:10.275207 10 storage/engine/rocksdb.go:120                 Options.max_bytes_for_level_base: 67108864
I230818 18:07:10.275236 10 storage/engine/rocksdb.go:120  Options.level_compaction_dynamic_level_bytes: 1
I230818 18:07:10.275725 10 storage/engine/rocksdb.go:120           Options.max_bytes_for_level_multiplier: 10.000000
I230818 18:07:10.275780 10 storage/engine/rocksdb.go:120  Options.max_bytes_for_level_multiplier_addtl[0]: 1
I230818 18:07:10.275819 10 storage/engine/rocksdb.go:120  Options.max_bytes_for_level_multiplier_addtl[1]: 1
I230818 18:07:10.275854 10 storage/engine/rocksdb.go:120  Options.max_bytes_for_level_multiplier_addtl[2]: 1
I230818 18:07:10.275882 10 storage/engine/rocksdb.go:120  Options.max_bytes_for_level_multiplier_addtl[3]: 1
I230818 18:07:10.275907 10 storage/engine/rocksdb.go:120  Options.max_bytes_for_level_multiplier_addtl[4]: 1
I230818 18:07:10.275931 10 storage/engine/rocksdb.go:120  Options.max_bytes_for_level_multiplier_addtl[5]: 1
I230818 18:07:10.275956 10 storage/engine/rocksdb.go:120  Options.max_bytes_for_level_multiplier_addtl[6]: 1
I230818 18:07:10.275987 10 storage/engine/rocksdb.go:120        Options.max_sequential_skip_in_iterations: 8
I230818 18:07:10.276016 10 storage/engine/rocksdb.go:120                     Options.max_compaction_bytes: 104857600
I230818 18:07:10.276044 10 storage/engine/rocksdb.go:120                         Options.arena_block_size: 8388608
I230818 18:07:10.276077 10 storage/engine/rocksdb.go:120    Options.soft_pending_compaction_bytes_limit: 2199023255552
I230818 18:07:10.276112 10 storage/engine/rocksdb.go:120    Options.hard_pending_compaction_bytes_limit: 4400193994752
I230818 18:07:10.276140 10 storage/engine/rocksdb.go:120        Options.rate_limit_delay_max_milliseconds: 100
I230818 18:07:10.276168 10 storage/engine/rocksdb.go:120                 Options.disable_auto_compactions: 0
I230818 18:07:10.276237 10 storage/engine/rocksdb.go:120                         Options.compaction_style: kCompactionStyleLevel
I230818 18:07:10.276310 10 storage/engine/rocksdb.go:120                           Options.compaction_pri: kMinOverlappingRatio
I230818 18:07:10.276340 10 storage/engine/rocksdb.go:120  Options.compaction_options_universal.size_ratio: 1
I230818 18:07:10.276369 10 storage/engine/rocksdb.go:120  Options.compaction_options_universal.min_merge_width: 2
I230818 18:07:10.276407 10 storage/engine/rocksdb.go:120  Options.compaction_options_universal.max_merge_width: 4294967295
I230818 18:07:10.276438 10 storage/engine/rocksdb.go:120  Options.compaction_options_universal.max_size_amplification_percent: 200
I230818 18:07:10.276466 10 storage/engine/rocksdb.go:120  Options.compaction_options_universal.compression_size_percent: -1
I230818 18:07:10.276537 10 storage/engine/rocksdb.go:120  Options.compaction_options_universal.stop_style: kCompactionStopStyleTotalSize
I230818 18:07:10.276569 10 storage/engine/rocksdb.go:120  Options.compaction_options_fifo.max_table_files_size: 1073741824
I230818 18:07:10.276598 10 storage/engine/rocksdb.go:120  Options.compaction_options_fifo.allow_compaction: 0
I230818 18:07:10.276695 10 storage/engine/rocksdb.go:120                    Options.table_properties_collectors: TimeBoundTblPropCollectorFactory; DeleteRangeTblPropCollectorFactory; 
I230818 18:07:10.276751 10 storage/engine/rocksdb.go:120                    Options.inplace_update_support: 0
I230818 18:07:10.276783 10 storage/engine/rocksdb.go:120                  Options.inplace_update_num_locks: 10000
I230818 18:07:10.276826 10 storage/engine/rocksdb.go:120                Options.memtable_prefix_bloom_size_ratio: 0.000000
I230818 18:07:10.276856 10 storage/engine/rocksdb.go:120                Options.memtable_whole_key_filtering: 0
I230818 18:07:10.276885 10 storage/engine/rocksdb.go:120    Options.memtable_huge_page_size: 0
I230818 18:07:10.276912 10 storage/engine/rocksdb.go:120                            Options.bloom_locality: 0
I230818 18:07:10.276937 10 storage/engine/rocksdb.go:120                     Options.max_successive_merges: 0
I230818 18:07:10.276964 10 storage/engine/rocksdb.go:120                 Options.optimize_filters_for_hits: 1
I230818 18:07:10.276990 10 storage/engine/rocksdb.go:120                 Options.paranoid_file_checks: 0
I230818 18:07:10.277019 10 storage/engine/rocksdb.go:120                 Options.force_consistency_checks: 0
I230818 18:07:10.277053 10 storage/engine/rocksdb.go:120                 Options.report_bg_io_stats: 0
I230818 18:07:10.277090 10 storage/engine/rocksdb.go:120                                Options.ttl: 0
I230818 18:07:10.277116 10 storage/engine/rocksdb.go:120           Options.periodic_compaction_seconds: 0
I230818 18:07:10.285938 10 storage/engine/rocksdb.go:120  [db/version_set.cc:4286] Recovered from manifest file:/cockroach/cockroach-data/cockroach-temp134135004/MANIFEST-000001 succeeded,manifest_file_number is 1, next_file_number is 3, last_sequence is 0, log_number is 0,prev_log_number is 0,max_column_family is 0,min_log_number_to_keep is 0
I230818 18:07:10.286013 10 storage/engine/rocksdb.go:120  [db/version_set.cc:4295] Column family [default] (ID 0), log number is 0
I230818 18:07:10.313301 10 storage/engine/rocksdb.go:120  DB pointer 0x400237d000
I230818 18:07:10.401702 10 storage/engine/rocksdb.go:120  RocksDB version: 6.2.1
I230818 18:07:10.401751 10 storage/engine/rocksdb.go:120  Git sha rocksdb_build_git_sha:@b7009236531fa784872f4823eabf393501e41bf2@
I230818 18:07:10.401779 10 storage/engine/rocksdb.go:120  Compile date Dec 11 2019
I230818 18:07:10.401805 10 storage/engine/rocksdb.go:120  DB SUMMARY
I230818 18:07:10.402806 10 storage/engine/rocksdb.go:120  CURRENT file:  CURRENT
I230818 18:07:10.402843 10 storage/engine/rocksdb.go:120  IDENTITY file:  IDENTITY
I230818 18:07:10.403032 10 storage/engine/rocksdb.go:120  MANIFEST file:  MANIFEST-000018 size: 370 Bytes
I230818 18:07:10.403082 10 storage/engine/rocksdb.go:120  SST files in /cockroach/cockroach-data dir, Total Num: 1, files: 000022.sst 
I230818 18:07:10.403112 10 storage/engine/rocksdb.go:120  Write Ahead Log file in /cockroach/cockroach-data: 000019.log size: 5499493 ; 
I230818 18:07:10.403147 10 storage/engine/rocksdb.go:120                          Options.error_if_exists: 0
I230818 18:07:10.403181 10 storage/engine/rocksdb.go:120                        Options.create_if_missing: 1
I230818 18:07:10.403207 10 storage/engine/rocksdb.go:120                          Options.paranoid_checks: 1
I230818 18:07:10.403233 10 storage/engine/rocksdb.go:120                                      Options.env: 0x75591e0
I230818 18:07:10.403256 10 storage/engine/rocksdb.go:120                                 Options.info_log: 0x400620d100
I230818 18:07:10.403278 10 storage/engine/rocksdb.go:120                 Options.max_file_opening_threads: 16
I230818 18:07:10.403301 10 storage/engine/rocksdb.go:120                               Options.statistics: 0x4006224010
I230818 18:07:10.403323 10 storage/engine/rocksdb.go:120                                Options.use_fsync: 0
I230818 18:07:10.403346 10 storage/engine/rocksdb.go:120                        Options.max_log_file_size: 0
I230818 18:07:10.403369 10 storage/engine/rocksdb.go:120                   Options.max_manifest_file_size: 134217728
I230818 18:07:10.403402 10 storage/engine/rocksdb.go:120                    Options.log_file_time_to_roll: 0
I230818 18:07:10.403426 10 storage/engine/rocksdb.go:120                        Options.keep_log_file_num: 1000
I230818 18:07:10.403448 10 storage/engine/rocksdb.go:120                     Options.recycle_log_file_num: 1
I230818 18:07:10.403471 10 storage/engine/rocksdb.go:120                          Options.allow_fallocate: 1
I230818 18:07:10.403494 10 storage/engine/rocksdb.go:120                         Options.allow_mmap_reads: 0
I230818 18:07:10.403519 10 storage/engine/rocksdb.go:120                        Options.allow_mmap_writes: 0
I230818 18:07:10.403542 10 storage/engine/rocksdb.go:120                         Options.use_direct_reads: 0
I230818 18:07:10.403565 10 storage/engine/rocksdb.go:120                         Options.use_direct_io_for_flush_and_compaction: 0
I230818 18:07:10.403588 10 storage/engine/rocksdb.go:120           Options.create_missing_column_families: 0
I230818 18:07:10.403611 10 storage/engine/rocksdb.go:120                               Options.db_log_dir: 
I230818 18:07:10.403633 10 storage/engine/rocksdb.go:120                                  Options.wal_dir: /cockroach/cockroach-data
I230818 18:07:10.403656 10 storage/engine/rocksdb.go:120                 Options.table_cache_numshardbits: 6
I230818 18:07:10.403678 10 storage/engine/rocksdb.go:120                       Options.max_subcompactions: 1
I230818 18:07:10.403701 10 storage/engine/rocksdb.go:120                   Options.max_background_flushes: -1
I230818 18:07:10.403723 10 storage/engine/rocksdb.go:120                          Options.WAL_ttl_seconds: 0
I230818 18:07:10.403745 10 storage/engine/rocksdb.go:120                        Options.WAL_size_limit_MB: 0
I230818 18:07:10.403770 10 storage/engine/rocksdb.go:120              Options.manifest_preallocation_size: 4194304
I230818 18:07:10.403793 10 storage/engine/rocksdb.go:120                      Options.is_fd_close_on_exec: 1
I230818 18:07:10.403816 10 storage/engine/rocksdb.go:120                    Options.advise_random_on_open: 1
I230818 18:07:10.403838 10 storage/engine/rocksdb.go:120                     Options.db_write_buffer_size: 0
I230818 18:07:10.403861 10 storage/engine/rocksdb.go:120                     Options.write_buffer_manager: 0x400628c030
I230818 18:07:10.403883 10 storage/engine/rocksdb.go:120          Options.access_hint_on_compaction_start: 1
I230818 18:07:10.403906 10 storage/engine/rocksdb.go:120   Options.new_table_reader_for_compaction_inputs: 0
I230818 18:07:10.403928 10 storage/engine/rocksdb.go:120            Options.random_access_max_buffer_size: 1048576
I230818 18:07:10.403950 10 storage/engine/rocksdb.go:120                       Options.use_adaptive_mutex: 0
I230818 18:07:10.403973 10 storage/engine/rocksdb.go:120                             Options.rate_limiter: (nil)
I230818 18:07:10.403997 10 storage/engine/rocksdb.go:120      Options.sst_file_manager.rate_bytes_per_sec: 0
I230818 18:07:10.404020 10 storage/engine/rocksdb.go:120                        Options.wal_recovery_mode: 0
I230818 18:07:10.404042 10 storage/engine/rocksdb.go:120                   Options.enable_thread_tracking: 0
I230818 18:07:10.404064 10 storage/engine/rocksdb.go:120                   Options.enable_pipelined_write: 0
I230818 18:07:10.404086 10 storage/engine/rocksdb.go:120          Options.allow_concurrent_memtable_write: 1
I230818 18:07:10.404109 10 storage/engine/rocksdb.go:120       Options.enable_write_thread_adaptive_yield: 1
I230818 18:07:10.404131 10 storage/engine/rocksdb.go:120              Options.write_thread_max_yield_usec: 100
I230818 18:07:10.404154 10 storage/engine/rocksdb.go:120             Options.write_thread_slow_yield_usec: 3
I230818 18:07:10.404175 10 storage/engine/rocksdb.go:120                                Options.row_cache: None
I230818 18:07:10.404198 10 storage/engine/rocksdb.go:120                               Options.wal_filter: None
I230818 18:07:10.404220 10 storage/engine/rocksdb.go:120              Options.avoid_flush_during_recovery: 0
I230818 18:07:10.404243 10 storage/engine/rocksdb.go:120              Options.allow_ingest_behind: 0
I230818 18:07:10.404266 10 storage/engine/rocksdb.go:120              Options.preserve_deletes: 0
I230818 18:07:10.404289 10 storage/engine/rocksdb.go:120              Options.two_write_queues: 0
I230818 18:07:10.404312 10 storage/engine/rocksdb.go:120              Options.manual_wal_flush: 1
I230818 18:07:10.404335 10 storage/engine/rocksdb.go:120              Options.atomic_flush: 0
I230818 18:07:10.404420 10 storage/engine/rocksdb.go:120              Options.avoid_unnecessary_blocking_io: 0
I230818 18:07:10.404461 10 storage/engine/rocksdb.go:120              Options.max_background_jobs: 4
I230818 18:07:10.404488 10 storage/engine/rocksdb.go:120              Options.max_background_compactions: -1
I230818 18:07:10.404514 10 storage/engine/rocksdb.go:120              Options.avoid_flush_during_shutdown: 0
I230818 18:07:10.404540 10 storage/engine/rocksdb.go:120            Options.writable_file_max_buffer_size: 1048576
I230818 18:07:10.404565 10 storage/engine/rocksdb.go:120              Options.delayed_write_rate : 16777216
I230818 18:07:10.404591 10 storage/engine/rocksdb.go:120              Options.max_total_wal_size: 0
I230818 18:07:10.404616 10 storage/engine/rocksdb.go:120              Options.delete_obsolete_files_period_micros: 21600000000
I230818 18:07:10.404641 10 storage/engine/rocksdb.go:120                    Options.stats_dump_period_sec: 0
I230818 18:07:10.404665 10 storage/engine/rocksdb.go:120                  Options.stats_persist_period_sec: 600
I230818 18:07:10.404689 10 storage/engine/rocksdb.go:120                  Options.stats_history_buffer_size: 1048576
I230818 18:07:10.404712 10 storage/engine/rocksdb.go:120                           Options.max_open_files: 1043576
I230818 18:07:10.404736 10 storage/engine/rocksdb.go:120                           Options.bytes_per_sync: 524288
I230818 18:07:10.404759 10 storage/engine/rocksdb.go:120                       Options.wal_bytes_per_sync: 0
I230818 18:07:10.404783 10 storage/engine/rocksdb.go:120                    Options.strict_bytes_per_sync: 1
I230818 18:07:10.404806 10 storage/engine/rocksdb.go:120        Options.compaction_readahead_size: 0
I230818 18:07:10.404829 10 storage/engine/rocksdb.go:120  Compression algorithms supported:
I230818 18:07:10.404854 10 storage/engine/rocksdb.go:120  	kZSTDNotFinalCompression supported: 0
I230818 18:07:10.404881 10 storage/engine/rocksdb.go:120  	kZSTD supported: 0
I230818 18:07:10.404905 10 storage/engine/rocksdb.go:120  	kXpressCompression supported: 0
I230818 18:07:10.404928 10 storage/engine/rocksdb.go:120  	kLZ4HCCompression supported: 0
I230818 18:07:10.404952 10 storage/engine/rocksdb.go:120  	kLZ4Compression supported: 0
I230818 18:07:10.404975 10 storage/engine/rocksdb.go:120  	kBZip2Compression supported: 0
I230818 18:07:10.404999 10 storage/engine/rocksdb.go:120  	kZlibCompression supported: 0
I230818 18:07:10.405023 10 storage/engine/rocksdb.go:120  	kSnappyCompression supported: 1
I230818 18:07:10.405061 10 storage/engine/rocksdb.go:120  Fast CRC32 supported: Supported on x86
I230818 18:07:10.406030 10 storage/engine/rocksdb.go:120  [db/version_set.cc:4072] Recovering from manifest file: /cockroach/cockroach-data/MANIFEST-000018
I230818 18:07:10.406207 10 storage/engine/rocksdb.go:120  [db/column_family.cc:488] --------------- Options for column family [default]:
I230818 18:07:10.406238 10 storage/engine/rocksdb.go:120                Options.comparator: cockroach_comparator
I230818 18:07:10.406267 10 storage/engine/rocksdb.go:120            Options.merge_operator: cockroach_merge_operator
I230818 18:07:10.406291 10 storage/engine/rocksdb.go:120         Options.compaction_filter: None
I230818 18:07:10.406315 10 storage/engine/rocksdb.go:120         Options.compaction_filter_factory: None
I230818 18:07:10.406339 10 storage/engine/rocksdb.go:120          Options.memtable_factory: SkipListFactory
I230818 18:07:10.406362 10 storage/engine/rocksdb.go:120             Options.table_factory: BlockBasedTable
I230818 18:07:10.406515 10 storage/engine/rocksdb.go:120             table_factory options:   flush_block_policy_factory: FlushBlockBySizePolicyFactory (0x4006222028)
  cache_index_and_filter_blocks: 0
  cache_index_and_filter_blocks_with_high_priority: 0
  pin_l0_filter_and_index_blocks_in_cache: 0
  pin_top_level_index_and_filter: 1
  index_type: 0
  data_block_index_type: 0
  index_shortening: 1
  data_block_hash_table_util_ratio: 0.750000
  hash_index_allow_collision: 1
  checksum: 1
  no_block_cache: 0
  block_cache: 0x4006214010
  block_cache_name: LRUCache
  block_cache_options:
    capacity : 67108864
    num_shard_bits : 4
    strict_capacity_limit : 0
    memory_allocator : None
    high_pri_pool_ratio: 0.000
  block_cache_compressed: (nil)
  persistent_cache: (nil)
  block_size: 32768
  block_size_deviation: 10
  block_restart_interval: 16
  index_block_restart_interval: 1
  metadata_block_size: 4096
  partition_filters: 0
  use_delta_encoding: 1
  filter_policy: rocksdb.BuiltinBloomFilter
  whole_key_filtering: 0
  verify_compression: 0
  read_amp_bytes_per_bit: 0
  format_version: 2
  enable_index_compression: 1
  block_align: 0
I230818 18:07:10.406547 10 storage/engine/rocksdb.go:120         Options.write_buffer_size: 67108864
I230818 18:07:10.406575 10 storage/engine/rocksdb.go:120   Options.max_write_buffer_number: 4
I230818 18:07:10.406599 10 storage/engine/rocksdb.go:120           Options.compression: Snappy
I230818 18:07:10.406622 10 storage/engine/rocksdb.go:120                   Options.bottommost_compression: Disabled
I230818 18:07:10.406646 10 storage/engine/rocksdb.go:120        Options.prefix_extractor: cockroach_prefix_extractor
I230818 18:07:10.406668 10 storage/engine/rocksdb.go:120    Options.memtable_insert_with_hint_prefix_extractor: nullptr
I230818 18:07:10.406691 10 storage/engine/rocksdb.go:120              Options.num_levels: 7
I230818 18:07:10.406713 10 storage/engine/rocksdb.go:120         Options.min_write_buffer_number_to_merge: 1
I230818 18:07:10.406736 10 storage/engine/rocksdb.go:120      Options.max_write_buffer_number_to_maintain: 0
I230818 18:07:10.406758 10 storage/engine/rocksdb.go:120             Options.bottommost_compression_opts.window_bits: -14
I230818 18:07:10.406780 10 storage/engine/rocksdb.go:120                   Options.bottommost_compression_opts.level: 32767
I230818 18:07:10.406803 10 storage/engine/rocksdb.go:120                Options.bottommost_compression_opts.strategy: 0
I230818 18:07:10.406825 10 storage/engine/rocksdb.go:120          Options.bottommost_compression_opts.max_dict_bytes: 0
I230818 18:07:10.406848 10 storage/engine/rocksdb.go:120          Options.bottommost_compression_opts.zstd_max_train_bytes: 0
I230818 18:07:10.406871 10 storage/engine/rocksdb.go:120                   Options.bottommost_compression_opts.enabled: false
I230818 18:07:10.406895 10 storage/engine/rocksdb.go:120             Options.compression_opts.window_bits: -14
I230818 18:07:10.406918 10 storage/engine/rocksdb.go:120                   Options.compression_opts.level: 32767
I230818 18:07:10.406948 10 storage/engine/rocksdb.go:120                Options.compression_opts.strategy: 0
I230818 18:07:10.406973 10 storage/engine/rocksdb.go:120          Options.compression_opts.max_dict_bytes: 0
I230818 18:07:10.406997 10 storage/engine/rocksdb.go:120          Options.compression_opts.zstd_max_train_bytes: 0
I230818 18:07:10.407021 10 storage/engine/rocksdb.go:120                   Options.compression_opts.enabled: false
I230818 18:07:10.407044 10 storage/engine/rocksdb.go:120       Options.level0_file_num_compaction_trigger: 2
I230818 18:07:10.407067 10 storage/engine/rocksdb.go:120           Options.level0_slowdown_writes_trigger: 950
I230818 18:07:10.407090 10 storage/engine/rocksdb.go:120               Options.level0_stop_writes_trigger: 1000
I230818 18:07:10.407114 10 storage/engine/rocksdb.go:120                    Options.target_file_size_base: 4194304
I230818 18:07:10.407138 10 storage/engine/rocksdb.go:120              Options.target_file_size_multiplier: 2
I230818 18:07:10.407162 10 storage/engine/rocksdb.go:120                 Options.max_bytes_for_level_base: 67108864
I230818 18:07:10.407186 10 storage/engine/rocksdb.go:120  Options.level_compaction_dynamic_level_bytes: 1
I230818 18:07:10.407218 10 storage/engine/rocksdb.go:120           Options.max_bytes_for_level_multiplier: 10.000000
I230818 18:07:10.407243 10 storage/engine/rocksdb.go:120  Options.max_bytes_for_level_multiplier_addtl[0]: 1
I230818 18:07:10.407267 10 storage/engine/rocksdb.go:120  Options.max_bytes_for_level_multiplier_addtl[1]: 1
I230818 18:07:10.407291 10 storage/engine/rocksdb.go:120  Options.max_bytes_for_level_multiplier_addtl[2]: 1
I230818 18:07:10.407315 10 storage/engine/rocksdb.go:120  Options.max_bytes_for_level_multiplier_addtl[3]: 1
I230818 18:07:10.407340 10 storage/engine/rocksdb.go:120  Options.max_bytes_for_level_multiplier_addtl[4]: 1
I230818 18:07:10.407364 10 storage/engine/rocksdb.go:120  Options.max_bytes_for_level_multiplier_addtl[5]: 1
I230818 18:07:10.407399 10 storage/engine/rocksdb.go:120  Options.max_bytes_for_level_multiplier_addtl[6]: 1
I230818 18:07:10.407427 10 storage/engine/rocksdb.go:120        Options.max_sequential_skip_in_iterations: 8
I230818 18:07:10.407451 10 storage/engine/rocksdb.go:120                     Options.max_compaction_bytes: 104857600
I230818 18:07:10.407475 10 storage/engine/rocksdb.go:120                         Options.arena_block_size: 8388608
I230818 18:07:10.407499 10 storage/engine/rocksdb.go:120    Options.soft_pending_compaction_bytes_limit: 2199023255552
I230818 18:07:10.407523 10 storage/engine/rocksdb.go:120    Options.hard_pending_compaction_bytes_limit: 4400193994752
I230818 18:07:10.407547 10 storage/engine/rocksdb.go:120        Options.rate_limit_delay_max_milliseconds: 100
I230818 18:07:10.407571 10 storage/engine/rocksdb.go:120                 Options.disable_auto_compactions: 0
I230818 18:07:10.407599 10 storage/engine/rocksdb.go:120                         Options.compaction_style: kCompactionStyleLevel
I230818 18:07:10.407625 10 storage/engine/rocksdb.go:120                           Options.compaction_pri: kMinOverlappingRatio
I230818 18:07:10.407649 10 storage/engine/rocksdb.go:120  Options.compaction_options_universal.size_ratio: 1
I230818 18:07:10.407672 10 storage/engine/rocksdb.go:120  Options.compaction_options_universal.min_merge_width: 2
I230818 18:07:10.407695 10 storage/engine/rocksdb.go:120  Options.compaction_options_universal.max_merge_width: 4294967295
I230818 18:07:10.407718 10 storage/engine/rocksdb.go:120  Options.compaction_options_universal.max_size_amplification_percent: 200
I230818 18:07:10.407741 10 storage/engine/rocksdb.go:120  Options.compaction_options_universal.compression_size_percent: -1
I230818 18:07:10.407767 10 storage/engine/rocksdb.go:120  Options.compaction_options_universal.stop_style: kCompactionStopStyleTotalSize
I230818 18:07:10.407791 10 storage/engine/rocksdb.go:120  Options.compaction_options_fifo.max_table_files_size: 1073741824
I230818 18:07:10.407816 10 storage/engine/rocksdb.go:120  Options.compaction_options_fifo.allow_compaction: 0
I230818 18:07:10.407848 10 storage/engine/rocksdb.go:120                    Options.table_properties_collectors: TimeBoundTblPropCollectorFactory; DeleteRangeTblPropCollectorFactory; 
I230818 18:07:10.407876 10 storage/engine/rocksdb.go:120                    Options.inplace_update_support: 0
I230818 18:07:10.407899 10 storage/engine/rocksdb.go:120                  Options.inplace_update_num_locks: 10000
I230818 18:07:10.407926 10 storage/engine/rocksdb.go:120                Options.memtable_prefix_bloom_size_ratio: 0.000000
I230818 18:07:10.407949 10 storage/engine/rocksdb.go:120                Options.memtable_whole_key_filtering: 0
I230818 18:07:10.407974 10 storage/engine/rocksdb.go:120    Options.memtable_huge_page_size: 0
I230818 18:07:10.407997 10 storage/engine/rocksdb.go:120                            Options.bloom_locality: 0
I230818 18:07:10.408020 10 storage/engine/rocksdb.go:120                     Options.max_successive_merges: 0
I230818 18:07:10.408042 10 storage/engine/rocksdb.go:120                 Options.optimize_filters_for_hits: 1
I230818 18:07:10.408065 10 storage/engine/rocksdb.go:120                 Options.paranoid_file_checks: 0
I230818 18:07:10.408088 10 storage/engine/rocksdb.go:120                 Options.force_consistency_checks: 0
I230818 18:07:10.408111 10 storage/engine/rocksdb.go:120                 Options.report_bg_io_stats: 0
I230818 18:07:10.408134 10 storage/engine/rocksdb.go:120                                Options.ttl: 0
I230818 18:07:10.408157 10 storage/engine/rocksdb.go:120           Options.periodic_compaction_seconds: 0
I230818 18:07:10.420912 10 storage/engine/rocksdb.go:120  [db/version_set.cc:3086] More existing levels in DB than needed. max_bytes_for_level_multiplier may not be guaranteed.
I230818 18:07:10.421291 10 storage/engine/rocksdb.go:120  [db/version_set.cc:4286] Recovered from manifest file:/cockroach/cockroach-data/MANIFEST-000018 succeeded,manifest_file_number is 18, next_file_number is 24, last_sequence is 221655, log_number is 17,prev_log_number is 0,max_column_family is 0,min_log_number_to_keep is 0
I230818 18:07:10.421322 10 storage/engine/rocksdb.go:120  [db/version_set.cc:4295] Column family [default] (ID 0), log number is 17
I230818 18:07:10.423471 10 storage/engine/rocksdb.go:120  EVENT_LOG_v1 {"time_micros": 1692382030422840, "job": 1, "event": "recovery_started", "log_files": [19]}
I230818 18:07:10.423624 10 storage/engine/rocksdb.go:120  [db/db_impl_open.cc:598] Recovering log #19 mode 0
I230818 18:07:10.802377 10 storage/engine/rocksdb.go:120  EVENT_LOG_v1 {"time_micros": 1692382030801311, "cf_name": "default", "job": 1, "event": "table_file_creation", "file_number": 24, "file_size": 101313, "table_properties": {"data_size": 97603, "index_size": 670, "index_partitions": 0, "top_level_index_size": 0, "index_key_is_user_key": 0, "index_value_is_delta_encoded": 0, "filter_size": 2245, "raw_key_size": 68736, "raw_average_key_size": 36, "raw_value_size": 403488, "raw_average_value_size": 214, "num_data_blocks": 12, "num_entries": 1882, "num_deletions": 711, "num_merge_operands": 664, "num_range_deletions": 664, "format_version": 0, "fixed_key_len": 0, "filter_policy": "rocksdb.BuiltinBloomFilter", "column_family_name": "default", "column_family_id": 0, "comparator": "cockroach_comparator", "merge_operator": "cockroach_merge_operator", "prefix_extractor_name": "cockroach_prefix_extractor", "property_collectors": "[TimeBoundTblPropCollectorFactory,DeleteRangeTblPropCollectorFactory]", "compression": "Snappy", "compression_options": "window_bits=-14; level=32767; strategy=0; max_dict_bytes=0; zstd_max_train_bytes=0; enabled=0; ", "creation_time": 1692382030, "oldest_key_time": 3, "file_creation_time": 0}}
I230818 18:07:10.805601 10 storage/engine/rocksdb.go:120  [db/version_set.cc:3560] Creating manifest 25
I230818 18:07:10.806936 10 storage/engine/rocksdb.go:120  [db/version_set.cc:3086] More existing levels in DB than needed. max_bytes_for_level_multiplier may not be guaranteed.
I230818 18:07:10.809198 10 storage/engine/rocksdb.go:120  EVENT_LOG_v1 {"time_micros": 1692382030809108, "job": 1, "event": "recovery_finished"}
I230818 18:07:10.822813 10 storage/engine/rocksdb.go:120  DB pointer 0x4006299000
I230818 18:52:41.239638 122 storage/engine/rocksdb.go:120  [db/db_impl_write.cc:1437] [default] New memtable created with log file: #29. Immutable memtables: 0.
I230818 18:52:41.249811 17 storage/engine/rocksdb.go:120  (Original Log Time 2023/08/18-18:52:41.243775) [db/db_impl_compaction_flush.cc:2097] Calling FlushMemTableToOutputFile with column family [default], flush slots available 1, compaction slots available 1, flush slots scheduled 1, compaction slots scheduled 0
I230818 18:52:41.250067 17 storage/engine/rocksdb.go:120  [db/flush_job.cc:322] [default] [JOB 3] Flushing memtable with next log file: 29
I230818 18:52:41.250990 17 storage/engine/rocksdb.go:120  EVENT_LOG_v1 {"time_micros": 1692384761250374, "job": 3, "event": "flush_started", "num_memtables": 1, "num_entries": 215690, "num_deletes": 6989, "total_data_size": 60938347, "memory_usage": 65026632, "flush_reason": "Write Buffer Full"}
I230818 18:52:41.251092 17 storage/engine/rocksdb.go:120  [db/flush_job.cc:351] [default] [JOB 3] Level-0 flush table #30: started
I230818 18:52:44.874846 17 storage/engine/rocksdb.go:120  EVENT_LOG_v1 {"time_micros": 1692384764874418, "cf_name": "default", "job": 3, "event": "table_file_creation", "file_number": 30, "file_size": 388717, "table_properties": {"data_size": 376014, "index_size": 4279, "index_partitions": 0, "top_level_index_size": 0, "index_key_is_user_key": 0, "index_value_is_delta_encoded": 0, "filter_size": 9413, "raw_key_size": 257909, "raw_average_key_size": 28, "raw_value_size": 2092478, "raw_average_value_size": 233, "num_data_blocks": 67, "num_entries": 8977, "num_deletions": 6857, "num_merge_operands": 664, "num_range_deletions": 664, "format_version": 0, "fixed_key_len": 0, "filter_policy": "rocksdb.BuiltinBloomFilter", "column_family_name": "default", "column_family_id": 0, "comparator": "cockroach_comparator", "merge_operator": "cockroach_merge_operator", "prefix_extractor_name": "cockroach_prefix_extractor", "property_collectors": "[TimeBoundTblPropCollectorFactory,DeleteRangeTblPropCollectorFactory]", "compression": "Snappy", "compression_options": "window_bits=-14; level=32767; strategy=0; max_dict_bytes=0; zstd_max_train_bytes=0; enabled=0; ", "creation_time": 1692384761, "oldest_key_time": 1692382030, "file_creation_time": 1692384761}}
I230818 18:52:44.875056 17 storage/engine/rocksdb.go:120  [db/flush_job.cc:392] [default] [JOB 3] Level-0 flush table #30: 388717 bytes OK
I230818 18:52:44.875875 17 storage/engine/rocksdb.go:120  [db/version_set.cc:3086] More existing levels in DB than needed. max_bytes_for_level_multiplier may not be guaranteed.
I230818 18:52:44.884149 17 storage/engine/rocksdb.go:120  [db/db_impl_files.cc:194] adding log 26 to recycle list
I230818 18:52:44.884704 17 storage/engine/rocksdb.go:120  (Original Log Time 2023/08/18-18:52:44.875512) [db/memtable_list.cc:386] [default] Level-0 commit table #30 started
I230818 18:52:44.884795 17 storage/engine/rocksdb.go:120  (Original Log Time 2023/08/18-18:52:44.876943) [db/memtable_list.cc:434] [default] Level-0 commit table #30: memtable #1 done
I230818 18:52:44.884844 17 storage/engine/rocksdb.go:120  (Original Log Time 2023/08/18-18:52:44.877670) EVENT_LOG_v1 {"time_micros": 1692384764877154, "job": 3, "event": "flush_finished", "output_compression": "Snappy", "lsm_state": [2, 0, 0, 0, 0, 0, 1], "immutable_memtables": 0}
I230818 18:52:44.884922 17 storage/engine/rocksdb.go:120  (Original Log Time 2023/08/18-18:52:44.878104) [db/db_impl_compaction_flush.cc:208] [default] Level summary: base level 6 level multiplier 10.00 max bytes base 67108864 files[2 0 0 0 0 0 1] max score 1.00
I230818 18:52:44.884942 33378 storage/engine/rocksdb.go:120  [db/compaction_job.cc:1647] [default] [JOB 4] Compacting 2@0 + 1@6 files to L6, score 1.00
I230818 18:52:44.885463 33378 storage/engine/rocksdb.go:120  [db/compaction_job.cc:1651] [default] Compaction start summary: Base version 3 Base level 0, inputs: [30(379KB) 24(98KB)], [22(402KB)]
I230818 18:52:44.887509 33378 storage/engine/rocksdb.go:120  EVENT_LOG_v1 {"time_micros": 1692384764885786, "job": 4, "event": "compaction_started", "compaction_reason": "LevelL0FilesNum", "files_L0": [30, 24], "files_L6": [22], "score": 1, "input_data_size": 902649}
I230818 18:52:45.015498 33378 storage/engine/rocksdb.go:120  [db/compaction_job.cc:1334] [default] [JOB 4] Generated table #31: 4985 keys, 671936 bytes
I230818 18:52:45.015930 33378 storage/engine/rocksdb.go:120  EVENT_LOG_v1 {"time_micros": 1692384765015676, "cf_name": "default", "job": 4, "event": "table_file_creation", "file_number": 31, "file_size": 671936, "table_properties": {"data_size": 666982, "index_size": 8989, "index_partitions": 0, "top_level_index_size": 0, "index_key_is_user_key": 0, "index_value_is_delta_encoded": 0, "filter_size": 0, "raw_key_size": 186195, "raw_average_key_size": 37, "raw_value_size": 4236626, "raw_average_value_size": 849, "num_data_blocks": 137, "num_entries": 4985, "num_deletions": 0, "num_merge_operands": 0, "num_range_deletions": 0, "format_version": 0, "fixed_key_len": 0, "filter_policy": "rocksdb.BuiltinBloomFilter", "column_family_name": "default", "column_family_id": 0, "comparator": "cockroach_comparator", "merge_operator": "cockroach_merge_operator", "prefix_extractor_name": "cockroach_prefix_extractor", "property_collectors": "[TimeBoundTblPropCollectorFactory,DeleteRangeTblPropCollectorFactory]", "compression": "Snappy", "compression_options": "window_bits=-14; level=32767; strategy=0; max_dict_bytes=0; zstd_max_train_bytes=0; enabled=0; ", "creation_time": 1692384761, "oldest_key_time": 0, "file_creation_time": 1692384764}}
I230818 18:52:45.018332 33378 storage/engine/rocksdb.go:120  [db/compaction_job.cc:1397] [default] [JOB 4] Compacted 2@0 + 1@6 files to L6 => 671936 bytes
I230818 18:52:45.018877 33378 storage/engine/rocksdb.go:120  [db/version_set.cc:3086] More existing levels in DB than needed. max_bytes_for_level_multiplier may not be guaranteed.
I230818 18:52:45.021661 33378 storage/engine/rocksdb.go:120  (Original Log Time 2023/08/18-18:52:45.019415) [db/compaction_job.cc:770] [default] compacted to: base level 6 level multiplier 10.00 max bytes base 67108864 files[0 0 0 0 0 0 1] max score 0.00, MB/sec: 7.0 rd, 5.2 wr, level 6, files in(2, 1) out(1) MB in(0.5, 0.4) out(0.6), read-write-amplify(3.2) write-amplify(1.4) OK, records in: 15088, records dropped: 8775 output_compression: Snappy
I230818 18:52:45.021725 33378 storage/engine/rocksdb.go:120  (Original Log Time 2023/08/18-18:52:45.019993) EVENT_LOG_v1 {"time_micros": 1692384765019590, "job": 4, "event": "compaction_finished", "compaction_time_micros": 129008, "compaction_time_cpu_micros": 126648, "output_level": 6, "num_output_files": 1, "total_output_size": 671936, "num_input_records": 13760, "num_output_records": 4985, "num_subcompactions": 1, "output_compression": "Snappy", "num_single_delete_mismatches": 0, "num_single_delete_fallthrough": 0, "lsm_state": [0, 0, 0, 0, 0, 0, 1]}
I230818 18:52:45.023525 33378 storage/engine/rocksdb.go:120  EVENT_LOG_v1 {"time_micros": 1692384765023316, "job": 4, "event": "table_file_deletion", "file_number": 30}
I230818 18:52:45.024245 33378 storage/engine/rocksdb.go:120  EVENT_LOG_v1 {"time_micros": 1692384765024186, "job": 4, "event": "table_file_deletion", "file_number": 24}
I230818 18:52:45.024949 33378 storage/engine/rocksdb.go:120  EVENT_LOG_v1 {"time_micros": 1692384765024890, "job": 4, "event": "table_file_deletion", "file_number": 22}
I230818 20:45:51.236608 102 storage/engine/rocksdb.go:120  [db/db_impl_open.cc:1125] reusing log 26 from recycle list
I230818 20:45:51.247261 102 storage/engine/rocksdb.go:120  [db/db_impl_write.cc:1437] [default] New memtable created with log file: #32. Immutable memtables: 0.
I230818 20:45:51.248305 33378 storage/engine/rocksdb.go:120  (Original Log Time 2023/08/18-20:45:51.247731) [db/db_impl_compaction_flush.cc:2097] Calling FlushMemTableToOutputFile with column family [default], flush slots available 1, compaction slots available 1, flush slots scheduled 1, compaction slots scheduled 0
I230818 20:45:51.248398 33378 storage/engine/rocksdb.go:120  [db/flush_job.cc:322] [default] [JOB 5] Flushing memtable with next log file: 32
I230818 20:45:51.248925 33378 storage/engine/rocksdb.go:120  EVENT_LOG_v1 {"time_micros": 1692391551248605, "job": 5, "event": "flush_started", "num_memtables": 1, "num_entries": 215146, "num_deletes": 6909, "total_data_size": 60969148, "memory_usage": 65015464, "flush_reason": "Write Buffer Full"}
I230818 20:45:51.249002 33378 storage/engine/rocksdb.go:120  [db/flush_job.cc:351] [default] [JOB 5] Level-0 flush table #33: started
I230818 20:45:54.265610 33378 storage/engine/rocksdb.go:120  EVENT_LOG_v1 {"time_micros": 1692391554265175, "cf_name": "default", "job": 5, "event": "table_file_creation", "file_number": 33, "file_size": 416252, "table_properties": {"data_size": 402074, "index_size": 4671, "index_partitions": 0, "top_level_index_size": 0, "index_key_is_user_key": 0, "index_value_is_delta_encoded": 0, "filter_size": 10693, "raw_key_size": 332993, "raw_average_key_size": 32, "raw_value_size": 2107803, "raw_average_value_size": 208, "num_data_blocks": 72, "num_entries": 10131, "num_deletions": 6777, "num_merge_operands": 1992, "num_range_deletions": 1992, "format_version": 0, "fixed_key_len": 0, "filter_policy": "rocksdb.BuiltinBloomFilter", "column_family_name": "default", "column_family_id": 0, "comparator": "cockroach_comparator", "merge_operator": "cockroach_merge_operator", "prefix_extractor_name": "cockroach_prefix_extractor", "property_collectors": "[TimeBoundTblPropCollectorFactory,DeleteRangeTblPropCollectorFactory]", "compression": "Snappy", "compression_options": "window_bits=-14; level=32767; strategy=0; max_dict_bytes=0; zstd_max_train_bytes=0; enabled=0; ", "creation_time": 1692391551, "oldest_key_time": 1692384761, "file_creation_time": 1692391551}}
I230818 20:45:54.265748 33378 storage/engine/rocksdb.go:120  [db/flush_job.cc:392] [default] [JOB 5] Level-0 flush table #33: 416252 bytes OK
I230818 20:45:54.266041 33378 storage/engine/rocksdb.go:120  [db/version_set.cc:3086] More existing levels in DB than needed. max_bytes_for_level_multiplier may not be guaranteed.
I230818 20:45:54.266928 33378 storage/engine/rocksdb.go:120  [db/db_impl_files.cc:194] adding log 29 to recycle list
I230818 20:45:54.267028 33378 storage/engine/rocksdb.go:120  (Original Log Time 2023/08/18-20:45:54.265878) [db/memtable_list.cc:386] [default] Level-0 commit table #33 started
I230818 20:45:54.267096 33378 storage/engine/rocksdb.go:120  (Original Log Time 2023/08/18-20:45:54.266532) [db/memtable_list.cc:434] [default] Level-0 commit table #33: memtable #1 done
I230818 20:45:54.267142 33378 storage/engine/rocksdb.go:120  (Original Log Time 2023/08/18-20:45:54.266632) EVENT_LOG_v1 {"time_micros": 1692391554266576, "job": 5, "event": "flush_finished", "output_compression": "Snappy", "lsm_state": [1, 0, 0, 0, 0, 0, 1], "immutable_memtables": 0}
I230818 20:45:54.267187 33378 storage/engine/rocksdb.go:120  (Original Log Time 2023/08/18-20:45:54.266722) [db/db_impl_compaction_flush.cc:208] [default] Level summary: base level 6 level multiplier 10.00 max bytes base 67108864 files[1 0 0 0 0 0 1] max score 0.50
I230818 21:35:21.279887 127 storage/engine/rocksdb.go:120  [db/db_impl_open.cc:1125] reusing log 29 from recycle list
I230818 21:35:21.286347 127 storage/engine/rocksdb.go:120  [db/db_impl_write.cc:1437] [default] New memtable created with log file: #34. Immutable memtables: 0.
I230818 21:35:21.287523 33378 storage/engine/rocksdb.go:120  (Original Log Time 2023/08/18-21:35:21.287056) [db/db_impl_compaction_flush.cc:2097] Calling FlushMemTableToOutputFile with column family [default], flush slots available 1, compaction slots available 1, flush slots scheduled 1, compaction slots scheduled 0
I230818 21:35:21.287600 33378 storage/engine/rocksdb.go:120  [db/flush_job.cc:322] [default] [JOB 6] Flushing memtable with next log file: 34
I230818 21:35:21.287998 33378 storage/engine/rocksdb.go:120  EVENT_LOG_v1 {"time_micros": 1692394521287778, "job": 6, "event": "flush_started", "num_memtables": 1, "num_entries": 215994, "num_deletes": 7214, "total_data_size": 61024986, "memory_usage": 65082528, "flush_reason": "Write Buffer Full"}
I230818 21:35:21.288063 33378 storage/engine/rocksdb.go:120  [db/flush_job.cc:351] [default] [JOB 6] Level-0 flush table #35: started
I230818 21:35:24.004003 33378 storage/engine/rocksdb.go:120  EVENT_LOG_v1 {"time_micros": 1692394524003594, "cf_name": "default", "job": 6, "event": "table_file_creation", "file_number": 35, "file_size": 402668, "table_properties": {"data_size": 389445, "index_size": 4399, "index_partitions": 0, "top_level_index_size": 0, "index_key_is_user_key": 0, "index_value_is_delta_encoded": 0, "filter_size": 9797, "raw_key_size": 293636, "raw_average_key_size": 31, "raw_value_size": 2148453, "raw_average_value_size": 227, "num_data_blocks": 69, "num_entries": 9432, "num_deletions": 7082, "num_merge_operands": 1328, "num_range_deletions": 1328, "format_version": 0, "fixed_key_len": 0, "filter_policy": "rocksdb.BuiltinBloomFilter", "column_family_name": "default", "column_family_id": 0, "comparator": "cockroach_comparator", "merge_operator": "cockroach_merge_operator", "prefix_extractor_name": "cockroach_prefix_extractor", "property_collectors": "[TimeBoundTblPropCollectorFactory,DeleteRangeTblPropCollectorFactory]", "compression": "Snappy", "compression_options": "window_bits=-14; level=32767; strategy=0; max_dict_bytes=0; zstd_max_train_bytes=0; enabled=0; ", "creation_time": 1692394521, "oldest_key_time": 1692391551, "file_creation_time": 1692394521}}
I230818 21:35:24.004136 33378 storage/engine/rocksdb.go:120  [db/flush_job.cc:392] [default] [JOB 6] Level-0 flush table #35: 402668 bytes OK
I230818 21:35:24.004402 33378 storage/engine/rocksdb.go:120  [db/version_set.cc:3086] More existing levels in DB than needed. max_bytes_for_level_multiplier may not be guaranteed.
I230818 21:35:24.005494 33378 storage/engine/rocksdb.go:120  [db/db_impl_files.cc:194] adding log 32 to recycle list
I230818 21:35:24.005607 33378 storage/engine/rocksdb.go:120  (Original Log Time 2023/08/18-21:35:24.004239) [db/memtable_list.cc:386] [default] Level-0 commit table #35 started
I230818 21:35:24.005656 33378 storage/engine/rocksdb.go:120  (Original Log Time 2023/08/18-21:35:24.005019) [db/memtable_list.cc:434] [default] Level-0 commit table #35: memtable #1 done
I230818 21:35:24.005707 33378 storage/engine/rocksdb.go:120  (Original Log Time 2023/08/18-21:35:24.005124) EVENT_LOG_v1 {"time_micros": 1692394524005061, "job": 6, "event": "flush_finished", "output_compression": "Snappy", "lsm_state": [2, 0, 0, 0, 0, 0, 1], "immutable_memtables": 0}
I230818 21:35:24.005766 33378 storage/engine/rocksdb.go:120  (Original Log Time 2023/08/18-21:35:24.005234) [db/db_impl_compaction_flush.cc:208] [default] Level summary: base level 6 level multiplier 10.00 max bytes base 67108864 files[2 0 0 0 0 0 1] max score 1.00
I230818 21:35:24.006171 33378 storage/engine/rocksdb.go:120  [db/compaction_job.cc:1647] [default] [JOB 7] Compacting 2@0 + 1@6 files to L6, score 1.00
I230818 21:35:24.006249 33378 storage/engine/rocksdb.go:120  [db/compaction_job.cc:1651] [default] Compaction start summary: Base version 6 Base level 0, inputs: [35(393KB) 33(406KB)], [31(656KB)]
I230818 21:35:24.006472 33378 storage/engine/rocksdb.go:120  EVENT_LOG_v1 {"time_micros": 1692394524006322, "job": 7, "event": "compaction_started", "compaction_reason": "LevelL0FilesNum", "files_L0": [35, 33], "files_L6": [31], "score": 1, "input_data_size": 1490856}
I230818 21:35:24.268628 33378 storage/engine/rocksdb.go:120  [db/compaction_job.cc:1334] [default] [JOB 7] Generated table #36: 7863 keys, 1224670 bytes
I230818 21:35:24.269011 33378 storage/engine/rocksdb.go:120  EVENT_LOG_v1 {"time_micros": 1692394524268758, "cf_name": "default", "job": 7, "event": "table_file_creation", "file_number": 36, "file_size": 1224670, "table_properties": {"data_size": 1216967, "index_size": 17315, "index_partitions": 0, "top_level_index_size": 0, "index_key_is_user_key": 0, "index_value_is_delta_encoded": 0, "filter_size": 0, "raw_key_size": 327617, "raw_average_key_size": 41, "raw_value_size": 7908515, "raw_average_value_size": 1005, "num_data_blocks": 260, "num_entries": 7863, "num_deletions": 0, "num_merge_operands": 0, "num_range_deletions": 0, "format_version": 0, "fixed_key_len": 0, "filter_policy": "rocksdb.BuiltinBloomFilter", "column_family_name": "default", "column_family_id": 0, "comparator": "cockroach_comparator", "merge_operator": "cockroach_merge_operator", "prefix_extractor_name": "cockroach_prefix_extractor", "property_collectors": "[TimeBoundTblPropCollectorFactory,DeleteRangeTblPropCollectorFactory]", "compression": "Snappy", "compression_options": "window_bits=-14; level=32767; strategy=0; max_dict_bytes=0; zstd_max_train_bytes=0; enabled=0; ", "creation_time": 1692394521, "oldest_key_time": 0, "file_creation_time": 1692394524}}
I230818 21:35:24.270184 33378 storage/engine/rocksdb.go:120  [db/compaction_job.cc:1397] [default] [JOB 7] Compacted 2@0 + 1@6 files to L6 => 1224670 bytes
I230818 21:35:24.270351 33378 storage/engine/rocksdb.go:120  [db/version_set.cc:3086] More existing levels in DB than needed. max_bytes_for_level_multiplier may not be guaranteed.
I230818 21:35:24.271244 33378 storage/engine/rocksdb.go:120  (Original Log Time 2023/08/18-21:35:24.270721) [db/compaction_job.cc:770] [default] compacted to: base level 6 level multiplier 10.00 max bytes base 67108864 files[0 0 0 0 0 0 1] max score 0.00, MB/sec: 5.7 rd, 4.7 wr, level 6, files in(2, 1) out(1) MB in(0.8, 0.6) out(1.2), read-write-amplify(3.3) write-amplify(1.5) OK, records in: 24548, records dropped: 15357 output_compression: Snappy
I230818 21:35:24.271317 33378 storage/engine/rocksdb.go:120  (Original Log Time 2023/08/18-21:35:24.270895) EVENT_LOG_v1 {"time_micros": 1692394524270788, "job": 7, "event": "compaction_finished", "compaction_time_micros": 262748, "compaction_time_cpu_micros": 260078, "output_level": 6, "num_output_files": 1, "total_output_size": 1224670, "num_input_records": 23220, "num_output_records": 7863, "num_subcompactions": 1, "output_compression": "Snappy", "num_single_delete_mismatches": 0, "num_single_delete_fallthrough": 0, "lsm_state": [0, 0, 0, 0, 0, 0, 1]}
I230818 21:35:24.272203 33378 storage/engine/rocksdb.go:120  EVENT_LOG_v1 {"time_micros": 1692394524272127, "job": 7, "event": "table_file_deletion", "file_number": 35}
I230818 21:35:24.272777 33378 storage/engine/rocksdb.go:120  EVENT_LOG_v1 {"time_micros": 1692394524272718, "job": 7, "event": "table_file_deletion", "file_number": 33}
I230818 21:35:24.273380 33378 storage/engine/rocksdb.go:120  EVENT_LOG_v1 {"time_micros": 1692394524273322, "job": 7, "event": "table_file_deletion", "file_number": 31}
I230818 22:54:01.276342 109 storage/engine/rocksdb.go:120  [db/db_impl_open.cc:1125] reusing log 32 from recycle list
I230818 22:54:01.283650 109 storage/engine/rocksdb.go:120  [db/db_impl_write.cc:1437] [default] New memtable created with log file: #37. Immutable memtables: 0.
I230818 22:54:01.284757 33378 storage/engine/rocksdb.go:120  (Original Log Time 2023/08/18-22:54:01.284346) [db/db_impl_compaction_flush.cc:2097] Calling FlushMemTableToOutputFile with column family [default], flush slots available 1, compaction slots available 1, flush slots scheduled 1, compaction slots scheduled 0
I230818 22:54:01.284832 33378 storage/engine/rocksdb.go:120  [db/flush_job.cc:322] [default] [JOB 8] Flushing memtable with next log file: 37
I230818 22:54:01.285199 33378 storage/engine/rocksdb.go:120  EVENT_LOG_v1 {"time_micros": 1692399241284993, "job": 8, "event": "flush_started", "num_memtables": 1, "num_entries": 215541, "num_deletes": 6886, "total_data_size": 61118402, "memory_usage": 65077808, "flush_reason": "Write Buffer Full"}
I230818 22:54:01.285262 33378 storage/engine/rocksdb.go:120  [db/flush_job.cc:351] [default] [JOB 8] Level-0 flush table #38: started
I230818 22:54:04.066443 33378 storage/engine/rocksdb.go:120  EVENT_LOG_v1 {"time_micros": 1692399244066087, "cf_name": "default", "job": 8, "event": "table_file_creation", "file_number": 38, "file_size": 384311, "table_properties": {"data_size": 371191, "index_size": 4525, "index_partitions": 0, "top_level_index_size": 0, "index_key_is_user_key": 0, "index_value_is_delta_encoded": 0, "filter_size": 9669, "raw_key_size": 282951, "raw_average_key_size": 31, "raw_value_size": 2138148, "raw_average_value_size": 236, "num_data_blocks": 69, "num_entries": 9057, "num_deletions": 6763, "num_merge_operands": 1328, "num_range_deletions": 1328, "format_version": 0, "fixed_key_len": 0, "filter_policy": "rocksdb.BuiltinBloomFilter", "column_family_name": "default", "column_family_id": 0, "comparator": "cockroach_comparator", "merge_operator": "cockroach_merge_operator", "prefix_extractor_name": "cockroach_prefix_extractor", "property_collectors": "[TimeBoundTblPropCollectorFactory,DeleteRangeTblPropCollectorFactory]", "compression": "Snappy", "compression_options": "window_bits=-14; level=32767; strategy=0; max_dict_bytes=0; zstd_max_train_bytes=0; enabled=0; ", "creation_time": 1692399241, "oldest_key_time": 1692394521, "file_creation_time": 1692399241}}
I230818 22:54:04.066564 33378 storage/engine/rocksdb.go:120  [db/flush_job.cc:392] [default] [JOB 8] Level-0 flush table #38: 384311 bytes OK
I230818 22:54:04.066827 33378 storage/engine/rocksdb.go:120  [db/version_set.cc:3086] More existing levels in DB than needed. max_bytes_for_level_multiplier may not be guaranteed.
I230818 22:54:04.067801 33378 storage/engine/rocksdb.go:120  [db/db_impl_files.cc:194] adding log 34 to recycle list
I230818 22:54:04.067900 33378 storage/engine/rocksdb.go:120  (Original Log Time 2023/08/18-22:54:04.066673) [db/memtable_list.cc:386] [default] Level-0 commit table #38 started
I230818 22:54:04.067946 33378 storage/engine/rocksdb.go:120  (Original Log Time 2023/08/18-22:54:04.067415) [db/memtable_list.cc:434] [default] Level-0 commit table #38: memtable #1 done
I230818 22:54:04.067991 33378 storage/engine/rocksdb.go:120  (Original Log Time 2023/08/18-22:54:04.067519) EVENT_LOG_v1 {"time_micros": 1692399244067461, "job": 8, "event": "flush_finished", "output_compression": "Snappy", "lsm_state": [1, 0, 0, 0, 0, 0, 1], "immutable_memtables": 0}
I230818 22:54:04.068037 33378 storage/engine/rocksdb.go:120  (Original Log Time 2023/08/18-22:54:04.067604) [db/db_impl_compaction_flush.cc:208] [default] Level summary: base level 6 level multiplier 10.00 max bytes base 67108864 files[1 0 0 0 0 0 1] max score 0.50
I230818 23:48:01.292071 110 storage/engine/rocksdb.go:120  [db/db_impl_open.cc:1125] reusing log 34 from recycle list
I230818 23:48:01.299947 110 storage/engine/rocksdb.go:120  [db/db_impl_write.cc:1437] [default] New memtable created with log file: #39. Immutable memtables: 0.
I230818 23:48:01.301049 33378 storage/engine/rocksdb.go:120  (Original Log Time 2023/08/18-23:48:01.300589) [db/db_impl_compaction_flush.cc:2097] Calling FlushMemTableToOutputFile with column family [default], flush slots available 1, compaction slots available 1, flush slots scheduled 1, compaction slots scheduled 0
I230818 23:48:01.301133 33378 storage/engine/rocksdb.go:120  [db/flush_job.cc:322] [default] [JOB 9] Flushing memtable with next log file: 39
I230818 23:48:01.301508 33378 storage/engine/rocksdb.go:120  EVENT_LOG_v1 {"time_micros": 1692402481301293, "job": 9, "event": "flush_started", "num_memtables": 1, "num_entries": 215553, "num_deletes": 6684, "total_data_size": 61091151, "memory_usage": 65087528, "flush_reason": "Write Buffer Full"}
I230818 23:48:01.301569 33378 storage/engine/rocksdb.go:120  [db/flush_job.cc:351] [default] [JOB 9] Level-0 flush table #40: started
I230818 23:48:04.500229 33378 storage/engine/rocksdb.go:120  EVENT_LOG_v1 {"time_micros": 1692402484499860, "cf_name": "default", "job": 9, "event": "table_file_creation", "file_number": 40, "file_size": 407957, "table_properties": {"data_size": 394842, "index_size": 4635, "index_partitions": 0, "top_level_index_size": 0, "index_key_is_user_key": 0, "index_value_is_delta_encoded": 0, "filter_size": 9669, "raw_key_size": 283419, "raw_average_key_size": 31, "raw_value_size": 2201224, "raw_average_value_size": 242, "num_data_blocks": 71, "num_entries": 9069, "num_deletions": 6549, "num_merge_operands": 1328, "num_range_deletions": 1328, "format_version": 0, "fixed_key_len": 0, "filter_policy": "rocksdb.BuiltinBloomFilter", "column_family_name": "default", "column_family_id": 0, "comparator": "cockroach_comparator", "merge_operator": "cockroach_merge_operator", "prefix_extractor_name": "cockroach_prefix_extractor", "property_collectors": "[TimeBoundTblPropCollectorFactory,DeleteRangeTblPropCollectorFactory]", "compression": "Snappy", "compression_options": "window_bits=-14; level=32767; strategy=0; max_dict_bytes=0; zstd_max_train_bytes=0; enabled=0; ", "creation_time": 1692402481, "oldest_key_time": 1692399241, "file_creation_time": 1692402481}}
I230818 23:48:04.500363 33378 storage/engine/rocksdb.go:120  [db/flush_job.cc:392] [default] [JOB 9] Level-0 flush table #40: 407957 bytes OK
I230818 23:48:04.500638 33378 storage/engine/rocksdb.go:120  [db/version_set.cc:3086] More existing levels in DB than needed. max_bytes_for_level_multiplier may not be guaranteed.
I230818 23:48:04.501655 33378 storage/engine/rocksdb.go:120  [db/db_impl_files.cc:194] adding log 37 to recycle list
I230818 23:48:04.501784 33378 storage/engine/rocksdb.go:120  (Original Log Time 2023/08/18-23:48:04.500467) [db/memtable_list.cc:386] [default] Level-0 commit table #40 started
I230818 23:48:04.501839 33378 storage/engine/rocksdb.go:120  (Original Log Time 2023/08/18-23:48:04.501205) [db/memtable_list.cc:434] [default] Level-0 commit table #40: memtable #1 done
I230818 23:48:04.501896 33378 storage/engine/rocksdb.go:120  (Original Log Time 2023/08/18-23:48:04.501305) EVENT_LOG_v1 {"time_micros": 1692402484501251, "job": 9, "event": "flush_finished", "output_compression": "Snappy", "lsm_state": [2, 0, 0, 0, 0, 0, 1], "immutable_memtables": 0}
I230818 23:48:04.501951 33378 storage/engine/rocksdb.go:120  (Original Log Time 2023/08/18-23:48:04.501426) [db/db_impl_compaction_flush.cc:208] [default] Level summary: base level 6 level multiplier 10.00 max bytes base 67108864 files[2 0 0 0 0 0 1] max score 1.00
I230818 23:48:04.502314 33378 storage/engine/rocksdb.go:120  [db/compaction_job.cc:1647] [default] [JOB 10] Compacting 2@0 + 1@6 files to L6, score 1.00
I230818 23:48:04.502390 33378 storage/engine/rocksdb.go:120  [db/compaction_job.cc:1651] [default] Compaction start summary: Base version 9 Base level 0, inputs: [40(398KB) 38(375KB)], [36(1195KB)]
I230818 23:48:04.502627 33378 storage/engine/rocksdb.go:120  EVENT_LOG_v1 {"time_micros": 1692402484502461, "job": 10, "event": "compaction_started", "compaction_reason": "LevelL0FilesNum", "files_L0": [40, 38], "files_L6": [36], "score": 1, "input_data_size": 2016938}
I230818 23:48:04.787719 33378 storage/engine/rocksdb.go:120  [db/compaction_job.cc:1334] [default] [JOB 10] Generated table #41: 10466 keys, 1795339 bytes
I230818 23:48:04.788137 33378 storage/engine/rocksdb.go:120  EVENT_LOG_v1 {"time_micros": 1692402484787876, "cf_name": "default", "job": 10, "event": "table_file_creation", "file_number": 41, "file_size": 1795339, "table_properties": {"data_size": 1785127, "index_size": 25513, "index_partitions": 0, "top_level_index_size": 0, "index_key_is_user_key": 0, "index_value_is_delta_encoded": 0, "filter_size": 0, "raw_key_size": 443072, "raw_average_key_size": 42, "raw_value_size": 11540468, "raw_average_value_size": 1102, "num_data_blocks": 381, "num_entries": 10466, "num_deletions": 0, "num_merge_operands": 0, "num_range_deletions": 0, "format_version": 0, "fixed_key_len": 0, "filter_policy": "rocksdb.BuiltinBloomFilter", "column_family_name": "default", "column_family_id": 0, "comparator": "cockroach_comparator", "merge_operator": "cockroach_merge_operator", "prefix_extractor_name": "cockroach_prefix_extractor", "property_collectors": "[TimeBoundTblPropCollectorFactory,DeleteRangeTblPropCollectorFactory]", "compression": "Snappy", "compression_options": "window_bits=-14; level=32767; strategy=0; max_dict_bytes=0; zstd_max_train_bytes=0; enabled=0; ", "creation_time": 1692402481, "oldest_key_time": 0, "file_creation_time": 1692402484}}
I230818 23:48:04.789486 33378 storage/engine/rocksdb.go:120  [db/compaction_job.cc:1397] [default] [JOB 10] Compacted 2@0 + 1@6 files to L6 => 1795339 bytes
I230818 23:48:04.789656 33378 storage/engine/rocksdb.go:120  [db/version_set.cc:3086] More existing levels in DB than needed. max_bytes_for_level_multiplier may not be guaranteed.
I230818 23:48:04.790526 33378 storage/engine/rocksdb.go:120  (Original Log Time 2023/08/18-23:48:04.790023) [db/compaction_job.cc:770] [default] compacted to: base level 6 level multiplier 10.00 max bytes base 67108864 files[0 0 0 0 0 0 1] max score 0.00, MB/sec: 7.1 rd, 6.3 wr, level 6, files in(2, 1) out(1) MB in(0.8, 1.2) out(1.7), read-write-amplify(4.8) write-amplify(2.3) OK, records in: 25989, records dropped: 14195 output_compression: Snappy
I230818 23:48:04.790599 33378 storage/engine/rocksdb.go:120  (Original Log Time 2023/08/18-23:48:04.790207) EVENT_LOG_v1 {"time_micros": 1692402484790094, "job": 10, "event": "compaction_finished", "compaction_time_micros": 285739, "compaction_time_cpu_micros": 282689, "output_level": 6, "num_output_files": 1, "total_output_size": 1795339, "num_input_records": 24661, "num_output_records": 10466, "num_subcompactions": 1, "output_compression": "Snappy", "num_single_delete_mismatches": 0, "num_single_delete_fallthrough": 0, "lsm_state": [0, 0, 0, 0, 0, 0, 1]}
I230818 23:48:04.791514 33378 storage/engine/rocksdb.go:120  EVENT_LOG_v1 {"time_micros": 1692402484791426, "job": 10, "event": "table_file_deletion", "file_number": 40}
I230818 23:48:04.792246 33378 storage/engine/rocksdb.go:120  EVENT_LOG_v1 {"time_micros": 1692402484792189, "job": 10, "event": "table_file_deletion", "file_number": 38}
I230818 23:48:04.792905 33378 storage/engine/rocksdb.go:120  EVENT_LOG_v1 {"time_micros": 1692402484792845, "job": 10, "event": "table_file_deletion", "file_number": 36}
I230819 00:33:41.270521 125 storage/engine/rocksdb.go:120  [db/db_impl_open.cc:1125] reusing log 37 from recycle list
I230819 00:33:41.278479 125 storage/engine/rocksdb.go:120  [db/db_impl_write.cc:1437] [default] New memtable created with log file: #42. Immutable memtables: 0.
I230819 00:33:41.279633 33378 storage/engine/rocksdb.go:120  (Original Log Time 2023/08/19-00:33:41.279178) [db/db_impl_compaction_flush.cc:2097] Calling FlushMemTableToOutputFile with column family [default], flush slots available 1, compaction slots available 1, flush slots scheduled 1, compaction slots scheduled 0
I230819 00:33:41.279706 33378 storage/engine/rocksdb.go:120  [db/flush_job.cc:322] [default] [JOB 11] Flushing memtable with next log file: 42
I230819 00:33:41.280124 33378 storage/engine/rocksdb.go:120  EVENT_LOG_v1 {"time_micros": 1692405221279888, "job": 11, "event": "flush_started", "num_memtables": 1, "num_entries": 215691, "num_deletes": 6941, "total_data_size": 61024606, "memory_usage": 65074216, "flush_reason": "Write Buffer Full"}
I230819 00:33:41.280174 33378 storage/engine/rocksdb.go:120  [db/flush_job.cc:351] [default] [JOB 11] Level-0 flush table #43: started
I230819 00:33:44.059401 33378 storage/engine/rocksdb.go:120  EVENT_LOG_v1 {"time_micros": 1692405224059007, "cf_name": "default", "job": 11, "event": "table_file_creation", "file_number": 43, "file_size": 400506, "table_properties": {"data_size": 387528, "index_size": 4425, "index_partitions": 0, "top_level_index_size": 0, "index_key_is_user_key": 0, "index_value_is_delta_encoded": 0, "filter_size": 9541, "raw_key_size": 286891, "raw_average_key_size": 31, "raw_value_size": 2153784, "raw_average_value_size": 234, "num_data_blocks": 70, "num_entries": 9180, "num_deletions": 6809, "num_merge_operands": 1328, "num_range_deletions": 1328, "format_version": 0, "fixed_key_len": 0, "filter_policy": "rocksdb.BuiltinBloomFilter", "column_family_name": "default", "column_family_id": 0, "comparator": "cockroach_comparator", "merge_operator": "cockroach_merge_operator", "prefix_extractor_name": "cockroach_prefix_extractor", "property_collectors": "[TimeBoundTblPropCollectorFactory,DeleteRangeTblPropCollectorFactory]", "compression": "Snappy", "compression_options": "window_bits=-14; level=32767; strategy=0; max_dict_bytes=0; zstd_max_train_bytes=0; enabled=0; ", "creation_time": 1692405221, "oldest_key_time": 1692402481, "file_creation_time": 1692405221}}
I230819 00:33:44.059522 33378 storage/engine/rocksdb.go:120  [db/flush_job.cc:392] [default] [JOB 11] Level-0 flush table #43: 400506 bytes OK
I230819 00:33:44.059761 33378 storage/engine/rocksdb.go:120  [db/version_set.cc:3086] More existing levels in DB than needed. max_bytes_for_level_multiplier may not be guaranteed.
I230819 00:33:44.061202 33378 storage/engine/rocksdb.go:120  [db/db_impl_files.cc:194] adding log 39 to recycle list
I230819 00:33:44.061337 33378 storage/engine/rocksdb.go:120  (Original Log Time 2023/08/19-00:33:44.059615) [db/memtable_list.cc:386] [default] Level-0 commit table #43 started
I230819 00:33:44.061385 33378 storage/engine/rocksdb.go:120  (Original Log Time 2023/08/19-00:33:44.060146) [db/memtable_list.cc:434] [default] Level-0 commit table #43: memtable #1 done
I230819 00:33:44.061428 33378 storage/engine/rocksdb.go:120  (Original Log Time 2023/08/19-00:33:44.060244) EVENT_LOG_v1 {"time_micros": 1692405224060187, "job": 11, "event": "flush_finished", "output_compression": "Snappy", "lsm_state": [1, 0, 0, 0, 0, 0, 1], "immutable_memtables": 0}
I230819 00:33:44.061472 33378 storage/engine/rocksdb.go:120  (Original Log Time 2023/08/19-00:33:44.060334) [db/db_impl_compaction_flush.cc:208] [default] Level summary: base level 6 level multiplier 10.00 max bytes base 67108864 files[1 0 0 0 0 0 1] max score 0.50
I230819 00:33:44.061705 33378 storage/engine/rocksdb.go:120  [db/db_impl_files.cc:356] [JOB 11] Try to delete WAL files size 59636932, prev total WAL file size 59638587, number of live WAL files 2.
I230819 00:59:34.889483 207532 storage/engine/rocksdb.go:120  bloom filter utility:    -nan%
I230819 00:59:34.890125 207532 storage/engine/rocksdb.go:120  [db/db_impl.cc:392] Shutdown: canceling all background work
I230819 00:59:34.893459 207532 storage/engine/rocksdb.go:120  [db/db_impl.cc:565] Shutdown complete
I230819 00:59:34.903392 207532 storage/engine/rocksdb.go:120  bloom filter utility:    71.9%
I230819 00:59:34.903598 207532 storage/engine/rocksdb.go:120  [db/db_impl.cc:392] Shutdown: canceling all background work
I230819 00:59:34.911113 207532 storage/engine/rocksdb.go:120  [db/db_impl.cc:565] Shutdown complete
