I230818 17:15:06.753898 44 util/log/clog.go:1196  [config] file created at: 2023/08/18 17:15:06
I230818 17:15:06.753898 44 util/log/clog.go:1196  [config] running on machine: 96a5bec295a4
I230818 17:15:06.753898 44 util/log/clog.go:1196  [config] binary: CockroachDB CCL v19.2.2 (x86_64-unknown-linux-gnu, built 2019/12/11 01:33:43, go1.12.12)
I230818 17:15:06.753898 44 util/log/clog.go:1196  [config] arguments: [/cockroach/cockroach start-single-node --insecure]
I230818 17:15:06.753898 44 util/log/clog.go:1196  line format: [IWEF]yymmdd hh:mm:ss.uuuuuu goid file:line msg utf8=✓
I230818 17:15:06.753894 44 storage/engine/rocksdb.go:120  RocksDB version: 6.2.1
I230818 17:15:06.755565 44 storage/engine/rocksdb.go:120  Git sha rocksdb_build_git_sha:@b7009236531fa784872f4823eabf393501e41bf2@
I230818 17:15:06.756360 44 storage/engine/rocksdb.go:120  Compile date Dec 11 2019
I230818 17:15:06.756460 44 storage/engine/rocksdb.go:120  DB SUMMARY
I230818 17:15:06.757322 44 storage/engine/rocksdb.go:120  SST files in /cockroach/cockroach-data/cockroach-temp802211204 dir, Total Num: 0, files: 
I230818 17:15:06.757384 44 storage/engine/rocksdb.go:120  Write Ahead Log file in /cockroach/cockroach-data/cockroach-temp802211204: 
I230818 17:15:06.757453 44 storage/engine/rocksdb.go:120                          Options.error_if_exists: 0
I230818 17:15:06.757482 44 storage/engine/rocksdb.go:120                        Options.create_if_missing: 1
I230818 17:15:06.757510 44 storage/engine/rocksdb.go:120                          Options.paranoid_checks: 1
I230818 17:15:06.757598 44 storage/engine/rocksdb.go:120                                      Options.env: 0x75591e0
I230818 17:15:06.757626 44 storage/engine/rocksdb.go:120                                 Options.info_log: 0x4002287fc0
I230818 17:15:06.757653 44 storage/engine/rocksdb.go:120                 Options.max_file_opening_threads: 16
I230818 17:15:06.757683 44 storage/engine/rocksdb.go:120                               Options.statistics: 0x400221d8d0
I230818 17:15:06.757711 44 storage/engine/rocksdb.go:120                                Options.use_fsync: 0
I230818 17:15:06.757755 44 storage/engine/rocksdb.go:120                        Options.max_log_file_size: 0
I230818 17:15:06.757783 44 storage/engine/rocksdb.go:120                   Options.max_manifest_file_size: 134217728
I230818 17:15:06.757809 44 storage/engine/rocksdb.go:120                    Options.log_file_time_to_roll: 0
I230818 17:15:06.757847 44 storage/engine/rocksdb.go:120                        Options.keep_log_file_num: 1000
I230818 17:15:06.757875 44 storage/engine/rocksdb.go:120                     Options.recycle_log_file_num: 1
I230818 17:15:06.757901 44 storage/engine/rocksdb.go:120                          Options.allow_fallocate: 1
I230818 17:15:06.757928 44 storage/engine/rocksdb.go:120                         Options.allow_mmap_reads: 0
I230818 17:15:06.757955 44 storage/engine/rocksdb.go:120                        Options.allow_mmap_writes: 0
I230818 17:15:06.757982 44 storage/engine/rocksdb.go:120                         Options.use_direct_reads: 0
I230818 17:15:06.758055 44 storage/engine/rocksdb.go:120                         Options.use_direct_io_for_flush_and_compaction: 0
I230818 17:15:06.758084 44 storage/engine/rocksdb.go:120           Options.create_missing_column_families: 0
I230818 17:15:06.758111 44 storage/engine/rocksdb.go:120                               Options.db_log_dir: 
I230818 17:15:06.758138 44 storage/engine/rocksdb.go:120                                  Options.wal_dir: /cockroach/cockroach-data/cockroach-temp802211204
I230818 17:15:06.758164 44 storage/engine/rocksdb.go:120                 Options.table_cache_numshardbits: 6
I230818 17:15:06.758191 44 storage/engine/rocksdb.go:120                       Options.max_subcompactions: 1
I230818 17:15:06.758232 44 storage/engine/rocksdb.go:120                   Options.max_background_flushes: -1
I230818 17:15:06.758258 44 storage/engine/rocksdb.go:120                          Options.WAL_ttl_seconds: 0
I230818 17:15:06.758285 44 storage/engine/rocksdb.go:120                        Options.WAL_size_limit_MB: 0
I230818 17:15:06.758311 44 storage/engine/rocksdb.go:120              Options.manifest_preallocation_size: 4194304
I230818 17:15:06.758338 44 storage/engine/rocksdb.go:120                      Options.is_fd_close_on_exec: 1
I230818 17:15:06.758364 44 storage/engine/rocksdb.go:120                    Options.advise_random_on_open: 1
I230818 17:15:06.758390 44 storage/engine/rocksdb.go:120                     Options.db_write_buffer_size: 0
I230818 17:15:06.758416 44 storage/engine/rocksdb.go:120                     Options.write_buffer_manager: 0x4002260cb0
I230818 17:15:06.758452 44 storage/engine/rocksdb.go:120          Options.access_hint_on_compaction_start: 1
I230818 17:15:06.758478 44 storage/engine/rocksdb.go:120   Options.new_table_reader_for_compaction_inputs: 0
I230818 17:15:06.758505 44 storage/engine/rocksdb.go:120            Options.random_access_max_buffer_size: 1048576
I230818 17:15:06.758531 44 storage/engine/rocksdb.go:120                       Options.use_adaptive_mutex: 0
I230818 17:15:06.758603 44 storage/engine/rocksdb.go:120                             Options.rate_limiter: (nil)
I230818 17:15:06.758663 44 storage/engine/rocksdb.go:120      Options.sst_file_manager.rate_bytes_per_sec: 0
I230818 17:15:06.758692 44 storage/engine/rocksdb.go:120                        Options.wal_recovery_mode: 0
I230818 17:15:06.758718 44 storage/engine/rocksdb.go:120                   Options.enable_thread_tracking: 0
I230818 17:15:06.758744 44 storage/engine/rocksdb.go:120                   Options.enable_pipelined_write: 0
I230818 17:15:06.758772 44 storage/engine/rocksdb.go:120          Options.allow_concurrent_memtable_write: 1
I230818 17:15:06.758798 44 storage/engine/rocksdb.go:120       Options.enable_write_thread_adaptive_yield: 1
I230818 17:15:06.758837 44 storage/engine/rocksdb.go:120              Options.write_thread_max_yield_usec: 100
I230818 17:15:06.758866 44 storage/engine/rocksdb.go:120             Options.write_thread_slow_yield_usec: 3
I230818 17:15:06.758896 44 storage/engine/rocksdb.go:120                                Options.row_cache: None
I230818 17:15:06.758930 44 storage/engine/rocksdb.go:120                               Options.wal_filter: None
I230818 17:15:06.758958 44 storage/engine/rocksdb.go:120              Options.avoid_flush_during_recovery: 0
I230818 17:15:06.758985 44 storage/engine/rocksdb.go:120              Options.allow_ingest_behind: 0
I230818 17:15:06.759011 44 storage/engine/rocksdb.go:120              Options.preserve_deletes: 0
I230818 17:15:06.759043 44 storage/engine/rocksdb.go:120              Options.two_write_queues: 0
I230818 17:15:06.759070 44 storage/engine/rocksdb.go:120              Options.manual_wal_flush: 1
I230818 17:15:06.759095 44 storage/engine/rocksdb.go:120              Options.atomic_flush: 0
I230818 17:15:06.759123 44 storage/engine/rocksdb.go:120              Options.avoid_unnecessary_blocking_io: 0
I230818 17:15:06.759154 44 storage/engine/rocksdb.go:120              Options.max_background_jobs: 4
I230818 17:15:06.759181 44 storage/engine/rocksdb.go:120              Options.max_background_compactions: -1
I230818 17:15:06.759207 44 storage/engine/rocksdb.go:120              Options.avoid_flush_during_shutdown: 0
I230818 17:15:06.759234 44 storage/engine/rocksdb.go:120            Options.writable_file_max_buffer_size: 1048576
I230818 17:15:06.759260 44 storage/engine/rocksdb.go:120              Options.delayed_write_rate : 16777216
I230818 17:15:06.759286 44 storage/engine/rocksdb.go:120              Options.max_total_wal_size: 0
I230818 17:15:06.759312 44 storage/engine/rocksdb.go:120              Options.delete_obsolete_files_period_micros: 21600000000
I230818 17:15:06.759338 44 storage/engine/rocksdb.go:120                    Options.stats_dump_period_sec: 0
I230818 17:15:06.759379 44 storage/engine/rocksdb.go:120                  Options.stats_persist_period_sec: 600
I230818 17:15:06.759407 44 storage/engine/rocksdb.go:120                  Options.stats_history_buffer_size: 1048576
I230818 17:15:06.759438 44 storage/engine/rocksdb.go:120                           Options.max_open_files: 128
I230818 17:15:06.759465 44 storage/engine/rocksdb.go:120                           Options.bytes_per_sync: 524288
I230818 17:15:06.759491 44 storage/engine/rocksdb.go:120                       Options.wal_bytes_per_sync: 0
I230818 17:15:06.759518 44 storage/engine/rocksdb.go:120                    Options.strict_bytes_per_sync: 1
I230818 17:15:06.759545 44 storage/engine/rocksdb.go:120        Options.compaction_readahead_size: 0
I230818 17:15:06.759571 44 storage/engine/rocksdb.go:120  Compression algorithms supported:
I230818 17:15:06.759617 44 storage/engine/rocksdb.go:120  	kZSTDNotFinalCompression supported: 0
I230818 17:15:06.759648 44 storage/engine/rocksdb.go:120  	kZSTD supported: 0
I230818 17:15:06.759670 44 storage/engine/rocksdb.go:120  	kXpressCompression supported: 0
I230818 17:15:06.759693 44 storage/engine/rocksdb.go:120  	kLZ4HCCompression supported: 0
I230818 17:15:06.759715 44 storage/engine/rocksdb.go:120  	kLZ4Compression supported: 0
I230818 17:15:06.759738 44 storage/engine/rocksdb.go:120  	kBZip2Compression supported: 0
I230818 17:15:06.759760 44 storage/engine/rocksdb.go:120  	kZlibCompression supported: 0
I230818 17:15:06.759782 44 storage/engine/rocksdb.go:120  	kSnappyCompression supported: 1
I230818 17:15:06.759943 44 storage/engine/rocksdb.go:120  Fast CRC32 supported: Supported on x86
I230818 17:15:06.761308 44 storage/engine/rocksdb.go:120  [db/db_impl_open.cc:242] Creating manifest 1 
I230818 17:15:06.770280 44 storage/engine/rocksdb.go:120  [db/version_set.cc:4072] Recovering from manifest file: /cockroach/cockroach-data/cockroach-temp802211204/MANIFEST-000001
I230818 17:15:06.776541 44 storage/engine/rocksdb.go:120  [db/column_family.cc:488] --------------- Options for column family [default]:
I230818 17:15:06.776666 44 storage/engine/rocksdb.go:120                Options.comparator: cockroach_comparator
I230818 17:15:06.776728 44 storage/engine/rocksdb.go:120            Options.merge_operator: cockroach_merge_operator
I230818 17:15:06.776770 44 storage/engine/rocksdb.go:120         Options.compaction_filter: None
I230818 17:15:06.776802 44 storage/engine/rocksdb.go:120         Options.compaction_filter_factory: None
I230818 17:15:06.776845 44 storage/engine/rocksdb.go:120          Options.memtable_factory: SkipListFactory
I230818 17:15:06.776895 44 storage/engine/rocksdb.go:120             Options.table_factory: BlockBasedTable
I230818 17:15:06.779151 44 storage/engine/rocksdb.go:120             table_factory options:   flush_block_policy_factory: FlushBlockBySizePolicyFactory (0x4002224040)
  cache_index_and_filter_blocks: 0
  cache_index_and_filter_blocks_with_high_priority: 0
  pin_l0_filter_and_index_blocks_in_cache: 0
  pin_top_level_index_and_filter: 1
  index_type: 0
  data_block_index_type: 0
  index_shortening: 1
  data_block_hash_table_util_ratio: 0.750000
  hash_index_allow_collision: 1
  checksum: 1
  no_block_cache: 0
  block_cache: 0x400224b210
  block_cache_name: LRUCache
  block_cache_options:
    capacity : 1048576
    num_shard_bits : 4
    strict_capacity_limit : 0
    memory_allocator : None
    high_pri_pool_ratio: 0.000
  block_cache_compressed: (nil)
  persistent_cache: (nil)
  block_size: 32768
  block_size_deviation: 10
  block_restart_interval: 16
  index_block_restart_interval: 1
  metadata_block_size: 4096
  partition_filters: 0
  use_delta_encoding: 1
  filter_policy: rocksdb.BuiltinBloomFilter
  whole_key_filtering: 0
  verify_compression: 0
  read_amp_bytes_per_bit: 0
  format_version: 2
  enable_index_compression: 1
  block_align: 0
I230818 17:15:06.779221 44 storage/engine/rocksdb.go:120         Options.write_buffer_size: 67108864
I230818 17:15:06.779258 44 storage/engine/rocksdb.go:120   Options.max_write_buffer_number: 4
I230818 17:15:06.779306 44 storage/engine/rocksdb.go:120           Options.compression: Snappy
I230818 17:15:06.779356 44 storage/engine/rocksdb.go:120                   Options.bottommost_compression: Disabled
I230818 17:15:06.779400 44 storage/engine/rocksdb.go:120        Options.prefix_extractor: cockroach_prefix_extractor
I230818 17:15:06.779433 44 storage/engine/rocksdb.go:120    Options.memtable_insert_with_hint_prefix_extractor: nullptr
I230818 17:15:06.779462 44 storage/engine/rocksdb.go:120              Options.num_levels: 7
I230818 17:15:06.779491 44 storage/engine/rocksdb.go:120         Options.min_write_buffer_number_to_merge: 1
I230818 17:15:06.779519 44 storage/engine/rocksdb.go:120      Options.max_write_buffer_number_to_maintain: 0
I230818 17:15:06.779548 44 storage/engine/rocksdb.go:120             Options.bottommost_compression_opts.window_bits: -14
I230818 17:15:06.779584 44 storage/engine/rocksdb.go:120                   Options.bottommost_compression_opts.level: 32767
I230818 17:15:06.779613 44 storage/engine/rocksdb.go:120                Options.bottommost_compression_opts.strategy: 0
I230818 17:15:06.779644 44 storage/engine/rocksdb.go:120          Options.bottommost_compression_opts.max_dict_bytes: 0
I230818 17:15:06.779674 44 storage/engine/rocksdb.go:120          Options.bottommost_compression_opts.zstd_max_train_bytes: 0
I230818 17:15:06.779705 44 storage/engine/rocksdb.go:120                   Options.bottommost_compression_opts.enabled: false
I230818 17:15:06.779733 44 storage/engine/rocksdb.go:120             Options.compression_opts.window_bits: -14
I230818 17:15:06.779761 44 storage/engine/rocksdb.go:120                   Options.compression_opts.level: 32767
I230818 17:15:06.779789 44 storage/engine/rocksdb.go:120                Options.compression_opts.strategy: 0
I230818 17:15:06.779825 44 storage/engine/rocksdb.go:120          Options.compression_opts.max_dict_bytes: 0
I230818 17:15:06.779854 44 storage/engine/rocksdb.go:120          Options.compression_opts.zstd_max_train_bytes: 0
I230818 17:15:06.779883 44 storage/engine/rocksdb.go:120                   Options.compression_opts.enabled: false
I230818 17:15:06.779944 44 storage/engine/rocksdb.go:120       Options.level0_file_num_compaction_trigger: 2
I230818 17:15:06.779976 44 storage/engine/rocksdb.go:120           Options.level0_slowdown_writes_trigger: 950
I230818 17:15:06.780003 44 storage/engine/rocksdb.go:120               Options.level0_stop_writes_trigger: 1000
I230818 17:15:06.780032 44 storage/engine/rocksdb.go:120                    Options.target_file_size_base: 4194304
I230818 17:15:06.780060 44 storage/engine/rocksdb.go:120              Options.target_file_size_multiplier: 2
I230818 17:15:06.780088 44 storage/engine/rocksdb.go:120                 Options.max_bytes_for_level_base: 67108864
I230818 17:15:06.780117 44 storage/engine/rocksdb.go:120  Options.level_compaction_dynamic_level_bytes: 1
I230818 17:15:06.780414 44 storage/engine/rocksdb.go:120           Options.max_bytes_for_level_multiplier: 10.000000
I230818 17:15:06.780462 44 storage/engine/rocksdb.go:120  Options.max_bytes_for_level_multiplier_addtl[0]: 1
I230818 17:15:06.780501 44 storage/engine/rocksdb.go:120  Options.max_bytes_for_level_multiplier_addtl[1]: 1
I230818 17:15:06.780526 44 storage/engine/rocksdb.go:120  Options.max_bytes_for_level_multiplier_addtl[2]: 1
I230818 17:15:06.780550 44 storage/engine/rocksdb.go:120  Options.max_bytes_for_level_multiplier_addtl[3]: 1
I230818 17:15:06.780574 44 storage/engine/rocksdb.go:120  Options.max_bytes_for_level_multiplier_addtl[4]: 1
I230818 17:15:06.780598 44 storage/engine/rocksdb.go:120  Options.max_bytes_for_level_multiplier_addtl[5]: 1
I230818 17:15:06.780622 44 storage/engine/rocksdb.go:120  Options.max_bytes_for_level_multiplier_addtl[6]: 1
I230818 17:15:06.780651 44 storage/engine/rocksdb.go:120        Options.max_sequential_skip_in_iterations: 8
I230818 17:15:06.780679 44 storage/engine/rocksdb.go:120                     Options.max_compaction_bytes: 104857600
I230818 17:15:06.780708 44 storage/engine/rocksdb.go:120                         Options.arena_block_size: 8388608
I230818 17:15:06.780736 44 storage/engine/rocksdb.go:120    Options.soft_pending_compaction_bytes_limit: 2199023255552
I230818 17:15:06.780764 44 storage/engine/rocksdb.go:120    Options.hard_pending_compaction_bytes_limit: 4400193994752
I230818 17:15:06.780792 44 storage/engine/rocksdb.go:120        Options.rate_limit_delay_max_milliseconds: 100
I230818 17:15:06.780830 44 storage/engine/rocksdb.go:120                 Options.disable_auto_compactions: 0
I230818 17:15:06.780901 44 storage/engine/rocksdb.go:120                         Options.compaction_style: kCompactionStyleLevel
I230818 17:15:06.780975 44 storage/engine/rocksdb.go:120                           Options.compaction_pri: kMinOverlappingRatio
I230818 17:15:06.781005 44 storage/engine/rocksdb.go:120  Options.compaction_options_universal.size_ratio: 1
I230818 17:15:06.781035 44 storage/engine/rocksdb.go:120  Options.compaction_options_universal.min_merge_width: 2
I230818 17:15:06.781063 44 storage/engine/rocksdb.go:120  Options.compaction_options_universal.max_merge_width: 4294967295
I230818 17:15:06.781092 44 storage/engine/rocksdb.go:120  Options.compaction_options_universal.max_size_amplification_percent: 200
I230818 17:15:06.781120 44 storage/engine/rocksdb.go:120  Options.compaction_options_universal.compression_size_percent: -1
I230818 17:15:06.781193 44 storage/engine/rocksdb.go:120  Options.compaction_options_universal.stop_style: kCompactionStopStyleTotalSize
I230818 17:15:06.781224 44 storage/engine/rocksdb.go:120  Options.compaction_options_fifo.max_table_files_size: 1073741824
I230818 17:15:06.781253 44 storage/engine/rocksdb.go:120  Options.compaction_options_fifo.allow_compaction: 0
I230818 17:15:06.781329 44 storage/engine/rocksdb.go:120                    Options.table_properties_collectors: TimeBoundTblPropCollectorFactory; DeleteRangeTblPropCollectorFactory; 
I230818 17:15:06.781369 44 storage/engine/rocksdb.go:120                    Options.inplace_update_support: 0
I230818 17:15:06.781399 44 storage/engine/rocksdb.go:120                  Options.inplace_update_num_locks: 10000
I230818 17:15:06.781440 44 storage/engine/rocksdb.go:120                Options.memtable_prefix_bloom_size_ratio: 0.000000
I230818 17:15:06.781470 44 storage/engine/rocksdb.go:120                Options.memtable_whole_key_filtering: 0
I230818 17:15:06.781498 44 storage/engine/rocksdb.go:120    Options.memtable_huge_page_size: 0
I230818 17:15:06.781526 44 storage/engine/rocksdb.go:120                            Options.bloom_locality: 0
I230818 17:15:06.781553 44 storage/engine/rocksdb.go:120                     Options.max_successive_merges: 0
I230818 17:15:06.781582 44 storage/engine/rocksdb.go:120                 Options.optimize_filters_for_hits: 1
I230818 17:15:06.781609 44 storage/engine/rocksdb.go:120                 Options.paranoid_file_checks: 0
I230818 17:15:06.781637 44 storage/engine/rocksdb.go:120                 Options.force_consistency_checks: 0
I230818 17:15:06.781665 44 storage/engine/rocksdb.go:120                 Options.report_bg_io_stats: 0
I230818 17:15:06.781693 44 storage/engine/rocksdb.go:120                                Options.ttl: 0
I230818 17:15:06.781721 44 storage/engine/rocksdb.go:120           Options.periodic_compaction_seconds: 0
I230818 17:15:06.789777 44 storage/engine/rocksdb.go:120  [db/version_set.cc:4286] Recovered from manifest file:/cockroach/cockroach-data/cockroach-temp802211204/MANIFEST-000001 succeeded,manifest_file_number is 1, next_file_number is 3, last_sequence is 0, log_number is 0,prev_log_number is 0,max_column_family is 0,min_log_number_to_keep is 0
I230818 17:15:06.789841 44 storage/engine/rocksdb.go:120  [db/version_set.cc:4295] Column family [default] (ID 0), log number is 0
I230818 17:15:06.816712 44 storage/engine/rocksdb.go:120  DB pointer 0x4002375000
I230818 17:15:06.895547 44 storage/engine/rocksdb.go:120  RocksDB version: 6.2.1
I230818 17:15:06.895596 44 storage/engine/rocksdb.go:120  Git sha rocksdb_build_git_sha:@b7009236531fa784872f4823eabf393501e41bf2@
I230818 17:15:06.895623 44 storage/engine/rocksdb.go:120  Compile date Dec 11 2019
I230818 17:15:06.895648 44 storage/engine/rocksdb.go:120  DB SUMMARY
I230818 17:15:06.896078 44 storage/engine/rocksdb.go:120  SST files in /cockroach/cockroach-data dir, Total Num: 0, files: 
I230818 17:15:06.896108 44 storage/engine/rocksdb.go:120  Write Ahead Log file in /cockroach/cockroach-data: 
I230818 17:15:06.896142 44 storage/engine/rocksdb.go:120                          Options.error_if_exists: 0
I230818 17:15:06.896167 44 storage/engine/rocksdb.go:120                        Options.create_if_missing: 1
I230818 17:15:06.896191 44 storage/engine/rocksdb.go:120                          Options.paranoid_checks: 1
I230818 17:15:06.896215 44 storage/engine/rocksdb.go:120                                      Options.env: 0x75591e0
I230818 17:15:06.896241 44 storage/engine/rocksdb.go:120                                 Options.info_log: 0x4019619080
I230818 17:15:06.896264 44 storage/engine/rocksdb.go:120                 Options.max_file_opening_threads: 16
I230818 17:15:06.896287 44 storage/engine/rocksdb.go:120                               Options.statistics: 0x401961f010
I230818 17:15:06.896309 44 storage/engine/rocksdb.go:120                                Options.use_fsync: 0
I230818 17:15:06.896334 44 storage/engine/rocksdb.go:120                        Options.max_log_file_size: 0
I230818 17:15:06.896358 44 storage/engine/rocksdb.go:120                   Options.max_manifest_file_size: 134217728
I230818 17:15:06.896382 44 storage/engine/rocksdb.go:120                    Options.log_file_time_to_roll: 0
I230818 17:15:06.896405 44 storage/engine/rocksdb.go:120                        Options.keep_log_file_num: 1000
I230818 17:15:06.896427 44 storage/engine/rocksdb.go:120                     Options.recycle_log_file_num: 1
I230818 17:15:06.896450 44 storage/engine/rocksdb.go:120                          Options.allow_fallocate: 1
I230818 17:15:06.896473 44 storage/engine/rocksdb.go:120                         Options.allow_mmap_reads: 0
I230818 17:15:06.896499 44 storage/engine/rocksdb.go:120                        Options.allow_mmap_writes: 0
I230818 17:15:06.896524 44 storage/engine/rocksdb.go:120                         Options.use_direct_reads: 0
I230818 17:15:06.896551 44 storage/engine/rocksdb.go:120                         Options.use_direct_io_for_flush_and_compaction: 0
I230818 17:15:06.896575 44 storage/engine/rocksdb.go:120           Options.create_missing_column_families: 0
I230818 17:15:06.896599 44 storage/engine/rocksdb.go:120                               Options.db_log_dir: 
I230818 17:15:06.896622 44 storage/engine/rocksdb.go:120                                  Options.wal_dir: /cockroach/cockroach-data
I230818 17:15:06.896645 44 storage/engine/rocksdb.go:120                 Options.table_cache_numshardbits: 6
I230818 17:15:06.896668 44 storage/engine/rocksdb.go:120                       Options.max_subcompactions: 1
I230818 17:15:06.896702 44 storage/engine/rocksdb.go:120                   Options.max_background_flushes: -1
I230818 17:15:06.896728 44 storage/engine/rocksdb.go:120                          Options.WAL_ttl_seconds: 0
I230818 17:15:06.896751 44 storage/engine/rocksdb.go:120                        Options.WAL_size_limit_MB: 0
I230818 17:15:06.896774 44 storage/engine/rocksdb.go:120              Options.manifest_preallocation_size: 4194304
I230818 17:15:06.896796 44 storage/engine/rocksdb.go:120                      Options.is_fd_close_on_exec: 1
I230818 17:15:06.896831 44 storage/engine/rocksdb.go:120                    Options.advise_random_on_open: 1
I230818 17:15:06.896855 44 storage/engine/rocksdb.go:120                     Options.db_write_buffer_size: 0
I230818 17:15:06.896878 44 storage/engine/rocksdb.go:120                     Options.write_buffer_manager: 0x4019687030
I230818 17:15:06.896901 44 storage/engine/rocksdb.go:120          Options.access_hint_on_compaction_start: 1
I230818 17:15:06.896924 44 storage/engine/rocksdb.go:120   Options.new_table_reader_for_compaction_inputs: 0
I230818 17:15:06.896948 44 storage/engine/rocksdb.go:120            Options.random_access_max_buffer_size: 1048576
I230818 17:15:06.896971 44 storage/engine/rocksdb.go:120                       Options.use_adaptive_mutex: 0
I230818 17:15:06.897006 44 storage/engine/rocksdb.go:120                             Options.rate_limiter: (nil)
I230818 17:15:06.897032 44 storage/engine/rocksdb.go:120      Options.sst_file_manager.rate_bytes_per_sec: 0
I230818 17:15:06.897056 44 storage/engine/rocksdb.go:120                        Options.wal_recovery_mode: 0
I230818 17:15:06.897079 44 storage/engine/rocksdb.go:120                   Options.enable_thread_tracking: 0
I230818 17:15:06.897102 44 storage/engine/rocksdb.go:120                   Options.enable_pipelined_write: 0
I230818 17:15:06.897125 44 storage/engine/rocksdb.go:120          Options.allow_concurrent_memtable_write: 1
I230818 17:15:06.897150 44 storage/engine/rocksdb.go:120       Options.enable_write_thread_adaptive_yield: 1
I230818 17:15:06.897175 44 storage/engine/rocksdb.go:120              Options.write_thread_max_yield_usec: 100
I230818 17:15:06.897198 44 storage/engine/rocksdb.go:120             Options.write_thread_slow_yield_usec: 3
I230818 17:15:06.897220 44 storage/engine/rocksdb.go:120                                Options.row_cache: None
I230818 17:15:06.897243 44 storage/engine/rocksdb.go:120                               Options.wal_filter: None
I230818 17:15:06.897266 44 storage/engine/rocksdb.go:120              Options.avoid_flush_during_recovery: 0
I230818 17:15:06.897290 44 storage/engine/rocksdb.go:120              Options.allow_ingest_behind: 0
I230818 17:15:06.897312 44 storage/engine/rocksdb.go:120              Options.preserve_deletes: 0
I230818 17:15:06.897335 44 storage/engine/rocksdb.go:120              Options.two_write_queues: 0
I230818 17:15:06.897357 44 storage/engine/rocksdb.go:120              Options.manual_wal_flush: 1
I230818 17:15:06.897380 44 storage/engine/rocksdb.go:120              Options.atomic_flush: 0
I230818 17:15:06.897402 44 storage/engine/rocksdb.go:120              Options.avoid_unnecessary_blocking_io: 0
I230818 17:15:06.897425 44 storage/engine/rocksdb.go:120              Options.max_background_jobs: 4
I230818 17:15:06.897448 44 storage/engine/rocksdb.go:120              Options.max_background_compactions: -1
I230818 17:15:06.897470 44 storage/engine/rocksdb.go:120              Options.avoid_flush_during_shutdown: 0
I230818 17:15:06.897493 44 storage/engine/rocksdb.go:120            Options.writable_file_max_buffer_size: 1048576
I230818 17:15:06.897515 44 storage/engine/rocksdb.go:120              Options.delayed_write_rate : 16777216
I230818 17:15:06.897538 44 storage/engine/rocksdb.go:120              Options.max_total_wal_size: 0
I230818 17:15:06.897561 44 storage/engine/rocksdb.go:120              Options.delete_obsolete_files_period_micros: 21600000000
I230818 17:15:06.897584 44 storage/engine/rocksdb.go:120                    Options.stats_dump_period_sec: 0
I230818 17:15:06.897608 44 storage/engine/rocksdb.go:120                  Options.stats_persist_period_sec: 600
I230818 17:15:06.897631 44 storage/engine/rocksdb.go:120                  Options.stats_history_buffer_size: 1048576
I230818 17:15:06.897653 44 storage/engine/rocksdb.go:120                           Options.max_open_files: 1043576
I230818 17:15:06.897676 44 storage/engine/rocksdb.go:120                           Options.bytes_per_sync: 524288
I230818 17:15:06.897699 44 storage/engine/rocksdb.go:120                       Options.wal_bytes_per_sync: 0
I230818 17:15:06.897731 44 storage/engine/rocksdb.go:120                    Options.strict_bytes_per_sync: 1
I230818 17:15:06.897755 44 storage/engine/rocksdb.go:120        Options.compaction_readahead_size: 0
I230818 17:15:06.897778 44 storage/engine/rocksdb.go:120  Compression algorithms supported:
I230818 17:15:06.897802 44 storage/engine/rocksdb.go:120  	kZSTDNotFinalCompression supported: 0
I230818 17:15:06.897837 44 storage/engine/rocksdb.go:120  	kZSTD supported: 0
I230818 17:15:06.897861 44 storage/engine/rocksdb.go:120  	kXpressCompression supported: 0
I230818 17:15:06.897883 44 storage/engine/rocksdb.go:120  	kLZ4HCCompression supported: 0
I230818 17:15:06.897906 44 storage/engine/rocksdb.go:120  	kLZ4Compression supported: 0
I230818 17:15:06.897928 44 storage/engine/rocksdb.go:120  	kBZip2Compression supported: 0
I230818 17:15:06.897951 44 storage/engine/rocksdb.go:120  	kZlibCompression supported: 0
I230818 17:15:06.897973 44 storage/engine/rocksdb.go:120  	kSnappyCompression supported: 1
I230818 17:15:06.898020 44 storage/engine/rocksdb.go:120  Fast CRC32 supported: Supported on x86
I230818 17:15:06.898534 44 storage/engine/rocksdb.go:120  [db/db_impl_open.cc:242] Creating manifest 1 
I230818 17:15:06.901811 44 storage/engine/rocksdb.go:120  [db/version_set.cc:4072] Recovering from manifest file: /cockroach/cockroach-data/MANIFEST-000001
I230818 17:15:06.902056 44 storage/engine/rocksdb.go:120  [db/column_family.cc:488] --------------- Options for column family [default]:
I230818 17:15:06.902089 44 storage/engine/rocksdb.go:120                Options.comparator: cockroach_comparator
I230818 17:15:06.902117 44 storage/engine/rocksdb.go:120            Options.merge_operator: cockroach_merge_operator
I230818 17:15:06.902144 44 storage/engine/rocksdb.go:120         Options.compaction_filter: None
I230818 17:15:06.902170 44 storage/engine/rocksdb.go:120         Options.compaction_filter_factory: None
I230818 17:15:06.902195 44 storage/engine/rocksdb.go:120          Options.memtable_factory: SkipListFactory
I230818 17:15:06.902220 44 storage/engine/rocksdb.go:120             Options.table_factory: BlockBasedTable
I230818 17:15:06.902379 44 storage/engine/rocksdb.go:120             table_factory options:   flush_block_policy_factory: FlushBlockBySizePolicyFactory (0x401961d028)
  cache_index_and_filter_blocks: 0
  cache_index_and_filter_blocks_with_high_priority: 0
  pin_l0_filter_and_index_blocks_in_cache: 0
  pin_top_level_index_and_filter: 1
  index_type: 0
  data_block_index_type: 0
  index_shortening: 1
  data_block_hash_table_util_ratio: 0.750000
  hash_index_allow_collision: 1
  checksum: 1
  no_block_cache: 0
  block_cache: 0x401960e010
  block_cache_name: LRUCache
  block_cache_options:
    capacity : 67108864
    num_shard_bits : 4
    strict_capacity_limit : 0
    memory_allocator : None
    high_pri_pool_ratio: 0.000
  block_cache_compressed: (nil)
  persistent_cache: (nil)
  block_size: 32768
  block_size_deviation: 10
  block_restart_interval: 16
  index_block_restart_interval: 1
  metadata_block_size: 4096
  partition_filters: 0
  use_delta_encoding: 1
  filter_policy: rocksdb.BuiltinBloomFilter
  whole_key_filtering: 0
  verify_compression: 0
  read_amp_bytes_per_bit: 0
  format_version: 2
  enable_index_compression: 1
  block_align: 0
I230818 17:15:06.902415 44 storage/engine/rocksdb.go:120         Options.write_buffer_size: 67108864
I230818 17:15:06.902447 44 storage/engine/rocksdb.go:120   Options.max_write_buffer_number: 4
I230818 17:15:06.902471 44 storage/engine/rocksdb.go:120           Options.compression: Snappy
I230818 17:15:06.902495 44 storage/engine/rocksdb.go:120                   Options.bottommost_compression: Disabled
I230818 17:15:06.902518 44 storage/engine/rocksdb.go:120        Options.prefix_extractor: cockroach_prefix_extractor
I230818 17:15:06.902542 44 storage/engine/rocksdb.go:120    Options.memtable_insert_with_hint_prefix_extractor: nullptr
I230818 17:15:06.902565 44 storage/engine/rocksdb.go:120              Options.num_levels: 7
I230818 17:15:06.902588 44 storage/engine/rocksdb.go:120         Options.min_write_buffer_number_to_merge: 1
I230818 17:15:06.902611 44 storage/engine/rocksdb.go:120      Options.max_write_buffer_number_to_maintain: 0
I230818 17:15:06.902634 44 storage/engine/rocksdb.go:120             Options.bottommost_compression_opts.window_bits: -14
I230818 17:15:06.902657 44 storage/engine/rocksdb.go:120                   Options.bottommost_compression_opts.level: 32767
I230818 17:15:06.902679 44 storage/engine/rocksdb.go:120                Options.bottommost_compression_opts.strategy: 0
I230818 17:15:06.902702 44 storage/engine/rocksdb.go:120          Options.bottommost_compression_opts.max_dict_bytes: 0
I230818 17:15:06.902725 44 storage/engine/rocksdb.go:120          Options.bottommost_compression_opts.zstd_max_train_bytes: 0
I230818 17:15:06.902751 44 storage/engine/rocksdb.go:120                   Options.bottommost_compression_opts.enabled: false
I230818 17:15:06.902775 44 storage/engine/rocksdb.go:120             Options.compression_opts.window_bits: -14
I230818 17:15:06.902797 44 storage/engine/rocksdb.go:120                   Options.compression_opts.level: 32767
I230818 17:15:06.902830 44 storage/engine/rocksdb.go:120                Options.compression_opts.strategy: 0
I230818 17:15:06.902867 44 storage/engine/rocksdb.go:120          Options.compression_opts.max_dict_bytes: 0
I230818 17:15:06.902896 44 storage/engine/rocksdb.go:120          Options.compression_opts.zstd_max_train_bytes: 0
I230818 17:15:06.902919 44 storage/engine/rocksdb.go:120                   Options.compression_opts.enabled: false
I230818 17:15:06.902941 44 storage/engine/rocksdb.go:120       Options.level0_file_num_compaction_trigger: 2
I230818 17:15:06.902964 44 storage/engine/rocksdb.go:120           Options.level0_slowdown_writes_trigger: 950
I230818 17:15:06.902988 44 storage/engine/rocksdb.go:120               Options.level0_stop_writes_trigger: 1000
I230818 17:15:06.903011 44 storage/engine/rocksdb.go:120                    Options.target_file_size_base: 4194304
I230818 17:15:06.903035 44 storage/engine/rocksdb.go:120              Options.target_file_size_multiplier: 2
I230818 17:15:06.903059 44 storage/engine/rocksdb.go:120                 Options.max_bytes_for_level_base: 67108864
I230818 17:15:06.903083 44 storage/engine/rocksdb.go:120  Options.level_compaction_dynamic_level_bytes: 1
I230818 17:15:06.903116 44 storage/engine/rocksdb.go:120           Options.max_bytes_for_level_multiplier: 10.000000
I230818 17:15:06.903141 44 storage/engine/rocksdb.go:120  Options.max_bytes_for_level_multiplier_addtl[0]: 1
I230818 17:15:06.903166 44 storage/engine/rocksdb.go:120  Options.max_bytes_for_level_multiplier_addtl[1]: 1
I230818 17:15:06.903190 44 storage/engine/rocksdb.go:120  Options.max_bytes_for_level_multiplier_addtl[2]: 1
I230818 17:15:06.903214 44 storage/engine/rocksdb.go:120  Options.max_bytes_for_level_multiplier_addtl[3]: 1
I230818 17:15:06.903238 44 storage/engine/rocksdb.go:120  Options.max_bytes_for_level_multiplier_addtl[4]: 1
I230818 17:15:06.903262 44 storage/engine/rocksdb.go:120  Options.max_bytes_for_level_multiplier_addtl[5]: 1
I230818 17:15:06.903288 44 storage/engine/rocksdb.go:120  Options.max_bytes_for_level_multiplier_addtl[6]: 1
I230818 17:15:06.903312 44 storage/engine/rocksdb.go:120        Options.max_sequential_skip_in_iterations: 8
I230818 17:15:06.903336 44 storage/engine/rocksdb.go:120                     Options.max_compaction_bytes: 104857600
I230818 17:15:06.903360 44 storage/engine/rocksdb.go:120                         Options.arena_block_size: 8388608
I230818 17:15:06.903385 44 storage/engine/rocksdb.go:120    Options.soft_pending_compaction_bytes_limit: 2199023255552
I230818 17:15:06.903409 44 storage/engine/rocksdb.go:120    Options.hard_pending_compaction_bytes_limit: 4400193994752
I230818 17:15:06.903435 44 storage/engine/rocksdb.go:120        Options.rate_limit_delay_max_milliseconds: 100
I230818 17:15:06.903460 44 storage/engine/rocksdb.go:120                 Options.disable_auto_compactions: 0
I230818 17:15:06.903486 44 storage/engine/rocksdb.go:120                         Options.compaction_style: kCompactionStyleLevel
I230818 17:15:06.903511 44 storage/engine/rocksdb.go:120                           Options.compaction_pri: kMinOverlappingRatio
I230818 17:15:06.903534 44 storage/engine/rocksdb.go:120  Options.compaction_options_universal.size_ratio: 1
I230818 17:15:06.903557 44 storage/engine/rocksdb.go:120  Options.compaction_options_universal.min_merge_width: 2
I230818 17:15:06.903579 44 storage/engine/rocksdb.go:120  Options.compaction_options_universal.max_merge_width: 4294967295
I230818 17:15:06.903602 44 storage/engine/rocksdb.go:120  Options.compaction_options_universal.max_size_amplification_percent: 200
I230818 17:15:06.903625 44 storage/engine/rocksdb.go:120  Options.compaction_options_universal.compression_size_percent: -1
I230818 17:15:06.903649 44 storage/engine/rocksdb.go:120  Options.compaction_options_universal.stop_style: kCompactionStopStyleTotalSize
I230818 17:15:06.903672 44 storage/engine/rocksdb.go:120  Options.compaction_options_fifo.max_table_files_size: 1073741824
I230818 17:15:06.903694 44 storage/engine/rocksdb.go:120  Options.compaction_options_fifo.allow_compaction: 0
I230818 17:15:06.903725 44 storage/engine/rocksdb.go:120                    Options.table_properties_collectors: TimeBoundTblPropCollectorFactory; DeleteRangeTblPropCollectorFactory; 
I230818 17:15:06.903751 44 storage/engine/rocksdb.go:120                    Options.inplace_update_support: 0
I230818 17:15:06.903773 44 storage/engine/rocksdb.go:120                  Options.inplace_update_num_locks: 10000
I230818 17:15:06.903798 44 storage/engine/rocksdb.go:120                Options.memtable_prefix_bloom_size_ratio: 0.000000
I230818 17:15:06.903834 44 storage/engine/rocksdb.go:120                Options.memtable_whole_key_filtering: 0
I230818 17:15:06.903857 44 storage/engine/rocksdb.go:120    Options.memtable_huge_page_size: 0
I230818 17:15:06.903891 44 storage/engine/rocksdb.go:120                            Options.bloom_locality: 0
I230818 17:15:06.903914 44 storage/engine/rocksdb.go:120                     Options.max_successive_merges: 0
I230818 17:15:06.903936 44 storage/engine/rocksdb.go:120                 Options.optimize_filters_for_hits: 1
I230818 17:15:06.903958 44 storage/engine/rocksdb.go:120                 Options.paranoid_file_checks: 0
I230818 17:15:06.903982 44 storage/engine/rocksdb.go:120                 Options.force_consistency_checks: 0
I230818 17:15:06.904013 44 storage/engine/rocksdb.go:120                 Options.report_bg_io_stats: 0
I230818 17:15:06.904039 44 storage/engine/rocksdb.go:120                                Options.ttl: 0
I230818 17:15:06.904063 44 storage/engine/rocksdb.go:120           Options.periodic_compaction_seconds: 0
I230818 17:15:06.908306 44 storage/engine/rocksdb.go:120  [db/version_set.cc:4286] Recovered from manifest file:/cockroach/cockroach-data/MANIFEST-000001 succeeded,manifest_file_number is 1, next_file_number is 3, last_sequence is 0, log_number is 0,prev_log_number is 0,max_column_family is 0,min_log_number_to_keep is 0
I230818 17:15:06.908411 44 storage/engine/rocksdb.go:120  [db/version_set.cc:4295] Column family [default] (ID 0), log number is 0
I230818 17:15:06.918775 44 storage/engine/rocksdb.go:120  DB pointer 0x4019694000
I230818 17:24:56.611507 17309 storage/engine/rocksdb.go:120  bloom filter utility:    -nan%
I230818 17:24:56.612240 17309 storage/engine/rocksdb.go:120  [db/db_impl.cc:392] Shutdown: canceling all background work
I230818 17:24:56.615877 17309 storage/engine/rocksdb.go:120  [db/db_impl.cc:565] Shutdown complete
I230818 17:24:56.622775 17309 storage/engine/rocksdb.go:120  bloom filter utility:    -nan%
I230818 17:24:56.622968 17309 storage/engine/rocksdb.go:120  [db/db_impl.cc:392] Shutdown: canceling all background work
I230818 17:24:56.625496 17309 storage/engine/rocksdb.go:120  [db/db_impl.cc:565] Shutdown complete
