I230818 18:02:20.541192 1 util/log/clog.go:1196  [config] file created at: 2023/08/18 18:02:20
I230818 18:02:20.541192 1 util/log/clog.go:1196  [config] running on machine: b0b93122cb55
I230818 18:02:20.541192 1 util/log/clog.go:1196  [config] binary: CockroachDB CCL v19.2.2 (x86_64-unknown-linux-gnu, built 2019/12/11 01:33:43, go1.12.12)
I230818 18:02:20.541192 1 util/log/clog.go:1196  [config] arguments: [/cockroach/cockroach start-single-node --insecure]
I230818 18:02:20.541192 1 util/log/clog.go:1196  line format: [IWEF]yymmdd hh:mm:ss.uuuuuu goid file:line msg utf8=✓
I230818 18:02:20.541090 1 cli/start.go:1144  logging to directory /cockroach/cockroach-data/logs
W230818 18:02:20.545822 1 cli/start.go:1182  RUNNING IN INSECURE MODE!

- Your cluster is open for any client that can access <all your IP addresses>.
- Any user, even root, can log in without providing a password.
- Any user, connecting as root, can read or write any data in your cluster.
- There is no network encryption nor authentication, and thus no confidentiality.

Check out how to secure your cluster: https://www.cockroachlabs.com/docs/v19.2/secure-a-cluster.html
I230818 18:02:20.547853 1 server/status/recorder.go:599  can't read available memory from cgroups (open /sys/fs/cgroup/memory/memory.limit_in_bytes: no such file or directory), using system memory 7.7 GiB instead
W230818 18:02:20.548490 1 cli/start.go:1052  Using the default setting for --cache (128 MiB).
  A significantly larger value is usually needed for good performance.
  If you have a dedicated server a reasonable setting is --cache=.25 (1.9 GiB).
I230818 18:02:20.549140 1 server/status/recorder.go:599  can't read available memory from cgroups (open /sys/fs/cgroup/memory/memory.limit_in_bytes: no such file or directory), using system memory 7.7 GiB instead
W230818 18:02:20.549619 1 cli/start.go:1065  Using the default setting for --max-sql-memory (128 MiB).
  A significantly larger value is usually needed in production.
  If you have a dedicated server a reasonable setting is --max-sql-memory=.25 (1.9 GiB).
I230818 18:02:20.549947 1 server/status/recorder.go:599  can't read available memory from cgroups (open /sys/fs/cgroup/memory/memory.limit_in_bytes: no such file or directory), using system memory 7.7 GiB instead
I230818 18:02:20.550316 1 cli/start.go:1196  CockroachDB CCL v19.2.2 (x86_64-unknown-linux-gnu, built 2019/12/11 01:33:43, go1.12.12)
I230818 18:02:20.663941 1 server/status/recorder.go:599  can't read available memory from cgroups (open /sys/fs/cgroup/memory/memory.limit_in_bytes: no such file or directory), using system memory 7.7 GiB instead
I230818 18:02:20.664114 1 server/config.go:394  system total memory: 7.7 GiB
I230818 18:02:20.664920 1 server/config.go:396  server configuration:
max offset             500000000
cache size             128 MiB
SQL memory pool size   128 MiB
scan interval          10m0s
scan min idle time     10ms
scan max idle time     1s
event log enabled      true
I230818 18:02:20.665284 1 cli/start.go:1030  using local environment variables: COCKROACH_CHANNEL=official-docker
I230818 18:02:20.665500 1 cli/start.go:1037  process identity: uid 0 euid 0 gid 0 egid 0
I230818 18:02:20.665837 1 cli/start.go:644  starting cockroach node
I230818 18:02:20.685315 54 storage/engine/rocksdb.go:622  opening rocksdb instance at "/cockroach/cockroach-data/cockroach-temp583263364"
I230818 18:02:20.809063 54 server/server.go:928  [n?] monitoring forward clock jumps based on server.clock.forward_jump_check_enabled
I230818 18:02:20.822708 54 storage/engine/rocksdb.go:622  opening rocksdb instance at "/cockroach/cockroach-data"
I230818 18:02:20.913254 54 server/config.go:502  [n?] 1 storage engine initialized
I230818 18:02:20.913411 54 server/config.go:505  [n?] RocksDB cache size: 128 MiB
I230818 18:02:20.913626 54 server/config.go:505  [n?] store 0: RocksDB, max size 0 B, max open file limit 1043576
W230818 18:02:20.945918 54 cli/start.go:996  neither --listen-addr nor --advertise-addr was specified.
The server will advertise "b0b93122cb55" to other nodes, is this routable?

Consider using:
- for local-only servers:  --listen-addr=localhost
- for multi-node clusters: --advertise-addr=<host/IP addr>
I230818 18:02:20.948519 54 server/server.go:978  [n?] Sleeping till wall time 1692381740948343000 to catches up to 1692381741307966001 to ensure monotonicity. Delta: 359.623001ms
I230818 18:02:21.333141 54 gossip/gossip.go:394  [n1] NodeDescriptor set to node_id:1 address:<network_field:"tcp" address_field:"b0b93122cb55:26257" > attrs:<> locality:<> ServerVersion:<major_val:19 minor_val:2 patch:0 unstable:0 > build_tag:"v19.2.2" started_at:1692381741323261000 cluster_name:"" sql_address:<network_field:"tcp" address_field:"b0b93122cb55:26257" > 
W230818 18:02:21.453389 142 storage/replica_range_lease.go:554  can't determine lease status due to node liveness error: node not in the liveness table
github.com/cockroachdb/cockroach/pkg/storage.init.ializers
	/go/src/github.com/cockroachdb/cockroach/pkg/storage/node_liveness.go:44
runtime.main
	/usr/local/go/src/runtime/proc.go:188
runtime.goexit
	/usr/local/go/src/runtime/asm_amd64.s:1337
W230818 18:02:21.456476 142 storage/store.go:1530  [n1,s1,r6/1:/Table/{SystemCon…-11}] could not gossip system config: [NotLeaseHolderError] r6: replica (n1,s1):1 not lease holder; lease holder unknown
I230818 18:02:21.475310 54 server/node.go:431  [n1] initialized store [n1,s1]: disk (capacity=115 TiB, available=90 TiB, used=1.1 MiB, logicalBytes=8.5 MiB), ranges=46, leases=0, queries=0.00, writes=0.00, bytesPerReplica={p10=0.00 p25=0.00 p50=0.00 p75=402.00 p90=18763.00 pMax=8710177.00}, writesPerReplica={p10=0.00 p25=0.00 p50=0.00 p75=0.00 p90=0.00 pMax=0.00}
I230818 18:02:21.479075 54 storage/stores.go:240  [n1] read 0 node addresses from persistent storage
I230818 18:02:21.481958 54 server/node.go:645  [n1] connecting to gossip network to verify cluster ID...
I230818 18:02:21.483297 54 server/node.go:665  [n1] node connected via gossip and verified as part of cluster "3d863ff5-6941-41b0-8654-215ed93297d8"
I230818 18:02:21.487518 54 server/node.go:512  [n1] node=1: started with [<no-attributes>=/cockroach/cockroach-data] engine(s) and attributes []
I230818 18:02:21.496259 54 server/server.go:1514  [n1] starting http server at [::]:8080 (use: b0b93122cb55:8080)
I230818 18:02:21.496798 54 server/server.go:1521  [n1] starting grpc/postgres server at [::]:26257
I230818 18:02:21.497030 54 server/server.go:1522  [n1] advertising CockroachDB node at b0b93122cb55:26257
W230818 18:02:21.508192 142 storage/store.go:1530  [n1,s1,r6/1:/Table/{SystemCon…-11}] could not gossip system config: [NotLeaseHolderError] r6: replica (n1,s1):1 not lease holder; lease holder unknown
I230818 18:02:21.675210 54 server/server.go:1590  [n1] done ensuring all necessary migrations have run
I230818 18:02:21.677926 54 server/server.go:1841  [n1] serving sql connections
I230818 18:02:21.682542 54 cli/start.go:803  [config] clusterID: 3d863ff5-6941-41b0-8654-215ed93297d8
I230818 18:02:21.683087 54 cli/start.go:812  node startup completed:
CockroachDB node starting at 2023-08-18 18:02:21.679727 +0000 UTC (took 1.1s)
build:               CCL v19.2.2 @ 2019/12/11 01:33:43 (go1.12.12)
webui:               http://b0b93122cb55:8080
sql:                 postgresql://root@b0b93122cb55:26257?sslmode=disable
RPC client flags:    /cockroach/cockroach <client cmd> --host=b0b93122cb55:26257 --insecure
logs:                /cockroach/cockroach-data/logs
temp dir:            /cockroach/cockroach-data/cockroach-temp583263364
external I/O path:   /cockroach/cockroach-data/extern
store[0]:            path=/cockroach/cockroach-data
status:              restarted pre-existing node
clusterID:           3d863ff5-6941-41b0-8654-215ed93297d8
nodeID:              1
I230818 18:02:21.683353 161 storage/node_liveness.go:474  [n1,liveness-hb] heartbeat failed on epoch increment; retrying
I230818 18:02:21.874145 215 sql/event_log.go:130  [n1] Event: "node_restart", target: 1, info: {Descriptor:{NodeID:1 Address:b0b93122cb55:26257 Attrs: Locality: ServerVersion:19.2 BuildTag:v19.2.2 StartedAt:1692381741323261000 LocalityAddress:[] ClusterName: SQLAddress:b0b93122cb55:26257} ClusterID:3d863ff5-6941-41b0-8654-215ed93297d8 StartedAt:1692381741323261000 LastUp:1692381734503941000}
I230818 18:02:21.876834 213 server/server_update.go:53  [n1] no need to upgrade, cluster already at the newest version
I230818 18:02:23.203765 101 gossip/gossip.go:1531  [n1] node has connected to cluster via gossip
I230818 18:02:23.207680 101 storage/stores.go:259  [n1] wrote 0 node addresses to persistent storage
I230818 18:02:31.515888 155 server/status/runtime.go:498  [n1] runtime stats: 266 MiB RSS, 132 goroutines, 102 MiB/21 MiB/135 MiB GO alloc/idle/total, 15 MiB/20 MiB CGO alloc/total, 0.0 CGO/sec, 0.0/0.0 %(u/s)time, 0.0 %gc (10x), 16 KiB/8.7 KiB (r/w)net
I230818 18:02:41.488956 150 storage/store.go:2364  [n1,s1] sstables (read amplification = 1):
6 [ 403K 1 ]: 403K
I230818 18:02:41.493168 150 storage/store.go:2365  [n1,s1] 
** Compaction Stats [default] **
Level    Files   Size     Score Read(GB)  Rn(GB) Rnp1(GB) Write(GB) Wnew(GB) Moved(GB) W-Amp Rd(MB/s) Wr(MB/s) Comp(sec) CompMergeCPU(sec) Comp(cnt) Avg(sec) KeyIn KeyDrop
----------------------------------------------------------------------------------------------------------------------------------------------------------------------------
  L0      0/0    0.00 KB   0.0      0.0     0.0      0.0       0.0      0.0       0.0   1.0      0.0      1.8      0.02              0.00         1    0.024       0      0
  L6      1/0   402.95 KB   0.0      0.0     0.0      0.0       0.0      0.0       0.0   1.6      3.8      2.9      0.14              0.13         1    0.137    9594   4037
 Sum      1/0   402.95 KB   0.0      0.0     0.0      0.0       0.0      0.0       0.0   9.9      3.2      2.7      0.16              0.13         2    0.081    9594   4037
 Int      0/0    0.00 KB   0.0      0.0     0.0      0.0       0.0      0.0       0.0   9.9      3.2      2.7      0.16              0.13         2    0.081    9594   4037

** Compaction Stats [default] **
Priority    Files   Size     Score Read(GB)  Rn(GB) Rnp1(GB) Write(GB) Wnew(GB) Moved(GB) W-Amp Rd(MB/s) Wr(MB/s) Comp(sec) CompMergeCPU(sec) Comp(cnt) Avg(sec) KeyIn KeyDrop
-------------------------------------------------------------------------------------------------------------------------------------------------------------------------------
 Low      0/0    0.00 KB   0.0      0.0     0.0      0.0       0.0      0.0       0.0   0.0      3.8      2.9      0.14              0.13         1    0.137    9594   4037
User      0/0    0.00 KB   0.0      0.0     0.0      0.0       0.0      0.0       0.0   0.0      0.0      1.8      0.02              0.00         1    0.024       0      0
Uptime(secs): 20.7 total, 20.7 interval
Flush(GB): cumulative 0.000, interval 0.000
AddFile(GB): cumulative 0.000, interval 0.000
AddFile(Total Files): cumulative 0, interval 0
AddFile(L0 Files): cumulative 0, interval 0
AddFile(Keys): cumulative 0, interval 0
Cumulative compaction: 0.00 GB write, 0.02 MB/s write, 0.00 GB read, 0.03 MB/s read, 0.2 seconds
Interval compaction: 0.00 GB write, 0.02 MB/s write, 0.00 GB read, 0.03 MB/s read, 0.2 seconds
Stalls(count): 0 level0_slowdown, 0 level0_slowdown_with_compaction, 0 level0_numfiles, 0 level0_numfiles_with_compaction, 0 stop for pending_compaction_bytes, 0 slowdown for pending_compaction_bytes, 0 memtable_compaction, 0 memtable_slowdown, interval 0 total count
estimated_pending_compaction_bytes: 0 B
I230818 18:02:41.501436 155 server/status/runtime.go:498  [n1] runtime stats: 332 MiB RSS, 134 goroutines, 109 MiB/77 MiB/202 MiB GO alloc/idle/total, 15 MiB/21 MiB CGO alloc/total, 323.6 CGO/sec, 0.0/0.0 %(u/s)time, 0.0 %gc (4x), 26 KiB/34 KiB (r/w)net
I230818 18:02:51.506897 155 server/status/runtime.go:498  [n1] runtime stats: 335 MiB RSS, 134 goroutines, 125 MiB/61 MiB/202 MiB GO alloc/idle/total, 15 MiB/21 MiB CGO alloc/total, 287.6 CGO/sec, 0.0/0.0 %(u/s)time, 0.0 %gc (3x), 22 KiB/27 KiB (r/w)net
I230818 18:03:01.507207 155 server/status/runtime.go:498  [n1] runtime stats: 337 MiB RSS, 135 goroutines, 136 MiB/50 MiB/202 MiB GO alloc/idle/total, 15 MiB/21 MiB CGO alloc/total, 37.0 CGO/sec, 0.0/0.0 %(u/s)time, 0.0 %gc (0x), 6.8 KiB/2.1 KiB (r/w)net
I230818 18:03:11.506798 155 server/status/runtime.go:498  [n1] runtime stats: 338 MiB RSS, 135 goroutines, 145 MiB/41 MiB/202 MiB GO alloc/idle/total, 15 MiB/22 MiB CGO alloc/total, 27.3 CGO/sec, 0.0/0.0 %(u/s)time, 0.0 %gc (0x), 6.8 KiB/2.0 KiB (r/w)net
I230818 18:03:21.494024 151 gossip/gossip.go:566  [n1] gossip status (ok, 1 node)
gossip client (0/3 cur/max conns)
gossip server (0/3 cur/max conns, infos 0/0 sent/received, bytes 0B/0B sent/received)
gossip connectivity
  n1 [sentinel];
I230818 18:03:21.508119 155 server/status/runtime.go:498  [n1] runtime stats: 339 MiB RSS, 135 goroutines, 82 MiB/99 MiB/202 MiB GO alloc/idle/total, 15 MiB/22 MiB CGO alloc/total, 27.8 CGO/sec, 0.0/0.0 %(u/s)time, 0.0 %gc (1x), 7.2 KiB/4.7 KiB (r/w)net
I230818 18:03:31.509142 155 server/status/runtime.go:498  [n1] runtime stats: 340 MiB RSS, 134 goroutines, 91 MiB/92 MiB/202 MiB GO alloc/idle/total, 15 MiB/22 MiB CGO alloc/total, 61.5 CGO/sec, 0.0/0.0 %(u/s)time, 0.0 %gc (0x), 6.8 KiB/2.0 KiB (r/w)net
I230818 18:03:41.510705 155 server/status/runtime.go:498  [n1] runtime stats: 340 MiB RSS, 134 goroutines, 98 MiB/86 MiB/202 MiB GO alloc/idle/total, 15 MiB/22 MiB CGO alloc/total, 22.0 CGO/sec, 0.0/0.0 %(u/s)time, 0.0 %gc (0x), 7.0 KiB/2.1 KiB (r/w)net
I230818 18:03:51.511018 155 server/status/runtime.go:498  [n1] runtime stats: 340 MiB RSS, 134 goroutines, 105 MiB/79 MiB/202 MiB GO alloc/idle/total, 16 MiB/22 MiB CGO alloc/total, 28.9 CGO/sec, 0.0/0.0 %(u/s)time, 0.0 %gc (0x), 5.9 KiB/1.8 KiB (r/w)net
I230818 18:04:01.512668 155 server/status/runtime.go:498  [n1] runtime stats: 341 MiB RSS, 135 goroutines, 112 MiB/72 MiB/202 MiB GO alloc/idle/total, 16 MiB/22 MiB CGO alloc/total, 27.4 CGO/sec, 0.0/0.0 %(u/s)time, 0.0 %gc (0x), 6.8 KiB/2.0 KiB (r/w)net
I230818 18:04:11.513358 155 server/status/runtime.go:498  [n1] runtime stats: 341 MiB RSS, 135 goroutines, 119 MiB/66 MiB/202 MiB GO alloc/idle/total, 16 MiB/22 MiB CGO alloc/total, 24.8 CGO/sec, 0.0/0.0 %(u/s)time, 0.0 %gc (0x), 6.8 KiB/2.1 KiB (r/w)net
I230818 18:04:21.489434 151 gossip/gossip.go:566  [n1] gossip status (ok, 1 node)
gossip client (0/3 cur/max conns)
gossip server (0/3 cur/max conns, infos 0/0 sent/received, bytes 0B/0B sent/received)
I230818 18:04:21.514035 155 server/status/runtime.go:498  [n1] runtime stats: 342 MiB RSS, 135 goroutines, 126 MiB/59 MiB/202 MiB GO alloc/idle/total, 16 MiB/22 MiB CGO alloc/total, 25.0 CGO/sec, 0.0/0.0 %(u/s)time, 0.0 %gc (0x), 5.9 KiB/1.8 KiB (r/w)net
I230818 18:04:31.517956 155 server/status/runtime.go:498  [n1] runtime stats: 342 MiB RSS, 134 goroutines, 133 MiB/52 MiB/202 MiB GO alloc/idle/total, 16 MiB/22 MiB CGO alloc/total, 48.2 CGO/sec, 0.0/0.0 %(u/s)time, 0.0 %gc (0x), 6.9 KiB/2.1 KiB (r/w)net
I230818 18:04:41.515564 155 server/status/runtime.go:498  [n1] runtime stats: 342 MiB RSS, 134 goroutines, 140 MiB/46 MiB/202 MiB GO alloc/idle/total, 16 MiB/22 MiB CGO alloc/total, 30.6 CGO/sec, 0.0/0.0 %(u/s)time, 0.0 %gc (0x), 6.8 KiB/2.1 KiB (r/w)net
I230818 18:04:51.515503 155 server/status/runtime.go:498  [n1] runtime stats: 343 MiB RSS, 134 goroutines, 147 MiB/39 MiB/202 MiB GO alloc/idle/total, 16 MiB/22 MiB CGO alloc/total, 22.7 CGO/sec, 0.0/0.0 %(u/s)time, 0.0 %gc (0x), 5.9 KiB/1.8 KiB (r/w)net
I230818 18:05:01.522286 155 server/status/runtime.go:498  [n1] runtime stats: 345 MiB RSS, 135 goroutines, 88 MiB/95 MiB/202 MiB GO alloc/idle/total, 16 MiB/22 MiB CGO alloc/total, 107.8 CGO/sec, 0.0/0.0 %(u/s)time, 0.0 %gc (1x), 6.8 KiB/2.0 KiB (r/w)net
I230818 18:05:11.524653 155 server/status/runtime.go:498  [n1] runtime stats: 345 MiB RSS, 135 goroutines, 95 MiB/89 MiB/202 MiB GO alloc/idle/total, 16 MiB/22 MiB CGO alloc/total, 23.7 CGO/sec, 0.0/0.0 %(u/s)time, 0.0 %gc (0x), 6.8 KiB/2.1 KiB (r/w)net
I230818 18:05:21.490492 151 gossip/gossip.go:566  [n1] gossip status (ok, 1 node)
gossip client (0/3 cur/max conns)
gossip server (0/3 cur/max conns, infos 0/0 sent/received, bytes 0B/0B sent/received)
I230818 18:05:21.524553 155 server/status/runtime.go:498  [n1] runtime stats: 346 MiB RSS, 135 goroutines, 103 MiB/82 MiB/202 MiB GO alloc/idle/total, 16 MiB/22 MiB CGO alloc/total, 27.3 CGO/sec, 0.0/0.0 %(u/s)time, 0.0 %gc (0x), 5.9 KiB/1.8 KiB (r/w)net
I230818 18:05:31.526530 155 server/status/runtime.go:498  [n1] runtime stats: 346 MiB RSS, 134 goroutines, 111 MiB/74 MiB/202 MiB GO alloc/idle/total, 16 MiB/22 MiB CGO alloc/total, 61.7 CGO/sec, 0.0/0.0 %(u/s)time, 0.0 %gc (0x), 7.9 KiB/3.4 KiB (r/w)net
I230818 18:05:41.526291 155 server/status/runtime.go:498  [n1] runtime stats: 346 MiB RSS, 134 goroutines, 118 MiB/68 MiB/202 MiB GO alloc/idle/total, 16 MiB/22 MiB CGO alloc/total, 23.3 CGO/sec, 0.0/0.0 %(u/s)time, 0.0 %gc (0x), 7.7 KiB/4.2 KiB (r/w)net
I230818 18:05:51.528234 155 server/status/runtime.go:498  [n1] runtime stats: 347 MiB RSS, 134 goroutines, 124 MiB/62 MiB/202 MiB GO alloc/idle/total, 16 MiB/22 MiB CGO alloc/total, 22.9 CGO/sec, 0.0/0.0 %(u/s)time, 0.0 %gc (0x), 5.9 KiB/1.8 KiB (r/w)net
I230818 18:06:01.530007 155 server/status/runtime.go:498  [n1] runtime stats: 347 MiB RSS, 135 goroutines, 131 MiB/55 MiB/202 MiB GO alloc/idle/total, 16 MiB/22 MiB CGO alloc/total, 28.9 CGO/sec, 0.0/0.0 %(u/s)time, 0.0 %gc (0x), 6.8 KiB/2.0 KiB (r/w)net
I230818 18:06:11.530212 155 server/status/runtime.go:498  [n1] runtime stats: 347 MiB RSS, 135 goroutines, 138 MiB/48 MiB/202 MiB GO alloc/idle/total, 15 MiB/22 MiB CGO alloc/total, 30.0 CGO/sec, 0.0/0.0 %(u/s)time, 0.0 %gc (0x), 6.8 KiB/2.1 KiB (r/w)net
I230818 18:06:20.452679 1 cli/start.go:865  received signal 'terminated'
I230818 18:06:20.454419 1 cli/start.go:930  initiating graceful shutdown of server
I230818 18:06:21.488829 151 gossip/gossip.go:566  [n1] gossip status (ok, 1 node)
gossip client (0/3 cur/max conns)
gossip server (0/3 cur/max conns, infos 0/0 sent/received, bytes 0B/0B sent/received)
I230818 18:06:21.533157 155 server/status/runtime.go:498  [n1] runtime stats: 347 MiB RSS, 137 goroutines, 145 MiB/42 MiB/202 MiB GO alloc/idle/total, 15 MiB/22 MiB CGO alloc/total, 24.8 CGO/sec, 0.0/0.0 %(u/s)time, 0.0 %gc (0x), 5.9 KiB/1.8 KiB (r/w)net
I230818 18:06:21.919406 3861 util/stop/stopper.go:542  [server drain process] quiescing; tasks left:
1      [async] intent_resolver_ir_batcher
1      [async] intent_resolver_gc_batcher
1      [async] closedts-rangefeed-subscriber
I230818 18:06:21.921641 3861 util/stop/stopper.go:542  [server drain process] quiescing; tasks left:
1      [async] closedts-rangefeed-subscriber
I230818 18:06:21.926017 3861 storage/engine/rocksdb.go:762  closing rocksdb instance at "/cockroach/cockroach-data/cockroach-temp583263364"
I230818 18:06:21.937566 3861 storage/engine/rocksdb.go:762  closing rocksdb instance at "/cockroach/cockroach-data"
I230818 18:06:21.941042 1 cli/start.go:976  server drained and shutdown completed
