I230907 23:08:51.198803 1 util/log/clog.go:1196  [config] file created at: 2023/09/07 23:08:51
I230907 23:08:51.198803 1 util/log/clog.go:1196  [config] running on machine: b0b93122cb55
I230907 23:08:51.198803 1 util/log/clog.go:1196  [config] binary: CockroachDB CCL v19.2.2 (x86_64-unknown-linux-gnu, built 2019/12/11 01:33:43, go1.12.12)
I230907 23:08:51.198803 1 util/log/clog.go:1196  [config] arguments: [/cockroach/cockroach start-single-node --insecure]
I230907 23:08:51.198803 1 util/log/clog.go:1196  line format: [IWEF]yymmdd hh:mm:ss.uuuuuu goid file:line msg utf8=✓
I230907 23:08:51.198698 1 cli/start.go:1144  logging to directory /cockroach/cockroach-data/logs
W230907 23:08:51.203403 1 cli/start.go:1182  RUNNING IN INSECURE MODE!

- Your cluster is open for any client that can access <all your IP addresses>.
- Any user, even root, can log in without providing a password.
- Any user, connecting as root, can read or write any data in your cluster.
- There is no network encryption nor authentication, and thus no confidentiality.

Check out how to secure your cluster: https://www.cockroachlabs.com/docs/v19.2/secure-a-cluster.html
I230907 23:08:51.205870 1 server/status/recorder.go:599  can't read available memory from cgroups (open /sys/fs/cgroup/memory/memory.limit_in_bytes: no such file or directory), using system memory 7.7 GiB instead
W230907 23:08:51.206499 1 cli/start.go:1052  Using the default setting for --cache (128 MiB).
  A significantly larger value is usually needed for good performance.
  If you have a dedicated server a reasonable setting is --cache=.25 (1.9 GiB).
I230907 23:08:51.206826 1 server/status/recorder.go:599  can't read available memory from cgroups (open /sys/fs/cgroup/memory/memory.limit_in_bytes: no such file or directory), using system memory 7.7 GiB instead
W230907 23:08:51.206949 1 cli/start.go:1065  Using the default setting for --max-sql-memory (128 MiB).
  A significantly larger value is usually needed in production.
  If you have a dedicated server a reasonable setting is --max-sql-memory=.25 (1.9 GiB).
I230907 23:08:51.207214 1 server/status/recorder.go:599  can't read available memory from cgroups (open /sys/fs/cgroup/memory/memory.limit_in_bytes: no such file or directory), using system memory 7.7 GiB instead
I230907 23:08:51.207387 1 cli/start.go:1196  CockroachDB CCL v19.2.2 (x86_64-unknown-linux-gnu, built 2019/12/11 01:33:43, go1.12.12)
I230907 23:08:51.317335 1 server/status/recorder.go:599  can't read available memory from cgroups (open /sys/fs/cgroup/memory/memory.limit_in_bytes: no such file or directory), using system memory 7.7 GiB instead
I230907 23:08:51.317440 1 server/config.go:394  system total memory: 7.7 GiB
I230907 23:08:51.317946 1 server/config.go:396  server configuration:
max offset             500000000
cache size             128 MiB
SQL memory pool size   128 MiB
scan interval          10m0s
scan min idle time     10ms
scan max idle time     1s
event log enabled      true
I230907 23:08:51.318193 1 cli/start.go:1030  using local environment variables: COCKROACH_CHANNEL=official-docker
I230907 23:08:51.318323 1 cli/start.go:1037  process identity: uid 0 euid 0 gid 0 egid 0
I230907 23:08:51.318531 1 cli/start.go:644  starting cockroach node
I230907 23:08:51.333803 14 storage/engine/rocksdb.go:622  opening rocksdb instance at "/cockroach/cockroach-data/cockroach-temp131375108"
I230907 23:08:51.477481 14 server/server.go:928  [n?] monitoring forward clock jumps based on server.clock.forward_jump_check_enabled
I230907 23:08:51.511710 14 storage/engine/rocksdb.go:622  opening rocksdb instance at "/cockroach/cockroach-data"
I230907 23:08:54.021259 14 server/config.go:502  [n?] 1 storage engine initialized
I230907 23:08:54.021356 14 server/config.go:505  [n?] RocksDB cache size: 128 MiB
I230907 23:08:54.021411 14 server/config.go:505  [n?] store 0: RocksDB, max size 0 B, max open file limit 1043576
W230907 23:08:54.039356 14 cli/start.go:996  neither --listen-addr nor --advertise-addr was specified.
The server will advertise "b0b93122cb55" to other nodes, is this routable?

Consider using:
- for local-only servers:  --listen-addr=localhost
- for multi-node clusters: --advertise-addr=<host/IP addr>
I230907 23:08:54.044488 14 gossip/gossip.go:394  [n1] NodeDescriptor set to node_id:1 address:<network_field:"tcp" address_field:"b0b93122cb55:26257" > attrs:<> locality:<> ServerVersion:<major_val:19 minor_val:2 patch:0 unstable:0 > build_tag:"v19.2.2" started_at:1694128134041944000 cluster_name:"" sql_address:<network_field:"tcp" address_field:"b0b93122cb55:26257" > 
W230907 23:08:54.162109 147 storage/replica_range_lease.go:554  can't determine lease status due to node liveness error: node not in the liveness table
github.com/cockroachdb/cockroach/pkg/storage.init.ializers
	/go/src/github.com/cockroachdb/cockroach/pkg/storage/node_liveness.go:44
runtime.main
	/usr/local/go/src/runtime/proc.go:188
runtime.goexit
	/usr/local/go/src/runtime/asm_amd64.s:1337
W230907 23:08:54.166548 147 storage/store.go:1530  [n1,s1,r6/1:/Table/{SystemCon…-11}] could not gossip system config: [NotLeaseHolderError] r6: replica (n1,s1):1 not lease holder; lease holder unknown
I230907 23:08:54.186545 14 server/node.go:431  [n1] initialized store [n1,s1]: disk (capacity=115 TiB, available=88 TiB, used=43 MiB, logicalBytes=185 MiB), ranges=42, leases=0, queries=0.00, writes=0.00, bytesPerReplica={p10=0.00 p25=0.00 p50=1220.00 p75=40658.00 p90=26663182.00 pMax=44641324.00}, writesPerReplica={p10=0.00 p25=0.00 p50=0.00 p75=0.00 p90=0.00 pMax=0.00}
I230907 23:08:54.190770 14 storage/stores.go:240  [n1] read 0 node addresses from persistent storage
I230907 23:08:54.194337 14 server/node.go:645  [n1] connecting to gossip network to verify cluster ID...
I230907 23:08:54.196035 14 server/node.go:665  [n1] node connected via gossip and verified as part of cluster "3d863ff5-6941-41b0-8654-215ed93297d8"
I230907 23:08:54.199283 14 server/node.go:512  [n1] node=1: started with [<no-attributes>=/cockroach/cockroach-data] engine(s) and attributes []
I230907 23:08:54.212838 14 server/server.go:1514  [n1] starting http server at [::]:8080 (use: b0b93122cb55:8080)
I230907 23:08:54.213111 14 server/server.go:1521  [n1] starting grpc/postgres server at [::]:26257
I230907 23:08:54.213237 14 server/server.go:1522  [n1] advertising CockroachDB node at b0b93122cb55:26257
W230907 23:08:54.218346 147 storage/store.go:1530  [n1,s1,r6/1:/Table/{SystemCon…-11}] could not gossip system config: [NotLeaseHolderError] r6: replica (n1,s1):1 not lease holder; lease holder unknown
I230907 23:08:54.403665 14 server/server.go:1590  [n1] done ensuring all necessary migrations have run
I230907 23:08:54.413971 14 server/server.go:1841  [n1] serving sql connections
I230907 23:08:54.432528 180 storage/node_liveness.go:474  [n1,liveness-hb] heartbeat failed on epoch increment; retrying
I230907 23:08:54.434974 14 cli/start.go:803  [config] clusterID: 3d863ff5-6941-41b0-8654-215ed93297d8
I230907 23:08:54.435830 14 cli/start.go:812  node startup completed:
CockroachDB node starting at 2023-09-07 23:08:54.419539 +0000 UTC (took 3.2s)
build:               CCL v19.2.2 @ 2019/12/11 01:33:43 (go1.12.12)
webui:               http://b0b93122cb55:8080
sql:                 postgresql://root@b0b93122cb55:26257?sslmode=disable
RPC client flags:    /cockroach/cockroach <client cmd> --host=b0b93122cb55:26257 --insecure
logs:                /cockroach/cockroach-data/logs
temp dir:            /cockroach/cockroach-data/cockroach-temp131375108
external I/O path:   /cockroach/cockroach-data/extern
store[0]:            path=/cockroach/cockroach-data
status:              restarted pre-existing node
clusterID:           3d863ff5-6941-41b0-8654-215ed93297d8
nodeID:              1
I230907 23:08:54.614769 221 sql/event_log.go:130  [n1] Event: "node_restart", target: 1, info: {Descriptor:{NodeID:1 Address:b0b93122cb55:26257 Attrs: Locality: ServerVersion:19.2 BuildTag:v19.2.2 StartedAt:1694128134041944000 LocalityAddress:[] ClusterName: SQLAddress:b0b93122cb55:26257} ClusterID:3d863ff5-6941-41b0-8654-215ed93297d8 StartedAt:1694128134041944000 LastUp:1694128128451299000}
I230907 23:08:54.626006 219 server/server_update.go:53  [n1] no need to upgrade, cluster already at the newest version
I230907 23:08:56.125309 33 gossip/gossip.go:1531  [n1] node has connected to cluster via gossip
I230907 23:08:56.127597 33 storage/stores.go:259  [n1] wrote 0 node addresses to persistent storage
I230907 23:08:58.683744 407 storage/replica_consistency.go:229  [n1,consistencyChecker,s1,r87/1:/System/tsd/cr.node.sql.…] triggering stats recomputation to resolve delta of {ContainsEstimates:true LastUpdateNanos:1694128134377090000 IntentAge:0 GCBytesAge:0 LiveBytes:13805761 LiveCount:-2912 KeyBytes:-144880 KeyCount:-2912 ValBytes:13950641 ValCount:-2912 IntentBytes:0 IntentCount:0 SysBytes:0 SysCount:0}
I230907 23:09:04.227368 46 server/status/runtime.go:498  [n1] runtime stats: 322 MiB RSS, 157 goroutines, 105 MiB/18 MiB/135 MiB GO alloc/idle/total, 39 MiB/47 MiB CGO alloc/total, 0.0 CGO/sec, 0.0/0.0 %(u/s)time, 0.0 %gc (10x), 6.3 KiB/7.8 KiB (r/w)net
I230907 23:09:14.223192 46 server/status/runtime.go:498  [n1] runtime stats: 335 MiB RSS, 140 goroutines, 114 MiB/8.9 MiB/135 MiB GO alloc/idle/total, 39 MiB/47 MiB CGO alloc/total, 53.7 CGO/sec, 0.0/0.0 %(u/s)time, 0.0 %gc (0x), 2.6 KiB/2.6 KiB (r/w)net
I230907 23:09:14.223885 41 storage/store.go:2364  [n1,s1] sstables (read amplification = 2):
0 [ 269K 1 ]: 269K
6 [  26M 7 ]: 4M[6] 1M
I230907 23:09:14.228483 41 storage/store.go:2365  [n1,s1] 
** Compaction Stats [default] **
Level    Files   Size     Score Read(GB)  Rn(GB) Rnp1(GB) Write(GB) Wnew(GB) Moved(GB) W-Amp Rd(MB/s) Wr(MB/s) Comp(sec) CompMergeCPU(sec) Comp(cnt) Avg(sec) KeyIn KeyDrop
----------------------------------------------------------------------------------------------------------------------------------------------------------------------------
  L0      1/0   268.67 KB   0.5      0.0     0.0      0.0       0.0      0.0       0.0   1.0      0.0      0.2      1.23              0.00         1    1.233       0      0
  L6      7/0   25.50 MB   0.0      0.0     0.0      0.0       0.0      0.0       0.0   0.0      0.0      0.0      0.00              0.00         0    0.000       0      0
 Sum      8/0   25.76 MB   0.0      0.0     0.0      0.0       0.0      0.0       0.0   1.0      0.0      0.2      1.23              0.00         1    1.233       0      0
 Int      0/0    0.00 KB   0.0      0.0     0.0      0.0       0.0      0.0       0.0   1.0      0.0      0.2      1.23              0.00         1    1.233       0      0

** Compaction Stats [default] **
Priority    Files   Size     Score Read(GB)  Rn(GB) Rnp1(GB) Write(GB) Wnew(GB) Moved(GB) W-Amp Rd(MB/s) Wr(MB/s) Comp(sec) CompMergeCPU(sec) Comp(cnt) Avg(sec) KeyIn KeyDrop
-------------------------------------------------------------------------------------------------------------------------------------------------------------------------------
User      0/0    0.00 KB   0.0      0.0     0.0      0.0       0.0      0.0       0.0   0.0      0.0      0.2      1.23              0.00         1    1.233       0      0
Uptime(secs): 22.7 total, 22.7 interval
Flush(GB): cumulative 0.000, interval 0.000
AddFile(GB): cumulative 0.000, interval 0.000
AddFile(Total Files): cumulative 0, interval 0
AddFile(L0 Files): cumulative 0, interval 0
AddFile(Keys): cumulative 0, interval 0
Cumulative compaction: 0.00 GB write, 0.01 MB/s write, 0.00 GB read, 0.00 MB/s read, 1.2 seconds
Interval compaction: 0.00 GB write, 0.01 MB/s write, 0.00 GB read, 0.00 MB/s read, 1.2 seconds
Stalls(count): 0 level0_slowdown, 0 level0_slowdown_with_compaction, 0 level0_numfiles, 0 level0_numfiles_with_compaction, 0 stop for pending_compaction_bytes, 0 slowdown for pending_compaction_bytes, 0 memtable_compaction, 0 memtable_slowdown, interval 0 total count
estimated_pending_compaction_bytes: 0 B
I230907 23:09:24.222678 46 server/status/runtime.go:498  [n1] runtime stats: 412 MiB RSS, 146 goroutines, 148 MiB/39 MiB/203 MiB GO alloc/idle/total, 39 MiB/48 MiB CGO alloc/total, 685.0 CGO/sec, 0.0/0.0 %(u/s)time, 0.0 %gc (4x), 92 KiB/5.9 MiB (r/w)net
I230907 23:09:31.637294 1615 storage/replica_consistency.go:229  [n1,consistencyChecker,s1,r125/1:/System{/tsd/cr.s…-tse}] triggering stats recomputation to resolve delta of {ContainsEstimates:true LastUpdateNanos:1694128164471836000 IntentAge:0 GCBytesAge:0 LiveBytes:12592771 LiveCount:-3585 KeyBytes:-173546 KeyCount:-3585 ValBytes:12766317 ValCount:-3585 IntentBytes:0 IntentCount:0 SysBytes:0 SysCount:0}
I230907 23:09:34.225484 46 server/status/runtime.go:498  [n1] runtime stats: 431 MiB RSS, 147 goroutines, 96 MiB/84 MiB/203 MiB GO alloc/idle/total, 55 MiB/67 MiB CGO alloc/total, 1421.9 CGO/sec, 0.0/0.0 %(u/s)time, 0.0 %gc (1x), 6.7 KiB/4.4 KiB (r/w)net
I230907 23:09:44.222148 46 server/status/runtime.go:498  [n1] runtime stats: 432 MiB RSS, 147 goroutines, 105 MiB/76 MiB/203 MiB GO alloc/idle/total, 56 MiB/67 MiB CGO alloc/total, 34.8 CGO/sec, 0.0/0.0 %(u/s)time, 0.0 %gc (0x), 5.6 KiB/3.2 KiB (r/w)net
I230907 23:09:54.202497 42 gossip/gossip.go:566  [n1] gossip status (ok, 1 node)
gossip client (0/3 cur/max conns)
gossip server (0/3 cur/max conns, infos 0/0 sent/received, bytes 0B/0B sent/received)
gossip connectivity
  n1 [sentinel];
I230907 23:09:54.230997 46 server/status/runtime.go:498  [n1] runtime stats: 434 MiB RSS, 147 goroutines, 114 MiB/68 MiB/203 MiB GO alloc/idle/total, 56 MiB/67 MiB CGO alloc/total, 24.8 CGO/sec, 0.0/0.0 %(u/s)time, 0.0 %gc (0x), 5.2 KiB/2.7 KiB (r/w)net
I230907 23:10:04.232415 46 server/status/runtime.go:498  [n1] runtime stats: 441 MiB RSS, 147 goroutines, 127 MiB/57 MiB/203 MiB GO alloc/idle/total, 56 MiB/68 MiB CGO alloc/total, 182.1 CGO/sec, 0.0/0.0 %(u/s)time, 0.0 %gc (0x), 5.3 KiB/2.7 KiB (r/w)net
I230907 23:10:14.235284 46 server/status/runtime.go:498  [n1] runtime stats: 441 MiB RSS, 147 goroutines, 135 MiB/50 MiB/203 MiB GO alloc/idle/total, 56 MiB/68 MiB CGO alloc/total, 33.7 CGO/sec, 0.0/0.0 %(u/s)time, 0.0 %gc (0x), 5.8 KiB/3.2 KiB (r/w)net
W230907 23:10:16.433634 2319 vendor/google.golang.org/grpc/server.go:703  grpc: Server.Serve failed to create ServerTransport: connection error: desc = "transport: http2Server.HandleStreams failed to receive the preface from client: EOF"
I230907 23:10:24.231641 46 server/status/runtime.go:498  [n1] runtime stats: 442 MiB RSS, 147 goroutines, 142 MiB/43 MiB/203 MiB GO alloc/idle/total, 56 MiB/68 MiB CGO alloc/total, 32.3 CGO/sec, 0.0/0.0 %(u/s)time, 0.0 %gc (0x), 7.2 KiB/4.5 KiB (r/w)net
I230907 23:10:34.236970 46 server/status/runtime.go:498  [n1] runtime stats: 442 MiB RSS, 149 goroutines, 81 MiB/98 MiB/203 MiB GO alloc/idle/total, 56 MiB/68 MiB CGO alloc/total, 30.0 CGO/sec, 0.0/0.0 %(u/s)time, 0.0 %gc (1x), 5.6 KiB/3.1 KiB (r/w)net
W230907 23:10:34.908743 2535 vendor/google.golang.org/grpc/server.go:703  grpc: Server.Serve failed to create ServerTransport: connection error: desc = "transport: http2Server.HandleStreams failed to receive the preface from client: EOF"
I230907 23:10:44.233110 46 server/status/runtime.go:498  [n1] runtime stats: 446 MiB RSS, 150 goroutines, 109 MiB/74 MiB/203 MiB GO alloc/idle/total, 56 MiB/68 MiB CGO alloc/total, 287.3 CGO/sec, 0.0/0.0 %(u/s)time, 0.0 %gc (3x), 24 KiB/36 KiB (r/w)net
W230907 23:10:44.756491 2859 vendor/google.golang.org/grpc/server.go:703  grpc: Server.Serve failed to create ServerTransport: connection error: desc = "transport: http2Server.HandleStreams failed to receive the preface from client: EOF"
I230907 23:10:54.201255 42 gossip/gossip.go:566  [n1] gossip status (ok, 1 node)
gossip client (0/3 cur/max conns)
gossip server (0/3 cur/max conns, infos 0/0 sent/received, bytes 0B/0B sent/received)
I230907 23:10:54.237576 46 server/status/runtime.go:498  [n1] runtime stats: 446 MiB RSS, 149 goroutines, 82 MiB/95 MiB/203 MiB GO alloc/idle/total, 55 MiB/68 MiB CGO alloc/total, 401.4 CGO/sec, 0.0/0.0 %(u/s)time, 0.0 %gc (5x), 28 KiB/41 KiB (r/w)net
I230907 23:11:04.240601 46 server/status/runtime.go:498  [n1] runtime stats: 447 MiB RSS, 146 goroutines, 91 MiB/88 MiB/203 MiB GO alloc/idle/total, 55 MiB/68 MiB CGO alloc/total, 59.8 CGO/sec, 0.0/0.0 %(u/s)time, 0.0 %gc (0x), 5.4 KiB/2.9 KiB (r/w)net
I230907 23:11:14.245270 46 server/status/runtime.go:498  [n1] runtime stats: 447 MiB RSS, 147 goroutines, 98 MiB/82 MiB/203 MiB GO alloc/idle/total, 55 MiB/68 MiB CGO alloc/total, 31.8 CGO/sec, 0.0/0.0 %(u/s)time, 0.0 %gc (0x), 5.8 KiB/3.2 KiB (r/w)net
I230907 23:11:24.246359 46 server/status/runtime.go:498  [n1] runtime stats: 448 MiB RSS, 148 goroutines, 109 MiB/74 MiB/203 MiB GO alloc/idle/total, 55 MiB/68 MiB CGO alloc/total, 126.8 CGO/sec, 0.0/0.0 %(u/s)time, 0.0 %gc (0x), 7.0 KiB/4.2 KiB (r/w)net
W230907 23:11:29.774192 3668 vendor/google.golang.org/grpc/server.go:703  grpc: Server.Serve failed to create ServerTransport: connection error: desc = "transport: http2Server.HandleStreams failed to receive the preface from client: EOF"
I230907 23:11:34.247289 46 server/status/runtime.go:498  [n1] runtime stats: 448 MiB RSS, 148 goroutines, 116 MiB/67 MiB/203 MiB GO alloc/idle/total, 55 MiB/68 MiB CGO alloc/total, 29.4 CGO/sec, 0.0/0.0 %(u/s)time, 0.0 %gc (0x), 5.6 KiB/3.2 KiB (r/w)net
W230907 23:11:34.637291 3746 vendor/google.golang.org/grpc/server.go:703  grpc: Server.Serve failed to create ServerTransport: connection error: desc = "transport: http2Server.HandleStreams failed to receive the preface from client: EOF"
I230907 23:11:44.250598 46 server/status/runtime.go:498  [n1] runtime stats: 448 MiB RSS, 148 goroutines, 123 MiB/61 MiB/203 MiB GO alloc/idle/total, 55 MiB/68 MiB CGO alloc/total, 25.9 CGO/sec, 0.0/0.0 %(u/s)time, 0.0 %gc (0x), 6.0 KiB/3.5 KiB (r/w)net
I230907 23:11:54.200746 42 gossip/gossip.go:566  [n1] gossip status (ok, 1 node)
gossip client (0/3 cur/max conns)
gossip server (0/3 cur/max conns, infos 0/0 sent/received, bytes 0B/0B sent/received)
I230907 23:11:54.253885 46 server/status/runtime.go:498  [n1] runtime stats: 449 MiB RSS, 148 goroutines, 130 MiB/55 MiB/203 MiB GO alloc/idle/total, 55 MiB/68 MiB CGO alloc/total, 26.0 CGO/sec, 0.0/0.0 %(u/s)time, 0.0 %gc (0x), 5.0 KiB/2.5 KiB (r/w)net
W230907 23:12:01.244525 4009 vendor/google.golang.org/grpc/server.go:703  grpc: Server.Serve failed to create ServerTransport: connection error: desc = "transport: http2Server.HandleStreams failed to receive the preface from client: EOF"
I230907 23:12:04.261236 46 server/status/runtime.go:498  [n1] runtime stats: 449 MiB RSS, 146 goroutines, 137 MiB/47 MiB/203 MiB GO alloc/idle/total, 56 MiB/68 MiB CGO alloc/total, 55.9 CGO/sec, 0.0/0.0 %(u/s)time, 0.0 %gc (0x), 5.6 KiB/3.1 KiB (r/w)net
I230907 23:12:14.266725 46 server/status/runtime.go:498  [n1] runtime stats: 449 MiB RSS, 147 goroutines, 144 MiB/41 MiB/203 MiB GO alloc/idle/total, 56 MiB/68 MiB CGO alloc/total, 29.5 CGO/sec, 0.0/0.0 %(u/s)time, 0.0 %gc (0x), 5.8 KiB/3.2 KiB (r/w)net
I230907 23:12:24.263253 46 server/status/runtime.go:498  [n1] runtime stats: 449 MiB RSS, 148 goroutines, 151 MiB/34 MiB/203 MiB GO alloc/idle/total, 56 MiB/68 MiB CGO alloc/total, 26.4 CGO/sec, 0.0/0.0 %(u/s)time, 0.0 %gc (0x), 7.1 KiB/4.3 KiB (r/w)net
W230907 23:12:26.487284 4350 vendor/google.golang.org/grpc/server.go:703  grpc: Server.Serve failed to create ServerTransport: connection error: desc = "transport: http2Server.HandleStreams failed to receive the preface from client: EOF"
I230907 23:12:34.266390 46 server/status/runtime.go:498  [n1] runtime stats: 450 MiB RSS, 148 goroutines, 88 MiB/89 MiB/203 MiB GO alloc/idle/total, 56 MiB/69 MiB CGO alloc/total, 30.3 CGO/sec, 0.0/0.0 %(u/s)time, 0.0 %gc (1x), 5.6 KiB/3.1 KiB (r/w)net
W230907 23:12:43.952797 4570 vendor/google.golang.org/grpc/server.go:703  grpc: Server.Serve failed to create ServerTransport: connection error: desc = "transport: http2Server.HandleStreams failed to receive the preface from client: EOF"
I230907 23:12:44.269542 46 server/status/runtime.go:498  [n1] runtime stats: 450 MiB RSS, 147 goroutines, 96 MiB/83 MiB/203 MiB GO alloc/idle/total, 56 MiB/69 MiB CGO alloc/total, 28.0 CGO/sec, 0.0/0.0 %(u/s)time, 0.0 %gc (0x), 5.9 KiB/3.4 KiB (r/w)net
I230907 23:12:54.201025 42 gossip/gossip.go:566  [n1] gossip status (ok, 1 node)
gossip client (0/3 cur/max conns)
gossip server (0/3 cur/max conns, infos 0/0 sent/received, bytes 0B/0B sent/received)
I230907 23:12:54.269191 46 server/status/runtime.go:498  [n1] runtime stats: 450 MiB RSS, 147 goroutines, 103 MiB/77 MiB/203 MiB GO alloc/idle/total, 56 MiB/69 MiB CGO alloc/total, 25.8 CGO/sec, 0.0/0.0 %(u/s)time, 0.0 %gc (0x), 5.0 KiB/2.5 KiB (r/w)net
I230907 23:13:04.272299 46 server/status/runtime.go:498  [n1] runtime stats: 451 MiB RSS, 147 goroutines, 110 MiB/71 MiB/203 MiB GO alloc/idle/total, 56 MiB/69 MiB CGO alloc/total, 53.8 CGO/sec, 0.0/0.0 %(u/s)time, 0.0 %gc (0x), 5.4 KiB/2.9 KiB (r/w)net
I230907 23:13:14.270776 46 server/status/runtime.go:498  [n1] runtime stats: 451 MiB RSS, 147 goroutines, 117 MiB/65 MiB/203 MiB GO alloc/idle/total, 56 MiB/69 MiB CGO alloc/total, 39.4 CGO/sec, 0.0/0.0 %(u/s)time, 0.0 %gc (0x), 6.1 KiB/3.6 KiB (r/w)net
W230907 23:13:22.995973 5091 vendor/google.golang.org/grpc/server.go:703  grpc: Server.Serve failed to create ServerTransport: connection error: desc = "transport: http2Server.HandleStreams failed to receive the preface from client: EOF"
I230907 23:13:24.273355 46 server/status/runtime.go:498  [n1] runtime stats: 452 MiB RSS, 146 goroutines, 124 MiB/59 MiB/203 MiB GO alloc/idle/total, 56 MiB/69 MiB CGO alloc/total, 34.6 CGO/sec, 0.0/0.0 %(u/s)time, 0.0 %gc (0x), 7.1 KiB/4.4 KiB (r/w)net
I230907 23:13:34.283827 46 server/status/runtime.go:498  [n1] runtime stats: 452 MiB RSS, 147 goroutines, 132 MiB/52 MiB/203 MiB GO alloc/idle/total, 56 MiB/69 MiB CGO alloc/total, 28.2 CGO/sec, 0.0/0.0 %(u/s)time, 0.0 %gc (0x), 5.4 KiB/2.8 KiB (r/w)net
I230907 23:13:44.281717 46 server/status/runtime.go:498  [n1] runtime stats: 452 MiB RSS, 148 goroutines, 138 MiB/45 MiB/203 MiB GO alloc/idle/total, 56 MiB/69 MiB CGO alloc/total, 22.3 CGO/sec, 0.0/0.0 %(u/s)time, 0.0 %gc (0x), 5.7 KiB/3.1 KiB (r/w)net
I230907 23:13:54.199929 42 gossip/gossip.go:566  [n1] gossip status (ok, 1 node)
gossip client (0/3 cur/max conns)
gossip server (0/3 cur/max conns, infos 0/0 sent/received, bytes 0B/0B sent/received)
I230907 23:13:54.281156 46 server/status/runtime.go:498  [n1] runtime stats: 452 MiB RSS, 148 goroutines, 147 MiB/38 MiB/203 MiB GO alloc/idle/total, 56 MiB/69 MiB CGO alloc/total, 129.2 CGO/sec, 0.0/0.0 %(u/s)time, 0.0 %gc (0x), 5.2 KiB/2.7 KiB (r/w)net
W230907 23:13:56.548414 5603 vendor/google.golang.org/grpc/server.go:703  grpc: Server.Serve failed to create ServerTransport: connection error: desc = "transport: http2Server.HandleStreams failed to receive the preface from client: EOF"
I230907 23:14:04.281974 46 server/status/runtime.go:498  [n1] runtime stats: 452 MiB RSS, 146 goroutines, 85 MiB/91 MiB/203 MiB GO alloc/idle/total, 56 MiB/69 MiB CGO alloc/total, 54.0 CGO/sec, 0.0/0.0 %(u/s)time, 0.0 %gc (1x), 4.9 KiB/2.9 KiB (r/w)net
I230907 23:14:14.285361 46 server/status/runtime.go:498  [n1] runtime stats: 453 MiB RSS, 140 goroutines, 93 MiB/86 MiB/203 MiB GO alloc/idle/total, 56 MiB/69 MiB CGO alloc/total, 27.6 CGO/sec, 0.0/0.0 %(u/s)time, 0.0 %gc (0x), 6.1 KiB/3.2 KiB (r/w)net
I230907 23:14:24.286697 46 server/status/runtime.go:498  [n1] runtime stats: 453 MiB RSS, 140 goroutines, 100 MiB/79 MiB/203 MiB GO alloc/idle/total, 56 MiB/69 MiB CGO alloc/total, 27.5 CGO/sec, 0.0/0.0 %(u/s)time, 0.0 %gc (0x), 7.9 KiB/5.0 KiB (r/w)net
I230907 23:14:34.284140 46 server/status/runtime.go:498  [n1] runtime stats: 454 MiB RSS, 142 goroutines, 107 MiB/74 MiB/203 MiB GO alloc/idle/total, 56 MiB/69 MiB CGO alloc/total, 27.8 CGO/sec, 0.0/0.0 %(u/s)time, 0.0 %gc (0x), 5.9 KiB/3.3 KiB (r/w)net
I230907 23:14:44.291721 46 server/status/runtime.go:498  [n1] runtime stats: 454 MiB RSS, 142 goroutines, 114 MiB/68 MiB/203 MiB GO alloc/idle/total, 64 MiB/77 MiB CGO alloc/total, 28.0 CGO/sec, 0.0/0.0 %(u/s)time, 0.0 %gc (0x), 5.3 KiB/3.0 KiB (r/w)net
I230907 23:14:54.202135 42 gossip/gossip.go:566  [n1] gossip status (ok, 1 node)
gossip client (0/3 cur/max conns)
gossip server (0/3 cur/max conns, infos 0/0 sent/received, bytes 0B/0B sent/received)
I230907 23:14:54.293283 46 server/status/runtime.go:498  [n1] runtime stats: 454 MiB RSS, 142 goroutines, 120 MiB/62 MiB/203 MiB GO alloc/idle/total, 64 MiB/77 MiB CGO alloc/total, 28.3 CGO/sec, 0.0/0.0 %(u/s)time, 0.0 %gc (0x), 5.2 KiB/2.7 KiB (r/w)net
