I230907 23:08:51.351839 14 util/log/clog.go:1196  [config] file created at: 2023/09/07 23:08:51
I230907 23:08:51.351839 14 util/log/clog.go:1196  [config] running on machine: b0b93122cb55
I230907 23:08:51.351839 14 util/log/clog.go:1196  [config] binary: CockroachDB CCL v19.2.2 (x86_64-unknown-linux-gnu, built 2019/12/11 01:33:43, go1.12.12)
I230907 23:08:51.351839 14 util/log/clog.go:1196  [config] arguments: [/cockroach/cockroach start-single-node --insecure]
I230907 23:08:51.351839 14 util/log/clog.go:1196  line format: [IWEF]yymmdd hh:mm:ss.uuuuuu goid file:line msg utf8=✓
I230907 23:08:51.351834 14 storage/engine/rocksdb.go:120  RocksDB version: 6.2.1
I230907 23:08:51.353611 14 storage/engine/rocksdb.go:120  Git sha rocksdb_build_git_sha:@b7009236531fa784872f4823eabf393501e41bf2@
I230907 23:08:51.355533 14 storage/engine/rocksdb.go:120  Compile date Dec 11 2019
I230907 23:08:51.355647 14 storage/engine/rocksdb.go:120  DB SUMMARY
I230907 23:08:51.356494 14 storage/engine/rocksdb.go:120  SST files in /cockroach/cockroach-data/cockroach-temp131375108 dir, Total Num: 0, files: 
I230907 23:08:51.356557 14 storage/engine/rocksdb.go:120  Write Ahead Log file in /cockroach/cockroach-data/cockroach-temp131375108: 
I230907 23:08:51.356627 14 storage/engine/rocksdb.go:120                          Options.error_if_exists: 0
I230907 23:08:51.356657 14 storage/engine/rocksdb.go:120                        Options.create_if_missing: 1
I230907 23:08:51.356686 14 storage/engine/rocksdb.go:120                          Options.paranoid_checks: 1
I230907 23:08:51.356787 14 storage/engine/rocksdb.go:120                                      Options.env: 0x75591e0
I230907 23:08:51.356818 14 storage/engine/rocksdb.go:120                                 Options.info_log: 0x400c619140
I230907 23:08:51.356847 14 storage/engine/rocksdb.go:120                 Options.max_file_opening_threads: 16
I230907 23:08:51.356875 14 storage/engine/rocksdb.go:120                               Options.statistics: 0x400c629010
I230907 23:08:51.358206 14 storage/engine/rocksdb.go:120                                Options.use_fsync: 0
I230907 23:08:51.358305 14 storage/engine/rocksdb.go:120                        Options.max_log_file_size: 0
I230907 23:08:51.358340 14 storage/engine/rocksdb.go:120                   Options.max_manifest_file_size: 134217728
I230907 23:08:51.358372 14 storage/engine/rocksdb.go:120                    Options.log_file_time_to_roll: 0
I230907 23:08:51.358406 14 storage/engine/rocksdb.go:120                        Options.keep_log_file_num: 1000
I230907 23:08:51.358443 14 storage/engine/rocksdb.go:120                     Options.recycle_log_file_num: 1
I230907 23:08:51.358492 14 storage/engine/rocksdb.go:120                          Options.allow_fallocate: 1
I230907 23:08:51.358524 14 storage/engine/rocksdb.go:120                         Options.allow_mmap_reads: 0
I230907 23:08:51.358556 14 storage/engine/rocksdb.go:120                        Options.allow_mmap_writes: 0
I230907 23:08:51.358587 14 storage/engine/rocksdb.go:120                         Options.use_direct_reads: 0
I230907 23:08:51.358687 14 storage/engine/rocksdb.go:120                         Options.use_direct_io_for_flush_and_compaction: 0
I230907 23:08:51.358722 14 storage/engine/rocksdb.go:120           Options.create_missing_column_families: 0
I230907 23:08:51.358769 14 storage/engine/rocksdb.go:120                               Options.db_log_dir: 
I230907 23:08:51.358801 14 storage/engine/rocksdb.go:120                                  Options.wal_dir: /cockroach/cockroach-data/cockroach-temp131375108
I230907 23:08:51.358833 14 storage/engine/rocksdb.go:120                 Options.table_cache_numshardbits: 6
I230907 23:08:51.358864 14 storage/engine/rocksdb.go:120                       Options.max_subcompactions: 1
I230907 23:08:51.358912 14 storage/engine/rocksdb.go:120                   Options.max_background_flushes: -1
I230907 23:08:51.358943 14 storage/engine/rocksdb.go:120                          Options.WAL_ttl_seconds: 0
I230907 23:08:51.358984 14 storage/engine/rocksdb.go:120                        Options.WAL_size_limit_MB: 0
I230907 23:08:51.359033 14 storage/engine/rocksdb.go:120              Options.manifest_preallocation_size: 4194304
I230907 23:08:51.359065 14 storage/engine/rocksdb.go:120                      Options.is_fd_close_on_exec: 1
I230907 23:08:51.359096 14 storage/engine/rocksdb.go:120                    Options.advise_random_on_open: 1
I230907 23:08:51.359142 14 storage/engine/rocksdb.go:120                     Options.db_write_buffer_size: 0
I230907 23:08:51.359175 14 storage/engine/rocksdb.go:120                     Options.write_buffer_manager: 0x400c691030
I230907 23:08:51.359217 14 storage/engine/rocksdb.go:120          Options.access_hint_on_compaction_start: 1
I230907 23:08:51.359262 14 storage/engine/rocksdb.go:120   Options.new_table_reader_for_compaction_inputs: 0
I230907 23:08:51.359293 14 storage/engine/rocksdb.go:120            Options.random_access_max_buffer_size: 1048576
I230907 23:08:51.359324 14 storage/engine/rocksdb.go:120                       Options.use_adaptive_mutex: 0
I230907 23:08:51.359402 14 storage/engine/rocksdb.go:120                             Options.rate_limiter: (nil)
I230907 23:08:51.359473 14 storage/engine/rocksdb.go:120      Options.sst_file_manager.rate_bytes_per_sec: 0
I230907 23:08:51.359507 14 storage/engine/rocksdb.go:120                        Options.wal_recovery_mode: 0
I230907 23:08:51.359552 14 storage/engine/rocksdb.go:120                   Options.enable_thread_tracking: 0
I230907 23:08:51.359583 14 storage/engine/rocksdb.go:120                   Options.enable_pipelined_write: 0
I230907 23:08:51.359625 14 storage/engine/rocksdb.go:120          Options.allow_concurrent_memtable_write: 1
I230907 23:08:51.359658 14 storage/engine/rocksdb.go:120       Options.enable_write_thread_adaptive_yield: 1
I230907 23:08:51.359691 14 storage/engine/rocksdb.go:120              Options.write_thread_max_yield_usec: 100
I230907 23:08:51.359723 14 storage/engine/rocksdb.go:120             Options.write_thread_slow_yield_usec: 3
I230907 23:08:51.359757 14 storage/engine/rocksdb.go:120                                Options.row_cache: None
I230907 23:08:51.359808 14 storage/engine/rocksdb.go:120                               Options.wal_filter: None
I230907 23:08:51.359840 14 storage/engine/rocksdb.go:120              Options.avoid_flush_during_recovery: 0
I230907 23:08:51.359871 14 storage/engine/rocksdb.go:120              Options.allow_ingest_behind: 0
I230907 23:08:51.359902 14 storage/engine/rocksdb.go:120              Options.preserve_deletes: 0
I230907 23:08:51.359947 14 storage/engine/rocksdb.go:120              Options.two_write_queues: 0
I230907 23:08:51.359980 14 storage/engine/rocksdb.go:120              Options.manual_wal_flush: 1
I230907 23:08:51.360026 14 storage/engine/rocksdb.go:120              Options.atomic_flush: 0
I230907 23:08:51.360058 14 storage/engine/rocksdb.go:120              Options.avoid_unnecessary_blocking_io: 0
I230907 23:08:51.360096 14 storage/engine/rocksdb.go:120              Options.max_background_jobs: 4
I230907 23:08:51.360138 14 storage/engine/rocksdb.go:120              Options.max_background_compactions: -1
I230907 23:08:51.360172 14 storage/engine/rocksdb.go:120              Options.avoid_flush_during_shutdown: 0
I230907 23:08:51.360204 14 storage/engine/rocksdb.go:120            Options.writable_file_max_buffer_size: 1048576
I230907 23:08:51.360235 14 storage/engine/rocksdb.go:120              Options.delayed_write_rate : 16777216
I230907 23:08:51.360280 14 storage/engine/rocksdb.go:120              Options.max_total_wal_size: 0
I230907 23:08:51.360312 14 storage/engine/rocksdb.go:120              Options.delete_obsolete_files_period_micros: 21600000000
I230907 23:08:51.360343 14 storage/engine/rocksdb.go:120                    Options.stats_dump_period_sec: 0
I230907 23:08:51.360374 14 storage/engine/rocksdb.go:120                  Options.stats_persist_period_sec: 600
I230907 23:08:51.360404 14 storage/engine/rocksdb.go:120                  Options.stats_history_buffer_size: 1048576
I230907 23:08:51.360435 14 storage/engine/rocksdb.go:120                           Options.max_open_files: 128
I230907 23:08:51.360480 14 storage/engine/rocksdb.go:120                           Options.bytes_per_sync: 524288
I230907 23:08:51.360511 14 storage/engine/rocksdb.go:120                       Options.wal_bytes_per_sync: 0
I230907 23:08:51.360545 14 storage/engine/rocksdb.go:120                    Options.strict_bytes_per_sync: 1
I230907 23:08:51.360579 14 storage/engine/rocksdb.go:120        Options.compaction_readahead_size: 0
I230907 23:08:51.360610 14 storage/engine/rocksdb.go:120  Compression algorithms supported:
I230907 23:08:51.360681 14 storage/engine/rocksdb.go:120  	kZSTDNotFinalCompression supported: 0
I230907 23:08:51.360734 14 storage/engine/rocksdb.go:120  	kZSTD supported: 0
I230907 23:08:51.360762 14 storage/engine/rocksdb.go:120  	kXpressCompression supported: 0
I230907 23:08:51.360792 14 storage/engine/rocksdb.go:120  	kLZ4HCCompression supported: 0
I230907 23:08:51.360820 14 storage/engine/rocksdb.go:120  	kLZ4Compression supported: 0
I230907 23:08:51.360847 14 storage/engine/rocksdb.go:120  	kBZip2Compression supported: 0
I230907 23:08:51.360874 14 storage/engine/rocksdb.go:120  	kZlibCompression supported: 0
I230907 23:08:51.360901 14 storage/engine/rocksdb.go:120  	kSnappyCompression supported: 1
I230907 23:08:51.361082 14 storage/engine/rocksdb.go:120  Fast CRC32 supported: Supported on x86
I230907 23:08:51.365719 14 storage/engine/rocksdb.go:120  [db/db_impl_open.cc:242] Creating manifest 1 
I230907 23:08:51.374025 14 storage/engine/rocksdb.go:120  [db/version_set.cc:4072] Recovering from manifest file: /cockroach/cockroach-data/cockroach-temp131375108/MANIFEST-000001
I230907 23:08:51.375512 14 storage/engine/rocksdb.go:120  [db/column_family.cc:488] --------------- Options for column family [default]:
I230907 23:08:51.375572 14 storage/engine/rocksdb.go:120                Options.comparator: cockroach_comparator
I230907 23:08:51.375616 14 storage/engine/rocksdb.go:120            Options.merge_operator: cockroach_merge_operator
I230907 23:08:51.375652 14 storage/engine/rocksdb.go:120         Options.compaction_filter: None
I230907 23:08:51.375688 14 storage/engine/rocksdb.go:120         Options.compaction_filter_factory: None
I230907 23:08:51.375721 14 storage/engine/rocksdb.go:120          Options.memtable_factory: SkipListFactory
I230907 23:08:51.375758 14 storage/engine/rocksdb.go:120             Options.table_factory: BlockBasedTable
I230907 23:08:51.381007 14 storage/engine/rocksdb.go:120             table_factory options:   flush_block_policy_factory: FlushBlockBySizePolicyFactory (0x400c61d030)
  cache_index_and_filter_blocks: 0
  cache_index_and_filter_blocks_with_high_priority: 0
  pin_l0_filter_and_index_blocks_in_cache: 0
  pin_top_level_index_and_filter: 1
  index_type: 0
  data_block_index_type: 0
  index_shortening: 1
  data_block_hash_table_util_ratio: 0.750000
  hash_index_allow_collision: 1
  checksum: 1
  no_block_cache: 0
  block_cache: 0x400c60e010
  block_cache_name: LRUCache
  block_cache_options:
    capacity : 1048576
    num_shard_bits : 4
    strict_capacity_limit : 0
    memory_allocator : None
    high_pri_pool_ratio: 0.000
  block_cache_compressed: (nil)
  persistent_cache: (nil)
  block_size: 32768
  block_size_deviation: 10
  block_restart_interval: 16
  index_block_restart_interval: 1
  metadata_block_size: 4096
  partition_filters: 0
  use_delta_encoding: 1
  filter_policy: rocksdb.BuiltinBloomFilter
  whole_key_filtering: 0
  verify_compression: 0
  read_amp_bytes_per_bit: 0
  format_version: 2
  enable_index_compression: 1
  block_align: 0
I230907 23:08:51.381094 14 storage/engine/rocksdb.go:120         Options.write_buffer_size: 67108864
I230907 23:08:51.381158 14 storage/engine/rocksdb.go:120   Options.max_write_buffer_number: 4
I230907 23:08:51.381209 14 storage/engine/rocksdb.go:120           Options.compression: Snappy
I230907 23:08:51.381248 14 storage/engine/rocksdb.go:120                   Options.bottommost_compression: Disabled
I230907 23:08:51.381304 14 storage/engine/rocksdb.go:120        Options.prefix_extractor: cockroach_prefix_extractor
I230907 23:08:51.381339 14 storage/engine/rocksdb.go:120    Options.memtable_insert_with_hint_prefix_extractor: nullptr
I230907 23:08:51.381369 14 storage/engine/rocksdb.go:120              Options.num_levels: 7
I230907 23:08:51.381398 14 storage/engine/rocksdb.go:120         Options.min_write_buffer_number_to_merge: 1
I230907 23:08:51.381427 14 storage/engine/rocksdb.go:120      Options.max_write_buffer_number_to_maintain: 0
I230907 23:08:51.381457 14 storage/engine/rocksdb.go:120             Options.bottommost_compression_opts.window_bits: -14
I230907 23:08:51.381495 14 storage/engine/rocksdb.go:120                   Options.bottommost_compression_opts.level: 32767
I230907 23:08:51.381525 14 storage/engine/rocksdb.go:120                Options.bottommost_compression_opts.strategy: 0
I230907 23:08:51.381555 14 storage/engine/rocksdb.go:120          Options.bottommost_compression_opts.max_dict_bytes: 0
I230907 23:08:51.381584 14 storage/engine/rocksdb.go:120          Options.bottommost_compression_opts.zstd_max_train_bytes: 0
I230907 23:08:51.381616 14 storage/engine/rocksdb.go:120                   Options.bottommost_compression_opts.enabled: false
I230907 23:08:51.381645 14 storage/engine/rocksdb.go:120             Options.compression_opts.window_bits: -14
I230907 23:08:51.381673 14 storage/engine/rocksdb.go:120                   Options.compression_opts.level: 32767
I230907 23:08:51.381702 14 storage/engine/rocksdb.go:120                Options.compression_opts.strategy: 0
I230907 23:08:51.381731 14 storage/engine/rocksdb.go:120          Options.compression_opts.max_dict_bytes: 0
I230907 23:08:51.381760 14 storage/engine/rocksdb.go:120          Options.compression_opts.zstd_max_train_bytes: 0
I230907 23:08:51.381790 14 storage/engine/rocksdb.go:120                   Options.compression_opts.enabled: false
I230907 23:08:51.381822 14 storage/engine/rocksdb.go:120       Options.level0_file_num_compaction_trigger: 2
I230907 23:08:51.381851 14 storage/engine/rocksdb.go:120           Options.level0_slowdown_writes_trigger: 950
I230907 23:08:51.381879 14 storage/engine/rocksdb.go:120               Options.level0_stop_writes_trigger: 1000
I230907 23:08:51.381908 14 storage/engine/rocksdb.go:120                    Options.target_file_size_base: 4194304
I230907 23:08:51.381936 14 storage/engine/rocksdb.go:120              Options.target_file_size_multiplier: 2
I230907 23:08:51.381965 14 storage/engine/rocksdb.go:120                 Options.max_bytes_for_level_base: 67108864
I230907 23:08:51.381996 14 storage/engine/rocksdb.go:120  Options.level_compaction_dynamic_level_bytes: 1
I230907 23:08:51.382300 14 storage/engine/rocksdb.go:120           Options.max_bytes_for_level_multiplier: 10.000000
I230907 23:08:51.382339 14 storage/engine/rocksdb.go:120  Options.max_bytes_for_level_multiplier_addtl[0]: 1
I230907 23:08:51.382375 14 storage/engine/rocksdb.go:120  Options.max_bytes_for_level_multiplier_addtl[1]: 1
I230907 23:08:51.382400 14 storage/engine/rocksdb.go:120  Options.max_bytes_for_level_multiplier_addtl[2]: 1
I230907 23:08:51.382425 14 storage/engine/rocksdb.go:120  Options.max_bytes_for_level_multiplier_addtl[3]: 1
I230907 23:08:51.382450 14 storage/engine/rocksdb.go:120  Options.max_bytes_for_level_multiplier_addtl[4]: 1
I230907 23:08:51.382474 14 storage/engine/rocksdb.go:120  Options.max_bytes_for_level_multiplier_addtl[5]: 1
I230907 23:08:51.382502 14 storage/engine/rocksdb.go:120  Options.max_bytes_for_level_multiplier_addtl[6]: 1
I230907 23:08:51.382531 14 storage/engine/rocksdb.go:120        Options.max_sequential_skip_in_iterations: 8
I230907 23:08:51.382561 14 storage/engine/rocksdb.go:120                     Options.max_compaction_bytes: 104857600
I230907 23:08:51.382590 14 storage/engine/rocksdb.go:120                         Options.arena_block_size: 8388608
I230907 23:08:51.382619 14 storage/engine/rocksdb.go:120    Options.soft_pending_compaction_bytes_limit: 2199023255552
I230907 23:08:51.382648 14 storage/engine/rocksdb.go:120    Options.hard_pending_compaction_bytes_limit: 4400193994752
I230907 23:08:51.382676 14 storage/engine/rocksdb.go:120        Options.rate_limit_delay_max_milliseconds: 100
I230907 23:08:51.382705 14 storage/engine/rocksdb.go:120                 Options.disable_auto_compactions: 0
I230907 23:08:51.382771 14 storage/engine/rocksdb.go:120                         Options.compaction_style: kCompactionStyleLevel
I230907 23:08:51.382838 14 storage/engine/rocksdb.go:120                           Options.compaction_pri: kMinOverlappingRatio
I230907 23:08:51.382869 14 storage/engine/rocksdb.go:120  Options.compaction_options_universal.size_ratio: 1
I230907 23:08:51.382912 14 storage/engine/rocksdb.go:120  Options.compaction_options_universal.min_merge_width: 2
I230907 23:08:51.382941 14 storage/engine/rocksdb.go:120  Options.compaction_options_universal.max_merge_width: 4294967295
I230907 23:08:51.382972 14 storage/engine/rocksdb.go:120  Options.compaction_options_universal.max_size_amplification_percent: 200
I230907 23:08:51.383001 14 storage/engine/rocksdb.go:120  Options.compaction_options_universal.compression_size_percent: -1
I230907 23:08:51.383061 14 storage/engine/rocksdb.go:120  Options.compaction_options_universal.stop_style: kCompactionStopStyleTotalSize
I230907 23:08:51.383092 14 storage/engine/rocksdb.go:120  Options.compaction_options_fifo.max_table_files_size: 1073741824
I230907 23:08:51.383132 14 storage/engine/rocksdb.go:120  Options.compaction_options_fifo.allow_compaction: 0
I230907 23:08:51.383213 14 storage/engine/rocksdb.go:120                    Options.table_properties_collectors: TimeBoundTblPropCollectorFactory; DeleteRangeTblPropCollectorFactory; 
I230907 23:08:51.383249 14 storage/engine/rocksdb.go:120                    Options.inplace_update_support: 0
I230907 23:08:51.383279 14 storage/engine/rocksdb.go:120                  Options.inplace_update_num_locks: 10000
I230907 23:08:51.383320 14 storage/engine/rocksdb.go:120                Options.memtable_prefix_bloom_size_ratio: 0.000000
I230907 23:08:51.383350 14 storage/engine/rocksdb.go:120                Options.memtable_whole_key_filtering: 0
I230907 23:08:51.383379 14 storage/engine/rocksdb.go:120    Options.memtable_huge_page_size: 0
I230907 23:08:51.383407 14 storage/engine/rocksdb.go:120                            Options.bloom_locality: 0
I230907 23:08:51.383436 14 storage/engine/rocksdb.go:120                     Options.max_successive_merges: 0
I230907 23:08:51.383464 14 storage/engine/rocksdb.go:120                 Options.optimize_filters_for_hits: 1
I230907 23:08:51.383493 14 storage/engine/rocksdb.go:120                 Options.paranoid_file_checks: 0
I230907 23:08:51.383521 14 storage/engine/rocksdb.go:120                 Options.force_consistency_checks: 0
I230907 23:08:51.383550 14 storage/engine/rocksdb.go:120                 Options.report_bg_io_stats: 0
I230907 23:08:51.383578 14 storage/engine/rocksdb.go:120                                Options.ttl: 0
I230907 23:08:51.383606 14 storage/engine/rocksdb.go:120           Options.periodic_compaction_seconds: 0
I230907 23:08:51.393906 14 storage/engine/rocksdb.go:120  [db/version_set.cc:4286] Recovered from manifest file:/cockroach/cockroach-data/cockroach-temp131375108/MANIFEST-000001 succeeded,manifest_file_number is 1, next_file_number is 3, last_sequence is 0, log_number is 0,prev_log_number is 0,max_column_family is 0,min_log_number_to_keep is 0
I230907 23:08:51.393982 14 storage/engine/rocksdb.go:120  [db/version_set.cc:4295] Column family [default] (ID 0), log number is 0
I230907 23:08:51.424136 14 storage/engine/rocksdb.go:120  DB pointer 0x400c699000
I230907 23:08:51.515355 14 storage/engine/rocksdb.go:120  RocksDB version: 6.2.1
I230907 23:08:51.515438 14 storage/engine/rocksdb.go:120  Git sha rocksdb_build_git_sha:@b7009236531fa784872f4823eabf393501e41bf2@
I230907 23:08:51.515470 14 storage/engine/rocksdb.go:120  Compile date Dec 11 2019
I230907 23:08:51.515498 14 storage/engine/rocksdb.go:120  DB SUMMARY
I230907 23:08:51.516883 14 storage/engine/rocksdb.go:120  CURRENT file:  CURRENT
I230907 23:08:51.516945 14 storage/engine/rocksdb.go:120  IDENTITY file:  IDENTITY
I230907 23:08:51.517063 14 storage/engine/rocksdb.go:120  MANIFEST file:  MANIFEST-000521 size: 16519 Bytes
I230907 23:08:51.517129 14 storage/engine/rocksdb.go:120  SST files in /cockroach/cockroach-data dir, Total Num: 7, files: 000689.sst 000690.sst 000691.sst 000692.sst 000693.sst 000694.sst 000695.sst 
I230907 23:08:51.517162 14 storage/engine/rocksdb.go:120  Write Ahead Log file in /cockroach/cockroach-data: 000685.log size: 59637578 ; 000687.log size: 30372639 ; 
I230907 23:08:51.517219 14 storage/engine/rocksdb.go:120                          Options.error_if_exists: 0
I230907 23:08:51.517247 14 storage/engine/rocksdb.go:120                        Options.create_if_missing: 1
I230907 23:08:51.517273 14 storage/engine/rocksdb.go:120                          Options.paranoid_checks: 1
I230907 23:08:51.517300 14 storage/engine/rocksdb.go:120                                      Options.env: 0x75591e0
I230907 23:08:51.517325 14 storage/engine/rocksdb.go:120                                 Options.info_log: 0x400c027080
I230907 23:08:51.517353 14 storage/engine/rocksdb.go:120                 Options.max_file_opening_threads: 16
I230907 23:08:51.517381 14 storage/engine/rocksdb.go:120                               Options.statistics: 0x400c02a010
I230907 23:08:51.517406 14 storage/engine/rocksdb.go:120                                Options.use_fsync: 0
I230907 23:08:51.517432 14 storage/engine/rocksdb.go:120                        Options.max_log_file_size: 0
I230907 23:08:51.517458 14 storage/engine/rocksdb.go:120                   Options.max_manifest_file_size: 134217728
I230907 23:08:51.517483 14 storage/engine/rocksdb.go:120                    Options.log_file_time_to_roll: 0
I230907 23:08:51.517508 14 storage/engine/rocksdb.go:120                        Options.keep_log_file_num: 1000
I230907 23:08:51.517533 14 storage/engine/rocksdb.go:120                     Options.recycle_log_file_num: 1
I230907 23:08:51.517558 14 storage/engine/rocksdb.go:120                          Options.allow_fallocate: 1
I230907 23:08:51.517584 14 storage/engine/rocksdb.go:120                         Options.allow_mmap_reads: 0
I230907 23:08:51.517612 14 storage/engine/rocksdb.go:120                        Options.allow_mmap_writes: 0
I230907 23:08:51.517637 14 storage/engine/rocksdb.go:120                         Options.use_direct_reads: 0
I230907 23:08:51.517662 14 storage/engine/rocksdb.go:120                         Options.use_direct_io_for_flush_and_compaction: 0
I230907 23:08:51.517688 14 storage/engine/rocksdb.go:120           Options.create_missing_column_families: 0
I230907 23:08:51.517713 14 storage/engine/rocksdb.go:120                               Options.db_log_dir: 
I230907 23:08:51.517738 14 storage/engine/rocksdb.go:120                                  Options.wal_dir: /cockroach/cockroach-data
I230907 23:08:51.517763 14 storage/engine/rocksdb.go:120                 Options.table_cache_numshardbits: 6
I230907 23:08:51.517788 14 storage/engine/rocksdb.go:120                       Options.max_subcompactions: 1
I230907 23:08:51.517813 14 storage/engine/rocksdb.go:120                   Options.max_background_flushes: -1
I230907 23:08:51.517838 14 storage/engine/rocksdb.go:120                          Options.WAL_ttl_seconds: 0
I230907 23:08:51.517862 14 storage/engine/rocksdb.go:120                        Options.WAL_size_limit_MB: 0
I230907 23:08:51.517888 14 storage/engine/rocksdb.go:120              Options.manifest_preallocation_size: 4194304
I230907 23:08:51.517912 14 storage/engine/rocksdb.go:120                      Options.is_fd_close_on_exec: 1
I230907 23:08:51.517938 14 storage/engine/rocksdb.go:120                    Options.advise_random_on_open: 1
I230907 23:08:51.517963 14 storage/engine/rocksdb.go:120                     Options.db_write_buffer_size: 0
I230907 23:08:51.517988 14 storage/engine/rocksdb.go:120                     Options.write_buffer_manager: 0x400c019060
I230907 23:08:51.518012 14 storage/engine/rocksdb.go:120          Options.access_hint_on_compaction_start: 1
I230907 23:08:51.518037 14 storage/engine/rocksdb.go:120   Options.new_table_reader_for_compaction_inputs: 0
I230907 23:08:51.518062 14 storage/engine/rocksdb.go:120            Options.random_access_max_buffer_size: 1048576
I230907 23:08:51.518086 14 storage/engine/rocksdb.go:120                       Options.use_adaptive_mutex: 0
I230907 23:08:51.518113 14 storage/engine/rocksdb.go:120                             Options.rate_limiter: (nil)
I230907 23:08:51.518153 14 storage/engine/rocksdb.go:120      Options.sst_file_manager.rate_bytes_per_sec: 0
I230907 23:08:51.518186 14 storage/engine/rocksdb.go:120                        Options.wal_recovery_mode: 0
I230907 23:08:51.518211 14 storage/engine/rocksdb.go:120                   Options.enable_thread_tracking: 0
I230907 23:08:51.518235 14 storage/engine/rocksdb.go:120                   Options.enable_pipelined_write: 0
I230907 23:08:51.518259 14 storage/engine/rocksdb.go:120          Options.allow_concurrent_memtable_write: 1
I230907 23:08:51.518283 14 storage/engine/rocksdb.go:120       Options.enable_write_thread_adaptive_yield: 1
I230907 23:08:51.518307 14 storage/engine/rocksdb.go:120              Options.write_thread_max_yield_usec: 100
I230907 23:08:51.518334 14 storage/engine/rocksdb.go:120             Options.write_thread_slow_yield_usec: 3
I230907 23:08:51.518358 14 storage/engine/rocksdb.go:120                                Options.row_cache: None
I230907 23:08:51.518382 14 storage/engine/rocksdb.go:120                               Options.wal_filter: None
I230907 23:08:51.518406 14 storage/engine/rocksdb.go:120              Options.avoid_flush_during_recovery: 0
I230907 23:08:51.518431 14 storage/engine/rocksdb.go:120              Options.allow_ingest_behind: 0
I230907 23:08:51.518455 14 storage/engine/rocksdb.go:120              Options.preserve_deletes: 0
I230907 23:08:51.518479 14 storage/engine/rocksdb.go:120              Options.two_write_queues: 0
I230907 23:08:51.518507 14 storage/engine/rocksdb.go:120              Options.manual_wal_flush: 1
I230907 23:08:51.518531 14 storage/engine/rocksdb.go:120              Options.atomic_flush: 0
I230907 23:08:51.518557 14 storage/engine/rocksdb.go:120              Options.avoid_unnecessary_blocking_io: 0
I230907 23:08:51.518581 14 storage/engine/rocksdb.go:120              Options.max_background_jobs: 4
I230907 23:08:51.518605 14 storage/engine/rocksdb.go:120              Options.max_background_compactions: -1
I230907 23:08:51.518629 14 storage/engine/rocksdb.go:120              Options.avoid_flush_during_shutdown: 0
I230907 23:08:51.518653 14 storage/engine/rocksdb.go:120            Options.writable_file_max_buffer_size: 1048576
I230907 23:08:51.518677 14 storage/engine/rocksdb.go:120              Options.delayed_write_rate : 16777216
I230907 23:08:51.518702 14 storage/engine/rocksdb.go:120              Options.max_total_wal_size: 0
I230907 23:08:51.518726 14 storage/engine/rocksdb.go:120              Options.delete_obsolete_files_period_micros: 21600000000
I230907 23:08:51.518751 14 storage/engine/rocksdb.go:120                    Options.stats_dump_period_sec: 0
I230907 23:08:51.518774 14 storage/engine/rocksdb.go:120                  Options.stats_persist_period_sec: 600
I230907 23:08:51.518798 14 storage/engine/rocksdb.go:120                  Options.stats_history_buffer_size: 1048576
I230907 23:08:51.518821 14 storage/engine/rocksdb.go:120                           Options.max_open_files: 1043576
I230907 23:08:51.518845 14 storage/engine/rocksdb.go:120                           Options.bytes_per_sync: 524288
I230907 23:08:51.518869 14 storage/engine/rocksdb.go:120                       Options.wal_bytes_per_sync: 0
I230907 23:08:51.518893 14 storage/engine/rocksdb.go:120                    Options.strict_bytes_per_sync: 1
I230907 23:08:51.518917 14 storage/engine/rocksdb.go:120        Options.compaction_readahead_size: 0
I230907 23:08:51.518941 14 storage/engine/rocksdb.go:120  Compression algorithms supported:
I230907 23:08:51.518966 14 storage/engine/rocksdb.go:120  	kZSTDNotFinalCompression supported: 0
I230907 23:08:51.518990 14 storage/engine/rocksdb.go:120  	kZSTD supported: 0
I230907 23:08:51.519014 14 storage/engine/rocksdb.go:120  	kXpressCompression supported: 0
I230907 23:08:51.519038 14 storage/engine/rocksdb.go:120  	kLZ4HCCompression supported: 0
I230907 23:08:51.519062 14 storage/engine/rocksdb.go:120  	kLZ4Compression supported: 0
I230907 23:08:51.519085 14 storage/engine/rocksdb.go:120  	kBZip2Compression supported: 0
I230907 23:08:51.519109 14 storage/engine/rocksdb.go:120  	kZlibCompression supported: 0
I230907 23:08:51.519156 14 storage/engine/rocksdb.go:120  	kSnappyCompression supported: 1
I230907 23:08:51.519197 14 storage/engine/rocksdb.go:120  Fast CRC32 supported: Supported on x86
I230907 23:08:51.520259 14 storage/engine/rocksdb.go:120  [db/version_set.cc:4072] Recovering from manifest file: /cockroach/cockroach-data/MANIFEST-000521
I230907 23:08:51.520486 14 storage/engine/rocksdb.go:120  [db/column_family.cc:488] --------------- Options for column family [default]:
I230907 23:08:51.520519 14 storage/engine/rocksdb.go:120                Options.comparator: cockroach_comparator
I230907 23:08:51.520548 14 storage/engine/rocksdb.go:120            Options.merge_operator: cockroach_merge_operator
I230907 23:08:51.520575 14 storage/engine/rocksdb.go:120         Options.compaction_filter: None
I230907 23:08:51.520600 14 storage/engine/rocksdb.go:120         Options.compaction_filter_factory: None
I230907 23:08:51.520624 14 storage/engine/rocksdb.go:120          Options.memtable_factory: SkipListFactory
I230907 23:08:51.520649 14 storage/engine/rocksdb.go:120             Options.table_factory: BlockBasedTable
I230907 23:08:51.520802 14 storage/engine/rocksdb.go:120             table_factory options:   flush_block_policy_factory: FlushBlockBySizePolicyFactory (0x400c028028)
  cache_index_and_filter_blocks: 0
  cache_index_and_filter_blocks_with_high_priority: 0
  pin_l0_filter_and_index_blocks_in_cache: 0
  pin_top_level_index_and_filter: 1
  index_type: 0
  data_block_index_type: 0
  index_shortening: 1
  data_block_hash_table_util_ratio: 0.750000
  hash_index_allow_collision: 1
  checksum: 1
  no_block_cache: 0
  block_cache: 0x400c01c010
  block_cache_name: LRUCache
  block_cache_options:
    capacity : 67108864
    num_shard_bits : 4
    strict_capacity_limit : 0
    memory_allocator : None
    high_pri_pool_ratio: 0.000
  block_cache_compressed: (nil)
  persistent_cache: (nil)
  block_size: 32768
  block_size_deviation: 10
  block_restart_interval: 16
  index_block_restart_interval: 1
  metadata_block_size: 4096
  partition_filters: 0
  use_delta_encoding: 1
  filter_policy: rocksdb.BuiltinBloomFilter
  whole_key_filtering: 0
  verify_compression: 0
  read_amp_bytes_per_bit: 0
  format_version: 2
  enable_index_compression: 1
  block_align: 0
I230907 23:08:51.520837 14 storage/engine/rocksdb.go:120         Options.write_buffer_size: 67108864
I230907 23:08:51.520869 14 storage/engine/rocksdb.go:120   Options.max_write_buffer_number: 4
I230907 23:08:51.520894 14 storage/engine/rocksdb.go:120           Options.compression: Snappy
I230907 23:08:51.520929 14 storage/engine/rocksdb.go:120                   Options.bottommost_compression: Disabled
I230907 23:08:51.520954 14 storage/engine/rocksdb.go:120        Options.prefix_extractor: cockroach_prefix_extractor
I230907 23:08:51.520978 14 storage/engine/rocksdb.go:120    Options.memtable_insert_with_hint_prefix_extractor: nullptr
I230907 23:08:51.521020 14 storage/engine/rocksdb.go:120              Options.num_levels: 7
I230907 23:08:51.521045 14 storage/engine/rocksdb.go:120         Options.min_write_buffer_number_to_merge: 1
I230907 23:08:51.521069 14 storage/engine/rocksdb.go:120      Options.max_write_buffer_number_to_maintain: 0
I230907 23:08:51.521093 14 storage/engine/rocksdb.go:120             Options.bottommost_compression_opts.window_bits: -14
I230907 23:08:51.521127 14 storage/engine/rocksdb.go:120                   Options.bottommost_compression_opts.level: 32767
I230907 23:08:51.521152 14 storage/engine/rocksdb.go:120                Options.bottommost_compression_opts.strategy: 0
I230907 23:08:51.521179 14 storage/engine/rocksdb.go:120          Options.bottommost_compression_opts.max_dict_bytes: 0
I230907 23:08:51.521204 14 storage/engine/rocksdb.go:120          Options.bottommost_compression_opts.zstd_max_train_bytes: 0
I230907 23:08:51.521228 14 storage/engine/rocksdb.go:120                   Options.bottommost_compression_opts.enabled: false
I230907 23:08:51.521252 14 storage/engine/rocksdb.go:120             Options.compression_opts.window_bits: -14
I230907 23:08:51.521283 14 storage/engine/rocksdb.go:120                   Options.compression_opts.level: 32767
I230907 23:08:51.521308 14 storage/engine/rocksdb.go:120                Options.compression_opts.strategy: 0
I230907 23:08:51.521335 14 storage/engine/rocksdb.go:120          Options.compression_opts.max_dict_bytes: 0
I230907 23:08:51.521360 14 storage/engine/rocksdb.go:120          Options.compression_opts.zstd_max_train_bytes: 0
I230907 23:08:51.521385 14 storage/engine/rocksdb.go:120                   Options.compression_opts.enabled: false
I230907 23:08:51.521410 14 storage/engine/rocksdb.go:120       Options.level0_file_num_compaction_trigger: 2
I230907 23:08:51.521435 14 storage/engine/rocksdb.go:120           Options.level0_slowdown_writes_trigger: 950
I230907 23:08:51.521459 14 storage/engine/rocksdb.go:120               Options.level0_stop_writes_trigger: 1000
I230907 23:08:51.521483 14 storage/engine/rocksdb.go:120                    Options.target_file_size_base: 4194304
I230907 23:08:51.521506 14 storage/engine/rocksdb.go:120              Options.target_file_size_multiplier: 2
I230907 23:08:51.521530 14 storage/engine/rocksdb.go:120                 Options.max_bytes_for_level_base: 67108864
I230907 23:08:51.521555 14 storage/engine/rocksdb.go:120  Options.level_compaction_dynamic_level_bytes: 1
I230907 23:08:51.521588 14 storage/engine/rocksdb.go:120           Options.max_bytes_for_level_multiplier: 10.000000
I230907 23:08:51.521613 14 storage/engine/rocksdb.go:120  Options.max_bytes_for_level_multiplier_addtl[0]: 1
I230907 23:08:51.521637 14 storage/engine/rocksdb.go:120  Options.max_bytes_for_level_multiplier_addtl[1]: 1
I230907 23:08:51.521661 14 storage/engine/rocksdb.go:120  Options.max_bytes_for_level_multiplier_addtl[2]: 1
I230907 23:08:51.521685 14 storage/engine/rocksdb.go:120  Options.max_bytes_for_level_multiplier_addtl[3]: 1
I230907 23:08:51.521709 14 storage/engine/rocksdb.go:120  Options.max_bytes_for_level_multiplier_addtl[4]: 1
I230907 23:08:51.521732 14 storage/engine/rocksdb.go:120  Options.max_bytes_for_level_multiplier_addtl[5]: 1
I230907 23:08:51.521756 14 storage/engine/rocksdb.go:120  Options.max_bytes_for_level_multiplier_addtl[6]: 1
I230907 23:08:51.521779 14 storage/engine/rocksdb.go:120        Options.max_sequential_skip_in_iterations: 8
I230907 23:08:51.521803 14 storage/engine/rocksdb.go:120                     Options.max_compaction_bytes: 104857600
I230907 23:08:51.521826 14 storage/engine/rocksdb.go:120                         Options.arena_block_size: 8388608
I230907 23:08:51.521850 14 storage/engine/rocksdb.go:120    Options.soft_pending_compaction_bytes_limit: 2199023255552
I230907 23:08:51.521874 14 storage/engine/rocksdb.go:120    Options.hard_pending_compaction_bytes_limit: 4400193994752
I230907 23:08:51.521897 14 storage/engine/rocksdb.go:120        Options.rate_limit_delay_max_milliseconds: 100
I230907 23:08:51.521921 14 storage/engine/rocksdb.go:120                 Options.disable_auto_compactions: 0
I230907 23:08:51.521948 14 storage/engine/rocksdb.go:120                         Options.compaction_style: kCompactionStyleLevel
I230907 23:08:51.521974 14 storage/engine/rocksdb.go:120                           Options.compaction_pri: kMinOverlappingRatio
I230907 23:08:51.521999 14 storage/engine/rocksdb.go:120  Options.compaction_options_universal.size_ratio: 1
I230907 23:08:51.522023 14 storage/engine/rocksdb.go:120  Options.compaction_options_universal.min_merge_width: 2
I230907 23:08:51.522047 14 storage/engine/rocksdb.go:120  Options.compaction_options_universal.max_merge_width: 4294967295
I230907 23:08:51.522070 14 storage/engine/rocksdb.go:120  Options.compaction_options_universal.max_size_amplification_percent: 200
I230907 23:08:51.522094 14 storage/engine/rocksdb.go:120  Options.compaction_options_universal.compression_size_percent: -1
I230907 23:08:51.522133 14 storage/engine/rocksdb.go:120  Options.compaction_options_universal.stop_style: kCompactionStopStyleTotalSize
I230907 23:08:51.522159 14 storage/engine/rocksdb.go:120  Options.compaction_options_fifo.max_table_files_size: 1073741824
I230907 23:08:51.522195 14 storage/engine/rocksdb.go:120  Options.compaction_options_fifo.allow_compaction: 0
I230907 23:08:51.522229 14 storage/engine/rocksdb.go:120                    Options.table_properties_collectors: TimeBoundTblPropCollectorFactory; DeleteRangeTblPropCollectorFactory; 
I230907 23:08:51.522257 14 storage/engine/rocksdb.go:120                    Options.inplace_update_support: 0
I230907 23:08:51.522281 14 storage/engine/rocksdb.go:120                  Options.inplace_update_num_locks: 10000
I230907 23:08:51.522307 14 storage/engine/rocksdb.go:120                Options.memtable_prefix_bloom_size_ratio: 0.000000
I230907 23:08:51.522333 14 storage/engine/rocksdb.go:120                Options.memtable_whole_key_filtering: 0
I230907 23:08:51.522357 14 storage/engine/rocksdb.go:120    Options.memtable_huge_page_size: 0
I230907 23:08:51.522380 14 storage/engine/rocksdb.go:120                            Options.bloom_locality: 0
I230907 23:08:51.522404 14 storage/engine/rocksdb.go:120                     Options.max_successive_merges: 0
I230907 23:08:51.522428 14 storage/engine/rocksdb.go:120                 Options.optimize_filters_for_hits: 1
I230907 23:08:51.522451 14 storage/engine/rocksdb.go:120                 Options.paranoid_file_checks: 0
I230907 23:08:51.522475 14 storage/engine/rocksdb.go:120                 Options.force_consistency_checks: 0
I230907 23:08:51.522498 14 storage/engine/rocksdb.go:120                 Options.report_bg_io_stats: 0
I230907 23:08:51.522522 14 storage/engine/rocksdb.go:120                                Options.ttl: 0
I230907 23:08:51.522546 14 storage/engine/rocksdb.go:120           Options.periodic_compaction_seconds: 0
I230907 23:08:51.565434 14 storage/engine/rocksdb.go:120  [db/version_set.cc:4286] Recovered from manifest file:/cockroach/cockroach-data/MANIFEST-000521 succeeded,manifest_file_number is 521, next_file_number is 697, last_sequence is 31036224, log_number is 687,prev_log_number is 0,max_column_family is 0,min_log_number_to_keep is 0
I230907 23:08:51.565503 14 storage/engine/rocksdb.go:120  [db/version_set.cc:4295] Column family [default] (ID 0), log number is 687
I230907 23:08:51.568687 14 storage/engine/rocksdb.go:120  EVENT_LOG_v1 {"time_micros": 1694128131567997, "job": 1, "event": "recovery_started", "log_files": [685, 687]}
I230907 23:08:51.568839 14 storage/engine/rocksdb.go:120  [db/db_impl_open.cc:586] Skipping log #685 since it is older than min log to keep #687
I230907 23:08:51.568900 14 storage/engine/rocksdb.go:120  [db/db_impl_open.cc:598] Recovering log #687 mode 0
I230907 23:08:53.991619 14 storage/engine/rocksdb.go:120  EVENT_LOG_v1 {"time_micros": 1694128133990542, "cf_name": "default", "job": 1, "event": "table_file_creation", "file_number": 697, "file_size": 275115, "table_properties": {"data_size": 264832, "index_size": 2636, "index_partitions": 0, "top_level_index_size": 0, "index_key_is_user_key": 0, "index_value_is_delta_encoded": 0, "filter_size": 7749, "raw_key_size": 220524, "raw_average_key_size": 32, "raw_value_size": 1363237, "raw_average_value_size": 200, "num_data_blocks": 45, "num_entries": 6815, "num_deletions": 4507, "num_merge_operands": 1328, "num_range_deletions": 1328, "format_version": 0, "fixed_key_len": 0, "filter_policy": "rocksdb.BuiltinBloomFilter", "column_family_name": "default", "column_family_id": 0, "comparator": "cockroach_comparator", "merge_operator": "cockroach_merge_operator", "prefix_extractor_name": "cockroach_prefix_extractor", "property_collectors": "[TimeBoundTblPropCollectorFactory,DeleteRangeTblPropCollectorFactory]", "compression": "Snappy", "compression_options": "window_bits=-14; level=32767; strategy=0; max_dict_bytes=0; zstd_max_train_bytes=0; enabled=0; ", "creation_time": 1694128132, "oldest_key_time": 3, "file_creation_time": 0}}
I230907 23:08:53.998961 14 storage/engine/rocksdb.go:120  [db/version_set.cc:3560] Creating manifest 698
I230907 23:08:54.003176 14 storage/engine/rocksdb.go:120  EVENT_LOG_v1 {"time_micros": 1694128134003043, "job": 1, "event": "recovery_finished"}
I230907 23:08:54.020654 14 storage/engine/rocksdb.go:120  DB pointer 0x400c09c000
